nohup: ignoring input
11/20/2021 11:24:15 - INFO - modules.trainer -   [1/30] Start to train in the training set.
[W TensorIterator.cpp:918] Warning: Mixed memory format inputs detected while calling the operator. The operator will output contiguous tensor even if some of the inputs are in channels_last format. (function operator())
/mnt/Data3/wangjun/anaconda3/envs/torch16/lib/python3.7/site-packages/torch/nn/parallel/_functions.py:61: UserWarning: Was asked to gather along dimension 0, but all input tensors were scalars; will instead unsqueeze and return a vector.
  warnings.warn('Was asked to gather along dimension 0, but all '
11/20/2021 11:24:18 - INFO - modules.trainer -   [1/30] Step: 0/64, CE Loss: 6.82308, CON Loss: 0.37640.
11/20/2021 11:25:19 - INFO - modules.trainer -   [1/30] Step: 50/64, CE Loss: 4.58493, CON Loss: 0.37014.
11/20/2021 11:25:35 - INFO - modules.trainer -   [1/30] Start to evaluate in the validation set.
11/20/2021 11:25:49 - INFO - modules.trainer -   [1/30] Start to evaluate in the test set.
11/20/2021 11:26:12 - INFO - modules.trainer -   	epoch          : 1
11/20/2021 11:26:12 - INFO - modules.trainer -   	ce_loss        : 4.331084903329611
11/20/2021 11:26:12 - INFO - modules.trainer -   	con            : 0.3691641502082348
11/20/2021 11:26:12 - INFO - modules.trainer -   	val_BLEU_1     : 0.0057680294129786045
11/20/2021 11:26:12 - INFO - modules.trainer -   	val_BLEU_2     : 0.0038334623777459853
11/20/2021 11:26:12 - INFO - modules.trainer -   	val_BLEU_3     : 0.002623026327570637
11/20/2021 11:26:12 - INFO - modules.trainer -   	val_BLEU_4     : 0.0006392190942125742
11/20/2021 11:26:12 - INFO - modules.trainer -   	val_METEOR     : 0.05145360917291713
11/20/2021 11:26:12 - INFO - modules.trainer -   	val_ROUGE_L    : 0.17397172424897628
11/20/2021 11:26:12 - INFO - modules.trainer -   	test_BLEU_1    : 0.009875182286710069
11/20/2021 11:26:12 - INFO - modules.trainer -   	test_BLEU_2    : 0.006812925222925102
11/20/2021 11:26:12 - INFO - modules.trainer -   	test_BLEU_3    : 0.004665609423888316
11/20/2021 11:26:12 - INFO - modules.trainer -   	test_BLEU_4    : 1.6732371265656804e-07
11/20/2021 11:26:12 - INFO - modules.trainer -   	test_METEOR    : 0.06042752417352454
11/20/2021 11:26:12 - INFO - modules.trainer -   	test_ROUGE_L   : 0.19966884099205823
11/20/2021 11:26:16 - INFO - modules.trainer -   Saving checkpoint: results/iu_xray/current_checkpoint.pth ...
11/20/2021 11:26:19 - INFO - modules.trainer -   Saving current best: model_best.pth ...
11/20/2021 11:26:19 - INFO - modules.trainer -   [2/30] Start to train in the training set.
best performance in epoch:  1
/mnt/Data3/wangjun/anaconda3/envs/torch16/lib/python3.7/site-packages/torch/nn/parallel/_functions.py:61: UserWarning: Was asked to gather along dimension 0, but all input tensors were scalars; will instead unsqueeze and return a vector.
  warnings.warn('Was asked to gather along dimension 0, but all '
11/20/2021 11:26:21 - INFO - modules.trainer -   [2/30] Step: 0/64, CE Loss: 2.99206, CON Loss: 0.36424.
11/20/2021 11:27:22 - INFO - modules.trainer -   [2/30] Step: 50/64, CE Loss: 2.82011, CON Loss: 0.36032.
11/20/2021 11:27:38 - INFO - modules.trainer -   [2/30] Start to evaluate in the validation set.
11/20/2021 11:27:53 - INFO - modules.trainer -   [2/30] Start to evaluate in the test set.
11/20/2021 11:28:15 - INFO - modules.trainer -   	epoch          : 2
11/20/2021 11:28:15 - INFO - modules.trainer -   	ce_loss        : 2.7471441999077797
11/20/2021 11:28:15 - INFO - modules.trainer -   	con            : 0.3592764111235738
11/20/2021 11:28:15 - INFO - modules.trainer -   	val_BLEU_1     : 0.11374228066637126
11/20/2021 11:28:15 - INFO - modules.trainer -   	val_BLEU_2     : 0.07514323959683336
11/20/2021 11:28:15 - INFO - modules.trainer -   	val_BLEU_3     : 0.05325495790916127
11/20/2021 11:28:15 - INFO - modules.trainer -   	val_BLEU_4     : 0.037933936157603106
11/20/2021 11:28:15 - INFO - modules.trainer -   	val_METEOR     : 0.11007138111384049
11/20/2021 11:28:15 - INFO - modules.trainer -   	val_ROUGE_L    : 0.28719839663758884
11/20/2021 11:28:15 - INFO - modules.trainer -   	test_BLEU_1    : 0.15415397851616652
11/20/2021 11:28:15 - INFO - modules.trainer -   	test_BLEU_2    : 0.10389179296091733
11/20/2021 11:28:15 - INFO - modules.trainer -   	test_BLEU_3    : 0.07454412419505216
11/20/2021 11:28:15 - INFO - modules.trainer -   	test_BLEU_4    : 0.0530436924822506
11/20/2021 11:28:15 - INFO - modules.trainer -   	test_METEOR    : 0.1273900073538691
11/20/2021 11:28:15 - INFO - modules.trainer -   	test_ROUGE_L   : 0.31652770401699726
11/20/2021 11:28:20 - INFO - modules.trainer -   Saving checkpoint: results/iu_xray/current_checkpoint.pth ...
11/20/2021 11:28:24 - INFO - modules.trainer -   Saving current best: model_best.pth ...
11/20/2021 11:28:24 - INFO - modules.trainer -   [3/30] Start to train in the training set.
best performance in epoch:  2
/mnt/Data3/wangjun/anaconda3/envs/torch16/lib/python3.7/site-packages/torch/nn/parallel/_functions.py:61: UserWarning: Was asked to gather along dimension 0, but all input tensors were scalars; will instead unsqueeze and return a vector.
  warnings.warn('Was asked to gather along dimension 0, but all '
11/20/2021 11:28:26 - INFO - modules.trainer -   [3/30] Step: 0/64, CE Loss: 2.66155, CON Loss: 0.35401.
11/20/2021 11:29:26 - INFO - modules.trainer -   [3/30] Step: 50/64, CE Loss: 2.23605, CON Loss: 0.34963.
11/20/2021 11:29:42 - INFO - modules.trainer -   [3/30] Start to evaluate in the validation set.
11/20/2021 11:29:57 - INFO - modules.trainer -   [3/30] Start to evaluate in the test set.
11/20/2021 11:30:19 - INFO - modules.trainer -   	epoch          : 3
11/20/2021 11:30:19 - INFO - modules.trainer -   	ce_loss        : 2.2010586485266685
11/20/2021 11:30:19 - INFO - modules.trainer -   	con            : 0.34842442674562335
11/20/2021 11:30:19 - INFO - modules.trainer -   	val_BLEU_1     : 0.13152306412822062
11/20/2021 11:30:19 - INFO - modules.trainer -   	val_BLEU_2     : 0.07414486500892037
11/20/2021 11:30:19 - INFO - modules.trainer -   	val_BLEU_3     : 0.050912788470037294
11/20/2021 11:30:19 - INFO - modules.trainer -   	val_BLEU_4     : 0.03754542754982439
11/20/2021 11:30:19 - INFO - modules.trainer -   	val_METEOR     : 0.08734964994555848
11/20/2021 11:30:19 - INFO - modules.trainer -   	val_ROUGE_L    : 0.2521636728533983
11/20/2021 11:30:19 - INFO - modules.trainer -   	test_BLEU_1    : 0.15643494557267515
11/20/2021 11:30:19 - INFO - modules.trainer -   	test_BLEU_2    : 0.09193124514497153
11/20/2021 11:30:19 - INFO - modules.trainer -   	test_BLEU_3    : 0.06514036054190704
11/20/2021 11:30:19 - INFO - modules.trainer -   	test_BLEU_4    : 0.04862046613512439
11/20/2021 11:30:19 - INFO - modules.trainer -   	test_METEOR    : 0.09988638665872865
11/20/2021 11:30:19 - INFO - modules.trainer -   	test_ROUGE_L   : 0.2751348910337652
11/20/2021 11:30:22 - INFO - modules.trainer -   Saving checkpoint: results/iu_xray/current_checkpoint.pth ...
11/20/2021 11:30:22 - INFO - modules.trainer -   [4/30] Start to train in the training set.
best performance in epoch:  2
/mnt/Data3/wangjun/anaconda3/envs/torch16/lib/python3.7/site-packages/torch/nn/parallel/_functions.py:61: UserWarning: Was asked to gather along dimension 0, but all input tensors were scalars; will instead unsqueeze and return a vector.
  warnings.warn('Was asked to gather along dimension 0, but all '
11/20/2021 11:30:24 - INFO - modules.trainer -   [4/30] Step: 0/64, CE Loss: 2.01057, CON Loss: 0.34233.
11/20/2021 11:31:25 - INFO - modules.trainer -   [4/30] Step: 50/64, CE Loss: 1.95746, CON Loss: 0.33713.
11/20/2021 11:31:40 - INFO - modules.trainer -   [4/30] Start to evaluate in the validation set.
11/20/2021 11:31:55 - INFO - modules.trainer -   [4/30] Start to evaluate in the test set.
11/20/2021 11:32:17 - INFO - modules.trainer -   	epoch          : 4
11/20/2021 11:32:17 - INFO - modules.trainer -   	ce_loss        : 1.9565659891813993
11/20/2021 11:32:17 - INFO - modules.trainer -   	con            : 0.33569640945643187
11/20/2021 11:32:17 - INFO - modules.trainer -   	val_BLEU_1     : 0.307080881914514
11/20/2021 11:32:17 - INFO - modules.trainer -   	val_BLEU_2     : 0.1884909921495449
11/20/2021 11:32:17 - INFO - modules.trainer -   	val_BLEU_3     : 0.1295766005213245
11/20/2021 11:32:17 - INFO - modules.trainer -   	val_BLEU_4     : 0.09318751041751452
11/20/2021 11:32:17 - INFO - modules.trainer -   	val_METEOR     : 0.13635212505977296
11/20/2021 11:32:17 - INFO - modules.trainer -   	val_ROUGE_L    : 0.3028823067161802
11/20/2021 11:32:17 - INFO - modules.trainer -   	test_BLEU_1    : 0.3511258350631344
11/20/2021 11:32:17 - INFO - modules.trainer -   	test_BLEU_2    : 0.21981449593778815
11/20/2021 11:32:17 - INFO - modules.trainer -   	test_BLEU_3    : 0.1550370668165632
11/20/2021 11:32:17 - INFO - modules.trainer -   	test_BLEU_4    : 0.11346934532775117
11/20/2021 11:32:17 - INFO - modules.trainer -   	test_METEOR    : 0.15226255524396057
11/20/2021 11:32:17 - INFO - modules.trainer -   	test_ROUGE_L   : 0.32270751915101153
11/20/2021 11:32:22 - INFO - modules.trainer -   Saving checkpoint: results/iu_xray/current_checkpoint.pth ...
11/20/2021 11:32:25 - INFO - modules.trainer -   Saving current best: model_best.pth ...
11/20/2021 11:32:25 - INFO - modules.trainer -   [5/30] Start to train in the training set.
best performance in epoch:  4
/mnt/Data3/wangjun/anaconda3/envs/torch16/lib/python3.7/site-packages/torch/nn/parallel/_functions.py:61: UserWarning: Was asked to gather along dimension 0, but all input tensors were scalars; will instead unsqueeze and return a vector.
  warnings.warn('Was asked to gather along dimension 0, but all '
11/20/2021 11:32:27 - INFO - modules.trainer -   [5/30] Step: 0/64, CE Loss: 2.00114, CON Loss: 0.32842.
11/20/2021 11:33:27 - INFO - modules.trainer -   [5/30] Step: 50/64, CE Loss: 1.78736, CON Loss: 0.32213.
11/20/2021 11:33:43 - INFO - modules.trainer -   [5/30] Start to evaluate in the validation set.
11/20/2021 11:33:58 - INFO - modules.trainer -   [5/30] Start to evaluate in the test set.
11/20/2021 11:34:20 - INFO - modules.trainer -   	epoch          : 5
11/20/2021 11:34:20 - INFO - modules.trainer -   	ce_loss        : 1.7935886904597282
11/20/2021 11:34:20 - INFO - modules.trainer -   	con            : 0.32038470450788736
11/20/2021 11:34:20 - INFO - modules.trainer -   	val_BLEU_1     : 0.20471606468083065
11/20/2021 11:34:20 - INFO - modules.trainer -   	val_BLEU_2     : 0.12477404957524948
11/20/2021 11:34:20 - INFO - modules.trainer -   	val_BLEU_3     : 0.08930952354406942
11/20/2021 11:34:20 - INFO - modules.trainer -   	val_BLEU_4     : 0.06848645048198795
11/20/2021 11:34:20 - INFO - modules.trainer -   	val_METEOR     : 0.10652255944434096
11/20/2021 11:34:20 - INFO - modules.trainer -   	val_ROUGE_L    : 0.29634403731577574
11/20/2021 11:34:20 - INFO - modules.trainer -   	test_BLEU_1    : 0.24422367860288416
11/20/2021 11:34:20 - INFO - modules.trainer -   	test_BLEU_2    : 0.15119615301818937
11/20/2021 11:34:20 - INFO - modules.trainer -   	test_BLEU_3    : 0.10962093094921098
11/20/2021 11:34:20 - INFO - modules.trainer -   	test_BLEU_4    : 0.0840704206111128
11/20/2021 11:34:20 - INFO - modules.trainer -   	test_METEOR    : 0.1204382708772951
11/20/2021 11:34:20 - INFO - modules.trainer -   	test_ROUGE_L   : 0.3093320553199093
11/20/2021 11:34:25 - INFO - modules.trainer -   Saving checkpoint: results/iu_xray/current_checkpoint.pth ...
11/20/2021 11:34:25 - INFO - modules.trainer -   [6/30] Start to train in the training set.
best performance in epoch:  4
/mnt/Data3/wangjun/anaconda3/envs/torch16/lib/python3.7/site-packages/torch/nn/parallel/_functions.py:61: UserWarning: Was asked to gather along dimension 0, but all input tensors were scalars; will instead unsqueeze and return a vector.
  warnings.warn('Was asked to gather along dimension 0, but all '
11/20/2021 11:34:26 - INFO - modules.trainer -   [6/30] Step: 0/64, CE Loss: 1.76821, CON Loss: 0.31151.
11/20/2021 11:35:27 - INFO - modules.trainer -   [6/30] Step: 50/64, CE Loss: 1.64673, CON Loss: 0.30391.
11/20/2021 11:35:43 - INFO - modules.trainer -   [6/30] Start to evaluate in the validation set.
11/20/2021 11:35:57 - INFO - modules.trainer -   [6/30] Start to evaluate in the test set.
11/20/2021 11:36:19 - INFO - modules.trainer -   	epoch          : 6
11/20/2021 11:36:19 - INFO - modules.trainer -   	ce_loss        : 1.6628728564828634
11/20/2021 11:36:19 - INFO - modules.trainer -   	con            : 0.3018226074054837
11/20/2021 11:36:19 - INFO - modules.trainer -   	val_BLEU_1     : 0.41522450425246654
11/20/2021 11:36:19 - INFO - modules.trainer -   	val_BLEU_2     : 0.2251128385844289
11/20/2021 11:36:19 - INFO - modules.trainer -   	val_BLEU_3     : 0.14426954527305366
11/20/2021 11:36:19 - INFO - modules.trainer -   	val_BLEU_4     : 0.09982808503791425
11/20/2021 11:36:19 - INFO - modules.trainer -   	val_METEOR     : 0.15118494644279573
11/20/2021 11:36:19 - INFO - modules.trainer -   	val_ROUGE_L    : 0.3073016720968611
11/20/2021 11:36:19 - INFO - modules.trainer -   	test_BLEU_1    : 0.4263090171236055
11/20/2021 11:36:19 - INFO - modules.trainer -   	test_BLEU_2    : 0.2526009959729764
11/20/2021 11:36:19 - INFO - modules.trainer -   	test_BLEU_3    : 0.17758776109057262
11/20/2021 11:36:19 - INFO - modules.trainer -   	test_BLEU_4    : 0.13402142406987635
11/20/2021 11:36:19 - INFO - modules.trainer -   	test_METEOR    : 0.17409441611403326
11/20/2021 11:36:19 - INFO - modules.trainer -   	test_ROUGE_L   : 0.3390217375682833
11/20/2021 11:36:24 - INFO - modules.trainer -   Saving checkpoint: results/iu_xray/current_checkpoint.pth ...
11/20/2021 11:36:28 - INFO - modules.trainer -   Saving current best: model_best.pth ...
11/20/2021 11:36:28 - INFO - modules.trainer -   [7/30] Start to train in the training set.
best performance in epoch:  6
/mnt/Data3/wangjun/anaconda3/envs/torch16/lib/python3.7/site-packages/torch/nn/parallel/_functions.py:61: UserWarning: Was asked to gather along dimension 0, but all input tensors were scalars; will instead unsqueeze and return a vector.
  warnings.warn('Was asked to gather along dimension 0, but all '
11/20/2021 11:36:30 - INFO - modules.trainer -   [7/30] Step: 0/64, CE Loss: 1.52128, CON Loss: 0.29122.
11/20/2021 11:37:31 - INFO - modules.trainer -   [7/30] Step: 50/64, CE Loss: 1.53099, CON Loss: 0.28207.
11/20/2021 11:37:46 - INFO - modules.trainer -   [7/30] Start to evaluate in the validation set.
11/20/2021 11:38:01 - INFO - modules.trainer -   [7/30] Start to evaluate in the test set.
11/20/2021 11:38:23 - INFO - modules.trainer -   	epoch          : 7
11/20/2021 11:38:23 - INFO - modules.trainer -   	ce_loss        : 1.55272813513875
11/20/2021 11:38:23 - INFO - modules.trainer -   	con            : 0.27954433858394623
11/20/2021 11:38:23 - INFO - modules.trainer -   	val_BLEU_1     : 0.1988625889127359
11/20/2021 11:38:23 - INFO - modules.trainer -   	val_BLEU_2     : 0.1180353903908086
11/20/2021 11:38:23 - INFO - modules.trainer -   	val_BLEU_3     : 0.0835544869652126
11/20/2021 11:38:23 - INFO - modules.trainer -   	val_BLEU_4     : 0.06400886298630389
11/20/2021 11:38:23 - INFO - modules.trainer -   	val_METEOR     : 0.1034722429799017
11/20/2021 11:38:23 - INFO - modules.trainer -   	val_ROUGE_L    : 0.29474007494202537
11/20/2021 11:38:23 - INFO - modules.trainer -   	test_BLEU_1    : 0.2418446209853418
11/20/2021 11:38:23 - INFO - modules.trainer -   	test_BLEU_2    : 0.14684582358954812
11/20/2021 11:38:23 - INFO - modules.trainer -   	test_BLEU_3    : 0.10563843485955939
11/20/2021 11:38:23 - INFO - modules.trainer -   	test_BLEU_4    : 0.08113467846772826
11/20/2021 11:38:23 - INFO - modules.trainer -   	test_METEOR    : 0.11953120504482655
11/20/2021 11:38:23 - INFO - modules.trainer -   	test_ROUGE_L   : 0.31226927433326557
11/20/2021 11:38:27 - INFO - modules.trainer -   Saving checkpoint: results/iu_xray/current_checkpoint.pth ...
11/20/2021 11:38:27 - INFO - modules.trainer -   [8/30] Start to train in the training set.
best performance in epoch:  6
/mnt/Data3/wangjun/anaconda3/envs/torch16/lib/python3.7/site-packages/torch/nn/parallel/_functions.py:61: UserWarning: Was asked to gather along dimension 0, but all input tensors were scalars; will instead unsqueeze and return a vector.
  warnings.warn('Was asked to gather along dimension 0, but all '
11/20/2021 11:38:28 - INFO - modules.trainer -   [8/30] Step: 0/64, CE Loss: 1.37465, CON Loss: 0.26678.
11/20/2021 11:39:28 - INFO - modules.trainer -   [8/30] Step: 50/64, CE Loss: 1.43147, CON Loss: 0.25589.
11/20/2021 11:39:44 - INFO - modules.trainer -   [8/30] Start to evaluate in the validation set.
11/20/2021 11:39:59 - INFO - modules.trainer -   [8/30] Start to evaluate in the test set.
11/20/2021 11:40:21 - INFO - modules.trainer -   	epoch          : 8
11/20/2021 11:40:21 - INFO - modules.trainer -   	ce_loss        : 1.4449850153177977
11/20/2021 11:40:21 - INFO - modules.trainer -   	con            : 0.2529092663899064
11/20/2021 11:40:21 - INFO - modules.trainer -   	val_BLEU_1     : 0.20320743205670896
11/20/2021 11:40:21 - INFO - modules.trainer -   	val_BLEU_2     : 0.12024823716506004
11/20/2021 11:40:21 - INFO - modules.trainer -   	val_BLEU_3     : 0.08484039825565652
11/20/2021 11:40:21 - INFO - modules.trainer -   	val_BLEU_4     : 0.06478645038220089
11/20/2021 11:40:21 - INFO - modules.trainer -   	val_METEOR     : 0.10429314607906688
11/20/2021 11:40:21 - INFO - modules.trainer -   	val_ROUGE_L    : 0.29573064774531843
11/20/2021 11:40:21 - INFO - modules.trainer -   	test_BLEU_1    : 0.2468346588898666
11/20/2021 11:40:21 - INFO - modules.trainer -   	test_BLEU_2    : 0.15083184489309137
11/20/2021 11:40:21 - INFO - modules.trainer -   	test_BLEU_3    : 0.10908911898975833
11/20/2021 11:40:21 - INFO - modules.trainer -   	test_BLEU_4    : 0.08429728557029434
11/20/2021 11:40:21 - INFO - modules.trainer -   	test_METEOR    : 0.1209060197933049
11/20/2021 11:40:21 - INFO - modules.trainer -   	test_ROUGE_L   : 0.3147580600597738
11/20/2021 11:40:25 - INFO - modules.trainer -   Saving checkpoint: results/iu_xray/current_checkpoint.pth ...
11/20/2021 11:40:25 - INFO - modules.trainer -   [9/30] Start to train in the training set.
best performance in epoch:  6
/mnt/Data3/wangjun/anaconda3/envs/torch16/lib/python3.7/site-packages/torch/nn/parallel/_functions.py:61: UserWarning: Was asked to gather along dimension 0, but all input tensors were scalars; will instead unsqueeze and return a vector.
  warnings.warn('Was asked to gather along dimension 0, but all '
11/20/2021 11:40:26 - INFO - modules.trainer -   [9/30] Step: 0/64, CE Loss: 1.38931, CON Loss: 0.23784.
11/20/2021 11:41:27 - INFO - modules.trainer -   [9/30] Step: 50/64, CE Loss: 1.33917, CON Loss: 0.22541.
11/20/2021 11:41:43 - INFO - modules.trainer -   [9/30] Start to evaluate in the validation set.
11/20/2021 11:41:58 - INFO - modules.trainer -   [9/30] Start to evaluate in the test set.
11/20/2021 11:42:20 - INFO - modules.trainer -   	epoch          : 9
11/20/2021 11:42:20 - INFO - modules.trainer -   	ce_loss        : 1.3468431867659092
11/20/2021 11:42:20 - INFO - modules.trainer -   	con            : 0.2220795212779194
11/20/2021 11:42:20 - INFO - modules.trainer -   	val_BLEU_1     : 0.4262171450866877
11/20/2021 11:42:20 - INFO - modules.trainer -   	val_BLEU_2     : 0.2416671967116655
11/20/2021 11:42:20 - INFO - modules.trainer -   	val_BLEU_3     : 0.15674360842413482
11/20/2021 11:42:20 - INFO - modules.trainer -   	val_BLEU_4     : 0.10861771628774194
11/20/2021 11:42:20 - INFO - modules.trainer -   	val_METEOR     : 0.15808798115793438
11/20/2021 11:42:20 - INFO - modules.trainer -   	val_ROUGE_L    : 0.31193007562534003
11/20/2021 11:42:20 - INFO - modules.trainer -   	test_BLEU_1    : 0.4329445346719606
11/20/2021 11:42:20 - INFO - modules.trainer -   	test_BLEU_2    : 0.26445673155890514
11/20/2021 11:42:20 - INFO - modules.trainer -   	test_BLEU_3    : 0.18746861844968937
11/20/2021 11:42:20 - INFO - modules.trainer -   	test_BLEU_4    : 0.14194753868917326
11/20/2021 11:42:20 - INFO - modules.trainer -   	test_METEOR    : 0.18024895508844446
11/20/2021 11:42:20 - INFO - modules.trainer -   	test_ROUGE_L   : 0.3425835234319097
11/20/2021 11:42:23 - INFO - modules.trainer -   Saving checkpoint: results/iu_xray/current_checkpoint.pth ...
11/20/2021 11:42:28 - INFO - modules.trainer -   Saving current best: model_best.pth ...
11/20/2021 11:42:28 - INFO - modules.trainer -   [10/30] Start to train in the training set.
best performance in epoch:  9
/mnt/Data3/wangjun/anaconda3/envs/torch16/lib/python3.7/site-packages/torch/nn/parallel/_functions.py:61: UserWarning: Was asked to gather along dimension 0, but all input tensors were scalars; will instead unsqueeze and return a vector.
  warnings.warn('Was asked to gather along dimension 0, but all '
11/20/2021 11:42:30 - INFO - modules.trainer -   [10/30] Step: 0/64, CE Loss: 1.27581, CON Loss: 0.20534.
11/20/2021 11:43:31 - INFO - modules.trainer -   [10/30] Step: 50/64, CE Loss: 1.25122, CON Loss: 0.19215.
11/20/2021 11:43:48 - INFO - modules.trainer -   [10/30] Start to evaluate in the validation set.
11/20/2021 11:44:03 - INFO - modules.trainer -   [10/30] Start to evaluate in the test set.
11/20/2021 11:44:25 - INFO - modules.trainer -   	epoch          : 10
11/20/2021 11:44:25 - INFO - modules.trainer -   	ce_loss        : 1.2649464048445225
11/20/2021 11:44:25 - INFO - modules.trainer -   	con            : 0.18873946135863662
11/20/2021 11:44:25 - INFO - modules.trainer -   	val_BLEU_1     : 0.35955672177740794
11/20/2021 11:44:25 - INFO - modules.trainer -   	val_BLEU_2     : 0.22230681037332417
11/20/2021 11:44:25 - INFO - modules.trainer -   	val_BLEU_3     : 0.1494435297668087
11/20/2021 11:44:25 - INFO - modules.trainer -   	val_BLEU_4     : 0.10668742751523992
11/20/2021 11:44:25 - INFO - modules.trainer -   	val_METEOR     : 0.153758739394502
11/20/2021 11:44:25 - INFO - modules.trainer -   	val_ROUGE_L    : 0.3288877945717095
11/20/2021 11:44:25 - INFO - modules.trainer -   	test_BLEU_1    : 0.4048144934131619
11/20/2021 11:44:25 - INFO - modules.trainer -   	test_BLEU_2    : 0.262051124504596
11/20/2021 11:44:25 - INFO - modules.trainer -   	test_BLEU_3    : 0.18341116188790738
11/20/2021 11:44:25 - INFO - modules.trainer -   	test_BLEU_4    : 0.13430208120673665
11/20/2021 11:44:25 - INFO - modules.trainer -   	test_METEOR    : 0.17199080048656992
11/20/2021 11:44:25 - INFO - modules.trainer -   	test_ROUGE_L   : 0.34952275568473384
11/20/2021 11:44:29 - INFO - modules.trainer -   Saving checkpoint: results/iu_xray/current_checkpoint.pth ...
11/20/2021 11:44:29 - INFO - modules.trainer -   [11/30] Start to train in the training set.
best performance in epoch:  9
/mnt/Data3/wangjun/anaconda3/envs/torch16/lib/python3.7/site-packages/torch/nn/parallel/_functions.py:61: UserWarning: Was asked to gather along dimension 0, but all input tensors were scalars; will instead unsqueeze and return a vector.
  warnings.warn('Was asked to gather along dimension 0, but all '
11/20/2021 11:44:31 - INFO - modules.trainer -   [11/30] Step: 0/64, CE Loss: 1.11676, CON Loss: 0.17174.
11/20/2021 11:45:31 - INFO - modules.trainer -   [11/30] Step: 50/64, CE Loss: 1.12373, CON Loss: 0.16166.
11/20/2021 11:45:47 - INFO - modules.trainer -   [11/30] Start to evaluate in the validation set.
11/20/2021 11:46:01 - INFO - modules.trainer -   [11/30] Start to evaluate in the test set.
11/20/2021 11:46:23 - INFO - modules.trainer -   	epoch          : 11
11/20/2021 11:46:23 - INFO - modules.trainer -   	ce_loss        : 1.1355994725599885
11/20/2021 11:46:23 - INFO - modules.trainer -   	con            : 0.1591206155717373
11/20/2021 11:46:23 - INFO - modules.trainer -   	val_BLEU_1     : 0.2503777121737918
11/20/2021 11:46:23 - INFO - modules.trainer -   	val_BLEU_2     : 0.150566946729519
11/20/2021 11:46:23 - INFO - modules.trainer -   	val_BLEU_3     : 0.10496467474744244
11/20/2021 11:46:23 - INFO - modules.trainer -   	val_BLEU_4     : 0.07860923962294765
11/20/2021 11:46:23 - INFO - modules.trainer -   	val_METEOR     : 0.11488333787716508
11/20/2021 11:46:23 - INFO - modules.trainer -   	val_ROUGE_L    : 0.3002886796959393
11/20/2021 11:46:23 - INFO - modules.trainer -   	test_BLEU_1    : 0.2943342925013481
11/20/2021 11:46:23 - INFO - modules.trainer -   	test_BLEU_2    : 0.18058901727753884
11/20/2021 11:46:23 - INFO - modules.trainer -   	test_BLEU_3    : 0.12814415846257252
11/20/2021 11:46:23 - INFO - modules.trainer -   	test_BLEU_4    : 0.09635658895068787
11/20/2021 11:46:23 - INFO - modules.trainer -   	test_METEOR    : 0.1317469233267361
11/20/2021 11:46:23 - INFO - modules.trainer -   	test_ROUGE_L   : 0.31725571733155705
11/20/2021 11:46:27 - INFO - modules.trainer -   Saving checkpoint: results/iu_xray/current_checkpoint.pth ...
11/20/2021 11:46:27 - INFO - modules.trainer -   [12/30] Start to train in the training set.
best performance in epoch:  9
/mnt/Data3/wangjun/anaconda3/envs/torch16/lib/python3.7/site-packages/torch/nn/parallel/_functions.py:61: UserWarning: Was asked to gather along dimension 0, but all input tensors were scalars; will instead unsqueeze and return a vector.
  warnings.warn('Was asked to gather along dimension 0, but all '
11/20/2021 11:46:29 - INFO - modules.trainer -   [12/30] Step: 0/64, CE Loss: 0.87699, CON Loss: 0.14650.
11/20/2021 11:47:29 - INFO - modules.trainer -   [12/30] Step: 50/64, CE Loss: 1.03055, CON Loss: 0.13746.
11/20/2021 11:47:45 - INFO - modules.trainer -   [12/30] Start to evaluate in the validation set.
11/20/2021 11:48:00 - INFO - modules.trainer -   [12/30] Start to evaluate in the test set.
11/20/2021 11:48:22 - INFO - modules.trainer -   	epoch          : 12
11/20/2021 11:48:22 - INFO - modules.trainer -   	ce_loss        : 1.04236413910985
11/20/2021 11:48:22 - INFO - modules.trainer -   	con            : 0.1352274138480425
11/20/2021 11:48:22 - INFO - modules.trainer -   	val_BLEU_1     : 0.23878714287468653
11/20/2021 11:48:22 - INFO - modules.trainer -   	val_BLEU_2     : 0.1493830673430246
11/20/2021 11:48:22 - INFO - modules.trainer -   	val_BLEU_3     : 0.10565316177249967
11/20/2021 11:48:22 - INFO - modules.trainer -   	val_BLEU_4     : 0.07941148090666808
11/20/2021 11:48:22 - INFO - modules.trainer -   	val_METEOR     : 0.11810366123752279
11/20/2021 11:48:22 - INFO - modules.trainer -   	val_ROUGE_L    : 0.30647874980706974
11/20/2021 11:48:22 - INFO - modules.trainer -   	test_BLEU_1    : 0.2797306188318137
11/20/2021 11:48:22 - INFO - modules.trainer -   	test_BLEU_2    : 0.17778421032299652
11/20/2021 11:48:22 - INFO - modules.trainer -   	test_BLEU_3    : 0.12820503586140025
11/20/2021 11:48:22 - INFO - modules.trainer -   	test_BLEU_4    : 0.09721962659285505
11/20/2021 11:48:22 - INFO - modules.trainer -   	test_METEOR    : 0.13333265092266727
11/20/2021 11:48:22 - INFO - modules.trainer -   	test_ROUGE_L   : 0.32272692776139156
11/20/2021 11:48:25 - INFO - modules.trainer -   Saving checkpoint: results/iu_xray/current_checkpoint.pth ...
11/20/2021 11:48:25 - INFO - modules.trainer -   [13/30] Start to train in the training set.
best performance in epoch:  9
/mnt/Data3/wangjun/anaconda3/envs/torch16/lib/python3.7/site-packages/torch/nn/parallel/_functions.py:61: UserWarning: Was asked to gather along dimension 0, but all input tensors were scalars; will instead unsqueeze and return a vector.
  warnings.warn('Was asked to gather along dimension 0, but all '
11/20/2021 11:48:27 - INFO - modules.trainer -   [13/30] Step: 0/64, CE Loss: 0.82223, CON Loss: 0.12421.
11/20/2021 11:49:28 - INFO - modules.trainer -   [13/30] Step: 50/64, CE Loss: 0.95776, CON Loss: 0.11665.
11/20/2021 11:49:43 - INFO - modules.trainer -   [13/30] Start to evaluate in the validation set.
11/20/2021 11:49:58 - INFO - modules.trainer -   [13/30] Start to evaluate in the test set.
11/20/2021 11:50:20 - INFO - modules.trainer -   	epoch          : 13
11/20/2021 11:50:20 - INFO - modules.trainer -   	ce_loss        : 0.9761252850294113
11/20/2021 11:50:20 - INFO - modules.trainer -   	con            : 0.11480598221533
11/20/2021 11:50:20 - INFO - modules.trainer -   	val_BLEU_1     : 0.21101040831818932
11/20/2021 11:50:20 - INFO - modules.trainer -   	val_BLEU_2     : 0.125833349201126
11/20/2021 11:50:20 - INFO - modules.trainer -   	val_BLEU_3     : 0.08865107008339705
11/20/2021 11:50:20 - INFO - modules.trainer -   	val_BLEU_4     : 0.06759402644435351
11/20/2021 11:50:20 - INFO - modules.trainer -   	val_METEOR     : 0.10624861147855429
11/20/2021 11:50:20 - INFO - modules.trainer -   	val_ROUGE_L    : 0.2964757771751483
11/20/2021 11:50:20 - INFO - modules.trainer -   	test_BLEU_1    : 0.25203411387859204
11/20/2021 11:50:20 - INFO - modules.trainer -   	test_BLEU_2    : 0.15229629824755495
11/20/2021 11:50:20 - INFO - modules.trainer -   	test_BLEU_3    : 0.10895594734071104
11/20/2021 11:50:20 - INFO - modules.trainer -   	test_BLEU_4    : 0.08332512482011087
11/20/2021 11:50:20 - INFO - modules.trainer -   	test_METEOR    : 0.12129205948329609
11/20/2021 11:50:20 - INFO - modules.trainer -   	test_ROUGE_L   : 0.31209131789719097
11/20/2021 11:50:25 - INFO - modules.trainer -   Saving checkpoint: results/iu_xray/current_checkpoint.pth ...
11/20/2021 11:50:25 - INFO - modules.trainer -   [14/30] Start to train in the training set.
best performance in epoch:  9
/mnt/Data3/wangjun/anaconda3/envs/torch16/lib/python3.7/site-packages/torch/nn/parallel/_functions.py:61: UserWarning: Was asked to gather along dimension 0, but all input tensors were scalars; will instead unsqueeze and return a vector.
  warnings.warn('Was asked to gather along dimension 0, but all '
11/20/2021 11:50:27 - INFO - modules.trainer -   [14/30] Step: 0/64, CE Loss: 0.88473, CON Loss: 0.10573.
11/20/2021 11:51:28 - INFO - modules.trainer -   [14/30] Step: 50/64, CE Loss: 0.89848, CON Loss: 0.09964.
11/20/2021 11:51:43 - INFO - modules.trainer -   [14/30] Start to evaluate in the validation set.
11/20/2021 11:51:58 - INFO - modules.trainer -   [14/30] Start to evaluate in the test set.
11/20/2021 11:52:20 - INFO - modules.trainer -   	epoch          : 14
11/20/2021 11:52:20 - INFO - modules.trainer -   	ce_loss        : 0.9106896864250302
11/20/2021 11:52:20 - INFO - modules.trainer -   	con            : 0.09818361909128726
11/20/2021 11:52:20 - INFO - modules.trainer -   	val_BLEU_1     : 0.23771203802490923
11/20/2021 11:52:20 - INFO - modules.trainer -   	val_BLEU_2     : 0.14037348097407693
11/20/2021 11:52:20 - INFO - modules.trainer -   	val_BLEU_3     : 0.09815816753440573
11/20/2021 11:52:20 - INFO - modules.trainer -   	val_BLEU_4     : 0.07426921344611064
11/20/2021 11:52:20 - INFO - modules.trainer -   	val_METEOR     : 0.10971295134171145
11/20/2021 11:52:20 - INFO - modules.trainer -   	val_ROUGE_L    : 0.2955018565241526
11/20/2021 11:52:20 - INFO - modules.trainer -   	test_BLEU_1    : 0.2733822513466933
11/20/2021 11:52:20 - INFO - modules.trainer -   	test_BLEU_2    : 0.16656256581076276
11/20/2021 11:52:20 - INFO - modules.trainer -   	test_BLEU_3    : 0.11915120949968601
11/20/2021 11:52:20 - INFO - modules.trainer -   	test_BLEU_4    : 0.09059032316483927
11/20/2021 11:52:20 - INFO - modules.trainer -   	test_METEOR    : 0.1259627446505492
11/20/2021 11:52:20 - INFO - modules.trainer -   	test_ROUGE_L   : 0.31521618576198773
11/20/2021 11:52:24 - INFO - modules.trainer -   Saving checkpoint: results/iu_xray/current_checkpoint.pth ...
11/20/2021 11:52:24 - INFO - modules.trainer -   [15/30] Start to train in the training set.
best performance in epoch:  9
/mnt/Data3/wangjun/anaconda3/envs/torch16/lib/python3.7/site-packages/torch/nn/parallel/_functions.py:61: UserWarning: Was asked to gather along dimension 0, but all input tensors were scalars; will instead unsqueeze and return a vector.
  warnings.warn('Was asked to gather along dimension 0, but all '
11/20/2021 11:52:26 - INFO - modules.trainer -   [15/30] Step: 0/64, CE Loss: 0.78419, CON Loss: 0.09104.
11/20/2021 11:53:26 - INFO - modules.trainer -   [15/30] Step: 50/64, CE Loss: 0.83826, CON Loss: 0.08632.
11/20/2021 11:53:42 - INFO - modules.trainer -   [15/30] Start to evaluate in the validation set.
11/20/2021 11:53:57 - INFO - modules.trainer -   [15/30] Start to evaluate in the test set.
11/20/2021 11:54:19 - INFO - modules.trainer -   	epoch          : 15
11/20/2021 11:54:19 - INFO - modules.trainer -   	ce_loss        : 0.8589290296658874
11/20/2021 11:54:19 - INFO - modules.trainer -   	con            : 0.08518318785354495
11/20/2021 11:54:19 - INFO - modules.trainer -   	val_BLEU_1     : 0.44216451093876064
11/20/2021 11:54:19 - INFO - modules.trainer -   	val_BLEU_2     : 0.2859833749910833
11/20/2021 11:54:19 - INFO - modules.trainer -   	val_BLEU_3     : 0.1969619003905287
11/20/2021 11:54:19 - INFO - modules.trainer -   	val_BLEU_4     : 0.14207433951982915
11/20/2021 11:54:19 - INFO - modules.trainer -   	val_METEOR     : 0.1825624405138313
11/20/2021 11:54:19 - INFO - modules.trainer -   	val_ROUGE_L    : 0.35544609433833185
11/20/2021 11:54:19 - INFO - modules.trainer -   	test_BLEU_1    : 0.4851520827899589
11/20/2021 11:54:19 - INFO - modules.trainer -   	test_BLEU_2    : 0.3151300457445925
11/20/2021 11:54:19 - INFO - modules.trainer -   	test_BLEU_3    : 0.2187538790079091
11/20/2021 11:54:19 - INFO - modules.trainer -   	test_BLEU_4    : 0.16036544582586906
11/20/2021 11:54:19 - INFO - modules.trainer -   	test_METEOR    : 0.20060418753785864
11/20/2021 11:54:19 - INFO - modules.trainer -   	test_ROUGE_L   : 0.371834027982918
11/20/2021 11:54:22 - INFO - modules.trainer -   Saving checkpoint: results/iu_xray/current_checkpoint.pth ...
11/20/2021 11:54:28 - INFO - modules.trainer -   Saving current best: model_best.pth ...
11/20/2021 11:54:28 - INFO - modules.trainer -   [16/30] Start to train in the training set.
best performance in epoch:  15
/mnt/Data3/wangjun/anaconda3/envs/torch16/lib/python3.7/site-packages/torch/nn/parallel/_functions.py:61: UserWarning: Was asked to gather along dimension 0, but all input tensors were scalars; will instead unsqueeze and return a vector.
  warnings.warn('Was asked to gather along dimension 0, but all '
11/20/2021 11:54:30 - INFO - modules.trainer -   [16/30] Step: 0/64, CE Loss: 0.70646, CON Loss: 0.07958.
11/20/2021 11:55:31 - INFO - modules.trainer -   [16/30] Step: 50/64, CE Loss: 0.80166, CON Loss: 0.07583.
11/20/2021 11:55:47 - INFO - modules.trainer -   [16/30] Start to evaluate in the validation set.
11/20/2021 11:56:02 - INFO - modules.trainer -   [16/30] Start to evaluate in the test set.
11/20/2021 11:56:24 - INFO - modules.trainer -   	epoch          : 16
11/20/2021 11:56:24 - INFO - modules.trainer -   	ce_loss        : 0.8072146233171225
11/20/2021 11:56:24 - INFO - modules.trainer -   	con            : 0.07492243824526668
11/20/2021 11:56:24 - INFO - modules.trainer -   	val_BLEU_1     : 0.40606064033106576
11/20/2021 11:56:24 - INFO - modules.trainer -   	val_BLEU_2     : 0.2524068408457263
11/20/2021 11:56:24 - INFO - modules.trainer -   	val_BLEU_3     : 0.1708368127774938
11/20/2021 11:56:24 - INFO - modules.trainer -   	val_BLEU_4     : 0.12182586038596492
11/20/2021 11:56:24 - INFO - modules.trainer -   	val_METEOR     : 0.16290230484867865
11/20/2021 11:56:24 - INFO - modules.trainer -   	val_ROUGE_L    : 0.3247577450643067
11/20/2021 11:56:24 - INFO - modules.trainer -   	test_BLEU_1    : 0.4389661615112913
11/20/2021 11:56:24 - INFO - modules.trainer -   	test_BLEU_2    : 0.2738506260759847
11/20/2021 11:56:24 - INFO - modules.trainer -   	test_BLEU_3    : 0.1892182375797242
11/20/2021 11:56:24 - INFO - modules.trainer -   	test_BLEU_4    : 0.13837659393994417
11/20/2021 11:56:24 - INFO - modules.trainer -   	test_METEOR    : 0.18220163364360115
11/20/2021 11:56:24 - INFO - modules.trainer -   	test_ROUGE_L   : 0.3416484323440917
11/20/2021 11:56:27 - INFO - modules.trainer -   Saving checkpoint: results/iu_xray/current_checkpoint.pth ...
11/20/2021 11:56:27 - INFO - modules.trainer -   [17/30] Start to train in the training set.
best performance in epoch:  15
/mnt/Data3/wangjun/anaconda3/envs/torch16/lib/python3.7/site-packages/torch/nn/parallel/_functions.py:61: UserWarning: Was asked to gather along dimension 0, but all input tensors were scalars; will instead unsqueeze and return a vector.
  warnings.warn('Was asked to gather along dimension 0, but all '
11/20/2021 11:56:29 - INFO - modules.trainer -   [17/30] Step: 0/64, CE Loss: 0.71498, CON Loss: 0.07046.
11/20/2021 11:57:30 - INFO - modules.trainer -   [17/30] Step: 50/64, CE Loss: 0.73781, CON Loss: 0.06743.
11/20/2021 11:57:46 - INFO - modules.trainer -   [17/30] Start to evaluate in the validation set.
11/20/2021 11:58:01 - INFO - modules.trainer -   [17/30] Start to evaluate in the test set.
11/20/2021 11:58:23 - INFO - modules.trainer -   	epoch          : 17
11/20/2021 11:58:23 - INFO - modules.trainer -   	ce_loss        : 0.7547804331406951
11/20/2021 11:58:23 - INFO - modules.trainer -   	con            : 0.06669319444335997
11/20/2021 11:58:23 - INFO - modules.trainer -   	val_BLEU_1     : 0.40445453030589723
11/20/2021 11:58:23 - INFO - modules.trainer -   	val_BLEU_2     : 0.2288713335633265
11/20/2021 11:58:23 - INFO - modules.trainer -   	val_BLEU_3     : 0.14898549731595867
11/20/2021 11:58:23 - INFO - modules.trainer -   	val_BLEU_4     : 0.10434391640912813
11/20/2021 11:58:23 - INFO - modules.trainer -   	val_METEOR     : 0.15163932927245827
11/20/2021 11:58:23 - INFO - modules.trainer -   	val_ROUGE_L    : 0.3125133043897717
11/20/2021 11:58:23 - INFO - modules.trainer -   	test_BLEU_1    : 0.43941908713690664
11/20/2021 11:58:23 - INFO - modules.trainer -   	test_BLEU_2    : 0.26721276690082524
11/20/2021 11:58:23 - INFO - modules.trainer -   	test_BLEU_3    : 0.18817206935094735
11/20/2021 11:58:23 - INFO - modules.trainer -   	test_BLEU_4    : 0.14083966028855982
11/20/2021 11:58:23 - INFO - modules.trainer -   	test_METEOR    : 0.17484616114779009
11/20/2021 11:58:23 - INFO - modules.trainer -   	test_ROUGE_L   : 0.3435005354510691
11/20/2021 11:58:28 - INFO - modules.trainer -   Saving checkpoint: results/iu_xray/current_checkpoint.pth ...
11/20/2021 11:58:28 - INFO - modules.trainer -   [18/30] Start to train in the training set.
best performance in epoch:  15
/mnt/Data3/wangjun/anaconda3/envs/torch16/lib/python3.7/site-packages/torch/nn/parallel/_functions.py:61: UserWarning: Was asked to gather along dimension 0, but all input tensors were scalars; will instead unsqueeze and return a vector.
  warnings.warn('Was asked to gather along dimension 0, but all '
11/20/2021 11:58:30 - INFO - modules.trainer -   [18/30] Step: 0/64, CE Loss: 0.63070, CON Loss: 0.06305.
11/20/2021 11:59:30 - INFO - modules.trainer -   [18/30] Step: 50/64, CE Loss: 0.72319, CON Loss: 0.06055.
11/20/2021 11:59:45 - INFO - modules.trainer -   [18/30] Start to evaluate in the validation set.
11/20/2021 12:00:00 - INFO - modules.trainer -   [18/30] Start to evaluate in the test set.
11/20/2021 12:00:23 - INFO - modules.trainer -   	epoch          : 18
11/20/2021 12:00:23 - INFO - modules.trainer -   	ce_loss        : 0.7256203927099705
11/20/2021 12:00:23 - INFO - modules.trainer -   	con            : 0.059930059826001525
11/20/2021 12:00:23 - INFO - modules.trainer -   	val_BLEU_1     : 0.23713076889348803
11/20/2021 12:00:23 - INFO - modules.trainer -   	val_BLEU_2     : 0.14279973568629503
11/20/2021 12:00:23 - INFO - modules.trainer -   	val_BLEU_3     : 0.10005107310060864
11/20/2021 12:00:23 - INFO - modules.trainer -   	val_BLEU_4     : 0.07533227560275291
11/20/2021 12:00:23 - INFO - modules.trainer -   	val_METEOR     : 0.1144660949868846
11/20/2021 12:00:23 - INFO - modules.trainer -   	val_ROUGE_L    : 0.30192723332508953
11/20/2021 12:00:23 - INFO - modules.trainer -   	test_BLEU_1    : 0.27290957848328407
11/20/2021 12:00:23 - INFO - modules.trainer -   	test_BLEU_2    : 0.16702307751742332
11/20/2021 12:00:23 - INFO - modules.trainer -   	test_BLEU_3    : 0.11898209218251385
11/20/2021 12:00:23 - INFO - modules.trainer -   	test_BLEU_4    : 0.08953628402002813
11/20/2021 12:00:23 - INFO - modules.trainer -   	test_METEOR    : 0.12730013681209587
11/20/2021 12:00:23 - INFO - modules.trainer -   	test_ROUGE_L   : 0.3160633093766205
11/20/2021 12:00:26 - INFO - modules.trainer -   Saving checkpoint: results/iu_xray/current_checkpoint.pth ...
11/20/2021 12:00:26 - INFO - modules.trainer -   [19/30] Start to train in the training set.
best performance in epoch:  15
/mnt/Data3/wangjun/anaconda3/envs/torch16/lib/python3.7/site-packages/torch/nn/parallel/_functions.py:61: UserWarning: Was asked to gather along dimension 0, but all input tensors were scalars; will instead unsqueeze and return a vector.
  warnings.warn('Was asked to gather along dimension 0, but all '
11/20/2021 12:00:28 - INFO - modules.trainer -   [19/30] Step: 0/64, CE Loss: 0.59879, CON Loss: 0.05689.
11/20/2021 12:01:29 - INFO - modules.trainer -   [19/30] Step: 50/64, CE Loss: 0.66676, CON Loss: 0.05478.
11/20/2021 12:01:45 - INFO - modules.trainer -   [19/30] Start to evaluate in the validation set.
11/20/2021 12:01:59 - INFO - modules.trainer -   [19/30] Start to evaluate in the test set.
11/20/2021 12:02:21 - INFO - modules.trainer -   	epoch          : 19
11/20/2021 12:02:21 - INFO - modules.trainer -   	ce_loss        : 0.6838833587244153
11/20/2021 12:02:21 - INFO - modules.trainer -   	con            : 0.054256634204648435
11/20/2021 12:02:21 - INFO - modules.trainer -   	val_BLEU_1     : 0.3391661097691659
11/20/2021 12:02:21 - INFO - modules.trainer -   	val_BLEU_2     : 0.206483923525057
11/20/2021 12:02:21 - INFO - modules.trainer -   	val_BLEU_3     : 0.14177350230088515
11/20/2021 12:02:21 - INFO - modules.trainer -   	val_BLEU_4     : 0.10342885110339549
11/20/2021 12:02:21 - INFO - modules.trainer -   	val_METEOR     : 0.13923219303476284
11/20/2021 12:02:21 - INFO - modules.trainer -   	val_ROUGE_L    : 0.3117130362099565
11/20/2021 12:02:21 - INFO - modules.trainer -   	test_BLEU_1    : 0.37097853196883535
11/20/2021 12:02:21 - INFO - modules.trainer -   	test_BLEU_2    : 0.22972712448112742
11/20/2021 12:02:21 - INFO - modules.trainer -   	test_BLEU_3    : 0.1625392579627824
11/20/2021 12:02:21 - INFO - modules.trainer -   	test_BLEU_4    : 0.1222347078636189
11/20/2021 12:02:21 - INFO - modules.trainer -   	test_METEOR    : 0.15268486315148586
11/20/2021 12:02:21 - INFO - modules.trainer -   	test_ROUGE_L   : 0.32351160578727783
11/20/2021 12:02:25 - INFO - modules.trainer -   Saving checkpoint: results/iu_xray/current_checkpoint.pth ...
11/20/2021 12:02:25 - INFO - modules.trainer -   [20/30] Start to train in the training set.
best performance in epoch:  15
/mnt/Data3/wangjun/anaconda3/envs/torch16/lib/python3.7/site-packages/torch/nn/parallel/_functions.py:61: UserWarning: Was asked to gather along dimension 0, but all input tensors were scalars; will instead unsqueeze and return a vector.
  warnings.warn('Was asked to gather along dimension 0, but all '
11/20/2021 12:02:27 - INFO - modules.trainer -   [20/30] Step: 0/64, CE Loss: 0.54716, CON Loss: 0.05169.
11/20/2021 12:03:27 - INFO - modules.trainer -   [20/30] Step: 50/64, CE Loss: 0.64022, CON Loss: 0.04987.
11/20/2021 12:03:42 - INFO - modules.trainer -   [20/30] Start to evaluate in the validation set.
11/20/2021 12:03:57 - INFO - modules.trainer -   [20/30] Start to evaluate in the test set.
11/20/2021 12:04:19 - INFO - modules.trainer -   	epoch          : 20
11/20/2021 12:04:19 - INFO - modules.trainer -   	ce_loss        : 0.6505924537777901
11/20/2021 12:04:19 - INFO - modules.trainer -   	con            : 0.04942431970266625
11/20/2021 12:04:19 - INFO - modules.trainer -   	val_BLEU_1     : 0.40426308456124604
11/20/2021 12:04:19 - INFO - modules.trainer -   	val_BLEU_2     : 0.2225880545861798
11/20/2021 12:04:19 - INFO - modules.trainer -   	val_BLEU_3     : 0.1443936913716252
11/20/2021 12:04:19 - INFO - modules.trainer -   	val_BLEU_4     : 0.10191829760230575
11/20/2021 12:04:19 - INFO - modules.trainer -   	val_METEOR     : 0.14937448438680023
11/20/2021 12:04:19 - INFO - modules.trainer -   	val_ROUGE_L    : 0.30718071549952686
11/20/2021 12:04:19 - INFO - modules.trainer -   	test_BLEU_1    : 0.44081717523520086
11/20/2021 12:04:19 - INFO - modules.trainer -   	test_BLEU_2    : 0.26385626941462054
11/20/2021 12:04:19 - INFO - modules.trainer -   	test_BLEU_3    : 0.18659344411191633
11/20/2021 12:04:19 - INFO - modules.trainer -   	test_BLEU_4    : 0.1420922345860063
11/20/2021 12:04:19 - INFO - modules.trainer -   	test_METEOR    : 0.17342122343991329
11/20/2021 12:04:19 - INFO - modules.trainer -   	test_ROUGE_L   : 0.34174469136690333
11/20/2021 12:04:23 - INFO - modules.trainer -   Saving checkpoint: results/iu_xray/current_checkpoint.pth ...
11/20/2021 12:04:23 - INFO - modules.trainer -   [21/30] Start to train in the training set.
best performance in epoch:  15
/mnt/Data3/wangjun/anaconda3/envs/torch16/lib/python3.7/site-packages/torch/nn/parallel/_functions.py:61: UserWarning: Was asked to gather along dimension 0, but all input tensors were scalars; will instead unsqueeze and return a vector.
  warnings.warn('Was asked to gather along dimension 0, but all '
11/20/2021 12:04:25 - INFO - modules.trainer -   [21/30] Step: 0/64, CE Loss: 0.55512, CON Loss: 0.04720.
11/20/2021 12:05:25 - INFO - modules.trainer -   [21/30] Step: 50/64, CE Loss: 0.56910, CON Loss: 0.04591.
11/20/2021 12:05:41 - INFO - modules.trainer -   [21/30] Start to evaluate in the validation set.
11/20/2021 12:05:56 - INFO - modules.trainer -   [21/30] Start to evaluate in the test set.
11/20/2021 12:06:18 - INFO - modules.trainer -   	epoch          : 21
11/20/2021 12:06:18 - INFO - modules.trainer -   	ce_loss        : 0.5739094014279544
11/20/2021 12:06:18 - INFO - modules.trainer -   	con            : 0.045583434344735
11/20/2021 12:06:18 - INFO - modules.trainer -   	val_BLEU_1     : 0.23866931780147996
11/20/2021 12:06:18 - INFO - modules.trainer -   	val_BLEU_2     : 0.14392638707696775
11/20/2021 12:06:18 - INFO - modules.trainer -   	val_BLEU_3     : 0.10136190997754772
11/20/2021 12:06:18 - INFO - modules.trainer -   	val_BLEU_4     : 0.07694556152238285
11/20/2021 12:06:18 - INFO - modules.trainer -   	val_METEOR     : 0.11366659733758347
11/20/2021 12:06:18 - INFO - modules.trainer -   	val_ROUGE_L    : 0.3005462024283607
11/20/2021 12:06:18 - INFO - modules.trainer -   	test_BLEU_1    : 0.28452009398842765
11/20/2021 12:06:18 - INFO - modules.trainer -   	test_BLEU_2    : 0.17394583498949656
11/20/2021 12:06:18 - INFO - modules.trainer -   	test_BLEU_3    : 0.12451010025540053
11/20/2021 12:06:18 - INFO - modules.trainer -   	test_BLEU_4    : 0.09498032739620689
11/20/2021 12:06:18 - INFO - modules.trainer -   	test_METEOR    : 0.1297104145142331
11/20/2021 12:06:18 - INFO - modules.trainer -   	test_ROUGE_L   : 0.3174802814770364
11/20/2021 12:06:21 - INFO - modules.trainer -   Saving checkpoint: results/iu_xray/current_checkpoint.pth ...
11/20/2021 12:06:21 - INFO - modules.trainer -   [22/30] Start to train in the training set.
best performance in epoch:  15
/mnt/Data3/wangjun/anaconda3/envs/torch16/lib/python3.7/site-packages/torch/nn/parallel/_functions.py:61: UserWarning: Was asked to gather along dimension 0, but all input tensors were scalars; will instead unsqueeze and return a vector.
  warnings.warn('Was asked to gather along dimension 0, but all '
11/20/2021 12:06:23 - INFO - modules.trainer -   [22/30] Step: 0/64, CE Loss: 0.47846, CON Loss: 0.04398.
11/20/2021 12:07:23 - INFO - modules.trainer -   [22/30] Step: 50/64, CE Loss: 0.52948, CON Loss: 0.04280.
11/20/2021 12:07:40 - INFO - modules.trainer -   [22/30] Start to evaluate in the validation set.
11/20/2021 12:07:54 - INFO - modules.trainer -   [22/30] Start to evaluate in the test set.
11/20/2021 12:08:17 - INFO - modules.trainer -   	epoch          : 22
11/20/2021 12:08:17 - INFO - modules.trainer -   	ce_loss        : 0.5372039065696299
11/20/2021 12:08:17 - INFO - modules.trainer -   	con            : 0.04250839620362967
11/20/2021 12:08:17 - INFO - modules.trainer -   	val_BLEU_1     : 0.4066562464979084
11/20/2021 12:08:17 - INFO - modules.trainer -   	val_BLEU_2     : 0.2532145693440669
11/20/2021 12:08:17 - INFO - modules.trainer -   	val_BLEU_3     : 0.1710727677445396
11/20/2021 12:08:17 - INFO - modules.trainer -   	val_BLEU_4     : 0.12100622676210072
11/20/2021 12:08:17 - INFO - modules.trainer -   	val_METEOR     : 0.1699548546830184
11/20/2021 12:08:17 - INFO - modules.trainer -   	val_ROUGE_L    : 0.3440156345934388
11/20/2021 12:08:17 - INFO - modules.trainer -   	test_BLEU_1    : 0.4438489626690272
11/20/2021 12:08:17 - INFO - modules.trainer -   	test_BLEU_2    : 0.27927802625759723
11/20/2021 12:08:17 - INFO - modules.trainer -   	test_BLEU_3    : 0.19457073903404296
11/20/2021 12:08:17 - INFO - modules.trainer -   	test_BLEU_4    : 0.14317289795666646
11/20/2021 12:08:17 - INFO - modules.trainer -   	test_METEOR    : 0.18598188991669473
11/20/2021 12:08:17 - INFO - modules.trainer -   	test_ROUGE_L   : 0.36558173477473455
11/20/2021 12:08:21 - INFO - modules.trainer -   Saving checkpoint: results/iu_xray/current_checkpoint.pth ...
11/20/2021 12:08:21 - INFO - modules.trainer -   [23/30] Start to train in the training set.
best performance in epoch:  15
/mnt/Data3/wangjun/anaconda3/envs/torch16/lib/python3.7/site-packages/torch/nn/parallel/_functions.py:61: UserWarning: Was asked to gather along dimension 0, but all input tensors were scalars; will instead unsqueeze and return a vector.
  warnings.warn('Was asked to gather along dimension 0, but all '
11/20/2021 12:08:22 - INFO - modules.trainer -   [23/30] Step: 0/64, CE Loss: 0.49381, CON Loss: 0.04104.
11/20/2021 12:09:23 - INFO - modules.trainer -   [23/30] Step: 50/64, CE Loss: 0.50124, CON Loss: 0.03999.
11/20/2021 12:09:39 - INFO - modules.trainer -   [23/30] Start to evaluate in the validation set.
11/20/2021 12:09:54 - INFO - modules.trainer -   [23/30] Start to evaluate in the test set.
11/20/2021 12:10:17 - INFO - modules.trainer -   	epoch          : 23
11/20/2021 12:10:17 - INFO - modules.trainer -   	ce_loss        : 0.5115029788576066
11/20/2021 12:10:17 - INFO - modules.trainer -   	con            : 0.03971779957646504
11/20/2021 12:10:17 - INFO - modules.trainer -   	val_BLEU_1     : 0.3334362690003334
11/20/2021 12:10:17 - INFO - modules.trainer -   	val_BLEU_2     : 0.2095949858609996
11/20/2021 12:10:17 - INFO - modules.trainer -   	val_BLEU_3     : 0.14524190830251288
11/20/2021 12:10:17 - INFO - modules.trainer -   	val_BLEU_4     : 0.10772416829195666
11/20/2021 12:10:17 - INFO - modules.trainer -   	val_METEOR     : 0.14790154962975052
11/20/2021 12:10:17 - INFO - modules.trainer -   	val_ROUGE_L    : 0.3337393993085649
11/20/2021 12:10:17 - INFO - modules.trainer -   	test_BLEU_1    : 0.3587058487239551
11/20/2021 12:10:17 - INFO - modules.trainer -   	test_BLEU_2    : 0.221133462315342
11/20/2021 12:10:17 - INFO - modules.trainer -   	test_BLEU_3    : 0.15230011391942103
11/20/2021 12:10:17 - INFO - modules.trainer -   	test_BLEU_4    : 0.11122434723830431
11/20/2021 12:10:17 - INFO - modules.trainer -   	test_METEOR    : 0.15540448823058273
11/20/2021 12:10:17 - INFO - modules.trainer -   	test_ROUGE_L   : 0.33711929557052883
11/20/2021 12:10:20 - INFO - modules.trainer -   Saving checkpoint: results/iu_xray/current_checkpoint.pth ...
11/20/2021 12:10:20 - INFO - modules.trainer -   [24/30] Start to train in the training set.
best performance in epoch:  15
/mnt/Data3/wangjun/anaconda3/envs/torch16/lib/python3.7/site-packages/torch/nn/parallel/_functions.py:61: UserWarning: Was asked to gather along dimension 0, but all input tensors were scalars; will instead unsqueeze and return a vector.
  warnings.warn('Was asked to gather along dimension 0, but all '
11/20/2021 12:10:22 - INFO - modules.trainer -   [24/30] Step: 0/64, CE Loss: 0.46491, CON Loss: 0.03838.
11/20/2021 12:11:22 - INFO - modules.trainer -   [24/30] Step: 50/64, CE Loss: 0.48950, CON Loss: 0.03741.
11/20/2021 12:11:38 - INFO - modules.trainer -   [24/30] Start to evaluate in the validation set.
11/20/2021 12:11:52 - INFO - modules.trainer -   [24/30] Start to evaluate in the test set.
11/20/2021 12:12:14 - INFO - modules.trainer -   	epoch          : 24
11/20/2021 12:12:14 - INFO - modules.trainer -   	ce_loss        : 0.4966648602858186
11/20/2021 12:12:14 - INFO - modules.trainer -   	con            : 0.03716625442029908
11/20/2021 12:12:14 - INFO - modules.trainer -   	val_BLEU_1     : 0.3813638833872179
11/20/2021 12:12:14 - INFO - modules.trainer -   	val_BLEU_2     : 0.23643760830416938
11/20/2021 12:12:14 - INFO - modules.trainer -   	val_BLEU_3     : 0.15893984589041554
11/20/2021 12:12:14 - INFO - modules.trainer -   	val_BLEU_4     : 0.11288950707894907
11/20/2021 12:12:14 - INFO - modules.trainer -   	val_METEOR     : 0.16170107141897863
11/20/2021 12:12:14 - INFO - modules.trainer -   	val_ROUGE_L    : 0.3260291744257517
11/20/2021 12:12:14 - INFO - modules.trainer -   	test_BLEU_1    : 0.4177589687160154
11/20/2021 12:12:14 - INFO - modules.trainer -   	test_BLEU_2    : 0.26457120307624976
11/20/2021 12:12:14 - INFO - modules.trainer -   	test_BLEU_3    : 0.18534848593707123
11/20/2021 12:12:14 - INFO - modules.trainer -   	test_BLEU_4    : 0.1378462326217259
11/20/2021 12:12:14 - INFO - modules.trainer -   	test_METEOR    : 0.17644387048209803
11/20/2021 12:12:14 - INFO - modules.trainer -   	test_ROUGE_L   : 0.34454541964874075
11/20/2021 12:12:17 - INFO - modules.trainer -   Saving checkpoint: results/iu_xray/current_checkpoint.pth ...
11/20/2021 12:12:17 - INFO - modules.trainer -   [25/30] Start to train in the training set.
best performance in epoch:  15
/mnt/Data3/wangjun/anaconda3/envs/torch16/lib/python3.7/site-packages/torch/nn/parallel/_functions.py:61: UserWarning: Was asked to gather along dimension 0, but all input tensors were scalars; will instead unsqueeze and return a vector.
  warnings.warn('Was asked to gather along dimension 0, but all '
11/20/2021 12:12:19 - INFO - modules.trainer -   [25/30] Step: 0/64, CE Loss: 0.47493, CON Loss: 0.03594.
11/20/2021 12:13:19 - INFO - modules.trainer -   [25/30] Step: 50/64, CE Loss: 0.47203, CON Loss: 0.03505.
11/20/2021 12:13:35 - INFO - modules.trainer -   [25/30] Start to evaluate in the validation set.
11/20/2021 12:13:49 - INFO - modules.trainer -   [25/30] Start to evaluate in the test set.
11/20/2021 12:14:12 - INFO - modules.trainer -   	epoch          : 25
11/20/2021 12:14:12 - INFO - modules.trainer -   	ce_loss        : 0.48028532369062304
11/20/2021 12:14:12 - INFO - modules.trainer -   	con            : 0.03482103004353121
11/20/2021 12:14:12 - INFO - modules.trainer -   	val_BLEU_1     : 0.27360335562639876
11/20/2021 12:14:12 - INFO - modules.trainer -   	val_BLEU_2     : 0.16233865056971492
11/20/2021 12:14:12 - INFO - modules.trainer -   	val_BLEU_3     : 0.11324249736279679
11/20/2021 12:14:12 - INFO - modules.trainer -   	val_BLEU_4     : 0.08557247846905917
11/20/2021 12:14:12 - INFO - modules.trainer -   	val_METEOR     : 0.11949993262569933
11/20/2021 12:14:12 - INFO - modules.trainer -   	val_ROUGE_L    : 0.3005674953586111
11/20/2021 12:14:12 - INFO - modules.trainer -   	test_BLEU_1    : 0.29646192253344705
11/20/2021 12:14:12 - INFO - modules.trainer -   	test_BLEU_2    : 0.17718047284281463
11/20/2021 12:14:12 - INFO - modules.trainer -   	test_BLEU_3    : 0.12353949459861117
11/20/2021 12:14:12 - INFO - modules.trainer -   	test_BLEU_4    : 0.09216141456647467
11/20/2021 12:14:12 - INFO - modules.trainer -   	test_METEOR    : 0.12915258675148591
11/20/2021 12:14:12 - INFO - modules.trainer -   	test_ROUGE_L   : 0.31330825788736394
11/20/2021 12:14:18 - INFO - modules.trainer -   Saving checkpoint: results/iu_xray/current_checkpoint.pth ...
11/20/2021 12:14:18 - INFO - modules.trainer -   [26/30] Start to train in the training set.
best performance in epoch:  15
/mnt/Data3/wangjun/anaconda3/envs/torch16/lib/python3.7/site-packages/torch/nn/parallel/_functions.py:61: UserWarning: Was asked to gather along dimension 0, but all input tensors were scalars; will instead unsqueeze and return a vector.
  warnings.warn('Was asked to gather along dimension 0, but all '
11/20/2021 12:14:20 - INFO - modules.trainer -   [26/30] Step: 0/64, CE Loss: 0.39399, CON Loss: 0.03370.
11/20/2021 12:15:21 - INFO - modules.trainer -   [26/30] Step: 50/64, CE Loss: 0.45182, CON Loss: 0.03288.
11/20/2021 12:15:37 - INFO - modules.trainer -   [26/30] Start to evaluate in the validation set.
11/20/2021 12:15:52 - INFO - modules.trainer -   [26/30] Start to evaluate in the test set.
11/20/2021 12:16:14 - INFO - modules.trainer -   	epoch          : 26
11/20/2021 12:16:14 - INFO - modules.trainer -   	ce_loss        : 0.4634610987268388
11/20/2021 12:16:14 - INFO - modules.trainer -   	con            : 0.03267444926314056
11/20/2021 12:16:14 - INFO - modules.trainer -   	val_BLEU_1     : 0.4107013723229202
11/20/2021 12:16:14 - INFO - modules.trainer -   	val_BLEU_2     : 0.2276568935981707
11/20/2021 12:16:14 - INFO - modules.trainer -   	val_BLEU_3     : 0.14699224650981
11/20/2021 12:16:14 - INFO - modules.trainer -   	val_BLEU_4     : 0.10289691785969808
11/20/2021 12:16:14 - INFO - modules.trainer -   	val_METEOR     : 0.1517346236202023
11/20/2021 12:16:14 - INFO - modules.trainer -   	val_ROUGE_L    : 0.30944466527454606
11/20/2021 12:16:14 - INFO - modules.trainer -   	test_BLEU_1    : 0.43772922155067734
11/20/2021 12:16:14 - INFO - modules.trainer -   	test_BLEU_2    : 0.26322887560437147
11/20/2021 12:16:14 - INFO - modules.trainer -   	test_BLEU_3    : 0.1850673355134027
11/20/2021 12:16:14 - INFO - modules.trainer -   	test_BLEU_4    : 0.13937141598913388
11/20/2021 12:16:14 - INFO - modules.trainer -   	test_METEOR    : 0.17390579827910863
11/20/2021 12:16:14 - INFO - modules.trainer -   	test_ROUGE_L   : 0.33927482913381823
11/20/2021 12:16:18 - INFO - modules.trainer -   Saving checkpoint: results/iu_xray/current_checkpoint.pth ...
11/20/2021 12:16:18 - INFO - modules.trainer -   [27/30] Start to train in the training set.
best performance in epoch:  15
/mnt/Data3/wangjun/anaconda3/envs/torch16/lib/python3.7/site-packages/torch/nn/parallel/_functions.py:61: UserWarning: Was asked to gather along dimension 0, but all input tensors were scalars; will instead unsqueeze and return a vector.
  warnings.warn('Was asked to gather along dimension 0, but all '
11/20/2021 12:16:20 - INFO - modules.trainer -   [27/30] Step: 0/64, CE Loss: 0.37934, CON Loss: 0.03164.
11/20/2021 12:17:20 - INFO - modules.trainer -   [27/30] Step: 50/64, CE Loss: 0.45224, CON Loss: 0.03088.
11/20/2021 12:17:35 - INFO - modules.trainer -   [27/30] Start to evaluate in the validation set.
11/20/2021 12:17:50 - INFO - modules.trainer -   [27/30] Start to evaluate in the test set.
11/20/2021 12:18:12 - INFO - modules.trainer -   	epoch          : 27
11/20/2021 12:18:12 - INFO - modules.trainer -   	ce_loss        : 0.45976596837863326
11/20/2021 12:18:12 - INFO - modules.trainer -   	con            : 0.03068854278535582
11/20/2021 12:18:12 - INFO - modules.trainer -   	val_BLEU_1     : 0.2543158055636976
11/20/2021 12:18:12 - INFO - modules.trainer -   	val_BLEU_2     : 0.15143582761538543
11/20/2021 12:18:12 - INFO - modules.trainer -   	val_BLEU_3     : 0.10483030814824282
11/20/2021 12:18:12 - INFO - modules.trainer -   	val_BLEU_4     : 0.07791684985453567
11/20/2021 12:18:12 - INFO - modules.trainer -   	val_METEOR     : 0.11806350291841247
11/20/2021 12:18:12 - INFO - modules.trainer -   	val_ROUGE_L    : 0.30075193718094323
11/20/2021 12:18:12 - INFO - modules.trainer -   	test_BLEU_1    : 0.29349344568299124
11/20/2021 12:18:12 - INFO - modules.trainer -   	test_BLEU_2    : 0.17823779245323848
11/20/2021 12:18:12 - INFO - modules.trainer -   	test_BLEU_3    : 0.12658668955972688
11/20/2021 12:18:12 - INFO - modules.trainer -   	test_BLEU_4    : 0.09521900065267111
11/20/2021 12:18:12 - INFO - modules.trainer -   	test_METEOR    : 0.1329472374070916
11/20/2021 12:18:12 - INFO - modules.trainer -   	test_ROUGE_L   : 0.3149707344048115
11/20/2021 12:18:15 - INFO - modules.trainer -   Saving checkpoint: results/iu_xray/current_checkpoint.pth ...
11/20/2021 12:18:15 - INFO - modules.trainer -   [28/30] Start to train in the training set.
best performance in epoch:  15
/mnt/Data3/wangjun/anaconda3/envs/torch16/lib/python3.7/site-packages/torch/nn/parallel/_functions.py:61: UserWarning: Was asked to gather along dimension 0, but all input tensors were scalars; will instead unsqueeze and return a vector.
  warnings.warn('Was asked to gather along dimension 0, but all '
11/20/2021 12:18:17 - INFO - modules.trainer -   [28/30] Step: 0/64, CE Loss: 0.42254, CON Loss: 0.02974.
11/20/2021 12:19:18 - INFO - modules.trainer -   [28/30] Step: 50/64, CE Loss: 0.44133, CON Loss: 0.02904.
11/20/2021 12:19:34 - INFO - modules.trainer -   [28/30] Start to evaluate in the validation set.
11/20/2021 12:19:49 - INFO - modules.trainer -   [28/30] Start to evaluate in the test set.
11/20/2021 12:20:11 - INFO - modules.trainer -   	epoch          : 28
11/20/2021 12:20:11 - INFO - modules.trainer -   	ce_loss        : 0.44780752435326576
11/20/2021 12:20:11 - INFO - modules.trainer -   	con            : 0.028861722443252802
11/20/2021 12:20:11 - INFO - modules.trainer -   	val_BLEU_1     : 0.2645177323081972
11/20/2021 12:20:11 - INFO - modules.trainer -   	val_BLEU_2     : 0.1593850274622412
11/20/2021 12:20:11 - INFO - modules.trainer -   	val_BLEU_3     : 0.11036694493587455
11/20/2021 12:20:11 - INFO - modules.trainer -   	val_BLEU_4     : 0.08236047410896583
11/20/2021 12:20:11 - INFO - modules.trainer -   	val_METEOR     : 0.12018440115021732
11/20/2021 12:20:11 - INFO - modules.trainer -   	val_ROUGE_L    : 0.30008620695870725
11/20/2021 12:20:11 - INFO - modules.trainer -   	test_BLEU_1    : 0.2982349554541134
11/20/2021 12:20:11 - INFO - modules.trainer -   	test_BLEU_2    : 0.18226043751287518
11/20/2021 12:20:11 - INFO - modules.trainer -   	test_BLEU_3    : 0.12899376319641234
11/20/2021 12:20:11 - INFO - modules.trainer -   	test_BLEU_4    : 0.09672064797875807
11/20/2021 12:20:11 - INFO - modules.trainer -   	test_METEOR    : 0.13346613690229525
11/20/2021 12:20:11 - INFO - modules.trainer -   	test_ROUGE_L   : 0.3152365446224751
11/20/2021 12:20:15 - INFO - modules.trainer -   Saving checkpoint: results/iu_xray/current_checkpoint.pth ...
11/20/2021 12:20:15 - INFO - modules.trainer -   [29/30] Start to train in the training set.
best performance in epoch:  15
/mnt/Data3/wangjun/anaconda3/envs/torch16/lib/python3.7/site-packages/torch/nn/parallel/_functions.py:61: UserWarning: Was asked to gather along dimension 0, but all input tensors were scalars; will instead unsqueeze and return a vector.
  warnings.warn('Was asked to gather along dimension 0, but all '
11/20/2021 12:20:16 - INFO - modules.trainer -   [29/30] Step: 0/64, CE Loss: 0.40290, CON Loss: 0.02799.
11/20/2021 12:21:17 - INFO - modules.trainer -   [29/30] Step: 50/64, CE Loss: 0.43187, CON Loss: 0.02735.
11/20/2021 12:21:33 - INFO - modules.trainer -   [29/30] Start to evaluate in the validation set.
11/20/2021 12:21:47 - INFO - modules.trainer -   [29/30] Start to evaluate in the test set.
11/20/2021 12:22:09 - INFO - modules.trainer -   	epoch          : 29
11/20/2021 12:22:09 - INFO - modules.trainer -   	ce_loss        : 0.4381734221242368
11/20/2021 12:22:09 - INFO - modules.trainer -   	con            : 0.027185159415239468
11/20/2021 12:22:09 - INFO - modules.trainer -   	val_BLEU_1     : 0.2752054793530843
11/20/2021 12:22:09 - INFO - modules.trainer -   	val_BLEU_2     : 0.1630645705368563
11/20/2021 12:22:09 - INFO - modules.trainer -   	val_BLEU_3     : 0.11091151306692555
11/20/2021 12:22:09 - INFO - modules.trainer -   	val_BLEU_4     : 0.08139159044736952
11/20/2021 12:22:09 - INFO - modules.trainer -   	val_METEOR     : 0.1197217924584269
11/20/2021 12:22:09 - INFO - modules.trainer -   	val_ROUGE_L    : 0.29553290464013643
11/20/2021 12:22:09 - INFO - modules.trainer -   	test_BLEU_1    : 0.3160770781537735
11/20/2021 12:22:09 - INFO - modules.trainer -   	test_BLEU_2    : 0.19087216002285962
11/20/2021 12:22:09 - INFO - modules.trainer -   	test_BLEU_3    : 0.13314174613074198
11/20/2021 12:22:09 - INFO - modules.trainer -   	test_BLEU_4    : 0.09846363085810711
11/20/2021 12:22:09 - INFO - modules.trainer -   	test_METEOR    : 0.13655108809983926
11/20/2021 12:22:09 - INFO - modules.trainer -   	test_ROUGE_L   : 0.31684102878904263
11/20/2021 12:22:12 - INFO - modules.trainer -   Saving checkpoint: results/iu_xray/current_checkpoint.pth ...
11/20/2021 12:22:12 - INFO - modules.trainer -   [30/30] Start to train in the training set.
best performance in epoch:  15
/mnt/Data3/wangjun/anaconda3/envs/torch16/lib/python3.7/site-packages/torch/nn/parallel/_functions.py:61: UserWarning: Was asked to gather along dimension 0, but all input tensors were scalars; will instead unsqueeze and return a vector.
  warnings.warn('Was asked to gather along dimension 0, but all '
11/20/2021 12:22:14 - INFO - modules.trainer -   [30/30] Step: 0/64, CE Loss: 0.38702, CON Loss: 0.02639.
11/20/2021 12:23:14 - INFO - modules.trainer -   [30/30] Step: 50/64, CE Loss: 0.42311, CON Loss: 0.02581.
11/20/2021 12:23:30 - INFO - modules.trainer -   [30/30] Start to evaluate in the validation set.
11/20/2021 12:23:45 - INFO - modules.trainer -   [30/30] Start to evaluate in the test set.
11/20/2021 12:24:07 - INFO - modules.trainer -   	epoch          : 30
11/20/2021 12:24:07 - INFO - modules.trainer -   	ce_loss        : 0.4291529837064445
11/20/2021 12:24:07 - INFO - modules.trainer -   	con            : 0.02565885562216863
11/20/2021 12:24:07 - INFO - modules.trainer -   	val_BLEU_1     : 0.2674146684352639
11/20/2021 12:24:07 - INFO - modules.trainer -   	val_BLEU_2     : 0.16032396852697633
11/20/2021 12:24:07 - INFO - modules.trainer -   	val_BLEU_3     : 0.11098639789375195
11/20/2021 12:24:07 - INFO - modules.trainer -   	val_BLEU_4     : 0.08285272679705175
11/20/2021 12:24:07 - INFO - modules.trainer -   	val_METEOR     : 0.12089725749975501
11/20/2021 12:24:07 - INFO - modules.trainer -   	val_ROUGE_L    : 0.3047431796632232
11/20/2021 12:24:07 - INFO - modules.trainer -   	test_BLEU_1    : 0.30849011261549975
11/20/2021 12:24:07 - INFO - modules.trainer -   	test_BLEU_2    : 0.1905425229940051
11/20/2021 12:24:07 - INFO - modules.trainer -   	test_BLEU_3    : 0.1361662523680981
11/20/2021 12:24:07 - INFO - modules.trainer -   	test_BLEU_4    : 0.10296968876714717
11/20/2021 12:24:07 - INFO - modules.trainer -   	test_METEOR    : 0.13725379715718766
11/20/2021 12:24:07 - INFO - modules.trainer -   	test_ROUGE_L   : 0.32195668290518314
11/20/2021 12:24:12 - INFO - modules.trainer -   Saving checkpoint: results/iu_xray/current_checkpoint.pth ...
best performance in epoch:  15
