nohup: ignoring input
11/22/2021 09:40:34 - INFO - modules.trainer -   [1/30] Start to train in the training set.
[W TensorIterator.cpp:918] Warning: Mixed memory format inputs detected while calling the operator. The operator will output contiguous tensor even if some of the inputs are in channels_last format. (function operator())
11/22/2021 09:40:37 - INFO - modules.trainer -   [1/30] Step: 0/64, CE Loss: 6.82624, CON Loss: 0.34984.
nohup: ignoring input
11/22/2021 09:40:41 - INFO - modules.trainer -   [1/30] Start to train in the training set.
Traceback (most recent call last):
  File "main.py", line 144, in <module>
    main()
  File "main.py", line 140, in main
    trainer.train()
  File "/home/jvnwangwarwick/projects/RRGPro/modules/trainer.py", line 64, in train
    result = self._train_epoch(epoch)
  File "/home/jvnwangwarwick/projects/RRGPro/modules/trainer.py", line 196, in _train_epoch
    output, con_ls = self.model(images, reports_ids, labels=labels, mode='train')
  File "/mnt/Data3/wangjun/anaconda3/envs/torch16/lib/python3.7/site-packages/torch/nn/modules/module.py", line 722, in _call_impl
    result = self.forward(*input, **kwargs)
  File "/mnt/Data3/wangjun/anaconda3/envs/torch16/lib/python3.7/site-packages/torch/nn/parallel/data_parallel.py", line 155, in forward
    outputs = self.parallel_apply(replicas, inputs, kwargs)
  File "/mnt/Data3/wangjun/anaconda3/envs/torch16/lib/python3.7/site-packages/torch/nn/parallel/data_parallel.py", line 165, in parallel_apply
    return parallel_apply(replicas, inputs, kwargs, self.device_ids[:len(replicas)])
  File "/mnt/Data3/wangjun/anaconda3/envs/torch16/lib/python3.7/site-packages/torch/nn/parallel/parallel_apply.py", line 85, in parallel_apply
    output.reraise()
  File "/mnt/Data3/wangjun/anaconda3/envs/torch16/lib/python3.7/site-packages/torch/_utils.py", line 395, in reraise
    raise self.exc_type(msg)
RuntimeError: Caught RuntimeError in replica 0 on device 0.
Original Traceback (most recent call last):
  File "/mnt/Data3/wangjun/anaconda3/envs/torch16/lib/python3.7/site-packages/torch/nn/parallel/parallel_apply.py", line 60, in _worker
    output = module(*input, **kwargs)
  File "/mnt/Data3/wangjun/anaconda3/envs/torch16/lib/python3.7/site-packages/torch/nn/modules/module.py", line 722, in _call_impl
    result = self.forward(*input, **kwargs)
  File "/home/jvnwangwarwick/projects/RRGPro/models/models.py", line 29, in forward
    att_feats_1, fc_feats_1 = self.visual_extractor(images[:, 1])
  File "/mnt/Data3/wangjun/anaconda3/envs/torch16/lib/python3.7/site-packages/torch/nn/modules/module.py", line 722, in _call_impl
    result = self.forward(*input, **kwargs)
  File "/home/jvnwangwarwick/projects/RRGPro/modules/visual_extractor.py", line 19, in forward
    patch_feats = self.model(images)
  File "/mnt/Data3/wangjun/anaconda3/envs/torch16/lib/python3.7/site-packages/torch/nn/modules/module.py", line 722, in _call_impl
    result = self.forward(*input, **kwargs)
  File "/mnt/Data3/wangjun/anaconda3/envs/torch16/lib/python3.7/site-packages/torch/nn/modules/container.py", line 117, in forward
    input = module(input)
  File "/mnt/Data3/wangjun/anaconda3/envs/torch16/lib/python3.7/site-packages/torch/nn/modules/module.py", line 722, in _call_impl
    result = self.forward(*input, **kwargs)
  File "/mnt/Data3/wangjun/anaconda3/envs/torch16/lib/python3.7/site-packages/torch/nn/modules/container.py", line 117, in forward
    input = module(input)
  File "/mnt/Data3/wangjun/anaconda3/envs/torch16/lib/python3.7/site-packages/torch/nn/modules/module.py", line 722, in _call_impl
    result = self.forward(*input, **kwargs)
  File "/mnt/Data3/wangjun/anaconda3/envs/torch16/lib/python3.7/site-packages/torchvision/models/resnet.py", line 104, in forward
    out = self.conv1(x)
  File "/mnt/Data3/wangjun/anaconda3/envs/torch16/lib/python3.7/site-packages/torch/nn/modules/module.py", line 722, in _call_impl
    result = self.forward(*input, **kwargs)
  File "/mnt/Data3/wangjun/anaconda3/envs/torch16/lib/python3.7/site-packages/torch/nn/modules/conv.py", line 419, in forward
    return self._conv_forward(input, self.weight)
  File "/mnt/Data3/wangjun/anaconda3/envs/torch16/lib/python3.7/site-packages/torch/nn/modules/conv.py", line 416, in _conv_forward
    self.padding, self.dilation, self.groups)
RuntimeError: CUDA out of memory. Tried to allocate 20.00 MiB (GPU 0; 10.76 GiB total capacity; 3.01 GiB already allocated; 8.44 MiB free; 3.18 GiB reserved in total by PyTorch)

Killed
nohup: ignoring input
11/22/2021 09:41:23 - INFO - modules.trainer -   [1/30] Start to train in the training set.
[W TensorIterator.cpp:918] Warning: Mixed memory format inputs detected while calling the operator. The operator will output contiguous tensor even if some of the inputs are in channels_last format. (function operator())
11/22/2021 09:41:26 - INFO - modules.trainer -   [1/30] Step: 0/64, CE Loss: 6.82624, CON Loss: 0.34984.
11/22/2021 09:42:15 - INFO - modules.trainer -   [1/30] Step: 50/64, CE Loss: 4.82747, CON Loss: 0.34386.
11/22/2021 09:42:29 - INFO - modules.trainer -   [1/30] Start to evaluate in the validation set.
11/22/2021 09:42:43 - INFO - modules.trainer -   [1/30] Start to evaluate in the test set.
11/22/2021 09:43:04 - INFO - modules.trainer -   	epoch          : 1
11/22/2021 09:43:04 - INFO - modules.trainer -   	ce_loss        : 4.776816800236702
11/22/2021 09:43:04 - INFO - modules.trainer -   	con            : 0.3429434453137219
11/22/2021 09:43:04 - INFO - modules.trainer -   	val_BLEU_1     : 0.07398648648648232
11/22/2021 09:43:04 - INFO - modules.trainer -   	val_BLEU_2     : 6.508851160549511e-11
11/22/2021 09:43:04 - INFO - modules.trainer -   	val_BLEU_3     : 6.272340968112692e-14
11/22/2021 09:43:04 - INFO - modules.trainer -   	val_BLEU_4     : 1.9556025839655975e-15
11/22/2021 09:43:04 - INFO - modules.trainer -   	val_METEOR     : 0.02317220217481875
11/22/2021 09:43:04 - INFO - modules.trainer -   	val_ROUGE_L    : 0.09795456002690986
11/22/2021 09:43:04 - INFO - modules.trainer -   	test_BLEU_1    : 0.06985875706214492
11/22/2021 09:43:04 - INFO - modules.trainer -   	test_BLEU_2    : 0.002833272923091644
11/22/2021 09:43:04 - INFO - modules.trainer -   	test_BLEU_3    : 6.167354878236994e-09
11/22/2021 09:43:04 - INFO - modules.trainer -   	test_BLEU_4    : 9.138869745653517e-12
11/22/2021 09:43:04 - INFO - modules.trainer -   	test_METEOR    : 0.0241386619167828
11/22/2021 09:43:04 - INFO - modules.trainer -   	test_ROUGE_L   : 0.09556420337959068
11/22/2021 09:43:08 - INFO - modules.trainer -   Saving checkpoint: results/iu_xray/current_checkpoint.pth ...
11/22/2021 09:43:11 - INFO - modules.trainer -   Saving current best: model_best.pth ...
11/22/2021 09:43:11 - INFO - modules.trainer -   [2/30] Start to train in the training set.
best performance in epoch:  1
11/22/2021 09:43:13 - INFO - modules.trainer -   [2/30] Step: 0/64, CE Loss: 4.51411, CON Loss: 0.33833.
11/22/2021 09:44:02 - INFO - modules.trainer -   [2/30] Step: 50/64, CE Loss: 3.75961, CON Loss: 0.33454.
11/22/2021 09:44:15 - INFO - modules.trainer -   [2/30] Start to evaluate in the validation set.
11/22/2021 09:44:29 - INFO - modules.trainer -   [2/30] Start to evaluate in the test set.
11/22/2021 09:44:50 - INFO - modules.trainer -   	epoch          : 2
11/22/2021 09:44:50 - INFO - modules.trainer -   	ce_loss        : 3.5127343349158764
11/22/2021 09:44:50 - INFO - modules.trainer -   	con            : 0.33353353664278984
11/22/2021 09:44:50 - INFO - modules.trainer -   	val_BLEU_1     : 0.1968357381738262
11/22/2021 09:44:50 - INFO - modules.trainer -   	val_BLEU_2     : 0.1276739388629334
11/22/2021 09:44:50 - INFO - modules.trainer -   	val_BLEU_3     : 0.09080506638825542
11/22/2021 09:44:50 - INFO - modules.trainer -   	val_BLEU_4     : 0.0649404440563619
11/22/2021 09:44:50 - INFO - modules.trainer -   	val_METEOR     : 0.11971773214379108
11/22/2021 09:44:50 - INFO - modules.trainer -   	val_ROUGE_L    : 0.30905201437360746
11/22/2021 09:44:50 - INFO - modules.trainer -   	test_BLEU_1    : 0.2443642124903139
11/22/2021 09:44:50 - INFO - modules.trainer -   	test_BLEU_2    : 0.16454982010571023
11/22/2021 09:44:50 - INFO - modules.trainer -   	test_BLEU_3    : 0.11914928365250357
11/22/2021 09:44:50 - INFO - modules.trainer -   	test_BLEU_4    : 0.08645172883508165
11/22/2021 09:44:50 - INFO - modules.trainer -   	test_METEOR    : 0.14017830347432386
11/22/2021 09:44:50 - INFO - modules.trainer -   	test_ROUGE_L   : 0.3409826185079858
11/22/2021 09:44:54 - INFO - modules.trainer -   Saving checkpoint: results/iu_xray/current_checkpoint.pth ...
11/22/2021 09:44:57 - INFO - modules.trainer -   Saving current best: model_best.pth ...
11/22/2021 09:44:57 - INFO - modules.trainer -   [3/30] Start to train in the training set.
best performance in epoch:  2
11/22/2021 09:44:59 - INFO - modules.trainer -   [3/30] Step: 0/64, CE Loss: 2.63346, CON Loss: 0.32848.
11/22/2021 09:45:48 - INFO - modules.trainer -   [3/30] Step: 50/64, CE Loss: 2.17370, CON Loss: 0.32434.
11/22/2021 09:46:00 - INFO - modules.trainer -   [3/30] Start to evaluate in the validation set.
11/22/2021 09:46:14 - INFO - modules.trainer -   [3/30] Start to evaluate in the test set.
11/22/2021 09:46:36 - INFO - modules.trainer -   	epoch          : 3
11/22/2021 09:46:36 - INFO - modules.trainer -   	ce_loss        : 2.1266209091991186
11/22/2021 09:46:36 - INFO - modules.trainer -   	con            : 0.32319975551217794
11/22/2021 09:46:36 - INFO - modules.trainer -   	val_BLEU_1     : 0.30672113013612956
11/22/2021 09:46:36 - INFO - modules.trainer -   	val_BLEU_2     : 0.19985414758333192
11/22/2021 09:46:36 - INFO - modules.trainer -   	val_BLEU_3     : 0.13886715363574162
11/22/2021 09:46:36 - INFO - modules.trainer -   	val_BLEU_4     : 0.09911721564908305
11/22/2021 09:46:36 - INFO - modules.trainer -   	val_METEOR     : 0.14420367721893027
11/22/2021 09:46:36 - INFO - modules.trainer -   	val_ROUGE_L    : 0.33841353650239286
11/22/2021 09:46:36 - INFO - modules.trainer -   	test_BLEU_1    : 0.3607800899302398
11/22/2021 09:46:36 - INFO - modules.trainer -   	test_BLEU_2    : 0.23788635853681833
11/22/2021 09:46:36 - INFO - modules.trainer -   	test_BLEU_3    : 0.16857514339455
11/22/2021 09:46:36 - INFO - modules.trainer -   	test_BLEU_4    : 0.12191326476038562
11/22/2021 09:46:36 - INFO - modules.trainer -   	test_METEOR    : 0.16266754794668226
11/22/2021 09:46:36 - INFO - modules.trainer -   	test_ROUGE_L   : 0.37153711870171474
11/22/2021 09:46:39 - INFO - modules.trainer -   Saving checkpoint: results/iu_xray/current_checkpoint.pth ...
11/22/2021 09:46:44 - INFO - modules.trainer -   Saving current best: model_best.pth ...
11/22/2021 09:46:44 - INFO - modules.trainer -   [4/30] Start to train in the training set.
best performance in epoch:  3
11/22/2021 09:46:46 - INFO - modules.trainer -   [4/30] Step: 0/64, CE Loss: 1.86746, CON Loss: 0.31739.
11/22/2021 09:47:35 - INFO - modules.trainer -   [4/30] Step: 50/64, CE Loss: 1.81270, CON Loss: 0.31238.
11/22/2021 09:47:48 - INFO - modules.trainer -   [4/30] Start to evaluate in the validation set.
11/22/2021 09:48:03 - INFO - modules.trainer -   [4/30] Start to evaluate in the test set.
11/22/2021 09:48:24 - INFO - modules.trainer -   	epoch          : 4
11/22/2021 09:48:24 - INFO - modules.trainer -   	ce_loss        : 1.81197127699852
11/22/2021 09:48:24 - INFO - modules.trainer -   	con            : 0.31098132533952594
11/22/2021 09:48:24 - INFO - modules.trainer -   	val_BLEU_1     : 0.3125938749073789
11/22/2021 09:48:24 - INFO - modules.trainer -   	val_BLEU_2     : 0.1844253905187155
11/22/2021 09:48:24 - INFO - modules.trainer -   	val_BLEU_3     : 0.12657348230271526
11/22/2021 09:48:24 - INFO - modules.trainer -   	val_BLEU_4     : 0.09253178330262717
11/22/2021 09:48:24 - INFO - modules.trainer -   	val_METEOR     : 0.12836354807510394
11/22/2021 09:48:24 - INFO - modules.trainer -   	val_ROUGE_L    : 0.30892115933624853
11/22/2021 09:48:24 - INFO - modules.trainer -   	test_BLEU_1    : 0.3642731354511858
11/22/2021 09:48:24 - INFO - modules.trainer -   	test_BLEU_2    : 0.22224944951368636
11/22/2021 09:48:24 - INFO - modules.trainer -   	test_BLEU_3    : 0.15756825088565807
11/22/2021 09:48:24 - INFO - modules.trainer -   	test_BLEU_4    : 0.11787419223087747
11/22/2021 09:48:24 - INFO - modules.trainer -   	test_METEOR    : 0.14690669723082717
11/22/2021 09:48:24 - INFO - modules.trainer -   	test_ROUGE_L   : 0.3334614819259321
11/22/2021 09:48:27 - INFO - modules.trainer -   Saving checkpoint: results/iu_xray/current_checkpoint.pth ...
11/22/2021 09:48:27 - INFO - modules.trainer -   [5/30] Start to train in the training set.
best performance in epoch:  3
11/22/2021 09:48:29 - INFO - modules.trainer -   [5/30] Step: 0/64, CE Loss: 1.78081, CON Loss: 0.30388.
11/22/2021 09:49:19 - INFO - modules.trainer -   [5/30] Step: 50/64, CE Loss: 1.62044, CON Loss: 0.29761.
11/22/2021 09:49:31 - INFO - modules.trainer -   [5/30] Start to evaluate in the validation set.
11/22/2021 09:49:45 - INFO - modules.trainer -   [5/30] Start to evaluate in the test set.
11/22/2021 09:50:07 - INFO - modules.trainer -   	epoch          : 5
11/22/2021 09:50:07 - INFO - modules.trainer -   	ce_loss        : 1.631947472691536
11/22/2021 09:50:07 - INFO - modules.trainer -   	con            : 0.2958581210114062
11/22/2021 09:50:07 - INFO - modules.trainer -   	val_BLEU_1     : 0.22156442237511176
11/22/2021 09:50:07 - INFO - modules.trainer -   	val_BLEU_2     : 0.13402550412786127
11/22/2021 09:50:07 - INFO - modules.trainer -   	val_BLEU_3     : 0.09429798464100227
11/22/2021 09:50:07 - INFO - modules.trainer -   	val_BLEU_4     : 0.07174763685862665
11/22/2021 09:50:07 - INFO - modules.trainer -   	val_METEOR     : 0.11093031242586301
11/22/2021 09:50:07 - INFO - modules.trainer -   	val_ROUGE_L    : 0.2975493528886975
11/22/2021 09:50:07 - INFO - modules.trainer -   	test_BLEU_1    : 0.26649924852175016
11/22/2021 09:50:07 - INFO - modules.trainer -   	test_BLEU_2    : 0.16492023365856073
11/22/2021 09:50:07 - INFO - modules.trainer -   	test_BLEU_3    : 0.11865860164654048
11/22/2021 09:50:07 - INFO - modules.trainer -   	test_BLEU_4    : 0.09074291787287744
11/22/2021 09:50:07 - INFO - modules.trainer -   	test_METEOR    : 0.12839014835285908
11/22/2021 09:50:07 - INFO - modules.trainer -   	test_ROUGE_L   : 0.31661362783725533
11/22/2021 09:50:10 - INFO - modules.trainer -   Saving checkpoint: results/iu_xray/current_checkpoint.pth ...
11/22/2021 09:50:10 - INFO - modules.trainer -   [6/30] Start to train in the training set.
best performance in epoch:  3
11/22/2021 09:50:12 - INFO - modules.trainer -   [6/30] Step: 0/64, CE Loss: 1.61272, CON Loss: 0.28694.
11/22/2021 09:51:01 - INFO - modules.trainer -   [6/30] Step: 50/64, CE Loss: 1.49106, CON Loss: 0.27913.
11/22/2021 09:51:14 - INFO - modules.trainer -   [6/30] Start to evaluate in the validation set.
11/22/2021 09:51:28 - INFO - modules.trainer -   [6/30] Start to evaluate in the test set.
11/22/2021 09:51:49 - INFO - modules.trainer -   	epoch          : 6
11/22/2021 09:51:49 - INFO - modules.trainer -   	ce_loss        : 1.513678316026926
11/22/2021 09:51:49 - INFO - modules.trainer -   	con            : 0.27696383791044354
11/22/2021 09:51:49 - INFO - modules.trainer -   	val_BLEU_1     : 0.41447727525995437
11/22/2021 09:51:49 - INFO - modules.trainer -   	val_BLEU_2     : 0.22399670222935322
11/22/2021 09:51:49 - INFO - modules.trainer -   	val_BLEU_3     : 0.14339088300015224
11/22/2021 09:51:49 - INFO - modules.trainer -   	val_BLEU_4     : 0.0993073485772785
11/22/2021 09:51:49 - INFO - modules.trainer -   	val_METEOR     : 0.15085154608302698
11/22/2021 09:51:49 - INFO - modules.trainer -   	val_ROUGE_L    : 0.30753162884797386
11/22/2021 09:51:49 - INFO - modules.trainer -   	test_BLEU_1    : 0.42649329945696074
11/22/2021 09:51:49 - INFO - modules.trainer -   	test_BLEU_2    : 0.25152265712597544
11/22/2021 09:51:49 - INFO - modules.trainer -   	test_BLEU_3    : 0.17674941507952047
11/22/2021 09:51:49 - INFO - modules.trainer -   	test_BLEU_4    : 0.1335042255527879
11/22/2021 09:51:49 - INFO - modules.trainer -   	test_METEOR    : 0.1731377323984655
11/22/2021 09:51:49 - INFO - modules.trainer -   	test_ROUGE_L   : 0.33849176943914644
11/22/2021 09:51:53 - INFO - modules.trainer -   Saving checkpoint: results/iu_xray/current_checkpoint.pth ...
11/22/2021 09:51:56 - INFO - modules.trainer -   Saving current best: model_best.pth ...
11/22/2021 09:51:56 - INFO - modules.trainer -   [7/30] Start to train in the training set.
best performance in epoch:  6
11/22/2021 09:51:58 - INFO - modules.trainer -   [7/30] Step: 0/64, CE Loss: 1.35861, CON Loss: 0.26597.
11/22/2021 09:52:48 - INFO - modules.trainer -   [7/30] Step: 50/64, CE Loss: 1.38408, CON Loss: 0.25646.
11/22/2021 09:53:00 - INFO - modules.trainer -   [7/30] Start to evaluate in the validation set.
11/22/2021 09:53:15 - INFO - modules.trainer -   [7/30] Start to evaluate in the test set.
11/22/2021 09:53:36 - INFO - modules.trainer -   	epoch          : 7
11/22/2021 09:53:36 - INFO - modules.trainer -   	ce_loss        : 1.4089610781520605
11/22/2021 09:53:36 - INFO - modules.trainer -   	con            : 0.2538354303687811
11/22/2021 09:53:36 - INFO - modules.trainer -   	val_BLEU_1     : 0.19958376087273294
11/22/2021 09:53:36 - INFO - modules.trainer -   	val_BLEU_2     : 0.11872790493347253
11/22/2021 09:53:36 - INFO - modules.trainer -   	val_BLEU_3     : 0.08408464513436395
11/22/2021 09:53:36 - INFO - modules.trainer -   	val_BLEU_4     : 0.06438438511803328
11/22/2021 09:53:36 - INFO - modules.trainer -   	val_METEOR     : 0.10372858638032957
11/22/2021 09:53:36 - INFO - modules.trainer -   	val_ROUGE_L    : 0.2949978902894414
11/22/2021 09:53:36 - INFO - modules.trainer -   	test_BLEU_1    : 0.24247156043652346
11/22/2021 09:53:36 - INFO - modules.trainer -   	test_BLEU_2    : 0.14720343906043193
11/22/2021 09:53:36 - INFO - modules.trainer -   	test_BLEU_3    : 0.10588161358245472
11/22/2021 09:53:36 - INFO - modules.trainer -   	test_BLEU_4    : 0.08132388647688112
11/22/2021 09:53:36 - INFO - modules.trainer -   	test_METEOR    : 0.1197479535971408
11/22/2021 09:53:36 - INFO - modules.trainer -   	test_ROUGE_L   : 0.31247270858192205
11/22/2021 09:53:40 - INFO - modules.trainer -   Saving checkpoint: results/iu_xray/current_checkpoint.pth ...
11/22/2021 09:53:40 - INFO - modules.trainer -   [8/30] Start to train in the training set.
best performance in epoch:  6
11/22/2021 09:53:42 - INFO - modules.trainer -   [8/30] Step: 0/64, CE Loss: 1.24318, CON Loss: 0.24053.
11/22/2021 09:54:31 - INFO - modules.trainer -   [8/30] Step: 50/64, CE Loss: 1.28644, CON Loss: 0.22925.
11/22/2021 09:54:44 - INFO - modules.trainer -   [8/30] Start to evaluate in the validation set.
11/22/2021 09:54:58 - INFO - modules.trainer -   [8/30] Start to evaluate in the test set.
11/22/2021 09:55:20 - INFO - modules.trainer -   	epoch          : 8
11/22/2021 09:55:20 - INFO - modules.trainer -   	ce_loss        : 1.3041945174336433
11/22/2021 09:55:20 - INFO - modules.trainer -   	con            : 0.22619165433570743
11/22/2021 09:55:20 - INFO - modules.trainer -   	val_BLEU_1     : 0.21533595166277797
11/22/2021 09:55:20 - INFO - modules.trainer -   	val_BLEU_2     : 0.1281400119583573
11/22/2021 09:55:20 - INFO - modules.trainer -   	val_BLEU_3     : 0.09030952936060428
11/22/2021 09:55:20 - INFO - modules.trainer -   	val_BLEU_4     : 0.06868906492929507
11/22/2021 09:55:20 - INFO - modules.trainer -   	val_METEOR     : 0.10746008953412388
11/22/2021 09:55:20 - INFO - modules.trainer -   	val_ROUGE_L    : 0.2984074773567045
11/22/2021 09:55:20 - INFO - modules.trainer -   	test_BLEU_1    : 0.25178522221869626
11/22/2021 09:55:20 - INFO - modules.trainer -   	test_BLEU_2    : 0.15331135185764513
11/22/2021 09:55:20 - INFO - modules.trainer -   	test_BLEU_3    : 0.10994098852505067
11/22/2021 09:55:20 - INFO - modules.trainer -   	test_BLEU_4    : 0.08405592005490983
11/22/2021 09:55:20 - INFO - modules.trainer -   	test_METEOR    : 0.12197349740494906
11/22/2021 09:55:20 - INFO - modules.trainer -   	test_ROUGE_L   : 0.3126754070162443
11/22/2021 09:55:23 - INFO - modules.trainer -   Saving checkpoint: results/iu_xray/current_checkpoint.pth ...
11/22/2021 09:55:23 - INFO - modules.trainer -   [9/30] Start to train in the training set.
best performance in epoch:  6
11/22/2021 09:55:25 - INFO - modules.trainer -   [9/30] Step: 0/64, CE Loss: 1.23088, CON Loss: 0.21078.
11/22/2021 09:56:14 - INFO - modules.trainer -   [9/30] Step: 50/64, CE Loss: 1.20527, CON Loss: 0.19826.
11/22/2021 09:56:26 - INFO - modules.trainer -   [9/30] Start to evaluate in the validation set.
11/22/2021 09:56:41 - INFO - modules.trainer -   [9/30] Start to evaluate in the test set.
11/22/2021 09:57:02 - INFO - modules.trainer -   	epoch          : 9
11/22/2021 09:57:02 - INFO - modules.trainer -   	ce_loss        : 1.2196611240506172
11/22/2021 09:57:02 - INFO - modules.trainer -   	con            : 0.19496796349994838
11/22/2021 09:57:02 - INFO - modules.trainer -   	val_BLEU_1     : 0.41089159698659145
11/22/2021 09:57:02 - INFO - modules.trainer -   	val_BLEU_2     : 0.226184442687572
11/22/2021 09:57:02 - INFO - modules.trainer -   	val_BLEU_3     : 0.14586263203150382
11/22/2021 09:57:02 - INFO - modules.trainer -   	val_BLEU_4     : 0.1015179840405465
11/22/2021 09:57:02 - INFO - modules.trainer -   	val_METEOR     : 0.151842163203069
11/22/2021 09:57:02 - INFO - modules.trainer -   	val_ROUGE_L    : 0.30872754629369487
11/22/2021 09:57:02 - INFO - modules.trainer -   	test_BLEU_1    : 0.44032174364294546
11/22/2021 09:57:02 - INFO - modules.trainer -   	test_BLEU_2    : 0.2637431779048354
11/22/2021 09:57:02 - INFO - modules.trainer -   	test_BLEU_3    : 0.1864266244196876
11/22/2021 09:57:02 - INFO - modules.trainer -   	test_BLEU_4    : 0.14180028359130084
11/22/2021 09:57:02 - INFO - modules.trainer -   	test_METEOR    : 0.17342165934387738
11/22/2021 09:57:02 - INFO - modules.trainer -   	test_ROUGE_L   : 0.3413291797146141
11/22/2021 09:57:06 - INFO - modules.trainer -   Saving checkpoint: results/iu_xray/current_checkpoint.pth ...
11/22/2021 09:57:09 - INFO - modules.trainer -   Saving current best: model_best.pth ...
11/22/2021 09:57:09 - INFO - modules.trainer -   [10/30] Start to train in the training set.
best performance in epoch:  9
11/22/2021 09:57:11 - INFO - modules.trainer -   [10/30] Step: 0/64, CE Loss: 1.11062, CON Loss: 0.17848.
11/22/2021 09:57:59 - INFO - modules.trainer -   [10/30] Step: 50/64, CE Loss: 1.12775, CON Loss: 0.16586.
11/22/2021 09:58:12 - INFO - modules.trainer -   [10/30] Start to evaluate in the validation set.
11/22/2021 09:58:27 - INFO - modules.trainer -   [10/30] Start to evaluate in the test set.
11/22/2021 09:58:48 - INFO - modules.trainer -   	epoch          : 10
11/22/2021 09:58:48 - INFO - modules.trainer -   	ce_loss        : 1.143130037933588
11/22/2021 09:58:48 - INFO - modules.trainer -   	con            : 0.16264238022267818
11/22/2021 09:58:48 - INFO - modules.trainer -   	val_BLEU_1     : 0.28807343710482
11/22/2021 09:58:48 - INFO - modules.trainer -   	val_BLEU_2     : 0.17608752241741293
11/22/2021 09:58:48 - INFO - modules.trainer -   	val_BLEU_3     : 0.12208642110294254
11/22/2021 09:58:48 - INFO - modules.trainer -   	val_BLEU_4     : 0.09038573089517056
11/22/2021 09:58:48 - INFO - modules.trainer -   	val_METEOR     : 0.1297844616087912
11/22/2021 09:58:48 - INFO - modules.trainer -   	val_ROUGE_L    : 0.3095276991802774
11/22/2021 09:58:48 - INFO - modules.trainer -   	test_BLEU_1    : 0.34161627802563727
11/22/2021 09:58:48 - INFO - modules.trainer -   	test_BLEU_2    : 0.21150046892920868
11/22/2021 09:58:48 - INFO - modules.trainer -   	test_BLEU_3    : 0.14820364581021384
11/22/2021 09:58:48 - INFO - modules.trainer -   	test_BLEU_4    : 0.10987488524191277
11/22/2021 09:58:48 - INFO - modules.trainer -   	test_METEOR    : 0.14917081206884755
11/22/2021 09:58:48 - INFO - modules.trainer -   	test_ROUGE_L   : 0.32972667988499127
11/22/2021 09:58:52 - INFO - modules.trainer -   Saving checkpoint: results/iu_xray/current_checkpoint.pth ...
11/22/2021 09:58:52 - INFO - modules.trainer -   [11/30] Start to train in the training set.
best performance in epoch:  9
11/22/2021 09:58:53 - INFO - modules.trainer -   [11/30] Step: 0/64, CE Loss: 0.98789, CON Loss: 0.14665.
11/22/2021 09:59:42 - INFO - modules.trainer -   [11/30] Step: 50/64, CE Loss: 1.01223, CON Loss: 0.13735.
11/22/2021 09:59:55 - INFO - modules.trainer -   [11/30] Start to evaluate in the validation set.
11/22/2021 10:00:09 - INFO - modules.trainer -   [11/30] Start to evaluate in the test set.
11/22/2021 10:00:31 - INFO - modules.trainer -   	epoch          : 11
11/22/2021 10:00:31 - INFO - modules.trainer -   	ce_loss        : 1.0237095123156905
11/22/2021 10:00:31 - INFO - modules.trainer -   	con            : 0.135034816339612
11/22/2021 10:00:31 - INFO - modules.trainer -   	val_BLEU_1     : 0.40755881593618054
11/22/2021 10:00:31 - INFO - modules.trainer -   	val_BLEU_2     : 0.24172869983570835
11/22/2021 10:00:31 - INFO - modules.trainer -   	val_BLEU_3     : 0.1642789131112686
11/22/2021 10:00:31 - INFO - modules.trainer -   	val_BLEU_4     : 0.12045655957025324
11/22/2021 10:00:31 - INFO - modules.trainer -   	val_METEOR     : 0.15439164728636667
11/22/2021 10:00:31 - INFO - modules.trainer -   	val_ROUGE_L    : 0.31684199031860666
11/22/2021 10:00:31 - INFO - modules.trainer -   	test_BLEU_1    : 0.4469923293849919
11/22/2021 10:00:31 - INFO - modules.trainer -   	test_BLEU_2    : 0.2740973499959576
11/22/2021 10:00:31 - INFO - modules.trainer -   	test_BLEU_3    : 0.19279308760024985
11/22/2021 10:00:31 - INFO - modules.trainer -   	test_BLEU_4    : 0.14412597319426004
11/22/2021 10:00:31 - INFO - modules.trainer -   	test_METEOR    : 0.1734569658575735
11/22/2021 10:00:31 - INFO - modules.trainer -   	test_ROUGE_L   : 0.3378751107412816
11/22/2021 10:00:34 - INFO - modules.trainer -   Saving checkpoint: results/iu_xray/current_checkpoint.pth ...
11/22/2021 10:00:38 - INFO - modules.trainer -   Saving current best: model_best.pth ...
11/22/2021 10:00:38 - INFO - modules.trainer -   [12/30] Start to train in the training set.
best performance in epoch:  11
11/22/2021 10:00:39 - INFO - modules.trainer -   [12/30] Step: 0/64, CE Loss: 0.73455, CON Loss: 0.12356.
11/22/2021 10:01:29 - INFO - modules.trainer -   [12/30] Step: 50/64, CE Loss: 0.91637, CON Loss: 0.11552.
11/22/2021 10:01:42 - INFO - modules.trainer -   [12/30] Start to evaluate in the validation set.
11/22/2021 10:01:56 - INFO - modules.trainer -   [12/30] Start to evaluate in the test set.
11/22/2021 10:02:17 - INFO - modules.trainer -   	epoch          : 12
11/22/2021 10:02:17 - INFO - modules.trainer -   	ce_loss        : 0.9291454693302512
11/22/2021 10:02:17 - INFO - modules.trainer -   	con            : 0.11354352172929794
11/22/2021 10:02:17 - INFO - modules.trainer -   	val_BLEU_1     : 0.31284987269466463
11/22/2021 10:02:17 - INFO - modules.trainer -   	val_BLEU_2     : 0.2036765816561221
11/22/2021 10:02:17 - INFO - modules.trainer -   	val_BLEU_3     : 0.1449680256230926
11/22/2021 10:02:17 - INFO - modules.trainer -   	val_BLEU_4     : 0.1074592429000157
11/22/2021 10:02:17 - INFO - modules.trainer -   	val_METEOR     : 0.14251552253019187
11/22/2021 10:02:17 - INFO - modules.trainer -   	val_ROUGE_L    : 0.3272685493961708
11/22/2021 10:02:17 - INFO - modules.trainer -   	test_BLEU_1    : 0.36230365035977713
11/22/2021 10:02:17 - INFO - modules.trainer -   	test_BLEU_2    : 0.24728178296523684
11/22/2021 10:02:17 - INFO - modules.trainer -   	test_BLEU_3    : 0.1808900319930495
11/22/2021 10:02:17 - INFO - modules.trainer -   	test_BLEU_4    : 0.1352600494641926
11/22/2021 10:02:17 - INFO - modules.trainer -   	test_METEOR    : 0.16367288301286495
11/22/2021 10:02:17 - INFO - modules.trainer -   	test_ROUGE_L   : 0.3527548423360174
11/22/2021 10:02:21 - INFO - modules.trainer -   Saving checkpoint: results/iu_xray/current_checkpoint.pth ...
11/22/2021 10:02:21 - INFO - modules.trainer -   [13/30] Start to train in the training set.
best performance in epoch:  11
11/22/2021 10:02:22 - INFO - modules.trainer -   [13/30] Step: 0/64, CE Loss: 0.71072, CON Loss: 0.10381.
11/22/2021 10:03:12 - INFO - modules.trainer -   [13/30] Step: 50/64, CE Loss: 0.85324, CON Loss: 0.09719.
11/22/2021 10:03:25 - INFO - modules.trainer -   [13/30] Start to evaluate in the validation set.
11/22/2021 10:03:39 - INFO - modules.trainer -   [13/30] Start to evaluate in the test set.
11/22/2021 10:04:00 - INFO - modules.trainer -   	epoch          : 13
11/22/2021 10:04:00 - INFO - modules.trainer -   	ce_loss        : 0.8710088012740016
11/22/2021 10:04:00 - INFO - modules.trainer -   	con            : 0.09559767693281174
11/22/2021 10:04:00 - INFO - modules.trainer -   	val_BLEU_1     : 0.4079170593779069
11/22/2021 10:04:00 - INFO - modules.trainer -   	val_BLEU_2     : 0.24839032158018842
11/22/2021 10:04:00 - INFO - modules.trainer -   	val_BLEU_3     : 0.16653921957800522
11/22/2021 10:04:00 - INFO - modules.trainer -   	val_BLEU_4     : 0.11506813686451695
11/22/2021 10:04:00 - INFO - modules.trainer -   	val_METEOR     : 0.16842427503176186
11/22/2021 10:04:00 - INFO - modules.trainer -   	val_ROUGE_L    : 0.31168361749056733
11/22/2021 10:04:00 - INFO - modules.trainer -   	test_BLEU_1    : 0.41173440719233884
11/22/2021 10:04:00 - INFO - modules.trainer -   	test_BLEU_2    : 0.2595636322542797
11/22/2021 10:04:00 - INFO - modules.trainer -   	test_BLEU_3    : 0.18124581465520914
11/22/2021 10:04:00 - INFO - modules.trainer -   	test_BLEU_4    : 0.13253514664865118
11/22/2021 10:04:00 - INFO - modules.trainer -   	test_METEOR    : 0.19028173800017498
11/22/2021 10:04:00 - INFO - modules.trainer -   	test_ROUGE_L   : 0.33633160698336956
11/22/2021 10:04:04 - INFO - modules.trainer -   Saving checkpoint: results/iu_xray/current_checkpoint.pth ...
11/22/2021 10:04:04 - INFO - modules.trainer -   [14/30] Start to train in the training set.
best performance in epoch:  11
11/22/2021 10:04:05 - INFO - modules.trainer -   [14/30] Step: 0/64, CE Loss: 0.79342, CON Loss: 0.08780.
11/22/2021 10:04:55 - INFO - modules.trainer -   [14/30] Step: 50/64, CE Loss: 0.80035, CON Loss: 0.08265.
11/22/2021 10:05:08 - INFO - modules.trainer -   [14/30] Start to evaluate in the validation set.
11/22/2021 10:05:22 - INFO - modules.trainer -   [14/30] Start to evaluate in the test set.
11/22/2021 10:05:44 - INFO - modules.trainer -   	epoch          : 14
11/22/2021 10:05:44 - INFO - modules.trainer -   	ce_loss        : 0.8176136109977961
11/22/2021 10:05:44 - INFO - modules.trainer -   	con            : 0.0814185228664428
11/22/2021 10:05:44 - INFO - modules.trainer -   	val_BLEU_1     : 0.40266046034941716
11/22/2021 10:05:44 - INFO - modules.trainer -   	val_BLEU_2     : 0.24760086399636505
11/22/2021 10:05:44 - INFO - modules.trainer -   	val_BLEU_3     : 0.16447142825339528
11/22/2021 10:05:44 - INFO - modules.trainer -   	val_BLEU_4     : 0.11483596967660259
11/22/2021 10:05:44 - INFO - modules.trainer -   	val_METEOR     : 0.1661299495018898
11/22/2021 10:05:44 - INFO - modules.trainer -   	val_ROUGE_L    : 0.32876346201106543
11/22/2021 10:05:44 - INFO - modules.trainer -   	test_BLEU_1    : 0.43799839981450556
11/22/2021 10:05:44 - INFO - modules.trainer -   	test_BLEU_2    : 0.2723742729689264
11/22/2021 10:05:44 - INFO - modules.trainer -   	test_BLEU_3    : 0.18639385691443497
11/22/2021 10:05:44 - INFO - modules.trainer -   	test_BLEU_4    : 0.1361541433774996
11/22/2021 10:05:44 - INFO - modules.trainer -   	test_METEOR    : 0.17908095542708413
11/22/2021 10:05:44 - INFO - modules.trainer -   	test_ROUGE_L   : 0.34270129025261004
11/22/2021 10:05:48 - INFO - modules.trainer -   Saving checkpoint: results/iu_xray/current_checkpoint.pth ...
11/22/2021 10:05:48 - INFO - modules.trainer -   [15/30] Start to train in the training set.
best performance in epoch:  11
11/22/2021 10:05:49 - INFO - modules.trainer -   [15/30] Step: 0/64, CE Loss: 0.66365, CON Loss: 0.07538.
11/22/2021 10:06:39 - INFO - modules.trainer -   [15/30] Step: 50/64, CE Loss: 0.74461, CON Loss: 0.07140.
11/22/2021 10:06:52 - INFO - modules.trainer -   [15/30] Start to evaluate in the validation set.
11/22/2021 10:07:06 - INFO - modules.trainer -   [15/30] Start to evaluate in the test set.
11/22/2021 10:07:27 - INFO - modules.trainer -   	epoch          : 15
11/22/2021 10:07:27 - INFO - modules.trainer -   	ce_loss        : 0.7635038904845715
11/22/2021 10:07:27 - INFO - modules.trainer -   	con            : 0.07045030372682959
11/22/2021 10:07:27 - INFO - modules.trainer -   	val_BLEU_1     : 0.23609904472139565
11/22/2021 10:07:27 - INFO - modules.trainer -   	val_BLEU_2     : 0.14249380048267676
11/22/2021 10:07:27 - INFO - modules.trainer -   	val_BLEU_3     : 0.09982652155786544
11/22/2021 10:07:27 - INFO - modules.trainer -   	val_BLEU_4     : 0.07546317381295177
11/22/2021 10:07:27 - INFO - modules.trainer -   	val_METEOR     : 0.11367776129248498
11/22/2021 10:07:27 - INFO - modules.trainer -   	val_ROUGE_L    : 0.3041185589813265
11/22/2021 10:07:27 - INFO - modules.trainer -   	test_BLEU_1    : 0.2774374095946147
11/22/2021 10:07:27 - INFO - modules.trainer -   	test_BLEU_2    : 0.16934292150078506
11/22/2021 10:07:27 - INFO - modules.trainer -   	test_BLEU_3    : 0.12084512023720213
11/22/2021 10:07:27 - INFO - modules.trainer -   	test_BLEU_4    : 0.09133735950474167
11/22/2021 10:07:27 - INFO - modules.trainer -   	test_METEOR    : 0.12880128228329366
11/22/2021 10:07:27 - INFO - modules.trainer -   	test_ROUGE_L   : 0.3180657882918294
11/22/2021 10:07:31 - INFO - modules.trainer -   Saving checkpoint: results/iu_xray/current_checkpoint.pth ...
11/22/2021 10:07:31 - INFO - modules.trainer -   [16/30] Start to train in the training set.
best performance in epoch:  11
11/22/2021 10:07:33 - INFO - modules.trainer -   [16/30] Step: 0/64, CE Loss: 0.62145, CON Loss: 0.06579.
11/22/2021 10:08:23 - INFO - modules.trainer -   [16/30] Step: 50/64, CE Loss: 0.71493, CON Loss: 0.06271.
11/22/2021 10:08:36 - INFO - modules.trainer -   [16/30] Start to evaluate in the validation set.
11/22/2021 10:08:50 - INFO - modules.trainer -   [16/30] Start to evaluate in the test set.
11/22/2021 10:09:11 - INFO - modules.trainer -   	epoch          : 16
11/22/2021 10:09:11 - INFO - modules.trainer -   	ce_loss        : 0.7246976131573319
11/22/2021 10:09:11 - INFO - modules.trainer -   	con            : 0.061971550749149173
11/22/2021 10:09:11 - INFO - modules.trainer -   	val_BLEU_1     : 0.2587015856177833
11/22/2021 10:09:11 - INFO - modules.trainer -   	val_BLEU_2     : 0.157979157471103
11/22/2021 10:09:11 - INFO - modules.trainer -   	val_BLEU_3     : 0.11063652525655818
11/22/2021 10:09:11 - INFO - modules.trainer -   	val_BLEU_4     : 0.08325492769325689
11/22/2021 10:09:11 - INFO - modules.trainer -   	val_METEOR     : 0.11781316071623281
11/22/2021 10:09:11 - INFO - modules.trainer -   	val_ROUGE_L    : 0.3059784392850945
11/22/2021 10:09:11 - INFO - modules.trainer -   	test_BLEU_1    : 0.2988642560206572
11/22/2021 10:09:11 - INFO - modules.trainer -   	test_BLEU_2    : 0.1843976751135903
11/22/2021 10:09:11 - INFO - modules.trainer -   	test_BLEU_3    : 0.1323812871525702
11/22/2021 10:09:11 - INFO - modules.trainer -   	test_BLEU_4    : 0.10045599875932813
11/22/2021 10:09:11 - INFO - modules.trainer -   	test_METEOR    : 0.13373801881511835
11/22/2021 10:09:11 - INFO - modules.trainer -   	test_ROUGE_L   : 0.32147186909880276
11/22/2021 10:09:14 - INFO - modules.trainer -   Saving checkpoint: results/iu_xray/current_checkpoint.pth ...
11/22/2021 10:09:14 - INFO - modules.trainer -   [17/30] Start to train in the training set.
best performance in epoch:  11
11/22/2021 10:09:16 - INFO - modules.trainer -   [17/30] Step: 0/64, CE Loss: 0.67115, CON Loss: 0.05832.
11/22/2021 10:10:05 - INFO - modules.trainer -   [17/30] Step: 50/64, CE Loss: 0.66798, CON Loss: 0.05587.
11/22/2021 10:10:18 - INFO - modules.trainer -   [17/30] Start to evaluate in the validation set.
11/22/2021 10:10:32 - INFO - modules.trainer -   [17/30] Start to evaluate in the test set.
11/22/2021 10:10:54 - INFO - modules.trainer -   	epoch          : 17
11/22/2021 10:10:54 - INFO - modules.trainer -   	ce_loss        : 0.6820738548412919
11/22/2021 10:10:54 - INFO - modules.trainer -   	con            : 0.05527117685414851
11/22/2021 10:10:54 - INFO - modules.trainer -   	val_BLEU_1     : 0.397183228571445
11/22/2021 10:10:54 - INFO - modules.trainer -   	val_BLEU_2     : 0.22515050222860644
11/22/2021 10:10:54 - INFO - modules.trainer -   	val_BLEU_3     : 0.1476564765278989
11/22/2021 10:10:54 - INFO - modules.trainer -   	val_BLEU_4     : 0.10433940566268989
11/22/2021 10:10:54 - INFO - modules.trainer -   	val_METEOR     : 0.1519356121928672
11/22/2021 10:10:54 - INFO - modules.trainer -   	val_ROUGE_L    : 0.31007110638673946
11/22/2021 10:10:54 - INFO - modules.trainer -   	test_BLEU_1    : 0.44235318858101874
11/22/2021 10:10:54 - INFO - modules.trainer -   	test_BLEU_2    : 0.27108951755436983
11/22/2021 10:10:54 - INFO - modules.trainer -   	test_BLEU_3    : 0.19335754602899194
11/22/2021 10:10:54 - INFO - modules.trainer -   	test_BLEU_4    : 0.14699026509652477
11/22/2021 10:10:54 - INFO - modules.trainer -   	test_METEOR    : 0.17564824191745662
11/22/2021 10:10:54 - INFO - modules.trainer -   	test_ROUGE_L   : 0.3418550834634279
11/22/2021 10:10:57 - INFO - modules.trainer -   Saving checkpoint: results/iu_xray/current_checkpoint.pth ...
11/22/2021 10:10:57 - INFO - modules.trainer -   [18/30] Start to train in the training set.
best performance in epoch:  11
11/22/2021 10:10:59 - INFO - modules.trainer -   [18/30] Step: 0/64, CE Loss: 0.59599, CON Loss: 0.05232.
11/22/2021 10:11:48 - INFO - modules.trainer -   [18/30] Step: 50/64, CE Loss: 0.64875, CON Loss: 0.05032.
11/22/2021 10:12:00 - INFO - modules.trainer -   [18/30] Start to evaluate in the validation set.
11/22/2021 10:12:14 - INFO - modules.trainer -   [18/30] Start to evaluate in the test set.
11/22/2021 10:12:35 - INFO - modules.trainer -   	epoch          : 18
11/22/2021 10:12:35 - INFO - modules.trainer -   	ce_loss        : 0.6508826911449432
11/22/2021 10:12:35 - INFO - modules.trainer -   	con            : 0.049825186433736235
11/22/2021 10:12:35 - INFO - modules.trainer -   	val_BLEU_1     : 0.28355373415381785
11/22/2021 10:12:35 - INFO - modules.trainer -   	val_BLEU_2     : 0.15914605192424683
11/22/2021 10:12:35 - INFO - modules.trainer -   	val_BLEU_3     : 0.10178005402901578
11/22/2021 10:12:35 - INFO - modules.trainer -   	val_BLEU_4     : 0.06972057480722817
11/22/2021 10:12:35 - INFO - modules.trainer -   	val_METEOR     : 0.12469217815550628
11/22/2021 10:12:35 - INFO - modules.trainer -   	val_ROUGE_L    : 0.30283901231700955
11/22/2021 10:12:35 - INFO - modules.trainer -   	test_BLEU_1    : 0.32511236190905235
11/22/2021 10:12:35 - INFO - modules.trainer -   	test_BLEU_2    : 0.18920721909415386
11/22/2021 10:12:35 - INFO - modules.trainer -   	test_BLEU_3    : 0.12688531582002474
11/22/2021 10:12:35 - INFO - modules.trainer -   	test_BLEU_4    : 0.09204133090895074
11/22/2021 10:12:35 - INFO - modules.trainer -   	test_METEOR    : 0.1397802055819222
11/22/2021 10:12:35 - INFO - modules.trainer -   	test_ROUGE_L   : 0.3264172320545208
11/22/2021 10:12:39 - INFO - modules.trainer -   Saving checkpoint: results/iu_xray/current_checkpoint.pth ...
11/22/2021 10:12:39 - INFO - modules.trainer -   [19/30] Start to train in the training set.
best performance in epoch:  11
11/22/2021 10:12:40 - INFO - modules.trainer -   [19/30] Step: 0/64, CE Loss: 0.50898, CON Loss: 0.04739.
11/22/2021 10:13:30 - INFO - modules.trainer -   [19/30] Step: 50/64, CE Loss: 0.60255, CON Loss: 0.04568.
11/22/2021 10:13:42 - INFO - modules.trainer -   [19/30] Start to evaluate in the validation set.
11/22/2021 10:13:57 - INFO - modules.trainer -   [19/30] Start to evaluate in the test set.
11/22/2021 10:14:18 - INFO - modules.trainer -   	epoch          : 19
11/22/2021 10:14:18 - INFO - modules.trainer -   	ce_loss        : 0.617871799506247
11/22/2021 10:14:18 - INFO - modules.trainer -   	con            : 0.04526392288971692
11/22/2021 10:14:18 - INFO - modules.trainer -   	val_BLEU_1     : 0.4171153301218081
11/22/2021 10:14:18 - INFO - modules.trainer -   	val_BLEU_2     : 0.2571143211026611
11/22/2021 10:14:18 - INFO - modules.trainer -   	val_BLEU_3     : 0.1747623020954577
11/22/2021 10:14:18 - INFO - modules.trainer -   	val_BLEU_4     : 0.12315389398842806
11/22/2021 10:14:18 - INFO - modules.trainer -   	val_METEOR     : 0.17193539424049537
11/22/2021 10:14:18 - INFO - modules.trainer -   	val_ROUGE_L    : 0.3175148368547904
11/22/2021 10:14:18 - INFO - modules.trainer -   	test_BLEU_1    : 0.40772309865785694
11/22/2021 10:14:18 - INFO - modules.trainer -   	test_BLEU_2    : 0.2566008036527272
11/22/2021 10:14:18 - INFO - modules.trainer -   	test_BLEU_3    : 0.1801238081356886
11/22/2021 10:14:18 - INFO - modules.trainer -   	test_BLEU_4    : 0.13289805500390423
11/22/2021 10:14:18 - INFO - modules.trainer -   	test_METEOR    : 0.1876805856760434
11/22/2021 10:14:18 - INFO - modules.trainer -   	test_ROUGE_L   : 0.33449485115741284
11/22/2021 10:14:21 - INFO - modules.trainer -   Saving checkpoint: results/iu_xray/current_checkpoint.pth ...
11/22/2021 10:14:25 - INFO - modules.trainer -   Saving current best: model_best.pth ...
11/22/2021 10:14:25 - INFO - modules.trainer -   [20/30] Start to train in the training set.
best performance in epoch:  19
11/22/2021 10:14:27 - INFO - modules.trainer -   [20/30] Step: 0/64, CE Loss: 0.49514, CON Loss: 0.04318.
11/22/2021 10:15:16 - INFO - modules.trainer -   [20/30] Step: 50/64, CE Loss: 0.58327, CON Loss: 0.04171.
11/22/2021 10:15:29 - INFO - modules.trainer -   [20/30] Start to evaluate in the validation set.
11/22/2021 10:15:43 - INFO - modules.trainer -   [20/30] Start to evaluate in the test set.
11/22/2021 10:16:05 - INFO - modules.trainer -   	epoch          : 20
11/22/2021 10:16:05 - INFO - modules.trainer -   	ce_loss        : 0.5910875052213669
11/22/2021 10:16:05 - INFO - modules.trainer -   	con            : 0.04133952548727393
11/22/2021 10:16:05 - INFO - modules.trainer -   	val_BLEU_1     : 0.4142926486655157
11/22/2021 10:16:05 - INFO - modules.trainer -   	val_BLEU_2     : 0.23601560597265014
11/22/2021 10:16:05 - INFO - modules.trainer -   	val_BLEU_3     : 0.1557923095314494
11/22/2021 10:16:05 - INFO - modules.trainer -   	val_BLEU_4     : 0.10999827062510383
11/22/2021 10:16:05 - INFO - modules.trainer -   	val_METEOR     : 0.15437161220462403
11/22/2021 10:16:05 - INFO - modules.trainer -   	val_ROUGE_L    : 0.3150176057637378
11/22/2021 10:16:05 - INFO - modules.trainer -   	test_BLEU_1    : 0.4421366510719016
11/22/2021 10:16:05 - INFO - modules.trainer -   	test_BLEU_2    : 0.2692686922745987
11/22/2021 10:16:05 - INFO - modules.trainer -   	test_BLEU_3    : 0.19056887131132028
11/22/2021 10:16:05 - INFO - modules.trainer -   	test_BLEU_4    : 0.14325682877990892
11/22/2021 10:16:05 - INFO - modules.trainer -   	test_METEOR    : 0.17551262495390502
11/22/2021 10:16:05 - INFO - modules.trainer -   	test_ROUGE_L   : 0.34533461597813897
11/22/2021 10:16:08 - INFO - modules.trainer -   Saving checkpoint: results/iu_xray/current_checkpoint.pth ...
11/22/2021 10:16:08 - INFO - modules.trainer -   [21/30] Start to train in the training set.
best performance in epoch:  19
11/22/2021 10:16:09 - INFO - modules.trainer -   [21/30] Step: 0/64, CE Loss: 0.52485, CON Loss: 0.03951.
11/22/2021 10:16:59 - INFO - modules.trainer -   [21/30] Step: 50/64, CE Loss: 0.52133, CON Loss: 0.03845.
11/22/2021 10:17:11 - INFO - modules.trainer -   [21/30] Start to evaluate in the validation set.
11/22/2021 10:17:26 - INFO - modules.trainer -   [21/30] Start to evaluate in the test set.
11/22/2021 10:17:47 - INFO - modules.trainer -   	epoch          : 21
11/22/2021 10:17:47 - INFO - modules.trainer -   	ce_loss        : 0.5266732377931476
11/22/2021 10:17:47 - INFO - modules.trainer -   	con            : 0.03818607778521255
11/22/2021 10:17:47 - INFO - modules.trainer -   	val_BLEU_1     : 0.2437657561073291
11/22/2021 10:17:47 - INFO - modules.trainer -   	val_BLEU_2     : 0.14661938637311778
11/22/2021 10:17:47 - INFO - modules.trainer -   	val_BLEU_3     : 0.10207899377704861
11/22/2021 10:17:47 - INFO - modules.trainer -   	val_BLEU_4     : 0.07655936608695889
11/22/2021 10:17:47 - INFO - modules.trainer -   	val_METEOR     : 0.11619459116179605
11/22/2021 10:17:47 - INFO - modules.trainer -   	val_ROUGE_L    : 0.3013673074232912
11/22/2021 10:17:47 - INFO - modules.trainer -   	test_BLEU_1    : 0.2867945734279752
11/22/2021 10:17:47 - INFO - modules.trainer -   	test_BLEU_2    : 0.17552248102780782
11/22/2021 10:17:47 - INFO - modules.trainer -   	test_BLEU_3    : 0.12503072648764788
11/22/2021 10:17:47 - INFO - modules.trainer -   	test_BLEU_4    : 0.09439603112412012
11/22/2021 10:17:47 - INFO - modules.trainer -   	test_METEOR    : 0.13133883788629344
11/22/2021 10:17:47 - INFO - modules.trainer -   	test_ROUGE_L   : 0.3184219776035995
11/22/2021 10:17:50 - INFO - modules.trainer -   Saving checkpoint: results/iu_xray/current_checkpoint.pth ...
11/22/2021 10:17:50 - INFO - modules.trainer -   [22/30] Start to train in the training set.
best performance in epoch:  19
11/22/2021 10:17:52 - INFO - modules.trainer -   [22/30] Step: 0/64, CE Loss: 0.43283, CON Loss: 0.03687.
11/22/2021 10:18:41 - INFO - modules.trainer -   [22/30] Step: 50/64, CE Loss: 0.48031, CON Loss: 0.03592.
11/22/2021 10:18:54 - INFO - modules.trainer -   [22/30] Start to evaluate in the validation set.
11/22/2021 10:19:08 - INFO - modules.trainer -   [22/30] Start to evaluate in the test set.
11/22/2021 10:19:29 - INFO - modules.trainer -   	epoch          : 22
11/22/2021 10:19:29 - INFO - modules.trainer -   	ce_loss        : 0.4859906486235559
11/22/2021 10:19:29 - INFO - modules.trainer -   	con            : 0.03568126168102026
11/22/2021 10:19:29 - INFO - modules.trainer -   	val_BLEU_1     : 0.394795492317783
11/22/2021 10:19:29 - INFO - modules.trainer -   	val_BLEU_2     : 0.2471496518338308
11/22/2021 10:19:29 - INFO - modules.trainer -   	val_BLEU_3     : 0.16866550821658824
11/22/2021 10:19:29 - INFO - modules.trainer -   	val_BLEU_4     : 0.12208827362842364
11/22/2021 10:19:29 - INFO - modules.trainer -   	val_METEOR     : 0.16871085519474066
11/22/2021 10:19:29 - INFO - modules.trainer -   	val_ROUGE_L    : 0.33342351277829013
11/22/2021 10:19:29 - INFO - modules.trainer -   	test_BLEU_1    : 0.4252509924943132
11/22/2021 10:19:29 - INFO - modules.trainer -   	test_BLEU_2    : 0.2709083475125036
11/22/2021 10:19:29 - INFO - modules.trainer -   	test_BLEU_3    : 0.19094974803313736
11/22/2021 10:19:29 - INFO - modules.trainer -   	test_BLEU_4    : 0.14334876008446942
11/22/2021 10:19:29 - INFO - modules.trainer -   	test_METEOR    : 0.18090796706109036
11/22/2021 10:19:29 - INFO - modules.trainer -   	test_ROUGE_L   : 0.3491882736185585
11/22/2021 10:19:33 - INFO - modules.trainer -   Saving checkpoint: results/iu_xray/current_checkpoint.pth ...
11/22/2021 10:19:33 - INFO - modules.trainer -   [23/30] Start to train in the training set.
best performance in epoch:  19
11/22/2021 10:19:34 - INFO - modules.trainer -   [23/30] Step: 0/64, CE Loss: 0.45204, CON Loss: 0.03450.
11/22/2021 10:20:24 - INFO - modules.trainer -   [23/30] Step: 50/64, CE Loss: 0.45649, CON Loss: 0.03364.
11/22/2021 10:20:36 - INFO - modules.trainer -   [23/30] Start to evaluate in the validation set.
11/22/2021 10:20:51 - INFO - modules.trainer -   [23/30] Start to evaluate in the test set.
11/22/2021 10:21:12 - INFO - modules.trainer -   	epoch          : 23
11/22/2021 10:21:12 - INFO - modules.trainer -   	ce_loss        : 0.46519604744389653
11/22/2021 10:21:12 - INFO - modules.trainer -   	con            : 0.0334265815326944
11/22/2021 10:21:12 - INFO - modules.trainer -   	val_BLEU_1     : 0.24848107765476884
11/22/2021 10:21:12 - INFO - modules.trainer -   	val_BLEU_2     : 0.14881771419522066
11/22/2021 10:21:12 - INFO - modules.trainer -   	val_BLEU_3     : 0.10340026928430997
11/22/2021 10:21:12 - INFO - modules.trainer -   	val_BLEU_4     : 0.07731761125935506
11/22/2021 10:21:12 - INFO - modules.trainer -   	val_METEOR     : 0.11696874336633625
11/22/2021 10:21:12 - INFO - modules.trainer -   	val_ROUGE_L    : 0.2987913304490553
11/22/2021 10:21:12 - INFO - modules.trainer -   	test_BLEU_1    : 0.28977185836847486
11/22/2021 10:21:12 - INFO - modules.trainer -   	test_BLEU_2    : 0.1783925790715133
11/22/2021 10:21:12 - INFO - modules.trainer -   	test_BLEU_3    : 0.12737972403454997
11/22/2021 10:21:12 - INFO - modules.trainer -   	test_BLEU_4    : 0.09625639965231969
11/22/2021 10:21:12 - INFO - modules.trainer -   	test_METEOR    : 0.13284643921730033
11/22/2021 10:21:12 - INFO - modules.trainer -   	test_ROUGE_L   : 0.31737160655585644
11/22/2021 10:21:15 - INFO - modules.trainer -   Saving checkpoint: results/iu_xray/current_checkpoint.pth ...
11/22/2021 10:21:15 - INFO - modules.trainer -   [24/30] Start to train in the training set.
best performance in epoch:  19
11/22/2021 10:21:17 - INFO - modules.trainer -   [24/30] Step: 0/64, CE Loss: 0.43965, CON Loss: 0.03235.
11/22/2021 10:22:06 - INFO - modules.trainer -   [24/30] Step: 50/64, CE Loss: 0.43923, CON Loss: 0.03157.
11/22/2021 10:22:19 - INFO - modules.trainer -   [24/30] Start to evaluate in the validation set.
11/22/2021 10:22:33 - INFO - modules.trainer -   [24/30] Start to evaluate in the test set.
11/22/2021 10:22:55 - INFO - modules.trainer -   	epoch          : 24
11/22/2021 10:22:55 - INFO - modules.trainer -   	ce_loss        : 0.44593642419204116
11/22/2021 10:22:55 - INFO - modules.trainer -   	con            : 0.03136866120621562
11/22/2021 10:22:55 - INFO - modules.trainer -   	val_BLEU_1     : 0.26979532891682445
11/22/2021 10:22:55 - INFO - modules.trainer -   	val_BLEU_2     : 0.14359725185856187
11/22/2021 10:22:55 - INFO - modules.trainer -   	val_BLEU_3     : 0.08535483873347095
11/22/2021 10:22:55 - INFO - modules.trainer -   	val_BLEU_4     : 0.05241544813983937
11/22/2021 10:22:55 - INFO - modules.trainer -   	val_METEOR     : 0.11723680218596706
11/22/2021 10:22:55 - INFO - modules.trainer -   	val_ROUGE_L    : 0.24769591206150315
11/22/2021 10:22:55 - INFO - modules.trainer -   	test_BLEU_1    : 0.3158013330239782
11/22/2021 10:22:55 - INFO - modules.trainer -   	test_BLEU_2    : 0.18611399504745346
11/22/2021 10:22:55 - INFO - modules.trainer -   	test_BLEU_3    : 0.12667207183041082
11/22/2021 10:22:55 - INFO - modules.trainer -   	test_BLEU_4    : 0.0933953326501963
11/22/2021 10:22:55 - INFO - modules.trainer -   	test_METEOR    : 0.13785859262316663
11/22/2021 10:22:55 - INFO - modules.trainer -   	test_ROUGE_L   : 0.28993578431966294
11/22/2021 10:22:58 - INFO - modules.trainer -   Saving checkpoint: results/iu_xray/current_checkpoint.pth ...
11/22/2021 10:22:58 - INFO - modules.trainer -   [25/30] Start to train in the training set.
best performance in epoch:  19
11/22/2021 10:23:00 - INFO - modules.trainer -   [25/30] Step: 0/64, CE Loss: 0.41738, CON Loss: 0.03039.
11/22/2021 10:23:49 - INFO - modules.trainer -   [25/30] Step: 50/64, CE Loss: 0.42834, CON Loss: 0.02968.
11/22/2021 10:24:02 - INFO - modules.trainer -   [25/30] Start to evaluate in the validation set.
11/22/2021 10:24:16 - INFO - modules.trainer -   [25/30] Start to evaluate in the test set.
11/22/2021 10:24:37 - INFO - modules.trainer -   	epoch          : 25
11/22/2021 10:24:37 - INFO - modules.trainer -   	ce_loss        : 0.4368842542171478
11/22/2021 10:24:37 - INFO - modules.trainer -   	con            : 0.02950024331221357
11/22/2021 10:24:37 - INFO - modules.trainer -   	val_BLEU_1     : 0.24812774476104604
11/22/2021 10:24:37 - INFO - modules.trainer -   	val_BLEU_2     : 0.1513741249220944
11/22/2021 10:24:37 - INFO - modules.trainer -   	val_BLEU_3     : 0.10597608555344996
11/22/2021 10:24:37 - INFO - modules.trainer -   	val_BLEU_4     : 0.0795807967555913
11/22/2021 10:24:37 - INFO - modules.trainer -   	val_METEOR     : 0.11717604185528262
11/22/2021 10:24:37 - INFO - modules.trainer -   	val_ROUGE_L    : 0.30380791274130137
11/22/2021 10:24:37 - INFO - modules.trainer -   	test_BLEU_1    : 0.28919011495717745
11/22/2021 10:24:37 - INFO - modules.trainer -   	test_BLEU_2    : 0.176899199720804
11/22/2021 10:24:37 - INFO - modules.trainer -   	test_BLEU_3    : 0.12496771061905669
11/22/2021 10:24:37 - INFO - modules.trainer -   	test_BLEU_4    : 0.09349412474576896
11/22/2021 10:24:37 - INFO - modules.trainer -   	test_METEOR    : 0.13124795014486038
11/22/2021 10:24:37 - INFO - modules.trainer -   	test_ROUGE_L   : 0.31718790280216413
11/22/2021 10:24:41 - INFO - modules.trainer -   Saving checkpoint: results/iu_xray/current_checkpoint.pth ...
11/22/2021 10:24:41 - INFO - modules.trainer -   [26/30] Start to train in the training set.
best performance in epoch:  19
11/22/2021 10:24:42 - INFO - modules.trainer -   [26/30] Step: 0/64, CE Loss: 0.37756, CON Loss: 0.02860.
11/22/2021 10:25:32 - INFO - modules.trainer -   [26/30] Step: 50/64, CE Loss: 0.41927, CON Loss: 0.02794.
11/22/2021 10:25:45 - INFO - modules.trainer -   [26/30] Start to evaluate in the validation set.
11/22/2021 10:25:59 - INFO - modules.trainer -   [26/30] Start to evaluate in the test set.
11/22/2021 10:26:20 - INFO - modules.trainer -   	epoch          : 26
11/22/2021 10:26:20 - INFO - modules.trainer -   	ce_loss        : 0.4262288473546505
11/22/2021 10:26:20 - INFO - modules.trainer -   	con            : 0.027775755093898624
11/22/2021 10:26:20 - INFO - modules.trainer -   	val_BLEU_1     : 0.4196312084092181
11/22/2021 10:26:20 - INFO - modules.trainer -   	val_BLEU_2     : 0.23655342905922364
11/22/2021 10:26:20 - INFO - modules.trainer -   	val_BLEU_3     : 0.1551135404147009
11/22/2021 10:26:20 - INFO - modules.trainer -   	val_BLEU_4     : 0.11002318419525997
11/22/2021 10:26:20 - INFO - modules.trainer -   	val_METEOR     : 0.1575234825690833
11/22/2021 10:26:20 - INFO - modules.trainer -   	val_ROUGE_L    : 0.31147411941482095
11/22/2021 10:26:20 - INFO - modules.trainer -   	test_BLEU_1    : 0.4346165294175794
11/22/2021 10:26:20 - INFO - modules.trainer -   	test_BLEU_2    : 0.26269422562833866
11/22/2021 10:26:20 - INFO - modules.trainer -   	test_BLEU_3    : 0.185096851066144
11/22/2021 10:26:20 - INFO - modules.trainer -   	test_BLEU_4    : 0.13959262650754298
11/22/2021 10:26:20 - INFO - modules.trainer -   	test_METEOR    : 0.18003257246563434
11/22/2021 10:26:20 - INFO - modules.trainer -   	test_ROUGE_L   : 0.34125563401944764
11/22/2021 10:26:24 - INFO - modules.trainer -   Saving checkpoint: results/iu_xray/current_checkpoint.pth ...
11/22/2021 10:26:24 - INFO - modules.trainer -   [27/30] Start to train in the training set.
best performance in epoch:  19
11/22/2021 10:26:25 - INFO - modules.trainer -   [27/30] Step: 0/64, CE Loss: 0.36848, CON Loss: 0.02695.
11/22/2021 10:27:15 - INFO - modules.trainer -   [27/30] Step: 50/64, CE Loss: 0.41403, CON Loss: 0.02635.
11/22/2021 10:27:28 - INFO - modules.trainer -   [27/30] Start to evaluate in the validation set.
11/22/2021 10:27:42 - INFO - modules.trainer -   [27/30] Start to evaluate in the test set.
11/22/2021 10:28:04 - INFO - modules.trainer -   	epoch          : 27
11/22/2021 10:28:04 - INFO - modules.trainer -   	ce_loss        : 0.41977675585076213
11/22/2021 10:28:04 - INFO - modules.trainer -   	con            : 0.026200286694802344
11/22/2021 10:28:04 - INFO - modules.trainer -   	val_BLEU_1     : 0.2628750406563547
11/22/2021 10:28:04 - INFO - modules.trainer -   	val_BLEU_2     : 0.158491905753928
11/22/2021 10:28:04 - INFO - modules.trainer -   	val_BLEU_3     : 0.11012945522477495
11/22/2021 10:28:04 - INFO - modules.trainer -   	val_BLEU_4     : 0.08201489696156185
11/22/2021 10:28:04 - INFO - modules.trainer -   	val_METEOR     : 0.12095660361883252
11/22/2021 10:28:04 - INFO - modules.trainer -   	val_ROUGE_L    : 0.300010330716346
11/22/2021 10:28:04 - INFO - modules.trainer -   	test_BLEU_1    : 0.31041321885193995
11/22/2021 10:28:04 - INFO - modules.trainer -   	test_BLEU_2    : 0.18925924120505774
11/22/2021 10:28:04 - INFO - modules.trainer -   	test_BLEU_3    : 0.13345446413887058
11/22/2021 10:28:04 - INFO - modules.trainer -   	test_BLEU_4    : 0.09976336880946464
11/22/2021 10:28:04 - INFO - modules.trainer -   	test_METEOR    : 0.13658461620912807
11/22/2021 10:28:04 - INFO - modules.trainer -   	test_ROUGE_L   : 0.3161877234970385
11/22/2021 10:28:07 - INFO - modules.trainer -   Saving checkpoint: results/iu_xray/current_checkpoint.pth ...
11/22/2021 10:28:07 - INFO - modules.trainer -   [28/30] Start to train in the training set.
best performance in epoch:  19
11/22/2021 10:28:09 - INFO - modules.trainer -   [28/30] Step: 0/64, CE Loss: 0.38806, CON Loss: 0.02544.
11/22/2021 10:28:58 - INFO - modules.trainer -   [28/30] Step: 50/64, CE Loss: 0.40305, CON Loss: 0.02488.
11/22/2021 10:29:10 - INFO - modules.trainer -   [28/30] Start to evaluate in the validation set.
11/22/2021 10:29:25 - INFO - modules.trainer -   [28/30] Start to evaluate in the test set.
11/22/2021 10:29:47 - INFO - modules.trainer -   	epoch          : 28
11/22/2021 10:29:47 - INFO - modules.trainer -   	ce_loss        : 0.4075797568075359
11/22/2021 10:29:47 - INFO - modules.trainer -   	con            : 0.024742321867961437
11/22/2021 10:29:47 - INFO - modules.trainer -   	val_BLEU_1     : 0.2705796922546003
11/22/2021 10:29:47 - INFO - modules.trainer -   	val_BLEU_2     : 0.16211483761873943
11/22/2021 10:29:47 - INFO - modules.trainer -   	val_BLEU_3     : 0.1127066886524623
11/22/2021 10:29:47 - INFO - modules.trainer -   	val_BLEU_4     : 0.08461983890448757
11/22/2021 10:29:47 - INFO - modules.trainer -   	val_METEOR     : 0.1239013090924818
11/22/2021 10:29:47 - INFO - modules.trainer -   	val_ROUGE_L    : 0.2999020876166939
11/22/2021 10:29:47 - INFO - modules.trainer -   	test_BLEU_1    : 0.31632964578977607
11/22/2021 10:29:47 - INFO - modules.trainer -   	test_BLEU_2    : 0.19081116090644482
11/22/2021 10:29:47 - INFO - modules.trainer -   	test_BLEU_3    : 0.1331455233377521
11/22/2021 10:29:47 - INFO - modules.trainer -   	test_BLEU_4    : 0.09879706612789937
11/22/2021 10:29:47 - INFO - modules.trainer -   	test_METEOR    : 0.1380464372692271
11/22/2021 10:29:47 - INFO - modules.trainer -   	test_ROUGE_L   : 0.3150611408051424
11/22/2021 10:29:50 - INFO - modules.trainer -   Saving checkpoint: results/iu_xray/current_checkpoint.pth ...
11/22/2021 10:29:50 - INFO - modules.trainer -   [29/30] Start to train in the training set.
best performance in epoch:  19
11/22/2021 10:29:52 - INFO - modules.trainer -   [29/30] Step: 0/64, CE Loss: 0.36598, CON Loss: 0.02404.
11/22/2021 10:30:41 - INFO - modules.trainer -   [29/30] Step: 50/64, CE Loss: 0.39625, CON Loss: 0.02353.
11/22/2021 10:30:54 - INFO - modules.trainer -   [29/30] Start to evaluate in the validation set.
11/22/2021 10:31:08 - INFO - modules.trainer -   [29/30] Start to evaluate in the test set.
11/22/2021 10:31:30 - INFO - modules.trainer -   	epoch          : 29
11/22/2021 10:31:30 - INFO - modules.trainer -   	ce_loss        : 0.40122658805921674
11/22/2021 10:31:30 - INFO - modules.trainer -   	con            : 0.02340678294422105
11/22/2021 10:31:30 - INFO - modules.trainer -   	val_BLEU_1     : 0.27633892898282303
11/22/2021 10:31:30 - INFO - modules.trainer -   	val_BLEU_2     : 0.16023939923147562
11/22/2021 10:31:30 - INFO - modules.trainer -   	val_BLEU_3     : 0.10804511659799815
11/22/2021 10:31:30 - INFO - modules.trainer -   	val_BLEU_4     : 0.07948458120887288
11/22/2021 10:31:30 - INFO - modules.trainer -   	val_METEOR     : 0.1180542716902469
11/22/2021 10:31:30 - INFO - modules.trainer -   	val_ROUGE_L    : 0.28667196734727446
11/22/2021 10:31:30 - INFO - modules.trainer -   	test_BLEU_1    : 0.31402874353638544
11/22/2021 10:31:30 - INFO - modules.trainer -   	test_BLEU_2    : 0.18634356018169237
11/22/2021 10:31:30 - INFO - modules.trainer -   	test_BLEU_3    : 0.12965499564892277
11/22/2021 10:31:30 - INFO - modules.trainer -   	test_BLEU_4    : 0.09698592787897334
11/22/2021 10:31:30 - INFO - modules.trainer -   	test_METEOR    : 0.13130157861315644
11/22/2021 10:31:30 - INFO - modules.trainer -   	test_ROUGE_L   : 0.3076623918922183
11/22/2021 10:31:33 - INFO - modules.trainer -   Saving checkpoint: results/iu_xray/current_checkpoint.pth ...
11/22/2021 10:31:33 - INFO - modules.trainer -   [30/30] Start to train in the training set.
best performance in epoch:  19
11/22/2021 10:31:35 - INFO - modules.trainer -   [30/30] Step: 0/64, CE Loss: 0.33042, CON Loss: 0.02277.
11/22/2021 10:32:24 - INFO - modules.trainer -   [30/30] Step: 50/64, CE Loss: 0.39002, CON Loss: 0.02230.
11/22/2021 10:32:37 - INFO - modules.trainer -   [30/30] Start to evaluate in the validation set.
11/22/2021 10:32:51 - INFO - modules.trainer -   [30/30] Start to evaluate in the test set.
11/22/2021 10:33:13 - INFO - modules.trainer -   	epoch          : 30
11/22/2021 10:33:13 - INFO - modules.trainer -   	ce_loss        : 0.3953503188677132
11/22/2021 10:33:13 - INFO - modules.trainer -   	con            : 0.022180982312420383
11/22/2021 10:33:13 - INFO - modules.trainer -   	val_BLEU_1     : 0.4411116424501682
11/22/2021 10:33:13 - INFO - modules.trainer -   	val_BLEU_2     : 0.2746049528855426
11/22/2021 10:33:13 - INFO - modules.trainer -   	val_BLEU_3     : 0.1898017901034303
11/22/2021 10:33:13 - INFO - modules.trainer -   	val_BLEU_4     : 0.1379874813598429
11/22/2021 10:33:13 - INFO - modules.trainer -   	val_METEOR     : 0.18141861706703513
11/22/2021 10:33:13 - INFO - modules.trainer -   	val_ROUGE_L    : 0.3432559915412279
11/22/2021 10:33:13 - INFO - modules.trainer -   	test_BLEU_1    : 0.4835081690331714
11/22/2021 10:33:13 - INFO - modules.trainer -   	test_BLEU_2    : 0.3045476123626166
11/22/2021 10:33:13 - INFO - modules.trainer -   	test_BLEU_3    : 0.21388522036194224
11/22/2021 10:33:13 - INFO - modules.trainer -   	test_BLEU_4    : 0.15566487554227462
11/22/2021 10:33:13 - INFO - modules.trainer -   	test_METEOR    : 0.19783435256295157
11/22/2021 10:33:13 - INFO - modules.trainer -   	test_ROUGE_L   : 0.36527110787331857
11/22/2021 10:33:16 - INFO - modules.trainer -   Saving checkpoint: results/iu_xray/current_checkpoint.pth ...
11/22/2021 10:33:19 - INFO - modules.trainer -   Saving current best: model_best.pth ...
best performance in epoch:  30
