nohup: ignoring input
11/21/2021 13:14:08 - INFO - modules.trainer -   [1/30] Start to train in the training set.
Traceback (most recent call last):
  File "main.py", line 144, in <module>
    main()
  File "main.py", line 140, in main
    trainer.train()
  File "/home/jvnwangwarwick/projects/RRGPro/modules/trainer.py", line 64, in train
    result = self._train_epoch(epoch)
  File "/home/jvnwangwarwick/projects/RRGPro/modules/trainer.py", line 196, in _train_epoch
    output, con_ls = self.model(images, reports_ids, labels=labels, mode='train')
  File "/mnt/Data3/wangjun/anaconda3/envs/torch16/lib/python3.7/site-packages/torch/nn/modules/module.py", line 722, in _call_impl
    result = self.forward(*input, **kwargs)
  File "/mnt/Data3/wangjun/anaconda3/envs/torch16/lib/python3.7/site-packages/torch/nn/parallel/data_parallel.py", line 155, in forward
    outputs = self.parallel_apply(replicas, inputs, kwargs)
  File "/mnt/Data3/wangjun/anaconda3/envs/torch16/lib/python3.7/site-packages/torch/nn/parallel/data_parallel.py", line 165, in parallel_apply
    return parallel_apply(replicas, inputs, kwargs, self.device_ids[:len(replicas)])
  File "/mnt/Data3/wangjun/anaconda3/envs/torch16/lib/python3.7/site-packages/torch/nn/parallel/parallel_apply.py", line 85, in parallel_apply
    output.reraise()
  File "/mnt/Data3/wangjun/anaconda3/envs/torch16/lib/python3.7/site-packages/torch/_utils.py", line 395, in reraise
    raise self.exc_type(msg)
RuntimeError: Caught RuntimeError in replica 0 on device 0.
Original Traceback (most recent call last):
  File "/mnt/Data3/wangjun/anaconda3/envs/torch16/lib/python3.7/site-packages/torch/nn/parallel/parallel_apply.py", line 60, in _worker
    output = module(*input, **kwargs)
  File "/mnt/Data3/wangjun/anaconda3/envs/torch16/lib/python3.7/site-packages/torch/nn/modules/module.py", line 722, in _call_impl
    result = self.forward(*input, **kwargs)
  File "/home/jvnwangwarwick/projects/RRGPro/models/models.py", line 34, in forward
    output = self.encoder_decoder(fc_feats, att_feats, targets, labels = labels, mode='forward')
  File "/mnt/Data3/wangjun/anaconda3/envs/torch16/lib/python3.7/site-packages/torch/nn/modules/module.py", line 722, in _call_impl
    result = self.forward(*input, **kwargs)
  File "/home/jvnwangwarwick/projects/RRGPro/modules/caption_model.py", line 24, in forward
    return getattr(self, '_' + mode)(*args, **kwargs)
  File "/home/jvnwangwarwick/projects/RRGPro/modules/base_cmn.py", line 430, in _forward
    att_feats, seq, att_masks, seq_mask = self._prepare_feature_forward(att_feats, att_masks, seq, labels)
  File "/home/jvnwangwarwick/projects/RRGPro/modules/base_cmn.py", line 399, in _prepare_feature_forward
    response = self.cmn(att_feats[i].unsqueeze(0), query_matrix, query_matrix)
  File "/mnt/Data3/wangjun/anaconda3/envs/torch16/lib/python3.7/site-packages/torch/nn/modules/module.py", line 722, in _call_impl
    result = self.forward(*input, **kwargs)
  File "/home/jvnwangwarwick/projects/RRGPro/modules/base_cmn.py", line 220, in forward
    x, self.attn = memory_querying_responding(query, key, value, mask=mask, dropout=self.dropout, topk=self.topk)
  File "/home/jvnwangwarwick/projects/RRGPro/modules/base_cmn.py", line 43, in memory_querying_responding
    selected_scores, idx = scores.topk(topk)
RuntimeError: invalid argument 5: k not in range for dimension at /opt/conda/conda-bld/pytorch_1595629403081/work/aten/src/THC/generic/THCTensorTopK.cu:26

nohup: ignoring input
11/21/2021 13:15:04 - INFO - modules.trainer -   [1/30] Start to train in the training set.
[W TensorIterator.cpp:918] Warning: Mixed memory format inputs detected while calling the operator. The operator will output contiguous tensor even if some of the inputs are in channels_last format. (function operator())
11/21/2021 13:15:07 - INFO - modules.trainer -   [1/30] Step: 0/64, CE Loss: 6.82583, CON Loss: 0.34984.
11/21/2021 13:16:08 - INFO - modules.trainer -   [1/30] Step: 50/64, CE Loss: 4.55816, CON Loss: 0.34416.
11/21/2021 13:16:23 - INFO - modules.trainer -   [1/30] Start to evaluate in the validation set.
11/21/2021 13:16:37 - INFO - modules.trainer -   [1/30] Start to evaluate in the test set.
11/21/2021 13:16:59 - INFO - modules.trainer -   	epoch          : 1
11/21/2021 13:16:59 - INFO - modules.trainer -   	ce_loss        : 4.309492979198694
11/21/2021 13:16:59 - INFO - modules.trainer -   	con            : 0.3433062033727765
11/21/2021 13:16:59 - INFO - modules.trainer -   	val_BLEU_1     : 0.09352380708250974
11/21/2021 13:16:59 - INFO - modules.trainer -   	val_BLEU_2     : 0.06487330316576369
11/21/2021 13:16:59 - INFO - modules.trainer -   	val_BLEU_3     : 0.04788423259123756
11/21/2021 13:16:59 - INFO - modules.trainer -   	val_BLEU_4     : 0.033784469513682545
11/21/2021 13:16:59 - INFO - modules.trainer -   	val_METEOR     : 0.08209692660529624
11/21/2021 13:16:59 - INFO - modules.trainer -   	val_ROUGE_L    : 0.28592229703114574
11/21/2021 13:16:59 - INFO - modules.trainer -   	test_BLEU_1    : 0.1196653700861183
11/21/2021 13:16:59 - INFO - modules.trainer -   	test_BLEU_2    : 0.08406132150993317
11/21/2021 13:16:59 - INFO - modules.trainer -   	test_BLEU_3    : 0.06298653588534309
11/21/2021 13:16:59 - INFO - modules.trainer -   	test_BLEU_4    : 0.04540740918197203
11/21/2021 13:16:59 - INFO - modules.trainer -   	test_METEOR    : 0.09365133770038796
11/21/2021 13:16:59 - INFO - modules.trainer -   	test_ROUGE_L   : 0.3058095105119581
11/21/2021 13:17:03 - INFO - modules.trainer -   Saving checkpoint: results/iu_xray/current_checkpoint.pth ...
11/21/2021 13:17:07 - INFO - modules.trainer -   Saving current best: model_best.pth ...
11/21/2021 13:17:07 - INFO - modules.trainer -   [2/30] Start to train in the training set.
best performance in epoch:  1
11/21/2021 13:17:09 - INFO - modules.trainer -   [2/30] Step: 0/64, CE Loss: 3.01419, CON Loss: 0.33907.
11/21/2021 13:18:08 - INFO - modules.trainer -   [2/30] Step: 50/64, CE Loss: 2.72314, CON Loss: 0.33586.
11/21/2021 13:18:24 - INFO - modules.trainer -   [2/30] Start to evaluate in the validation set.
11/21/2021 13:18:38 - INFO - modules.trainer -   [2/30] Start to evaluate in the test set.
11/21/2021 13:18:59 - INFO - modules.trainer -   	epoch          : 2
11/21/2021 13:18:59 - INFO - modules.trainer -   	ce_loss        : 2.6547509618103504
11/21/2021 13:18:59 - INFO - modules.trainer -   	con            : 0.3350350195541978
11/21/2021 13:18:59 - INFO - modules.trainer -   	val_BLEU_1     : 0.26563168691455197
11/21/2021 13:18:59 - INFO - modules.trainer -   	val_BLEU_2     : 0.18060011844700463
11/21/2021 13:18:59 - INFO - modules.trainer -   	val_BLEU_3     : 0.12165047839438464
11/21/2021 13:18:59 - INFO - modules.trainer -   	val_BLEU_4     : 0.08681707435401351
11/21/2021 13:18:59 - INFO - modules.trainer -   	val_METEOR     : 0.1492606884096928
11/21/2021 13:18:59 - INFO - modules.trainer -   	val_ROUGE_L    : 0.35269612495796515
11/21/2021 13:18:59 - INFO - modules.trainer -   	test_BLEU_1    : 0.3112951105289234
11/21/2021 13:18:59 - INFO - modules.trainer -   	test_BLEU_2    : 0.20986640380851412
11/21/2021 13:18:59 - INFO - modules.trainer -   	test_BLEU_3    : 0.14020106270660362
11/21/2021 13:18:59 - INFO - modules.trainer -   	test_BLEU_4    : 0.09906190178382551
11/21/2021 13:18:59 - INFO - modules.trainer -   	test_METEOR    : 0.16621406549249332
11/21/2021 13:18:59 - INFO - modules.trainer -   	test_ROUGE_L   : 0.36830565318880426
11/21/2021 13:19:03 - INFO - modules.trainer -   Saving checkpoint: results/iu_xray/current_checkpoint.pth ...
11/21/2021 13:19:06 - INFO - modules.trainer -   Saving current best: model_best.pth ...
11/21/2021 13:19:06 - INFO - modules.trainer -   [3/30] Start to train in the training set.
best performance in epoch:  2
11/21/2021 13:19:08 - INFO - modules.trainer -   [3/30] Step: 0/64, CE Loss: 2.55434, CON Loss: 0.33093.
11/21/2021 13:20:08 - INFO - modules.trainer -   [3/30] Step: 50/64, CE Loss: 2.15958, CON Loss: 0.32773.
11/21/2021 13:20:24 - INFO - modules.trainer -   [3/30] Start to evaluate in the validation set.
11/21/2021 13:20:38 - INFO - modules.trainer -   [3/30] Start to evaluate in the test set.
11/21/2021 13:21:00 - INFO - modules.trainer -   	epoch          : 3
11/21/2021 13:21:00 - INFO - modules.trainer -   	ce_loss        : 2.1240914165973663
11/21/2021 13:21:00 - INFO - modules.trainer -   	con            : 0.32686465000733733
11/21/2021 13:21:00 - INFO - modules.trainer -   	val_BLEU_1     : 0.3404390027336213
11/21/2021 13:21:00 - INFO - modules.trainer -   	val_BLEU_2     : 0.23590839844238776
11/21/2021 13:21:00 - INFO - modules.trainer -   	val_BLEU_3     : 0.1715938535030416
11/21/2021 13:21:00 - INFO - modules.trainer -   	val_BLEU_4     : 0.1288387827901062
11/21/2021 13:21:00 - INFO - modules.trainer -   	val_METEOR     : 0.1692638415787857
11/21/2021 13:21:00 - INFO - modules.trainer -   	val_ROUGE_L    : 0.3674135286775981
11/21/2021 13:21:00 - INFO - modules.trainer -   	test_BLEU_1    : 0.3890199706373582
11/21/2021 13:21:00 - INFO - modules.trainer -   	test_BLEU_2    : 0.27359067034384477
11/21/2021 13:21:00 - INFO - modules.trainer -   	test_BLEU_3    : 0.20272963815235587
11/21/2021 13:21:00 - INFO - modules.trainer -   	test_BLEU_4    : 0.15518614283738666
11/21/2021 13:21:00 - INFO - modules.trainer -   	test_METEOR    : 0.1869855104529247
11/21/2021 13:21:00 - INFO - modules.trainer -   	test_ROUGE_L   : 0.39223099036004255
11/21/2021 13:21:04 - INFO - modules.trainer -   Saving checkpoint: results/iu_xray/current_checkpoint.pth ...
11/21/2021 13:21:07 - INFO - modules.trainer -   Saving current best: model_best.pth ...
11/21/2021 13:21:07 - INFO - modules.trainer -   [4/30] Start to train in the training set.
best performance in epoch:  3
11/21/2021 13:21:09 - INFO - modules.trainer -   [4/30] Step: 0/64, CE Loss: 1.92999, CON Loss: 0.32251.
11/21/2021 13:22:08 - INFO - modules.trainer -   [4/30] Step: 50/64, CE Loss: 1.88195, CON Loss: 0.31892.
11/21/2021 13:22:24 - INFO - modules.trainer -   [4/30] Start to evaluate in the validation set.
11/21/2021 13:22:38 - INFO - modules.trainer -   [4/30] Start to evaluate in the test set.
11/21/2021 13:23:00 - INFO - modules.trainer -   	epoch          : 4
11/21/2021 13:23:00 - INFO - modules.trainer -   	ce_loss        : 1.8829395733773708
11/21/2021 13:23:00 - INFO - modules.trainer -   	con            : 0.3179433341138065
11/21/2021 13:23:00 - INFO - modules.trainer -   	val_BLEU_1     : 0.20164066427009072
11/21/2021 13:23:00 - INFO - modules.trainer -   	val_BLEU_2     : 0.1200822627558945
11/21/2021 13:23:00 - INFO - modules.trainer -   	val_BLEU_3     : 0.08498829849229239
11/21/2021 13:23:00 - INFO - modules.trainer -   	val_BLEU_4     : 0.06500598885447505
11/21/2021 13:23:00 - INFO - modules.trainer -   	val_METEOR     : 0.10457696716831343
11/21/2021 13:23:00 - INFO - modules.trainer -   	val_ROUGE_L    : 0.2961549621365241
11/21/2021 13:23:00 - INFO - modules.trainer -   	test_BLEU_1    : 0.24165608617511475
11/21/2021 13:23:00 - INFO - modules.trainer -   	test_BLEU_2    : 0.14672118285276617
11/21/2021 13:23:00 - INFO - modules.trainer -   	test_BLEU_3    : 0.10558122044133163
11/21/2021 13:23:00 - INFO - modules.trainer -   	test_BLEU_4    : 0.08110303651110655
11/21/2021 13:23:00 - INFO - modules.trainer -   	test_METEOR    : 0.11940336615095716
11/21/2021 13:23:00 - INFO - modules.trainer -   	test_ROUGE_L   : 0.3120130544399142
11/21/2021 13:23:03 - INFO - modules.trainer -   Saving checkpoint: results/iu_xray/current_checkpoint.pth ...
11/21/2021 13:23:03 - INFO - modules.trainer -   [5/30] Start to train in the training set.
best performance in epoch:  3
11/21/2021 13:23:05 - INFO - modules.trainer -   [5/30] Step: 0/64, CE Loss: 1.84380, CON Loss: 0.31302.
11/21/2021 13:24:04 - INFO - modules.trainer -   [5/30] Step: 50/64, CE Loss: 1.70492, CON Loss: 0.30890.
11/21/2021 13:24:20 - INFO - modules.trainer -   [5/30] Start to evaluate in the validation set.
11/21/2021 13:24:34 - INFO - modules.trainer -   [5/30] Start to evaluate in the test set.
11/21/2021 13:24:55 - INFO - modules.trainer -   	epoch          : 5
11/21/2021 13:24:55 - INFO - modules.trainer -   	ce_loss        : 1.711987018585205
11/21/2021 13:24:55 - INFO - modules.trainer -   	con            : 0.3077685721218586
11/21/2021 13:24:55 - INFO - modules.trainer -   	val_BLEU_1     : 0.34906143657672556
11/21/2021 13:24:55 - INFO - modules.trainer -   	val_BLEU_2     : 0.21859821497845885
11/21/2021 13:24:55 - INFO - modules.trainer -   	val_BLEU_3     : 0.15204237576239185
11/21/2021 13:24:55 - INFO - modules.trainer -   	val_BLEU_4     : 0.10966264084802722
11/21/2021 13:24:55 - INFO - modules.trainer -   	val_METEOR     : 0.14263353533310633
11/21/2021 13:24:55 - INFO - modules.trainer -   	val_ROUGE_L    : 0.3179481475319143
11/21/2021 13:24:55 - INFO - modules.trainer -   	test_BLEU_1    : 0.3900719327252932
11/21/2021 13:24:55 - INFO - modules.trainer -   	test_BLEU_2    : 0.24563433965582038
11/21/2021 13:24:55 - INFO - modules.trainer -   	test_BLEU_3    : 0.17329798948817116
11/21/2021 13:24:55 - INFO - modules.trainer -   	test_BLEU_4    : 0.1270846578190773
11/21/2021 13:24:55 - INFO - modules.trainer -   	test_METEOR    : 0.1580623217342961
11/21/2021 13:24:55 - INFO - modules.trainer -   	test_ROUGE_L   : 0.32984291842788027
11/21/2021 13:25:00 - INFO - modules.trainer -   Saving checkpoint: results/iu_xray/current_checkpoint.pth ...
11/21/2021 13:25:00 - INFO - modules.trainer -   [6/30] Start to train in the training set.
best performance in epoch:  3
11/21/2021 13:25:02 - INFO - modules.trainer -   [6/30] Step: 0/64, CE Loss: 1.66090, CON Loss: 0.30207.
11/21/2021 13:26:02 - INFO - modules.trainer -   [6/30] Step: 50/64, CE Loss: 1.56648, CON Loss: 0.29731.
11/21/2021 13:26:17 - INFO - modules.trainer -   [6/30] Start to evaluate in the validation set.
11/21/2021 13:26:31 - INFO - modules.trainer -   [6/30] Start to evaluate in the test set.
11/21/2021 13:26:53 - INFO - modules.trainer -   	epoch          : 6
11/21/2021 13:26:54 - INFO - modules.trainer -   	ce_loss        : 1.5846435334533453
11/21/2021 13:26:54 - INFO - modules.trainer -   	con            : 0.2960202116519213
11/21/2021 13:26:54 - INFO - modules.trainer -   	val_BLEU_1     : 0.3281713828039211
11/21/2021 13:26:54 - INFO - modules.trainer -   	val_BLEU_2     : 0.1932299335074942
11/21/2021 13:26:54 - INFO - modules.trainer -   	val_BLEU_3     : 0.13443757498196499
11/21/2021 13:26:54 - INFO - modules.trainer -   	val_BLEU_4     : 0.10178290289688481
11/21/2021 13:26:54 - INFO - modules.trainer -   	val_METEOR     : 0.1326993943807852
11/21/2021 13:26:54 - INFO - modules.trainer -   	val_ROUGE_L    : 0.31402311850560105
11/21/2021 13:26:54 - INFO - modules.trainer -   	test_BLEU_1    : 0.358153947212961
11/21/2021 13:26:54 - INFO - modules.trainer -   	test_BLEU_2    : 0.2168636627350268
11/21/2021 13:26:54 - INFO - modules.trainer -   	test_BLEU_3    : 0.1566704232130482
11/21/2021 13:26:54 - INFO - modules.trainer -   	test_BLEU_4    : 0.12117404700692806
11/21/2021 13:26:54 - INFO - modules.trainer -   	test_METEOR    : 0.14604558572650286
11/21/2021 13:26:54 - INFO - modules.trainer -   	test_ROUGE_L   : 0.32792921240873013
11/21/2021 13:26:57 - INFO - modules.trainer -   Saving checkpoint: results/iu_xray/current_checkpoint.pth ...
11/21/2021 13:26:57 - INFO - modules.trainer -   [7/30] Start to train in the training set.
best performance in epoch:  3
11/21/2021 13:26:59 - INFO - modules.trainer -   [7/30] Step: 0/64, CE Loss: 1.45038, CON Loss: 0.28949.
11/21/2021 13:27:59 - INFO - modules.trainer -   [7/30] Step: 50/64, CE Loss: 1.45126, CON Loss: 0.28403.
11/21/2021 13:28:14 - INFO - modules.trainer -   [7/30] Start to evaluate in the validation set.
11/21/2021 13:28:28 - INFO - modules.trainer -   [7/30] Start to evaluate in the test set.
11/21/2021 13:28:50 - INFO - modules.trainer -   	epoch          : 7
11/21/2021 13:28:50 - INFO - modules.trainer -   	ce_loss        : 1.4744173269718885
11/21/2021 13:28:50 - INFO - modules.trainer -   	con            : 0.28254155209288
11/21/2021 13:28:50 - INFO - modules.trainer -   	val_BLEU_1     : 0.1988625889127359
11/21/2021 13:28:50 - INFO - modules.trainer -   	val_BLEU_2     : 0.1180353903908086
11/21/2021 13:28:50 - INFO - modules.trainer -   	val_BLEU_3     : 0.0835544869652126
11/21/2021 13:28:50 - INFO - modules.trainer -   	val_BLEU_4     : 0.06400886298630389
11/21/2021 13:28:50 - INFO - modules.trainer -   	val_METEOR     : 0.1034722429799017
11/21/2021 13:28:50 - INFO - modules.trainer -   	val_ROUGE_L    : 0.29474007494202537
11/21/2021 13:28:50 - INFO - modules.trainer -   	test_BLEU_1    : 0.2414891728040812
11/21/2021 13:28:50 - INFO - modules.trainer -   	test_BLEU_2    : 0.14657508017251872
11/21/2021 13:28:50 - INFO - modules.trainer -   	test_BLEU_3    : 0.10545486468993152
11/21/2021 13:28:50 - INFO - modules.trainer -   	test_BLEU_4    : 0.08101704657824713
11/21/2021 13:28:50 - INFO - modules.trainer -   	test_METEOR    : 0.11945841070409312
11/21/2021 13:28:50 - INFO - modules.trainer -   	test_ROUGE_L   : 0.3121804906222145
11/21/2021 13:28:54 - INFO - modules.trainer -   Saving checkpoint: results/iu_xray/current_checkpoint.pth ...
11/21/2021 13:28:54 - INFO - modules.trainer -   [8/30] Start to train in the training set.
best performance in epoch:  3
11/21/2021 13:28:55 - INFO - modules.trainer -   [8/30] Step: 0/64, CE Loss: 1.24615, CON Loss: 0.27504.
11/21/2021 13:29:54 - INFO - modules.trainer -   [8/30] Step: 50/64, CE Loss: 1.34239, CON Loss: 0.26871.
11/21/2021 13:30:09 - INFO - modules.trainer -   [8/30] Start to evaluate in the validation set.
11/21/2021 13:30:24 - INFO - modules.trainer -   [8/30] Start to evaluate in the test set.
11/21/2021 13:30:46 - INFO - modules.trainer -   	epoch          : 8
11/21/2021 13:30:46 - INFO - modules.trainer -   	ce_loss        : 1.358961883932352
11/21/2021 13:30:46 - INFO - modules.trainer -   	con            : 0.2669891305267811
11/21/2021 13:30:46 - INFO - modules.trainer -   	val_BLEU_1     : 0.22655031079232826
11/21/2021 13:30:46 - INFO - modules.trainer -   	val_BLEU_2     : 0.13694409759946802
11/21/2021 13:30:46 - INFO - modules.trainer -   	val_BLEU_3     : 0.09658876928737634
11/21/2021 13:30:46 - INFO - modules.trainer -   	val_BLEU_4     : 0.07310391411559085
11/21/2021 13:30:46 - INFO - modules.trainer -   	val_METEOR     : 0.11057185811030831
11/21/2021 13:30:46 - INFO - modules.trainer -   	val_ROUGE_L    : 0.30169793006541873
11/21/2021 13:30:46 - INFO - modules.trainer -   	test_BLEU_1    : 0.2769099604655144
11/21/2021 13:30:46 - INFO - modules.trainer -   	test_BLEU_2    : 0.1704907358219891
11/21/2021 13:30:46 - INFO - modules.trainer -   	test_BLEU_3    : 0.12233860365570974
11/21/2021 13:30:46 - INFO - modules.trainer -   	test_BLEU_4    : 0.09292074520867848
11/21/2021 13:30:46 - INFO - modules.trainer -   	test_METEOR    : 0.1279315738800645
11/21/2021 13:30:46 - INFO - modules.trainer -   	test_ROUGE_L   : 0.31915662207855244
11/21/2021 13:30:49 - INFO - modules.trainer -   Saving checkpoint: results/iu_xray/current_checkpoint.pth ...
11/21/2021 13:30:49 - INFO - modules.trainer -   [9/30] Start to train in the training set.
best performance in epoch:  3
11/21/2021 13:30:51 - INFO - modules.trainer -   [9/30] Step: 0/64, CE Loss: 1.33456, CON Loss: 0.25830.
11/21/2021 13:31:50 - INFO - modules.trainer -   [9/30] Step: 50/64, CE Loss: 1.25791, CON Loss: 0.25111.
11/21/2021 13:32:05 - INFO - modules.trainer -   [9/30] Start to evaluate in the validation set.
11/21/2021 13:32:20 - INFO - modules.trainer -   [9/30] Start to evaluate in the test set.
11/21/2021 13:32:41 - INFO - modules.trainer -   	epoch          : 9
11/21/2021 13:32:41 - INFO - modules.trainer -   	ce_loss        : 1.268257562071085
11/21/2021 13:32:41 - INFO - modules.trainer -   	con            : 0.2491460347082466
11/21/2021 13:32:41 - INFO - modules.trainer -   	val_BLEU_1     : 0.4095350917779979
11/21/2021 13:32:41 - INFO - modules.trainer -   	val_BLEU_2     : 0.24373413572382457
11/21/2021 13:32:41 - INFO - modules.trainer -   	val_BLEU_3     : 0.16388168356659047
11/21/2021 13:32:41 - INFO - modules.trainer -   	val_BLEU_4     : 0.11758286688844681
11/21/2021 13:32:41 - INFO - modules.trainer -   	val_METEOR     : 0.15486281718668854
11/21/2021 13:32:41 - INFO - modules.trainer -   	val_ROUGE_L    : 0.31761581227261715
11/21/2021 13:32:41 - INFO - modules.trainer -   	test_BLEU_1    : 0.4576746172531333
11/21/2021 13:32:41 - INFO - modules.trainer -   	test_BLEU_2    : 0.2877524169243281
11/21/2021 13:32:41 - INFO - modules.trainer -   	test_BLEU_3    : 0.20718217771076844
11/21/2021 13:32:41 - INFO - modules.trainer -   	test_BLEU_4    : 0.15904706342878366
11/21/2021 13:32:41 - INFO - modules.trainer -   	test_METEOR    : 0.17841171610343481
11/21/2021 13:32:41 - INFO - modules.trainer -   	test_ROUGE_L   : 0.3471739148929817
11/21/2021 13:32:45 - INFO - modules.trainer -   Saving checkpoint: results/iu_xray/current_checkpoint.pth ...
11/21/2021 13:32:45 - INFO - modules.trainer -   [10/30] Start to train in the training set.
best performance in epoch:  3
11/21/2021 13:32:47 - INFO - modules.trainer -   [10/30] Step: 0/64, CE Loss: 1.17749, CON Loss: 0.23925.
11/21/2021 13:33:45 - INFO - modules.trainer -   [10/30] Step: 50/64, CE Loss: 1.17206, CON Loss: 0.23114.
11/21/2021 13:34:01 - INFO - modules.trainer -   [10/30] Start to evaluate in the validation set.
11/21/2021 13:34:16 - INFO - modules.trainer -   [10/30] Start to evaluate in the test set.
11/21/2021 13:34:37 - INFO - modules.trainer -   	epoch          : 10
11/21/2021 13:34:37 - INFO - modules.trainer -   	ce_loss        : 1.1860657315701246
11/21/2021 13:34:37 - INFO - modules.trainer -   	con            : 0.22895170794799924
11/21/2021 13:34:37 - INFO - modules.trainer -   	val_BLEU_1     : 0.26228498279913104
11/21/2021 13:34:37 - INFO - modules.trainer -   	val_BLEU_2     : 0.159412433085475
11/21/2021 13:34:37 - INFO - modules.trainer -   	val_BLEU_3     : 0.11224420565400305
11/21/2021 13:34:37 - INFO - modules.trainer -   	val_BLEU_4     : 0.08526329815992927
11/21/2021 13:34:37 - INFO - modules.trainer -   	val_METEOR     : 0.11621619163646721
11/21/2021 13:34:37 - INFO - modules.trainer -   	val_ROUGE_L    : 0.3014414591472043
11/21/2021 13:34:37 - INFO - modules.trainer -   	test_BLEU_1    : 0.28816777646893343
11/21/2021 13:34:37 - INFO - modules.trainer -   	test_BLEU_2    : 0.17566181309891907
11/21/2021 13:34:37 - INFO - modules.trainer -   	test_BLEU_3    : 0.12448114755335699
11/21/2021 13:34:37 - INFO - modules.trainer -   	test_BLEU_4    : 0.09404417545889308
11/21/2021 13:34:37 - INFO - modules.trainer -   	test_METEOR    : 0.12869845904631702
11/21/2021 13:34:37 - INFO - modules.trainer -   	test_ROUGE_L   : 0.31553341497084864
11/21/2021 13:34:41 - INFO - modules.trainer -   Saving checkpoint: results/iu_xray/current_checkpoint.pth ...
11/21/2021 13:34:41 - INFO - modules.trainer -   [11/30] Start to train in the training set.
best performance in epoch:  3
11/21/2021 13:34:42 - INFO - modules.trainer -   [11/30] Step: 0/64, CE Loss: 1.07641, CON Loss: 0.21797.
11/21/2021 13:35:41 - INFO - modules.trainer -   [11/30] Step: 50/64, CE Loss: 1.04409, CON Loss: 0.21090.
11/21/2021 13:35:57 - INFO - modules.trainer -   [11/30] Start to evaluate in the validation set.
11/21/2021 13:36:12 - INFO - modules.trainer -   [11/30] Start to evaluate in the test set.
11/21/2021 13:36:34 - INFO - modules.trainer -   	epoch          : 11
11/21/2021 13:36:34 - INFO - modules.trainer -   	ce_loss        : 1.0558899445459247
11/21/2021 13:36:34 - INFO - modules.trainer -   	con            : 0.2090329141356051
11/21/2021 13:36:34 - INFO - modules.trainer -   	val_BLEU_1     : 0.24171615785966435
11/21/2021 13:36:34 - INFO - modules.trainer -   	val_BLEU_2     : 0.14711117544328378
11/21/2021 13:36:34 - INFO - modules.trainer -   	val_BLEU_3     : 0.10348177927804061
11/21/2021 13:36:34 - INFO - modules.trainer -   	val_BLEU_4     : 0.07835377859114549
11/21/2021 13:36:34 - INFO - modules.trainer -   	val_METEOR     : 0.11562887187869525
11/21/2021 13:36:34 - INFO - modules.trainer -   	val_ROUGE_L    : 0.30276875130510544
11/21/2021 13:36:34 - INFO - modules.trainer -   	test_BLEU_1    : 0.28810789873516207
11/21/2021 13:36:34 - INFO - modules.trainer -   	test_BLEU_2    : 0.17708599951233953
11/21/2021 13:36:34 - INFO - modules.trainer -   	test_BLEU_3    : 0.1259979981482684
11/21/2021 13:36:34 - INFO - modules.trainer -   	test_BLEU_4    : 0.09507825724783302
11/21/2021 13:36:34 - INFO - modules.trainer -   	test_METEOR    : 0.13191596051789536
11/21/2021 13:36:34 - INFO - modules.trainer -   	test_ROUGE_L   : 0.3189017956418316
11/21/2021 13:36:37 - INFO - modules.trainer -   Saving checkpoint: results/iu_xray/current_checkpoint.pth ...
11/21/2021 13:36:37 - INFO - modules.trainer -   [12/30] Start to train in the training set.
best performance in epoch:  3
11/21/2021 13:36:39 - INFO - modules.trainer -   [12/30] Step: 0/64, CE Loss: 0.76948, CON Loss: 0.19969.
11/21/2021 13:37:39 - INFO - modules.trainer -   [12/30] Step: 50/64, CE Loss: 0.95236, CON Loss: 0.19235.
11/21/2021 13:37:54 - INFO - modules.trainer -   [12/30] Start to evaluate in the validation set.
11/21/2021 13:38:08 - INFO - modules.trainer -   [12/30] Start to evaluate in the test set.
11/21/2021 13:38:30 - INFO - modules.trainer -   	epoch          : 12
11/21/2021 13:38:30 - INFO - modules.trainer -   	ce_loss        : 0.9649362647905946
11/21/2021 13:38:30 - INFO - modules.trainer -   	con            : 0.1904184187296778
11/21/2021 13:38:30 - INFO - modules.trainer -   	val_BLEU_1     : 0.31994603665383486
11/21/2021 13:38:30 - INFO - modules.trainer -   	val_BLEU_2     : 0.19295325130556676
11/21/2021 13:38:30 - INFO - modules.trainer -   	val_BLEU_3     : 0.12951233494337663
11/21/2021 13:38:30 - INFO - modules.trainer -   	val_BLEU_4     : 0.0916114389502194
11/21/2021 13:38:30 - INFO - modules.trainer -   	val_METEOR     : 0.13841632785307428
11/21/2021 13:38:30 - INFO - modules.trainer -   	val_ROUGE_L    : 0.29084908992183145
11/21/2021 13:38:30 - INFO - modules.trainer -   	test_BLEU_1    : 0.3543269275179238
11/21/2021 13:38:30 - INFO - modules.trainer -   	test_BLEU_2    : 0.21423994158421095
11/21/2021 13:38:30 - INFO - modules.trainer -   	test_BLEU_3    : 0.14669011001009402
11/21/2021 13:38:30 - INFO - modules.trainer -   	test_BLEU_4    : 0.10716791622875675
11/21/2021 13:38:30 - INFO - modules.trainer -   	test_METEOR    : 0.15245628210289391
11/21/2021 13:38:30 - INFO - modules.trainer -   	test_ROUGE_L   : 0.3017415479150023
11/21/2021 13:38:33 - INFO - modules.trainer -   Saving checkpoint: results/iu_xray/current_checkpoint.pth ...
11/21/2021 13:38:33 - INFO - modules.trainer -   [13/30] Start to train in the training set.
best performance in epoch:  3
11/21/2021 13:38:35 - INFO - modules.trainer -   [13/30] Step: 0/64, CE Loss: 0.74561, CON Loss: 0.18076.
11/21/2021 13:39:35 - INFO - modules.trainer -   [13/30] Step: 50/64, CE Loss: 0.88005, CON Loss: 0.17333.
11/21/2021 13:39:51 - INFO - modules.trainer -   [13/30] Start to evaluate in the validation set.
11/21/2021 13:40:05 - INFO - modules.trainer -   [13/30] Start to evaluate in the test set.
11/21/2021 13:40:27 - INFO - modules.trainer -   	epoch          : 13
11/21/2021 13:40:27 - INFO - modules.trainer -   	ce_loss        : 0.898217124864459
11/21/2021 13:40:27 - INFO - modules.trainer -   	con            : 0.1714074721094221
11/21/2021 13:40:27 - INFO - modules.trainer -   	val_BLEU_1     : 0.29696783206519195
11/21/2021 13:40:27 - INFO - modules.trainer -   	val_BLEU_2     : 0.1815560165475616
11/21/2021 13:40:27 - INFO - modules.trainer -   	val_BLEU_3     : 0.12554797194846468
11/21/2021 13:40:27 - INFO - modules.trainer -   	val_BLEU_4     : 0.09266973499390294
11/21/2021 13:40:27 - INFO - modules.trainer -   	val_METEOR     : 0.12935272664559722
11/21/2021 13:40:27 - INFO - modules.trainer -   	val_ROUGE_L    : 0.3116263490232018
11/21/2021 13:40:27 - INFO - modules.trainer -   	test_BLEU_1    : 0.3425286701749234
11/21/2021 13:40:27 - INFO - modules.trainer -   	test_BLEU_2    : 0.21210655092819528
11/21/2021 13:40:27 - INFO - modules.trainer -   	test_BLEU_3    : 0.15064993418295763
11/21/2021 13:40:27 - INFO - modules.trainer -   	test_BLEU_4    : 0.11411311553283518
11/21/2021 13:40:27 - INFO - modules.trainer -   	test_METEOR    : 0.146308701300175
11/21/2021 13:40:27 - INFO - modules.trainer -   	test_ROUGE_L   : 0.32209915758393787
11/21/2021 13:40:30 - INFO - modules.trainer -   Saving checkpoint: results/iu_xray/current_checkpoint.pth ...
11/21/2021 13:40:30 - INFO - modules.trainer -   [14/30] Start to train in the training set.
best performance in epoch:  3
11/21/2021 13:40:32 - INFO - modules.trainer -   [14/30] Step: 0/64, CE Loss: 0.77535, CON Loss: 0.16182.
11/21/2021 13:41:32 - INFO - modules.trainer -   [14/30] Step: 50/64, CE Loss: 0.83068, CON Loss: 0.15462.
11/21/2021 13:41:47 - INFO - modules.trainer -   [14/30] Start to evaluate in the validation set.
11/21/2021 13:42:01 - INFO - modules.trainer -   [14/30] Start to evaluate in the test set.
11/21/2021 13:42:23 - INFO - modules.trainer -   	epoch          : 14
11/21/2021 13:42:23 - INFO - modules.trainer -   	ce_loss        : 0.8446422349661589
11/21/2021 13:42:23 - INFO - modules.trainer -   	con            : 0.15278097498230636
11/21/2021 13:42:23 - INFO - modules.trainer -   	val_BLEU_1     : 0.2989930921041435
11/21/2021 13:42:23 - INFO - modules.trainer -   	val_BLEU_2     : 0.182522956865051
11/21/2021 13:42:23 - INFO - modules.trainer -   	val_BLEU_3     : 0.12607132715972572
11/21/2021 13:42:23 - INFO - modules.trainer -   	val_BLEU_4     : 0.09296694045714206
11/21/2021 13:42:23 - INFO - modules.trainer -   	val_METEOR     : 0.12725587499296487
11/21/2021 13:42:23 - INFO - modules.trainer -   	val_ROUGE_L    : 0.31186796623419605
11/21/2021 13:42:23 - INFO - modules.trainer -   	test_BLEU_1    : 0.331147678600713
11/21/2021 13:42:23 - INFO - modules.trainer -   	test_BLEU_2    : 0.20683738689966472
11/21/2021 13:42:23 - INFO - modules.trainer -   	test_BLEU_3    : 0.14752668095603275
11/21/2021 13:42:23 - INFO - modules.trainer -   	test_BLEU_4    : 0.11091955834316618
11/21/2021 13:42:23 - INFO - modules.trainer -   	test_METEOR    : 0.1409855858304631
11/21/2021 13:42:23 - INFO - modules.trainer -   	test_ROUGE_L   : 0.32855142036629204
11/21/2021 13:42:26 - INFO - modules.trainer -   Saving checkpoint: results/iu_xray/current_checkpoint.pth ...
11/21/2021 13:42:26 - INFO - modules.trainer -   [15/30] Start to train in the training set.
best performance in epoch:  3
11/21/2021 13:42:28 - INFO - modules.trainer -   [15/30] Step: 0/64, CE Loss: 0.69063, CON Loss: 0.14363.
11/21/2021 13:43:26 - INFO - modules.trainer -   [15/30] Step: 50/64, CE Loss: 0.76730, CON Loss: 0.13698.
11/21/2021 13:43:42 - INFO - modules.trainer -   [15/30] Start to evaluate in the validation set.
11/21/2021 13:43:57 - INFO - modules.trainer -   [15/30] Start to evaluate in the test set.
11/21/2021 13:44:18 - INFO - modules.trainer -   	epoch          : 15
11/21/2021 13:44:18 - INFO - modules.trainer -   	ce_loss        : 0.7861182345077395
11/21/2021 13:44:18 - INFO - modules.trainer -   	con            : 0.13529811333864927
11/21/2021 13:44:18 - INFO - modules.trainer -   	val_BLEU_1     : 0.35056523365827186
11/21/2021 13:44:18 - INFO - modules.trainer -   	val_BLEU_2     : 0.22177207686342498
11/21/2021 13:44:18 - INFO - modules.trainer -   	val_BLEU_3     : 0.15453616575309131
11/21/2021 13:44:18 - INFO - modules.trainer -   	val_BLEU_4     : 0.11473057353448136
11/21/2021 13:44:18 - INFO - modules.trainer -   	val_METEOR     : 0.15375708232108756
11/21/2021 13:44:18 - INFO - modules.trainer -   	val_ROUGE_L    : 0.3306320011890336
11/21/2021 13:44:18 - INFO - modules.trainer -   	test_BLEU_1    : 0.40760805647198417
11/21/2021 13:44:18 - INFO - modules.trainer -   	test_BLEU_2    : 0.26329547351983035
11/21/2021 13:44:18 - INFO - modules.trainer -   	test_BLEU_3    : 0.18731235147643024
11/21/2021 13:44:18 - INFO - modules.trainer -   	test_BLEU_4    : 0.14213653234827336
11/21/2021 13:44:18 - INFO - modules.trainer -   	test_METEOR    : 0.1753402490638449
11/21/2021 13:44:18 - INFO - modules.trainer -   	test_ROUGE_L   : 0.3578840602366319
11/21/2021 13:44:22 - INFO - modules.trainer -   Saving checkpoint: results/iu_xray/current_checkpoint.pth ...
11/21/2021 13:44:22 - INFO - modules.trainer -   [16/30] Start to train in the training set.
best performance in epoch:  3
11/21/2021 13:44:24 - INFO - modules.trainer -   [16/30] Step: 0/64, CE Loss: 0.63598, CON Loss: 0.12694.
11/21/2021 13:45:23 - INFO - modules.trainer -   [16/30] Step: 50/64, CE Loss: 0.73670, CON Loss: 0.12090.
11/21/2021 13:45:38 - INFO - modules.trainer -   [16/30] Start to evaluate in the validation set.
11/21/2021 13:45:53 - INFO - modules.trainer -   [16/30] Start to evaluate in the test set.
11/21/2021 13:46:15 - INFO - modules.trainer -   	epoch          : 16
11/21/2021 13:46:15 - INFO - modules.trainer -   	ce_loss        : 0.7441387036815286
11/21/2021 13:46:15 - INFO - modules.trainer -   	con            : 0.11939477571286261
11/21/2021 13:46:15 - INFO - modules.trainer -   	val_BLEU_1     : 0.3507621988098217
11/21/2021 13:46:15 - INFO - modules.trainer -   	val_BLEU_2     : 0.20019724604939607
11/21/2021 13:46:15 - INFO - modules.trainer -   	val_BLEU_3     : 0.1299342979716961
11/21/2021 13:46:15 - INFO - modules.trainer -   	val_BLEU_4     : 0.09144335680236386
11/21/2021 13:46:15 - INFO - modules.trainer -   	val_METEOR     : 0.14283863822865617
11/21/2021 13:46:15 - INFO - modules.trainer -   	val_ROUGE_L    : 0.3041523339364973
11/21/2021 13:46:15 - INFO - modules.trainer -   	test_BLEU_1    : 0.39931106876914163
11/21/2021 13:46:15 - INFO - modules.trainer -   	test_BLEU_2    : 0.23210743021387445
11/21/2021 13:46:15 - INFO - modules.trainer -   	test_BLEU_3    : 0.15519609822777303
11/21/2021 13:46:15 - INFO - modules.trainer -   	test_BLEU_4    : 0.11132034585530892
11/21/2021 13:46:15 - INFO - modules.trainer -   	test_METEOR    : 0.1595093357346922
11/21/2021 13:46:15 - INFO - modules.trainer -   	test_ROUGE_L   : 0.32326580707038344
11/21/2021 13:46:20 - INFO - modules.trainer -   Saving checkpoint: results/iu_xray/current_checkpoint.pth ...
11/21/2021 13:46:20 - INFO - modules.trainer -   [17/30] Start to train in the training set.
best performance in epoch:  3
11/21/2021 13:46:22 - INFO - modules.trainer -   [17/30] Step: 0/64, CE Loss: 0.67668, CON Loss: 0.11193.
11/21/2021 13:47:22 - INFO - modules.trainer -   [17/30] Step: 50/64, CE Loss: 0.68567, CON Loss: 0.10667.
11/21/2021 13:47:37 - INFO - modules.trainer -   [17/30] Start to evaluate in the validation set.
11/21/2021 13:47:51 - INFO - modules.trainer -   [17/30] Start to evaluate in the test set.
11/21/2021 13:48:13 - INFO - modules.trainer -   	epoch          : 17
11/21/2021 13:48:13 - INFO - modules.trainer -   	ce_loss        : 0.7001402508467436
11/21/2021 13:48:13 - INFO - modules.trainer -   	con            : 0.10537339630536735
11/21/2021 13:48:13 - INFO - modules.trainer -   	val_BLEU_1     : 0.40768564898685483
11/21/2021 13:48:13 - INFO - modules.trainer -   	val_BLEU_2     : 0.2575429925988549
11/21/2021 13:48:13 - INFO - modules.trainer -   	val_BLEU_3     : 0.17708721962837384
11/21/2021 13:48:13 - INFO - modules.trainer -   	val_BLEU_4     : 0.12690762136608827
11/21/2021 13:48:13 - INFO - modules.trainer -   	val_METEOR     : 0.15857765116851966
11/21/2021 13:48:13 - INFO - modules.trainer -   	val_ROUGE_L    : 0.33280223124405406
11/21/2021 13:48:13 - INFO - modules.trainer -   	test_BLEU_1    : 0.4535896288243558
11/21/2021 13:48:13 - INFO - modules.trainer -   	test_BLEU_2    : 0.286740796644563
11/21/2021 13:48:13 - INFO - modules.trainer -   	test_BLEU_3    : 0.1986606799686318
11/21/2021 13:48:13 - INFO - modules.trainer -   	test_BLEU_4    : 0.14336773570142566
11/21/2021 13:48:13 - INFO - modules.trainer -   	test_METEOR    : 0.177477297122938
11/21/2021 13:48:13 - INFO - modules.trainer -   	test_ROUGE_L   : 0.35072486717855594
11/21/2021 13:48:17 - INFO - modules.trainer -   Saving checkpoint: results/iu_xray/current_checkpoint.pth ...
11/21/2021 13:48:17 - INFO - modules.trainer -   [18/30] Start to train in the training set.
best performance in epoch:  3
11/21/2021 13:48:19 - INFO - modules.trainer -   [18/30] Step: 0/64, CE Loss: 0.56689, CON Loss: 0.09896.
11/21/2021 13:49:18 - INFO - modules.trainer -   [18/30] Step: 50/64, CE Loss: 0.66306, CON Loss: 0.09448.
11/21/2021 13:49:34 - INFO - modules.trainer -   [18/30] Start to evaluate in the validation set.
11/21/2021 13:49:48 - INFO - modules.trainer -   [18/30] Start to evaluate in the test set.
11/21/2021 13:50:10 - INFO - modules.trainer -   	epoch          : 18
11/21/2021 13:50:10 - INFO - modules.trainer -   	ce_loss        : 0.6666122991591692
11/21/2021 13:50:10 - INFO - modules.trainer -   	con            : 0.09338488860521466
11/21/2021 13:50:10 - INFO - modules.trainer -   	val_BLEU_1     : 0.2683637739839305
11/21/2021 13:50:10 - INFO - modules.trainer -   	val_BLEU_2     : 0.1612572736946083
11/21/2021 13:50:10 - INFO - modules.trainer -   	val_BLEU_3     : 0.11236163588209001
11/21/2021 13:50:10 - INFO - modules.trainer -   	val_BLEU_4     : 0.08391537949929981
11/21/2021 13:50:10 - INFO - modules.trainer -   	val_METEOR     : 0.12048449279442708
11/21/2021 13:50:10 - INFO - modules.trainer -   	val_ROUGE_L    : 0.3022829598551253
11/21/2021 13:50:10 - INFO - modules.trainer -   	test_BLEU_1    : 0.29739201312428637
11/21/2021 13:50:10 - INFO - modules.trainer -   	test_BLEU_2    : 0.18194860582256384
11/21/2021 13:50:10 - INFO - modules.trainer -   	test_BLEU_3    : 0.12837323628290942
11/21/2021 13:50:10 - INFO - modules.trainer -   	test_BLEU_4    : 0.09609719574013721
11/21/2021 13:50:10 - INFO - modules.trainer -   	test_METEOR    : 0.13307915749595664
11/21/2021 13:50:10 - INFO - modules.trainer -   	test_ROUGE_L   : 0.31979252924179047
11/21/2021 13:50:13 - INFO - modules.trainer -   Saving checkpoint: results/iu_xray/current_checkpoint.pth ...
11/21/2021 13:50:13 - INFO - modules.trainer -   [19/30] Start to train in the training set.
best performance in epoch:  3
11/21/2021 13:50:15 - INFO - modules.trainer -   [19/30] Step: 0/64, CE Loss: 0.53017, CON Loss: 0.08796.
11/21/2021 13:51:15 - INFO - modules.trainer -   [19/30] Step: 50/64, CE Loss: 0.61829, CON Loss: 0.08422.
11/21/2021 13:51:31 - INFO - modules.trainer -   [19/30] Start to evaluate in the validation set.
11/21/2021 13:51:45 - INFO - modules.trainer -   [19/30] Start to evaluate in the test set.
11/21/2021 13:52:07 - INFO - modules.trainer -   	epoch          : 19
11/21/2021 13:52:07 - INFO - modules.trainer -   	ce_loss        : 0.6339104333892465
11/21/2021 13:52:07 - INFO - modules.trainer -   	con            : 0.08329596486873925
11/21/2021 13:52:07 - INFO - modules.trainer -   	val_BLEU_1     : 0.41934219987082777
11/21/2021 13:52:07 - INFO - modules.trainer -   	val_BLEU_2     : 0.26587029955527974
11/21/2021 13:52:07 - INFO - modules.trainer -   	val_BLEU_3     : 0.18123635082323794
11/21/2021 13:52:07 - INFO - modules.trainer -   	val_BLEU_4     : 0.13120715291479304
11/21/2021 13:52:07 - INFO - modules.trainer -   	val_METEOR     : 0.17391050486827778
11/21/2021 13:52:07 - INFO - modules.trainer -   	val_ROUGE_L    : 0.343573110060272
11/21/2021 13:52:07 - INFO - modules.trainer -   	test_BLEU_1    : 0.4620197750850134
11/21/2021 13:52:07 - INFO - modules.trainer -   	test_BLEU_2    : 0.2976076331106673
11/21/2021 13:52:07 - INFO - modules.trainer -   	test_BLEU_3    : 0.20756032358995805
11/21/2021 13:52:07 - INFO - modules.trainer -   	test_BLEU_4    : 0.1550018375729411
11/21/2021 13:52:07 - INFO - modules.trainer -   	test_METEOR    : 0.19208074670542816
11/21/2021 13:52:07 - INFO - modules.trainer -   	test_ROUGE_L   : 0.3717977295152862
11/21/2021 13:52:10 - INFO - modules.trainer -   Saving checkpoint: results/iu_xray/current_checkpoint.pth ...
11/21/2021 13:52:13 - INFO - modules.trainer -   Saving current best: model_best.pth ...
11/21/2021 13:52:13 - INFO - modules.trainer -   [20/30] Start to train in the training set.
best performance in epoch:  19
11/21/2021 13:52:15 - INFO - modules.trainer -   [20/30] Step: 0/64, CE Loss: 0.49403, CON Loss: 0.07876.
11/21/2021 13:53:15 - INFO - modules.trainer -   [20/30] Step: 50/64, CE Loss: 0.59607, CON Loss: 0.07560.
11/21/2021 13:53:31 - INFO - modules.trainer -   [20/30] Start to evaluate in the validation set.
11/21/2021 13:53:45 - INFO - modules.trainer -   [20/30] Start to evaluate in the test set.
11/21/2021 13:54:06 - INFO - modules.trainer -   	epoch          : 20
11/21/2021 13:54:06 - INFO - modules.trainer -   	ce_loss        : 0.6082187560386956
11/21/2021 13:54:06 - INFO - modules.trainer -   	con            : 0.0748298205435276
11/21/2021 13:54:06 - INFO - modules.trainer -   	val_BLEU_1     : 0.28006522476755696
11/21/2021 13:54:06 - INFO - modules.trainer -   	val_BLEU_2     : 0.16262468021183227
11/21/2021 13:54:06 - INFO - modules.trainer -   	val_BLEU_3     : 0.11016491087090907
11/21/2021 13:54:06 - INFO - modules.trainer -   	val_BLEU_4     : 0.08059926606314907
11/21/2021 13:54:06 - INFO - modules.trainer -   	val_METEOR     : 0.12099397026144976
11/21/2021 13:54:06 - INFO - modules.trainer -   	val_ROUGE_L    : 0.30137921640804816
11/21/2021 13:54:06 - INFO - modules.trainer -   	test_BLEU_1    : 0.3329370717170904
11/21/2021 13:54:06 - INFO - modules.trainer -   	test_BLEU_2    : 0.20253018523077676
11/21/2021 13:54:06 - INFO - modules.trainer -   	test_BLEU_3    : 0.14330693437305855
11/21/2021 13:54:06 - INFO - modules.trainer -   	test_BLEU_4    : 0.10792149675797365
11/21/2021 13:54:06 - INFO - modules.trainer -   	test_METEOR    : 0.1407813725216343
11/21/2021 13:54:06 - INFO - modules.trainer -   	test_ROUGE_L   : 0.3257130615188447
11/21/2021 13:54:10 - INFO - modules.trainer -   Saving checkpoint: results/iu_xray/current_checkpoint.pth ...
11/21/2021 13:54:10 - INFO - modules.trainer -   [21/30] Start to train in the training set.
best performance in epoch:  19
11/21/2021 13:54:12 - INFO - modules.trainer -   [21/30] Step: 0/64, CE Loss: 0.50808, CON Loss: 0.07101.
11/21/2021 13:55:11 - INFO - modules.trainer -   [21/30] Step: 50/64, CE Loss: 0.53538, CON Loss: 0.06886.
11/21/2021 13:55:26 - INFO - modules.trainer -   [21/30] Start to evaluate in the validation set.
11/21/2021 13:55:41 - INFO - modules.trainer -   [21/30] Start to evaluate in the test set.
11/21/2021 13:56:02 - INFO - modules.trainer -   	epoch          : 21
11/21/2021 13:56:02 - INFO - modules.trainer -   	ce_loss        : 0.5422352580353618
11/21/2021 13:56:02 - INFO - modules.trainer -   	con            : 0.06833120144437999
11/21/2021 13:56:02 - INFO - modules.trainer -   	val_BLEU_1     : 0.279768765484451
11/21/2021 13:56:02 - INFO - modules.trainer -   	val_BLEU_2     : 0.1683437426735274
11/21/2021 13:56:02 - INFO - modules.trainer -   	val_BLEU_3     : 0.11740770521054317
11/21/2021 13:56:02 - INFO - modules.trainer -   	val_BLEU_4     : 0.08845882634539737
11/21/2021 13:56:02 - INFO - modules.trainer -   	val_METEOR     : 0.12127842887464417
11/21/2021 13:56:02 - INFO - modules.trainer -   	val_ROUGE_L    : 0.3041501473331829
11/21/2021 13:56:02 - INFO - modules.trainer -   	test_BLEU_1    : 0.3249284333459379
11/21/2021 13:56:02 - INFO - modules.trainer -   	test_BLEU_2    : 0.20193400515519028
11/21/2021 13:56:02 - INFO - modules.trainer -   	test_BLEU_3    : 0.14582851999078622
11/21/2021 13:56:02 - INFO - modules.trainer -   	test_BLEU_4    : 0.11171661366502843
11/21/2021 13:56:02 - INFO - modules.trainer -   	test_METEOR    : 0.14070812309883962
11/21/2021 13:56:02 - INFO - modules.trainer -   	test_ROUGE_L   : 0.3259442038477574
11/21/2021 13:56:06 - INFO - modules.trainer -   Saving checkpoint: results/iu_xray/current_checkpoint.pth ...
11/21/2021 13:56:06 - INFO - modules.trainer -   [22/30] Start to train in the training set.
best performance in epoch:  19
11/21/2021 13:56:08 - INFO - modules.trainer -   [22/30] Step: 0/64, CE Loss: 0.46347, CON Loss: 0.06570.
11/21/2021 13:57:07 - INFO - modules.trainer -   [22/30] Step: 50/64, CE Loss: 0.49455, CON Loss: 0.06379.
11/21/2021 13:57:22 - INFO - modules.trainer -   [22/30] Start to evaluate in the validation set.
11/21/2021 13:57:37 - INFO - modules.trainer -   [22/30] Start to evaluate in the test set.
11/21/2021 13:57:59 - INFO - modules.trainer -   	epoch          : 22
11/21/2021 13:57:59 - INFO - modules.trainer -   	ce_loss        : 0.5006288350559771
11/21/2021 13:57:59 - INFO - modules.trainer -   	con            : 0.06332306121475995
11/21/2021 13:57:59 - INFO - modules.trainer -   	val_BLEU_1     : 0.40848804207820216
11/21/2021 13:57:59 - INFO - modules.trainer -   	val_BLEU_2     : 0.24555565422464773
11/21/2021 13:57:59 - INFO - modules.trainer -   	val_BLEU_3     : 0.1640452748811253
11/21/2021 13:57:59 - INFO - modules.trainer -   	val_BLEU_4     : 0.11572060374327724
11/21/2021 13:57:59 - INFO - modules.trainer -   	val_METEOR     : 0.16680738246544022
11/21/2021 13:57:59 - INFO - modules.trainer -   	val_ROUGE_L    : 0.3452060101652355
11/21/2021 13:57:59 - INFO - modules.trainer -   	test_BLEU_1    : 0.45100246724931625
11/21/2021 13:57:59 - INFO - modules.trainer -   	test_BLEU_2    : 0.28261499633860976
11/21/2021 13:57:59 - INFO - modules.trainer -   	test_BLEU_3    : 0.19633468935008327
11/21/2021 13:57:59 - INFO - modules.trainer -   	test_BLEU_4    : 0.1432577841496098
11/21/2021 13:57:59 - INFO - modules.trainer -   	test_METEOR    : 0.18456544586345666
11/21/2021 13:57:59 - INFO - modules.trainer -   	test_ROUGE_L   : 0.3609894933265622
11/21/2021 13:58:02 - INFO - modules.trainer -   Saving checkpoint: results/iu_xray/current_checkpoint.pth ...
11/21/2021 13:58:02 - INFO - modules.trainer -   [23/30] Start to train in the training set.
best performance in epoch:  19
11/21/2021 13:58:04 - INFO - modules.trainer -   [23/30] Step: 0/64, CE Loss: 0.44227, CON Loss: 0.06099.
11/21/2021 13:59:03 - INFO - modules.trainer -   [23/30] Step: 50/64, CE Loss: 0.46538, CON Loss: 0.05932.
11/21/2021 13:59:19 - INFO - modules.trainer -   [23/30] Start to evaluate in the validation set.
11/21/2021 13:59:33 - INFO - modules.trainer -   [23/30] Start to evaluate in the test set.
11/21/2021 13:59:54 - INFO - modules.trainer -   	epoch          : 23
11/21/2021 13:59:54 - INFO - modules.trainer -   	ce_loss        : 0.47436998365446925
11/21/2021 13:59:54 - INFO - modules.trainer -   	con            : 0.05890163971344009
11/21/2021 13:59:54 - INFO - modules.trainer -   	val_BLEU_1     : 0.2800301053441491
11/21/2021 13:59:54 - INFO - modules.trainer -   	val_BLEU_2     : 0.17302807399374923
11/21/2021 13:59:54 - INFO - modules.trainer -   	val_BLEU_3     : 0.12220746662043877
11/21/2021 13:59:54 - INFO - modules.trainer -   	val_BLEU_4     : 0.09303460225705065
11/21/2021 13:59:54 - INFO - modules.trainer -   	val_METEOR     : 0.12633205139036308
11/21/2021 13:59:54 - INFO - modules.trainer -   	val_ROUGE_L    : 0.30869631399070147
11/21/2021 13:59:54 - INFO - modules.trainer -   	test_BLEU_1    : 0.3027688756741798
11/21/2021 13:59:54 - INFO - modules.trainer -   	test_BLEU_2    : 0.18659193734688687
11/21/2021 13:59:54 - INFO - modules.trainer -   	test_BLEU_3    : 0.13287453724741866
11/21/2021 13:59:54 - INFO - modules.trainer -   	test_BLEU_4    : 0.10045534922850338
11/21/2021 13:59:54 - INFO - modules.trainer -   	test_METEOR    : 0.13573488739899398
11/21/2021 13:59:54 - INFO - modules.trainer -   	test_ROUGE_L   : 0.31900163824835964
11/21/2021 13:59:58 - INFO - modules.trainer -   Saving checkpoint: results/iu_xray/current_checkpoint.pth ...
11/21/2021 13:59:58 - INFO - modules.trainer -   [24/30] Start to train in the training set.
best performance in epoch:  19
11/21/2021 14:00:00 - INFO - modules.trainer -   [24/30] Step: 0/64, CE Loss: 0.43344, CON Loss: 0.05682.
11/21/2021 14:01:00 - INFO - modules.trainer -   [24/30] Step: 50/64, CE Loss: 0.45421, CON Loss: 0.05531.
11/21/2021 14:01:15 - INFO - modules.trainer -   [24/30] Start to evaluate in the validation set.
11/21/2021 14:01:30 - INFO - modules.trainer -   [24/30] Start to evaluate in the test set.
11/21/2021 14:01:52 - INFO - modules.trainer -   	epoch          : 24
11/21/2021 14:01:52 - INFO - modules.trainer -   	ce_loss        : 0.46218864899128675
11/21/2021 14:01:52 - INFO - modules.trainer -   	con            : 0.0549256774247624
11/21/2021 14:01:52 - INFO - modules.trainer -   	val_BLEU_1     : 0.30113937683595776
11/21/2021 14:01:52 - INFO - modules.trainer -   	val_BLEU_2     : 0.16967230125132166
11/21/2021 14:01:52 - INFO - modules.trainer -   	val_BLEU_3     : 0.10760177397411112
11/21/2021 14:01:52 - INFO - modules.trainer -   	val_BLEU_4     : 0.07219879727735477
11/21/2021 14:01:52 - INFO - modules.trainer -   	val_METEOR     : 0.12204884584233451
11/21/2021 14:01:52 - INFO - modules.trainer -   	val_ROUGE_L    : 0.2772235939900277
11/21/2021 14:01:52 - INFO - modules.trainer -   	test_BLEU_1    : 0.36125633381144157
11/21/2021 14:01:52 - INFO - modules.trainer -   	test_BLEU_2    : 0.21927484986919646
11/21/2021 14:01:52 - INFO - modules.trainer -   	test_BLEU_3    : 0.1520117175310527
11/21/2021 14:01:52 - INFO - modules.trainer -   	test_BLEU_4    : 0.1136384123956686
11/21/2021 14:01:52 - INFO - modules.trainer -   	test_METEOR    : 0.14846089430244525
11/21/2021 14:01:52 - INFO - modules.trainer -   	test_ROUGE_L   : 0.3234535232641463
11/21/2021 14:01:56 - INFO - modules.trainer -   Saving checkpoint: results/iu_xray/current_checkpoint.pth ...
11/21/2021 14:01:56 - INFO - modules.trainer -   [25/30] Start to train in the training set.
best performance in epoch:  19
11/21/2021 14:01:57 - INFO - modules.trainer -   [25/30] Step: 0/64, CE Loss: 0.44260, CON Loss: 0.05304.
11/21/2021 14:02:57 - INFO - modules.trainer -   [25/30] Step: 50/64, CE Loss: 0.44514, CON Loss: 0.05168.
11/21/2021 14:03:12 - INFO - modules.trainer -   [25/30] Start to evaluate in the validation set.
11/21/2021 14:03:27 - INFO - modules.trainer -   [25/30] Start to evaluate in the test set.
11/21/2021 14:03:48 - INFO - modules.trainer -   	epoch          : 25
11/21/2021 14:03:48 - INFO - modules.trainer -   	ce_loss        : 0.45208986569195986
11/21/2021 14:03:48 - INFO - modules.trainer -   	con            : 0.051334370567929
11/21/2021 14:03:48 - INFO - modules.trainer -   	val_BLEU_1     : 0.2623042579062581
11/21/2021 14:03:48 - INFO - modules.trainer -   	val_BLEU_2     : 0.15732802162647508
11/21/2021 14:03:48 - INFO - modules.trainer -   	val_BLEU_3     : 0.10956162634726706
11/21/2021 14:03:48 - INFO - modules.trainer -   	val_BLEU_4     : 0.08232056815898904
11/21/2021 14:03:48 - INFO - modules.trainer -   	val_METEOR     : 0.11905590721104825
11/21/2021 14:03:48 - INFO - modules.trainer -   	val_ROUGE_L    : 0.2992773742610514
11/21/2021 14:03:48 - INFO - modules.trainer -   	test_BLEU_1    : 0.29577611381244684
11/21/2021 14:03:48 - INFO - modules.trainer -   	test_BLEU_2    : 0.18040522524860564
11/21/2021 14:03:48 - INFO - modules.trainer -   	test_BLEU_3    : 0.1271747039278767
11/21/2021 14:03:48 - INFO - modules.trainer -   	test_BLEU_4    : 0.09478677443242008
11/21/2021 14:03:48 - INFO - modules.trainer -   	test_METEOR    : 0.13265990992356178
11/21/2021 14:03:48 - INFO - modules.trainer -   	test_ROUGE_L   : 0.31490974744647776
11/21/2021 14:03:52 - INFO - modules.trainer -   Saving checkpoint: results/iu_xray/current_checkpoint.pth ...
11/21/2021 14:03:52 - INFO - modules.trainer -   [26/30] Start to train in the training set.
best performance in epoch:  19
11/21/2021 14:03:54 - INFO - modules.trainer -   [26/30] Step: 0/64, CE Loss: 0.39160, CON Loss: 0.04963.
11/21/2021 14:04:53 - INFO - modules.trainer -   [26/30] Step: 50/64, CE Loss: 0.42764, CON Loss: 0.04839.
11/21/2021 14:05:09 - INFO - modules.trainer -   [26/30] Start to evaluate in the validation set.
11/21/2021 14:05:23 - INFO - modules.trainer -   [26/30] Start to evaluate in the test set.
11/21/2021 14:05:45 - INFO - modules.trainer -   	epoch          : 26
11/21/2021 14:05:45 - INFO - modules.trainer -   	ce_loss        : 0.43438638700172305
11/21/2021 14:05:45 - INFO - modules.trainer -   	con            : 0.04807384143350646
11/21/2021 14:05:45 - INFO - modules.trainer -   	val_BLEU_1     : 0.4174275131224986
11/21/2021 14:05:45 - INFO - modules.trainer -   	val_BLEU_2     : 0.23199435218398065
11/21/2021 14:05:45 - INFO - modules.trainer -   	val_BLEU_3     : 0.1498427520895057
11/21/2021 14:05:45 - INFO - modules.trainer -   	val_BLEU_4     : 0.10437324396302446
11/21/2021 14:05:45 - INFO - modules.trainer -   	val_METEOR     : 0.15523399193568768
11/21/2021 14:05:45 - INFO - modules.trainer -   	val_ROUGE_L    : 0.31139097139400623
11/21/2021 14:05:45 - INFO - modules.trainer -   	test_BLEU_1    : 0.44266965103263595
11/21/2021 14:05:45 - INFO - modules.trainer -   	test_BLEU_2    : 0.26831081941977664
11/21/2021 14:05:45 - INFO - modules.trainer -   	test_BLEU_3    : 0.18878663636930662
11/21/2021 14:05:45 - INFO - modules.trainer -   	test_BLEU_4    : 0.14239443949836905
11/21/2021 14:05:45 - INFO - modules.trainer -   	test_METEOR    : 0.1783801872322016
11/21/2021 14:05:45 - INFO - modules.trainer -   	test_ROUGE_L   : 0.34349658106827996
11/21/2021 14:05:48 - INFO - modules.trainer -   Saving checkpoint: results/iu_xray/current_checkpoint.pth ...
11/21/2021 14:05:48 - INFO - modules.trainer -   [27/30] Start to train in the training set.
best performance in epoch:  19
11/21/2021 14:05:50 - INFO - modules.trainer -   [27/30] Step: 0/64, CE Loss: 0.37476, CON Loss: 0.04652.
11/21/2021 14:06:49 - INFO - modules.trainer -   [27/30] Step: 50/64, CE Loss: 0.42396, CON Loss: 0.04539.
11/21/2021 14:07:05 - INFO - modules.trainer -   [27/30] Start to evaluate in the validation set.
11/21/2021 14:07:19 - INFO - modules.trainer -   [27/30] Start to evaluate in the test set.
11/21/2021 14:07:41 - INFO - modules.trainer -   	epoch          : 27
11/21/2021 14:07:41 - INFO - modules.trainer -   	ce_loss        : 0.4300716668367386
11/21/2021 14:07:41 - INFO - modules.trainer -   	con            : 0.0451073570875451
11/21/2021 14:07:41 - INFO - modules.trainer -   	val_BLEU_1     : 0.29664705226271576
11/21/2021 14:07:41 - INFO - modules.trainer -   	val_BLEU_2     : 0.17597143180201244
11/21/2021 14:07:41 - INFO - modules.trainer -   	val_BLEU_3     : 0.12028595631934645
11/21/2021 14:07:41 - INFO - modules.trainer -   	val_BLEU_4     : 0.08870531333843318
11/21/2021 14:07:41 - INFO - modules.trainer -   	val_METEOR     : 0.12736466048337455
11/21/2021 14:07:41 - INFO - modules.trainer -   	val_ROUGE_L    : 0.3001256637887719
11/21/2021 14:07:41 - INFO - modules.trainer -   	test_BLEU_1    : 0.342645368402465
11/21/2021 14:07:41 - INFO - modules.trainer -   	test_BLEU_2    : 0.21227177810062856
11/21/2021 14:07:41 - INFO - modules.trainer -   	test_BLEU_3    : 0.15029103423415996
11/21/2021 14:07:41 - INFO - modules.trainer -   	test_BLEU_4    : 0.11254443069600555
11/21/2021 14:07:41 - INFO - modules.trainer -   	test_METEOR    : 0.1479420214017969
11/21/2021 14:07:41 - INFO - modules.trainer -   	test_ROUGE_L   : 0.32498717778915587
11/21/2021 14:07:45 - INFO - modules.trainer -   Saving checkpoint: results/iu_xray/current_checkpoint.pth ...
11/21/2021 14:07:45 - INFO - modules.trainer -   [28/30] Start to train in the training set.
best performance in epoch:  19
11/21/2021 14:07:47 - INFO - modules.trainer -   [28/30] Step: 0/64, CE Loss: 0.40035, CON Loss: 0.04371.
11/21/2021 14:08:46 - INFO - modules.trainer -   [28/30] Step: 50/64, CE Loss: 0.40693, CON Loss: 0.04267.
11/21/2021 14:09:02 - INFO - modules.trainer -   [28/30] Start to evaluate in the validation set.
11/21/2021 14:09:16 - INFO - modules.trainer -   [28/30] Start to evaluate in the test set.
11/21/2021 14:09:38 - INFO - modules.trainer -   	epoch          : 28
11/21/2021 14:09:38 - INFO - modules.trainer -   	ce_loss        : 0.4144264152273536
11/21/2021 14:09:38 - INFO - modules.trainer -   	con            : 0.04240790574112907
11/21/2021 14:09:38 - INFO - modules.trainer -   	val_BLEU_1     : 0.26112145112633467
11/21/2021 14:09:38 - INFO - modules.trainer -   	val_BLEU_2     : 0.14711014668551126
11/21/2021 14:09:38 - INFO - modules.trainer -   	val_BLEU_3     : 0.09789058448121245
11/21/2021 14:09:38 - INFO - modules.trainer -   	val_BLEU_4     : 0.07020145309477091
11/21/2021 14:09:38 - INFO - modules.trainer -   	val_METEOR     : 0.11380338704358114
11/21/2021 14:09:38 - INFO - modules.trainer -   	val_ROUGE_L    : 0.2866975668417258
11/21/2021 14:09:38 - INFO - modules.trainer -   	test_BLEU_1    : 0.3063758342662524
11/21/2021 14:09:38 - INFO - modules.trainer -   	test_BLEU_2    : 0.18846821668795938
11/21/2021 14:09:38 - INFO - modules.trainer -   	test_BLEU_3    : 0.1345542497802057
11/21/2021 14:09:38 - INFO - modules.trainer -   	test_BLEU_4    : 0.10235137763606707
11/21/2021 14:09:38 - INFO - modules.trainer -   	test_METEOR    : 0.13418216152026488
11/21/2021 14:09:38 - INFO - modules.trainer -   	test_ROUGE_L   : 0.3196572567493794
11/21/2021 14:09:42 - INFO - modules.trainer -   Saving checkpoint: results/iu_xray/current_checkpoint.pth ...
11/21/2021 14:09:42 - INFO - modules.trainer -   [29/30] Start to train in the training set.
best performance in epoch:  19
11/21/2021 14:09:44 - INFO - modules.trainer -   [29/30] Step: 0/64, CE Loss: 0.39951, CON Loss: 0.04111.
11/21/2021 14:10:43 - INFO - modules.trainer -   [29/30] Step: 50/64, CE Loss: 0.40131, CON Loss: 0.04015.
11/21/2021 14:10:58 - INFO - modules.trainer -   [29/30] Start to evaluate in the validation set.
11/21/2021 14:11:13 - INFO - modules.trainer -   [29/30] Start to evaluate in the test set.
11/21/2021 14:11:35 - INFO - modules.trainer -   	epoch          : 29
11/21/2021 14:11:35 - INFO - modules.trainer -   	ce_loss        : 0.407815245911479
11/21/2021 14:11:35 - INFO - modules.trainer -   	con            : 0.039912753796670586
11/21/2021 14:11:35 - INFO - modules.trainer -   	val_BLEU_1     : 0.25649042637611447
11/21/2021 14:11:35 - INFO - modules.trainer -   	val_BLEU_2     : 0.1395423623157849
11/21/2021 14:11:35 - INFO - modules.trainer -   	val_BLEU_3     : 0.08981948733075808
11/21/2021 14:11:35 - INFO - modules.trainer -   	val_BLEU_4     : 0.062037193890955106
11/21/2021 14:11:35 - INFO - modules.trainer -   	val_METEOR     : 0.10806904146564923
11/21/2021 14:11:35 - INFO - modules.trainer -   	val_ROUGE_L    : 0.27185787592193217
11/21/2021 14:11:35 - INFO - modules.trainer -   	test_BLEU_1    : 0.30631323392636367
11/21/2021 14:11:35 - INFO - modules.trainer -   	test_BLEU_2    : 0.18486393949781366
11/21/2021 14:11:35 - INFO - modules.trainer -   	test_BLEU_3    : 0.13121629991263442
11/21/2021 14:11:35 - INFO - modules.trainer -   	test_BLEU_4    : 0.10009652055570328
11/21/2021 14:11:35 - INFO - modules.trainer -   	test_METEOR    : 0.12888398062266962
11/21/2021 14:11:35 - INFO - modules.trainer -   	test_ROUGE_L   : 0.31215339165022055
11/21/2021 14:11:38 - INFO - modules.trainer -   Saving checkpoint: results/iu_xray/current_checkpoint.pth ...
11/21/2021 14:11:38 - INFO - modules.trainer -   [30/30] Start to train in the training set.
best performance in epoch:  19
11/21/2021 14:11:40 - INFO - modules.trainer -   [30/30] Step: 0/64, CE Loss: 0.36498, CON Loss: 0.03871.
11/21/2021 14:12:40 - INFO - modules.trainer -   [30/30] Step: 50/64, CE Loss: 0.39574, CON Loss: 0.03781.
11/21/2021 14:12:55 - INFO - modules.trainer -   [30/30] Start to evaluate in the validation set.
11/21/2021 14:13:09 - INFO - modules.trainer -   [30/30] Start to evaluate in the test set.
11/21/2021 14:13:32 - INFO - modules.trainer -   	epoch          : 30
11/21/2021 14:13:32 - INFO - modules.trainer -   	ce_loss        : 0.40211124857887626
11/21/2021 14:13:32 - INFO - modules.trainer -   	con            : 0.03758399008074775
11/21/2021 14:13:32 - INFO - modules.trainer -   	val_BLEU_1     : 0.2771652378649954
11/21/2021 14:13:32 - INFO - modules.trainer -   	val_BLEU_2     : 0.1658915084420455
11/21/2021 14:13:32 - INFO - modules.trainer -   	val_BLEU_3     : 0.11484171774492666
11/21/2021 14:13:32 - INFO - modules.trainer -   	val_BLEU_4     : 0.08539003931559065
11/21/2021 14:13:32 - INFO - modules.trainer -   	val_METEOR     : 0.12506556815189543
11/21/2021 14:13:32 - INFO - modules.trainer -   	val_ROUGE_L    : 0.3023575441275053
11/21/2021 14:13:32 - INFO - modules.trainer -   	test_BLEU_1    : 0.3365455683152777
11/21/2021 14:13:32 - INFO - modules.trainer -   	test_BLEU_2    : 0.2076387252378568
11/21/2021 14:13:32 - INFO - modules.trainer -   	test_BLEU_3    : 0.14902829387515235
11/21/2021 14:13:32 - INFO - modules.trainer -   	test_BLEU_4    : 0.11330574356920799
11/21/2021 14:13:32 - INFO - modules.trainer -   	test_METEOR    : 0.14523503731259865
11/21/2021 14:13:32 - INFO - modules.trainer -   	test_ROUGE_L   : 0.3259055712437035
11/21/2021 14:13:35 - INFO - modules.trainer -   Saving checkpoint: results/iu_xray/current_checkpoint.pth ...
best performance in epoch:  19
