nohup: ignoring input
11/22/2021 16:43:55 - INFO - modules.trainer -   [1/30] Start to train in the training set.
[W TensorIterator.cpp:918] Warning: Mixed memory format inputs detected while calling the operator. The operator will output contiguous tensor even if some of the inputs are in channels_last format. (function operator())
11/22/2021 16:43:59 - INFO - modules.trainer -   [1/30] Step: 0/64, CE Loss: 6.82624, CON Loss: 0.41507.
11/22/2021 16:45:04 - INFO - modules.trainer -   [1/30] Step: 50/64, CE Loss: 4.82764, CON Loss: 0.40925.
11/22/2021 16:45:20 - INFO - modules.trainer -   [1/30] Start to evaluate in the validation set.
11/22/2021 16:45:39 - INFO - modules.trainer -   [1/30] Start to evaluate in the test set.
11/22/2021 16:46:10 - INFO - modules.trainer -   	epoch          : 1
11/22/2021 16:46:10 - INFO - modules.trainer -   	ce_loss        : 4.776769645512104
11/22/2021 16:46:10 - INFO - modules.trainer -   	con            : 0.4083212106488645
11/22/2021 16:46:10 - INFO - modules.trainer -   	val_BLEU_1     : 0.07398648648648232
11/22/2021 16:46:10 - INFO - modules.trainer -   	val_BLEU_2     : 6.508851160549511e-11
11/22/2021 16:46:10 - INFO - modules.trainer -   	val_BLEU_3     : 6.272340968112692e-14
11/22/2021 16:46:10 - INFO - modules.trainer -   	val_BLEU_4     : 1.9556025839655975e-15
11/22/2021 16:46:10 - INFO - modules.trainer -   	val_METEOR     : 0.02317220217481875
11/22/2021 16:46:10 - INFO - modules.trainer -   	val_ROUGE_L    : 0.09795456002690986
11/22/2021 16:46:10 - INFO - modules.trainer -   	test_BLEU_1    : 0.06985875706214492
11/22/2021 16:46:10 - INFO - modules.trainer -   	test_BLEU_2    : 0.002833272923091644
11/22/2021 16:46:10 - INFO - modules.trainer -   	test_BLEU_3    : 6.167354878236994e-09
11/22/2021 16:46:10 - INFO - modules.trainer -   	test_BLEU_4    : 9.138869745653517e-12
11/22/2021 16:46:10 - INFO - modules.trainer -   	test_METEOR    : 0.0241386619167828
11/22/2021 16:46:10 - INFO - modules.trainer -   	test_ROUGE_L   : 0.09556420337959068
11/22/2021 16:46:14 - INFO - modules.trainer -   Saving checkpoint: results/iu_xray/current_checkpoint.pth ...
11/22/2021 16:46:18 - INFO - modules.trainer -   Saving current best: model_best.pth ...
11/22/2021 16:46:18 - INFO - modules.trainer -   [2/30] Start to train in the training set.
best performance in epoch:  1
11/22/2021 16:46:20 - INFO - modules.trainer -   [2/30] Step: 0/64, CE Loss: 4.51513, CON Loss: 0.40370.
11/22/2021 16:47:25 - INFO - modules.trainer -   [2/30] Step: 50/64, CE Loss: 3.70937, CON Loss: 0.40006.
11/22/2021 16:47:42 - INFO - modules.trainer -   [2/30] Start to evaluate in the validation set.
11/22/2021 16:48:01 - INFO - modules.trainer -   [2/30] Start to evaluate in the test set.
11/22/2021 16:48:32 - INFO - modules.trainer -   	epoch          : 2
11/22/2021 16:48:32 - INFO - modules.trainer -   	ce_loss        : 3.4682208970189095
11/22/2021 16:48:32 - INFO - modules.trainer -   	con            : 0.3991083991713822
11/22/2021 16:48:32 - INFO - modules.trainer -   	val_BLEU_1     : 0.05283560441619503
11/22/2021 16:48:32 - INFO - modules.trainer -   	val_BLEU_2     : 0.03264988558798905
11/22/2021 16:48:32 - INFO - modules.trainer -   	val_BLEU_3     : 0.022036910398756642
11/22/2021 16:48:32 - INFO - modules.trainer -   	val_BLEU_4     : 0.015531563317350058
11/22/2021 16:48:32 - INFO - modules.trainer -   	val_METEOR     : 0.0846004199514343
11/22/2021 16:48:32 - INFO - modules.trainer -   	val_ROUGE_L    : 0.2532019624141373
11/22/2021 16:48:32 - INFO - modules.trainer -   	test_BLEU_1    : 0.07302825670567267
11/22/2021 16:48:32 - INFO - modules.trainer -   	test_BLEU_2    : 0.04665263077109572
11/22/2021 16:48:32 - INFO - modules.trainer -   	test_BLEU_3    : 0.03276685271579726
11/22/2021 16:48:32 - INFO - modules.trainer -   	test_BLEU_4    : 0.02375502255222439
11/22/2021 16:48:32 - INFO - modules.trainer -   	test_METEOR    : 0.09715761471721603
11/22/2021 16:48:32 - INFO - modules.trainer -   	test_ROUGE_L   : 0.27443480683840266
11/22/2021 16:48:36 - INFO - modules.trainer -   Saving checkpoint: results/iu_xray/current_checkpoint.pth ...
11/22/2021 16:48:40 - INFO - modules.trainer -   Saving current best: model_best.pth ...
11/22/2021 16:48:40 - INFO - modules.trainer -   [3/30] Start to train in the training set.
best performance in epoch:  2
11/22/2021 16:48:42 - INFO - modules.trainer -   [3/30] Step: 0/64, CE Loss: 2.63952, CON Loss: 0.39439.
11/22/2021 16:49:47 - INFO - modules.trainer -   [3/30] Step: 50/64, CE Loss: 2.18018, CON Loss: 0.39072.
11/22/2021 16:50:03 - INFO - modules.trainer -   [3/30] Start to evaluate in the validation set.
11/22/2021 16:50:22 - INFO - modules.trainer -   [3/30] Start to evaluate in the test set.
11/22/2021 16:50:53 - INFO - modules.trainer -   	epoch          : 3
11/22/2021 16:50:53 - INFO - modules.trainer -   	ce_loss        : 2.136973487213254
11/22/2021 16:50:53 - INFO - modules.trainer -   	con            : 0.3897275528870523
11/22/2021 16:50:53 - INFO - modules.trainer -   	val_BLEU_1     : 0.3999223040328153
11/22/2021 16:50:53 - INFO - modules.trainer -   	val_BLEU_2     : 0.2571515441364464
11/22/2021 16:50:53 - INFO - modules.trainer -   	val_BLEU_3     : 0.17695430207520926
11/22/2021 16:50:53 - INFO - modules.trainer -   	val_BLEU_4     : 0.12832169895719964
11/22/2021 16:50:53 - INFO - modules.trainer -   	val_METEOR     : 0.17556889186194963
11/22/2021 16:50:53 - INFO - modules.trainer -   	val_ROUGE_L    : 0.34397690863717967
11/22/2021 16:50:53 - INFO - modules.trainer -   	test_BLEU_1    : 0.44401862241832263
11/22/2021 16:50:53 - INFO - modules.trainer -   	test_BLEU_2    : 0.2870567831933586
11/22/2021 16:50:53 - INFO - modules.trainer -   	test_BLEU_3    : 0.20005016464472664
11/22/2021 16:50:53 - INFO - modules.trainer -   	test_BLEU_4    : 0.14792517362055754
11/22/2021 16:50:53 - INFO - modules.trainer -   	test_METEOR    : 0.19105642044652174
11/22/2021 16:50:53 - INFO - modules.trainer -   	test_ROUGE_L   : 0.3615769557402046
11/22/2021 16:50:57 - INFO - modules.trainer -   Saving checkpoint: results/iu_xray/current_checkpoint.pth ...
11/22/2021 16:51:00 - INFO - modules.trainer -   Saving current best: model_best.pth ...
11/22/2021 16:51:00 - INFO - modules.trainer -   [4/30] Start to train in the training set.
best performance in epoch:  3
11/22/2021 16:51:02 - INFO - modules.trainer -   [4/30] Step: 0/64, CE Loss: 1.91539, CON Loss: 0.38474.
11/22/2021 16:52:06 - INFO - modules.trainer -   [4/30] Step: 50/64, CE Loss: 1.84320, CON Loss: 0.38055.
11/22/2021 16:52:23 - INFO - modules.trainer -   [4/30] Start to evaluate in the validation set.
11/22/2021 16:52:41 - INFO - modules.trainer -   [4/30] Start to evaluate in the test set.
11/22/2021 16:53:10 - INFO - modules.trainer -   	epoch          : 4
11/22/2021 16:53:10 - INFO - modules.trainer -   	ce_loss        : 1.841877555474639
11/22/2021 16:53:10 - INFO - modules.trainer -   	con            : 0.3793990393169224
11/22/2021 16:53:10 - INFO - modules.trainer -   	val_BLEU_1     : 0.2081475443043671
11/22/2021 16:53:10 - INFO - modules.trainer -   	val_BLEU_2     : 0.12489277710730717
11/22/2021 16:53:10 - INFO - modules.trainer -   	val_BLEU_3     : 0.08840406089385698
11/22/2021 16:53:10 - INFO - modules.trainer -   	val_BLEU_4     : 0.06728655958447018
11/22/2021 16:53:10 - INFO - modules.trainer -   	val_METEOR     : 0.10578436356821416
11/22/2021 16:53:10 - INFO - modules.trainer -   	val_ROUGE_L    : 0.29829091041945427
11/22/2021 16:53:10 - INFO - modules.trainer -   	test_BLEU_1    : 0.2504842880201232
11/22/2021 16:53:10 - INFO - modules.trainer -   	test_BLEU_2    : 0.15350356406601845
11/22/2021 16:53:10 - INFO - modules.trainer -   	test_BLEU_3    : 0.11072012201058119
11/22/2021 16:53:10 - INFO - modules.trainer -   	test_BLEU_4    : 0.08499352683078866
11/22/2021 16:53:10 - INFO - modules.trainer -   	test_METEOR    : 0.12152454598858091
11/22/2021 16:53:10 - INFO - modules.trainer -   	test_ROUGE_L   : 0.3147086312886779
11/22/2021 16:53:14 - INFO - modules.trainer -   Saving checkpoint: results/iu_xray/current_checkpoint.pth ...
11/22/2021 16:53:14 - INFO - modules.trainer -   [5/30] Start to train in the training set.
best performance in epoch:  3
11/22/2021 16:53:16 - INFO - modules.trainer -   [5/30] Step: 0/64, CE Loss: 1.79169, CON Loss: 0.37358.
11/22/2021 16:54:20 - INFO - modules.trainer -   [5/30] Step: 50/64, CE Loss: 1.64364, CON Loss: 0.36862.
11/22/2021 16:54:36 - INFO - modules.trainer -   [5/30] Start to evaluate in the validation set.
11/22/2021 16:54:57 - INFO - modules.trainer -   [5/30] Start to evaluate in the test set.
11/22/2021 16:55:26 - INFO - modules.trainer -   	epoch          : 5
11/22/2021 16:55:26 - INFO - modules.trainer -   	ce_loss        : 1.6537699401378632
11/22/2021 16:55:26 - INFO - modules.trainer -   	con            : 0.36725954664871097
11/22/2021 16:55:26 - INFO - modules.trainer -   	val_BLEU_1     : 0.1988625889127359
11/22/2021 16:55:26 - INFO - modules.trainer -   	val_BLEU_2     : 0.1180353903908086
11/22/2021 16:55:26 - INFO - modules.trainer -   	val_BLEU_3     : 0.0835544869652126
11/22/2021 16:55:26 - INFO - modules.trainer -   	val_BLEU_4     : 0.06400886298630389
11/22/2021 16:55:26 - INFO - modules.trainer -   	val_METEOR     : 0.1034722429799017
11/22/2021 16:55:26 - INFO - modules.trainer -   	val_ROUGE_L    : 0.29474007494202537
11/22/2021 16:55:26 - INFO - modules.trainer -   	test_BLEU_1    : 0.2414891728040812
11/22/2021 16:55:26 - INFO - modules.trainer -   	test_BLEU_2    : 0.14657508017251872
11/22/2021 16:55:26 - INFO - modules.trainer -   	test_BLEU_3    : 0.10545486468993152
11/22/2021 16:55:26 - INFO - modules.trainer -   	test_BLEU_4    : 0.08101704657824713
11/22/2021 16:55:26 - INFO - modules.trainer -   	test_METEOR    : 0.11945841070409312
11/22/2021 16:55:26 - INFO - modules.trainer -   	test_ROUGE_L   : 0.3121804906222145
11/22/2021 16:55:29 - INFO - modules.trainer -   Saving checkpoint: results/iu_xray/current_checkpoint.pth ...
11/22/2021 16:55:29 - INFO - modules.trainer -   [6/30] Start to train in the training set.
best performance in epoch:  3
11/22/2021 16:55:31 - INFO - modules.trainer -   [6/30] Step: 0/64, CE Loss: 1.59255, CON Loss: 0.36034.
11/22/2021 16:56:35 - INFO - modules.trainer -   [6/30] Step: 50/64, CE Loss: 1.51406, CON Loss: 0.35442.
11/22/2021 16:56:51 - INFO - modules.trainer -   [6/30] Start to evaluate in the validation set.
11/22/2021 16:57:11 - INFO - modules.trainer -   [6/30] Start to evaluate in the test set.
11/22/2021 16:57:41 - INFO - modules.trainer -   	epoch          : 6
11/22/2021 16:57:41 - INFO - modules.trainer -   	ce_loss        : 1.5372039787471294
11/22/2021 16:57:41 - INFO - modules.trainer -   	con            : 0.35279487119987607
11/22/2021 16:57:41 - INFO - modules.trainer -   	val_BLEU_1     : 0.21689148892069157
11/22/2021 16:57:41 - INFO - modules.trainer -   	val_BLEU_2     : 0.12707068084892786
11/22/2021 16:57:41 - INFO - modules.trainer -   	val_BLEU_3     : 0.08874399884118686
11/22/2021 16:57:41 - INFO - modules.trainer -   	val_BLEU_4     : 0.06705326913150718
11/22/2021 16:57:41 - INFO - modules.trainer -   	val_METEOR     : 0.10682005193568214
11/22/2021 16:57:41 - INFO - modules.trainer -   	val_ROUGE_L    : 0.2947991101030267
11/22/2021 16:57:41 - INFO - modules.trainer -   	test_BLEU_1    : 0.25859300285192194
11/22/2021 16:57:41 - INFO - modules.trainer -   	test_BLEU_2    : 0.15517652126434833
11/22/2021 16:57:41 - INFO - modules.trainer -   	test_BLEU_3    : 0.11038343588921418
11/22/2021 16:57:41 - INFO - modules.trainer -   	test_BLEU_4    : 0.08389652220451743
11/22/2021 16:57:41 - INFO - modules.trainer -   	test_METEOR    : 0.12201086403286567
11/22/2021 16:57:41 - INFO - modules.trainer -   	test_ROUGE_L   : 0.3118743079039484
11/22/2021 16:57:45 - INFO - modules.trainer -   Saving checkpoint: results/iu_xray/current_checkpoint.pth ...
11/22/2021 16:57:45 - INFO - modules.trainer -   [7/30] Start to train in the training set.
best performance in epoch:  3
11/22/2021 16:57:47 - INFO - modules.trainer -   [7/30] Step: 0/64, CE Loss: 1.42051, CON Loss: 0.34455.
11/22/2021 16:58:50 - INFO - modules.trainer -   [7/30] Step: 50/64, CE Loss: 1.41746, CON Loss: 0.33744.
11/22/2021 16:59:07 - INFO - modules.trainer -   [7/30] Start to evaluate in the validation set.
11/22/2021 16:59:25 - INFO - modules.trainer -   [7/30] Start to evaluate in the test set.
11/22/2021 16:59:55 - INFO - modules.trainer -   	epoch          : 7
11/22/2021 16:59:55 - INFO - modules.trainer -   	ce_loss        : 1.439795933663845
11/22/2021 16:59:55 - INFO - modules.trainer -   	con            : 0.3354833424091339
11/22/2021 16:59:55 - INFO - modules.trainer -   	val_BLEU_1     : 0.1986534799864344
11/22/2021 16:59:55 - INFO - modules.trainer -   	val_BLEU_2     : 0.11791094525550412
11/22/2021 16:59:55 - INFO - modules.trainer -   	val_BLEU_3     : 0.08349574877741348
11/22/2021 16:59:55 - INFO - modules.trainer -   	val_BLEU_4     : 0.06397511170105762
11/22/2021 16:59:55 - INFO - modules.trainer -   	val_METEOR     : 0.10323093525385423
11/22/2021 16:59:55 - INFO - modules.trainer -   	val_ROUGE_L    : 0.29443084756293514
11/22/2021 16:59:55 - INFO - modules.trainer -   	test_BLEU_1    : 0.2413635596920281
11/22/2021 16:59:55 - INFO - modules.trainer -   	test_BLEU_2    : 0.14640217295427463
11/22/2021 16:59:55 - INFO - modules.trainer -   	test_BLEU_3    : 0.1053770604196767
11/22/2021 16:59:55 - INFO - modules.trainer -   	test_BLEU_4    : 0.08097485048941064
11/22/2021 16:59:55 - INFO - modules.trainer -   	test_METEOR    : 0.11923968263728035
11/22/2021 16:59:55 - INFO - modules.trainer -   	test_ROUGE_L   : 0.31206931403815175
11/22/2021 16:59:58 - INFO - modules.trainer -   Saving checkpoint: results/iu_xray/current_checkpoint.pth ...
11/22/2021 16:59:58 - INFO - modules.trainer -   [8/30] Start to train in the training set.
best performance in epoch:  3
11/22/2021 17:00:00 - INFO - modules.trainer -   [8/30] Step: 0/64, CE Loss: 1.23471, CON Loss: 0.32560.
11/22/2021 17:01:02 - INFO - modules.trainer -   [8/30] Step: 50/64, CE Loss: 1.31995, CON Loss: 0.31721.
11/22/2021 17:01:18 - INFO - modules.trainer -   [8/30] Start to evaluate in the validation set.
11/22/2021 17:01:37 - INFO - modules.trainer -   [8/30] Start to evaluate in the test set.
11/22/2021 17:02:06 - INFO - modules.trainer -   	epoch          : 8
11/22/2021 17:02:06 - INFO - modules.trainer -   	ce_loss        : 1.3345922073349357
11/22/2021 17:02:06 - INFO - modules.trainer -   	con            : 0.3149131005629897
11/22/2021 17:02:06 - INFO - modules.trainer -   	val_BLEU_1     : 0.21471669541071556
11/22/2021 17:02:06 - INFO - modules.trainer -   	val_BLEU_2     : 0.12857944502689353
11/22/2021 17:02:06 - INFO - modules.trainer -   	val_BLEU_3     : 0.09017194785138236
11/22/2021 17:02:06 - INFO - modules.trainer -   	val_BLEU_4     : 0.06852634880709878
11/22/2021 17:02:06 - INFO - modules.trainer -   	val_METEOR     : 0.10847173650663494
11/22/2021 17:02:06 - INFO - modules.trainer -   	val_ROUGE_L    : 0.29783426268636004
11/22/2021 17:02:06 - INFO - modules.trainer -   	test_BLEU_1    : 0.25803993874216097
11/22/2021 17:02:06 - INFO - modules.trainer -   	test_BLEU_2    : 0.1596258277371252
11/22/2021 17:02:06 - INFO - modules.trainer -   	test_BLEU_3    : 0.11519931754132406
11/22/2021 17:02:06 - INFO - modules.trainer -   	test_BLEU_4    : 0.08840225790378471
11/22/2021 17:02:06 - INFO - modules.trainer -   	test_METEOR    : 0.12576800251239542
11/22/2021 17:02:06 - INFO - modules.trainer -   	test_ROUGE_L   : 0.317290384907704
11/22/2021 17:02:09 - INFO - modules.trainer -   Saving checkpoint: results/iu_xray/current_checkpoint.pth ...
11/22/2021 17:02:09 - INFO - modules.trainer -   [9/30] Start to train in the training set.
best performance in epoch:  3
11/22/2021 17:02:11 - INFO - modules.trainer -   [9/30] Step: 0/64, CE Loss: 1.27564, CON Loss: 0.30333.
11/22/2021 17:03:14 - INFO - modules.trainer -   [9/30] Step: 50/64, CE Loss: 1.23950, CON Loss: 0.29365.
11/22/2021 17:03:31 - INFO - modules.trainer -   [9/30] Start to evaluate in the validation set.
11/22/2021 17:03:50 - INFO - modules.trainer -   [9/30] Start to evaluate in the test set.
11/22/2021 17:04:20 - INFO - modules.trainer -   	epoch          : 9
11/22/2021 17:04:20 - INFO - modules.trainer -   	ce_loss        : 1.2495165690779686
11/22/2021 17:04:20 - INFO - modules.trainer -   	con            : 0.29102146439254284
11/22/2021 17:04:20 - INFO - modules.trainer -   	val_BLEU_1     : 0.4300145213513236
11/22/2021 17:04:20 - INFO - modules.trainer -   	val_BLEU_2     : 0.26894403955158847
11/22/2021 17:04:20 - INFO - modules.trainer -   	val_BLEU_3     : 0.18287333397488392
11/22/2021 17:04:20 - INFO - modules.trainer -   	val_BLEU_4     : 0.13312955583023847
11/22/2021 17:04:20 - INFO - modules.trainer -   	val_METEOR     : 0.17552389151885717
11/22/2021 17:04:20 - INFO - modules.trainer -   	val_ROUGE_L    : 0.3450811075665044
11/22/2021 17:04:20 - INFO - modules.trainer -   	test_BLEU_1    : 0.47859135208900655
11/22/2021 17:04:20 - INFO - modules.trainer -   	test_BLEU_2    : 0.3124209250752757
11/22/2021 17:04:20 - INFO - modules.trainer -   	test_BLEU_3    : 0.2256071444654889
11/22/2021 17:04:20 - INFO - modules.trainer -   	test_BLEU_4    : 0.1739142788477257
11/22/2021 17:04:20 - INFO - modules.trainer -   	test_METEOR    : 0.19785708168324276
11/22/2021 17:04:20 - INFO - modules.trainer -   	test_ROUGE_L   : 0.3762092396836121
11/22/2021 17:04:23 - INFO - modules.trainer -   Saving checkpoint: results/iu_xray/current_checkpoint.pth ...
11/22/2021 17:04:28 - INFO - modules.trainer -   Saving current best: model_best.pth ...
11/22/2021 17:04:28 - INFO - modules.trainer -   [10/30] Start to train in the training set.
best performance in epoch:  9
11/22/2021 17:04:30 - INFO - modules.trainer -   [10/30] Step: 0/64, CE Loss: 1.12231, CON Loss: 0.27779.
11/22/2021 17:05:33 - INFO - modules.trainer -   [10/30] Step: 50/64, CE Loss: 1.15038, CON Loss: 0.26695.
11/22/2021 17:05:51 - INFO - modules.trainer -   [10/30] Start to evaluate in the validation set.
11/22/2021 17:06:08 - INFO - modules.trainer -   [10/30] Start to evaluate in the test set.
11/22/2021 17:06:38 - INFO - modules.trainer -   	epoch          : 10
11/22/2021 17:06:38 - INFO - modules.trainer -   	ce_loss        : 1.1671734359115362
11/22/2021 17:06:38 - INFO - modules.trainer -   	con            : 0.26404873561114073
11/22/2021 17:06:38 - INFO - modules.trainer -   	val_BLEU_1     : 0.4031925304350528
11/22/2021 17:06:38 - INFO - modules.trainer -   	val_BLEU_2     : 0.2551671538065037
11/22/2021 17:06:38 - INFO - modules.trainer -   	val_BLEU_3     : 0.1752834039909468
11/22/2021 17:06:38 - INFO - modules.trainer -   	val_BLEU_4     : 0.12506042945473472
11/22/2021 17:06:38 - INFO - modules.trainer -   	val_METEOR     : 0.1570291371513264
11/22/2021 17:06:38 - INFO - modules.trainer -   	val_ROUGE_L    : 0.33723614434621
11/22/2021 17:06:38 - INFO - modules.trainer -   	test_BLEU_1    : 0.449887990416265
11/22/2021 17:06:38 - INFO - modules.trainer -   	test_BLEU_2    : 0.28538978191636477
11/22/2021 17:06:38 - INFO - modules.trainer -   	test_BLEU_3    : 0.19753421805818458
11/22/2021 17:06:38 - INFO - modules.trainer -   	test_BLEU_4    : 0.1418458710282861
11/22/2021 17:06:38 - INFO - modules.trainer -   	test_METEOR    : 0.17545450995853645
11/22/2021 17:06:38 - INFO - modules.trainer -   	test_ROUGE_L   : 0.3602533635352161
11/22/2021 17:06:41 - INFO - modules.trainer -   Saving checkpoint: results/iu_xray/current_checkpoint.pth ...
11/22/2021 17:06:41 - INFO - modules.trainer -   [11/30] Start to train in the training set.
best performance in epoch:  9
11/22/2021 17:06:43 - INFO - modules.trainer -   [11/30] Step: 0/64, CE Loss: 1.01865, CON Loss: 0.24949.
11/22/2021 17:07:47 - INFO - modules.trainer -   [11/30] Step: 50/64, CE Loss: 1.03464, CON Loss: 0.24030.
11/22/2021 17:08:03 - INFO - modules.trainer -   [11/30] Start to evaluate in the validation set.
11/22/2021 17:08:22 - INFO - modules.trainer -   [11/30] Start to evaluate in the test set.
11/22/2021 17:08:52 - INFO - modules.trainer -   	epoch          : 11
11/22/2021 17:08:52 - INFO - modules.trainer -   	ce_loss        : 1.0468808161094785
11/22/2021 17:08:52 - INFO - modules.trainer -   	con            : 0.2378955432213843
11/22/2021 17:08:52 - INFO - modules.trainer -   	val_BLEU_1     : 0.22159145078165232
11/22/2021 17:08:52 - INFO - modules.trainer -   	val_BLEU_2     : 0.13462771621331757
11/22/2021 17:08:52 - INFO - modules.trainer -   	val_BLEU_3     : 0.09591744588150533
11/22/2021 17:08:52 - INFO - modules.trainer -   	val_BLEU_4     : 0.07393793582821512
11/22/2021 17:08:52 - INFO - modules.trainer -   	val_METEOR     : 0.1105824373328785
11/22/2021 17:08:52 - INFO - modules.trainer -   	val_ROUGE_L    : 0.2995442851594351
11/22/2021 17:08:52 - INFO - modules.trainer -   	test_BLEU_1    : 0.25861526553306957
11/22/2021 17:08:52 - INFO - modules.trainer -   	test_BLEU_2    : 0.15713977438225912
11/22/2021 17:08:52 - INFO - modules.trainer -   	test_BLEU_3    : 0.11218727387356008
11/22/2021 17:08:52 - INFO - modules.trainer -   	test_BLEU_4    : 0.08536984064690291
11/22/2021 17:08:52 - INFO - modules.trainer -   	test_METEOR    : 0.1235738931353849
11/22/2021 17:08:52 - INFO - modules.trainer -   	test_ROUGE_L   : 0.31258231427789884
11/22/2021 17:08:56 - INFO - modules.trainer -   Saving checkpoint: results/iu_xray/current_checkpoint.pth ...
11/22/2021 17:08:56 - INFO - modules.trainer -   [12/30] Start to train in the training set.
best performance in epoch:  9
11/22/2021 17:08:58 - INFO - modules.trainer -   [12/30] Step: 0/64, CE Loss: 0.75834, CON Loss: 0.22585.
11/22/2021 17:10:03 - INFO - modules.trainer -   [12/30] Step: 50/64, CE Loss: 0.94741, CON Loss: 0.21656.
11/22/2021 17:10:20 - INFO - modules.trainer -   [12/30] Start to evaluate in the validation set.
11/22/2021 17:10:39 - INFO - modules.trainer -   [12/30] Start to evaluate in the test set.
11/22/2021 17:11:10 - INFO - modules.trainer -   	epoch          : 12
11/22/2021 17:11:10 - INFO - modules.trainer -   	ce_loss        : 0.9591255057603121
11/22/2021 17:11:10 - INFO - modules.trainer -   	con            : 0.2141638279426843
11/22/2021 17:11:10 - INFO - modules.trainer -   	val_BLEU_1     : 0.2381153824028505
11/22/2021 17:11:10 - INFO - modules.trainer -   	val_BLEU_2     : 0.14322304048593504
11/22/2021 17:11:10 - INFO - modules.trainer -   	val_BLEU_3     : 0.100391682435684
11/22/2021 17:11:10 - INFO - modules.trainer -   	val_BLEU_4     : 0.0759654911907212
11/22/2021 17:11:10 - INFO - modules.trainer -   	val_METEOR     : 0.11349171325753685
11/22/2021 17:11:10 - INFO - modules.trainer -   	val_ROUGE_L    : 0.301386398235914
11/22/2021 17:11:10 - INFO - modules.trainer -   	test_BLEU_1    : 0.27763563853367174
11/22/2021 17:11:10 - INFO - modules.trainer -   	test_BLEU_2    : 0.17039779387617013
11/22/2021 17:11:10 - INFO - modules.trainer -   	test_BLEU_3    : 0.12214949734482283
11/22/2021 17:11:10 - INFO - modules.trainer -   	test_BLEU_4    : 0.09311931525244822
11/22/2021 17:11:10 - INFO - modules.trainer -   	test_METEOR    : 0.12935624722979455
11/22/2021 17:11:10 - INFO - modules.trainer -   	test_ROUGE_L   : 0.3171859958389707
11/22/2021 17:11:13 - INFO - modules.trainer -   Saving checkpoint: results/iu_xray/current_checkpoint.pth ...
11/22/2021 17:11:13 - INFO - modules.trainer -   [13/30] Start to train in the training set.
best performance in epoch:  9
11/22/2021 17:11:14 - INFO - modules.trainer -   [13/30] Step: 0/64, CE Loss: 0.75969, CON Loss: 0.20220.
11/22/2021 17:12:19 - INFO - modules.trainer -   [13/30] Step: 50/64, CE Loss: 0.88095, CON Loss: 0.19318.
11/22/2021 17:12:36 - INFO - modules.trainer -   [13/30] Start to evaluate in the validation set.
11/22/2021 17:12:56 - INFO - modules.trainer -   [13/30] Start to evaluate in the test set.
11/22/2021 17:13:27 - INFO - modules.trainer -   	epoch          : 13
11/22/2021 17:13:27 - INFO - modules.trainer -   	ce_loss        : 0.89919095300138
11/22/2021 17:13:27 - INFO - modules.trainer -   	con            : 0.19088043365627527
11/22/2021 17:13:27 - INFO - modules.trainer -   	val_BLEU_1     : 0.27493236222388423
11/22/2021 17:13:27 - INFO - modules.trainer -   	val_BLEU_2     : 0.16487694336486003
11/22/2021 17:13:27 - INFO - modules.trainer -   	val_BLEU_3     : 0.11209009992392087
11/22/2021 17:13:27 - INFO - modules.trainer -   	val_BLEU_4     : 0.08156412447070294
11/22/2021 17:13:27 - INFO - modules.trainer -   	val_METEOR     : 0.12220431503766958
11/22/2021 17:13:27 - INFO - modules.trainer -   	val_ROUGE_L    : 0.305685688942789
11/22/2021 17:13:27 - INFO - modules.trainer -   	test_BLEU_1    : 0.3107723241778818
11/22/2021 17:13:27 - INFO - modules.trainer -   	test_BLEU_2    : 0.19154028247378002
11/22/2021 17:13:27 - INFO - modules.trainer -   	test_BLEU_3    : 0.13382110010254047
11/22/2021 17:13:27 - INFO - modules.trainer -   	test_BLEU_4    : 0.09902228896494576
11/22/2021 17:13:27 - INFO - modules.trainer -   	test_METEOR    : 0.13828139834844136
11/22/2021 17:13:27 - INFO - modules.trainer -   	test_ROUGE_L   : 0.32465327734067184
11/22/2021 17:13:30 - INFO - modules.trainer -   Saving checkpoint: results/iu_xray/current_checkpoint.pth ...
11/22/2021 17:13:30 - INFO - modules.trainer -   [14/30] Start to train in the training set.
best performance in epoch:  9
11/22/2021 17:13:32 - INFO - modules.trainer -   [14/30] Step: 0/64, CE Loss: 0.78255, CON Loss: 0.17943.
11/22/2021 17:14:37 - INFO - modules.trainer -   [14/30] Step: 50/64, CE Loss: 0.83048, CON Loss: 0.17103.
11/22/2021 17:14:54 - INFO - modules.trainer -   [14/30] Start to evaluate in the validation set.
11/22/2021 17:15:13 - INFO - modules.trainer -   [14/30] Start to evaluate in the test set.
11/22/2021 17:15:44 - INFO - modules.trainer -   	epoch          : 14
11/22/2021 17:15:44 - INFO - modules.trainer -   	ce_loss        : 0.8461432782933116
11/22/2021 17:15:44 - INFO - modules.trainer -   	con            : 0.16891005751676857
11/22/2021 17:15:44 - INFO - modules.trainer -   	val_BLEU_1     : 0.25860865878477424
11/22/2021 17:15:44 - INFO - modules.trainer -   	val_BLEU_2     : 0.15761788396854004
11/22/2021 17:15:44 - INFO - modules.trainer -   	val_BLEU_3     : 0.11132507804850195
11/22/2021 17:15:44 - INFO - modules.trainer -   	val_BLEU_4     : 0.08520939414363482
11/22/2021 17:15:44 - INFO - modules.trainer -   	val_METEOR     : 0.11670782934759534
11/22/2021 17:15:44 - INFO - modules.trainer -   	val_ROUGE_L    : 0.30360432044340385
11/22/2021 17:15:44 - INFO - modules.trainer -   	test_BLEU_1    : 0.29356524969526493
11/22/2021 17:15:44 - INFO - modules.trainer -   	test_BLEU_2    : 0.18113173621371315
11/22/2021 17:15:44 - INFO - modules.trainer -   	test_BLEU_3    : 0.1291974275372746
11/22/2021 17:15:44 - INFO - modules.trainer -   	test_BLEU_4    : 0.09744181112516953
11/22/2021 17:15:44 - INFO - modules.trainer -   	test_METEOR    : 0.12928939255446453
11/22/2021 17:15:44 - INFO - modules.trainer -   	test_ROUGE_L   : 0.31635233906637367
11/22/2021 17:15:48 - INFO - modules.trainer -   Saving checkpoint: results/iu_xray/current_checkpoint.pth ...
11/22/2021 17:15:48 - INFO - modules.trainer -   [15/30] Start to train in the training set.
best performance in epoch:  9
11/22/2021 17:15:49 - INFO - modules.trainer -   [15/30] Step: 0/64, CE Loss: 0.69680, CON Loss: 0.15838.
11/22/2021 17:16:54 - INFO - modules.trainer -   [15/30] Step: 50/64, CE Loss: 0.78073, CON Loss: 0.15082.
11/22/2021 17:17:11 - INFO - modules.trainer -   [15/30] Start to evaluate in the validation set.
11/22/2021 17:17:30 - INFO - modules.trainer -   [15/30] Start to evaluate in the test set.
11/22/2021 17:18:00 - INFO - modules.trainer -   	epoch          : 15
11/22/2021 17:18:00 - INFO - modules.trainer -   	ce_loss        : 0.7994494428858161
11/22/2021 17:18:00 - INFO - modules.trainer -   	con            : 0.1489308166783303
11/22/2021 17:18:00 - INFO - modules.trainer -   	val_BLEU_1     : 0.22922154669154557
11/22/2021 17:18:00 - INFO - modules.trainer -   	val_BLEU_2     : 0.13553071042878384
11/22/2021 17:18:00 - INFO - modules.trainer -   	val_BLEU_3     : 0.09457764747300937
11/22/2021 17:18:00 - INFO - modules.trainer -   	val_BLEU_4     : 0.0715062042659745
11/22/2021 17:18:00 - INFO - modules.trainer -   	val_METEOR     : 0.1107592149660532
11/22/2021 17:18:00 - INFO - modules.trainer -   	val_ROUGE_L    : 0.2965684737197607
11/22/2021 17:18:00 - INFO - modules.trainer -   	test_BLEU_1    : 0.27694645313848376
11/22/2021 17:18:00 - INFO - modules.trainer -   	test_BLEU_2    : 0.16454788015774277
11/22/2021 17:18:00 - INFO - modules.trainer -   	test_BLEU_3    : 0.1138264256724468
11/22/2021 17:18:00 - INFO - modules.trainer -   	test_BLEU_4    : 0.08345183310508855
11/22/2021 17:18:00 - INFO - modules.trainer -   	test_METEOR    : 0.12513406052692272
11/22/2021 17:18:00 - INFO - modules.trainer -   	test_ROUGE_L   : 0.30869830914427315
11/22/2021 17:18:04 - INFO - modules.trainer -   Saving checkpoint: results/iu_xray/current_checkpoint.pth ...
11/22/2021 17:18:04 - INFO - modules.trainer -   [16/30] Start to train in the training set.
best performance in epoch:  9
11/22/2021 17:18:06 - INFO - modules.trainer -   [16/30] Step: 0/64, CE Loss: 0.60855, CON Loss: 0.13958.
11/22/2021 17:19:10 - INFO - modules.trainer -   [16/30] Step: 50/64, CE Loss: 0.73979, CON Loss: 0.13298.
11/22/2021 17:19:27 - INFO - modules.trainer -   [16/30] Start to evaluate in the validation set.
11/22/2021 17:19:46 - INFO - modules.trainer -   [16/30] Start to evaluate in the test set.
11/22/2021 17:20:16 - INFO - modules.trainer -   	epoch          : 16
11/22/2021 17:20:16 - INFO - modules.trainer -   	ce_loss        : 0.7476306622847915
11/22/2021 17:20:16 - INFO - modules.trainer -   	con            : 0.1313663300825283
11/22/2021 17:20:16 - INFO - modules.trainer -   	val_BLEU_1     : 0.30662850187108043
11/22/2021 17:20:16 - INFO - modules.trainer -   	val_BLEU_2     : 0.1854429593782519
11/22/2021 17:20:16 - INFO - modules.trainer -   	val_BLEU_3     : 0.128786706352692
11/22/2021 17:20:16 - INFO - modules.trainer -   	val_BLEU_4     : 0.09640921333166634
11/22/2021 17:20:16 - INFO - modules.trainer -   	val_METEOR     : 0.13110048317094933
11/22/2021 17:20:16 - INFO - modules.trainer -   	val_ROUGE_L    : 0.31082622943575144
11/22/2021 17:20:16 - INFO - modules.trainer -   	test_BLEU_1    : 0.34304113732635766
11/22/2021 17:20:16 - INFO - modules.trainer -   	test_BLEU_2    : 0.21455283415968948
11/22/2021 17:20:16 - INFO - modules.trainer -   	test_BLEU_3    : 0.15148070255137602
11/22/2021 17:20:16 - INFO - modules.trainer -   	test_BLEU_4    : 0.11283882771324254
11/22/2021 17:20:16 - INFO - modules.trainer -   	test_METEOR    : 0.14901795032629717
11/22/2021 17:20:16 - INFO - modules.trainer -   	test_ROUGE_L   : 0.3315368412709746
11/22/2021 17:20:19 - INFO - modules.trainer -   Saving checkpoint: results/iu_xray/current_checkpoint.pth ...
11/22/2021 17:20:19 - INFO - modules.trainer -   [17/30] Start to train in the training set.
best performance in epoch:  9
11/22/2021 17:20:21 - INFO - modules.trainer -   [17/30] Step: 0/64, CE Loss: 0.66319, CON Loss: 0.12338.
11/22/2021 17:21:25 - INFO - modules.trainer -   [17/30] Step: 50/64, CE Loss: 0.68893, CON Loss: 0.11783.
11/22/2021 17:21:41 - INFO - modules.trainer -   [17/30] Start to evaluate in the validation set.
11/22/2021 17:22:01 - INFO - modules.trainer -   [17/30] Start to evaluate in the test set.
11/22/2021 17:22:31 - INFO - modules.trainer -   	epoch          : 17
11/22/2021 17:22:31 - INFO - modules.trainer -   	ce_loss        : 0.7064439626410604
11/22/2021 17:22:31 - INFO - modules.trainer -   	con            : 0.11646405817009509
11/22/2021 17:22:31 - INFO - modules.trainer -   	val_BLEU_1     : 0.2577413897828686
11/22/2021 17:22:31 - INFO - modules.trainer -   	val_BLEU_2     : 0.15471354172792076
11/22/2021 17:22:31 - INFO - modules.trainer -   	val_BLEU_3     : 0.1073628220853629
11/22/2021 17:22:31 - INFO - modules.trainer -   	val_BLEU_4     : 0.07980023185687721
11/22/2021 17:22:31 - INFO - modules.trainer -   	val_METEOR     : 0.12070245755242409
11/22/2021 17:22:31 - INFO - modules.trainer -   	val_ROUGE_L    : 0.29842330991410665
11/22/2021 17:22:31 - INFO - modules.trainer -   	test_BLEU_1    : 0.30877876436582996
11/22/2021 17:22:31 - INFO - modules.trainer -   	test_BLEU_2    : 0.18883426251155208
11/22/2021 17:22:31 - INFO - modules.trainer -   	test_BLEU_3    : 0.1323216023453854
11/22/2021 17:22:31 - INFO - modules.trainer -   	test_BLEU_4    : 0.09802185178621174
11/22/2021 17:22:31 - INFO - modules.trainer -   	test_METEOR    : 0.13969468593033502
11/22/2021 17:22:31 - INFO - modules.trainer -   	test_ROUGE_L   : 0.31723411808511204
11/22/2021 17:22:35 - INFO - modules.trainer -   Saving checkpoint: results/iu_xray/current_checkpoint.pth ...
11/22/2021 17:22:35 - INFO - modules.trainer -   [18/30] Start to train in the training set.
best performance in epoch:  9
11/22/2021 17:22:37 - INFO - modules.trainer -   [18/30] Step: 0/64, CE Loss: 0.60733, CON Loss: 0.10974.
11/22/2021 17:23:42 - INFO - modules.trainer -   [18/30] Step: 50/64, CE Loss: 0.67525, CON Loss: 0.10515.
11/22/2021 17:23:58 - INFO - modules.trainer -   [18/30] Start to evaluate in the validation set.
11/22/2021 17:24:18 - INFO - modules.trainer -   [18/30] Start to evaluate in the test set.
11/22/2021 17:24:49 - INFO - modules.trainer -   	epoch          : 18
11/22/2021 17:24:49 - INFO - modules.trainer -   	ce_loss        : 0.6781606003642082
11/22/2021 17:24:49 - INFO - modules.trainer -   	con            : 0.10403315513394773
11/22/2021 17:24:49 - INFO - modules.trainer -   	val_BLEU_1     : 0.28464559014879587
11/22/2021 17:24:49 - INFO - modules.trainer -   	val_BLEU_2     : 0.16007716228669433
11/22/2021 17:24:49 - INFO - modules.trainer -   	val_BLEU_3     : 0.1008929922317946
11/22/2021 17:24:49 - INFO - modules.trainer -   	val_BLEU_4     : 0.0684691369295622
11/22/2021 17:24:49 - INFO - modules.trainer -   	val_METEOR     : 0.12401721519773178
11/22/2021 17:24:49 - INFO - modules.trainer -   	val_ROUGE_L    : 0.30168846041984626
11/22/2021 17:24:49 - INFO - modules.trainer -   	test_BLEU_1    : 0.33298820724871103
11/22/2021 17:24:49 - INFO - modules.trainer -   	test_BLEU_2    : 0.1924195983801512
11/22/2021 17:24:49 - INFO - modules.trainer -   	test_BLEU_3    : 0.1272479231563395
11/22/2021 17:24:49 - INFO - modules.trainer -   	test_BLEU_4    : 0.09071668527691024
11/22/2021 17:24:49 - INFO - modules.trainer -   	test_METEOR    : 0.1410598442510444
11/22/2021 17:24:49 - INFO - modules.trainer -   	test_ROUGE_L   : 0.32711924381648405
11/22/2021 17:24:53 - INFO - modules.trainer -   Saving checkpoint: results/iu_xray/current_checkpoint.pth ...
11/22/2021 17:24:53 - INFO - modules.trainer -   [19/30] Start to train in the training set.
best performance in epoch:  9
11/22/2021 17:24:54 - INFO - modules.trainer -   [19/30] Step: 0/64, CE Loss: 0.56912, CON Loss: 0.09852.
11/22/2021 17:25:57 - INFO - modules.trainer -   [19/30] Step: 50/64, CE Loss: 0.62563, CON Loss: 0.09473.
11/22/2021 17:26:14 - INFO - modules.trainer -   [19/30] Start to evaluate in the validation set.
11/22/2021 17:26:32 - INFO - modules.trainer -   [19/30] Start to evaluate in the test set.
11/22/2021 17:27:01 - INFO - modules.trainer -   	epoch          : 19
11/22/2021 17:27:01 - INFO - modules.trainer -   	ce_loss        : 0.6408727820962667
11/22/2021 17:27:01 - INFO - modules.trainer -   	con            : 0.09379601036198437
11/22/2021 17:27:01 - INFO - modules.trainer -   	val_BLEU_1     : 0.4321133752613882
11/22/2021 17:27:01 - INFO - modules.trainer -   	val_BLEU_2     : 0.2763715350806123
11/22/2021 17:27:01 - INFO - modules.trainer -   	val_BLEU_3     : 0.19038982027672902
11/22/2021 17:27:01 - INFO - modules.trainer -   	val_BLEU_4     : 0.13892013251334184
11/22/2021 17:27:01 - INFO - modules.trainer -   	val_METEOR     : 0.1797991680187829
11/22/2021 17:27:01 - INFO - modules.trainer -   	val_ROUGE_L    : 0.34704745100397966
11/22/2021 17:27:01 - INFO - modules.trainer -   	test_BLEU_1    : 0.47412756435054304
11/22/2021 17:27:01 - INFO - modules.trainer -   	test_BLEU_2    : 0.30691338560792547
11/22/2021 17:27:01 - INFO - modules.trainer -   	test_BLEU_3    : 0.2151352707306891
11/22/2021 17:27:01 - INFO - modules.trainer -   	test_BLEU_4    : 0.16063223409043048
11/22/2021 17:27:01 - INFO - modules.trainer -   	test_METEOR    : 0.19820902747928193
11/22/2021 17:27:01 - INFO - modules.trainer -   	test_ROUGE_L   : 0.3657396357525862
11/22/2021 17:27:05 - INFO - modules.trainer -   Saving checkpoint: results/iu_xray/current_checkpoint.pth ...
11/22/2021 17:27:08 - INFO - modules.trainer -   Saving current best: model_best.pth ...
11/22/2021 17:27:08 - INFO - modules.trainer -   [20/30] Start to train in the training set.
best performance in epoch:  19
11/22/2021 17:27:10 - INFO - modules.trainer -   [20/30] Step: 0/64, CE Loss: 0.48908, CON Loss: 0.08921.
11/22/2021 17:28:13 - INFO - modules.trainer -   [20/30] Step: 50/64, CE Loss: 0.60249, CON Loss: 0.08604.
11/22/2021 17:28:29 - INFO - modules.trainer -   [20/30] Start to evaluate in the validation set.
11/22/2021 17:28:49 - INFO - modules.trainer -   [20/30] Start to evaluate in the test set.
11/22/2021 17:29:19 - INFO - modules.trainer -   	epoch          : 20
11/22/2021 17:29:19 - INFO - modules.trainer -   	ce_loss        : 0.611393291503191
11/22/2021 17:29:19 - INFO - modules.trainer -   	con            : 0.08525731833651662
11/22/2021 17:29:19 - INFO - modules.trainer -   	val_BLEU_1     : 0.2814400298777133
11/22/2021 17:29:19 - INFO - modules.trainer -   	val_BLEU_2     : 0.170109005673716
11/22/2021 17:29:19 - INFO - modules.trainer -   	val_BLEU_3     : 0.11967001985256005
11/22/2021 17:29:19 - INFO - modules.trainer -   	val_BLEU_4     : 0.09090424650385528
11/22/2021 17:29:19 - INFO - modules.trainer -   	val_METEOR     : 0.12344723901976298
11/22/2021 17:29:19 - INFO - modules.trainer -   	val_ROUGE_L    : 0.3101110423547081
11/22/2021 17:29:19 - INFO - modules.trainer -   	test_BLEU_1    : 0.3201007561725043
11/22/2021 17:29:19 - INFO - modules.trainer -   	test_BLEU_2    : 0.19895518958475053
11/22/2021 17:29:19 - INFO - modules.trainer -   	test_BLEU_3    : 0.14433779590493268
11/22/2021 17:29:19 - INFO - modules.trainer -   	test_BLEU_4    : 0.11157272246135863
11/22/2021 17:29:19 - INFO - modules.trainer -   	test_METEOR    : 0.13898551280417235
11/22/2021 17:29:19 - INFO - modules.trainer -   	test_ROUGE_L   : 0.3248767370298001
11/22/2021 17:29:22 - INFO - modules.trainer -   Saving checkpoint: results/iu_xray/current_checkpoint.pth ...
11/22/2021 17:29:22 - INFO - modules.trainer -   [21/30] Start to train in the training set.
best performance in epoch:  19
11/22/2021 17:29:24 - INFO - modules.trainer -   [21/30] Step: 0/64, CE Loss: 0.52909, CON Loss: 0.08136.
11/22/2021 17:30:29 - INFO - modules.trainer -   [21/30] Step: 50/64, CE Loss: 0.54171, CON Loss: 0.07915.
11/22/2021 17:30:46 - INFO - modules.trainer -   [21/30] Start to evaluate in the validation set.
11/22/2021 17:31:04 - INFO - modules.trainer -   [21/30] Start to evaluate in the test set.
11/22/2021 17:31:34 - INFO - modules.trainer -   	epoch          : 21
11/22/2021 17:31:34 - INFO - modules.trainer -   	ce_loss        : 0.5479495110921562
11/22/2021 17:31:34 - INFO - modules.trainer -   	con            : 0.07859594014007598
11/22/2021 17:31:34 - INFO - modules.trainer -   	val_BLEU_1     : 0.24301661805265629
11/22/2021 17:31:34 - INFO - modules.trainer -   	val_BLEU_2     : 0.14494512932380374
11/22/2021 17:31:34 - INFO - modules.trainer -   	val_BLEU_3     : 0.10046080677119583
11/22/2021 17:31:34 - INFO - modules.trainer -   	val_BLEU_4     : 0.07542449047330435
11/22/2021 17:31:34 - INFO - modules.trainer -   	val_METEOR     : 0.11445113631602295
11/22/2021 17:31:34 - INFO - modules.trainer -   	val_ROUGE_L    : 0.3014847408967339
11/22/2021 17:31:34 - INFO - modules.trainer -   	test_BLEU_1    : 0.27972881106570746
11/22/2021 17:31:34 - INFO - modules.trainer -   	test_BLEU_2    : 0.1697044371863554
11/22/2021 17:31:34 - INFO - modules.trainer -   	test_BLEU_3    : 0.12035991310793889
11/22/2021 17:31:34 - INFO - modules.trainer -   	test_BLEU_4    : 0.09083952358966767
11/22/2021 17:31:34 - INFO - modules.trainer -   	test_METEOR    : 0.1297498103202849
11/22/2021 17:31:34 - INFO - modules.trainer -   	test_ROUGE_L   : 0.31721492720564043
11/22/2021 17:31:38 - INFO - modules.trainer -   Saving checkpoint: results/iu_xray/current_checkpoint.pth ...
11/22/2021 17:31:38 - INFO - modules.trainer -   [22/30] Start to train in the training set.
best performance in epoch:  19
11/22/2021 17:31:40 - INFO - modules.trainer -   [22/30] Step: 0/64, CE Loss: 0.43947, CON Loss: 0.07586.
11/22/2021 17:32:44 - INFO - modules.trainer -   [22/30] Step: 50/64, CE Loss: 0.49858, CON Loss: 0.07388.
11/22/2021 17:33:01 - INFO - modules.trainer -   [22/30] Start to evaluate in the validation set.
11/22/2021 17:33:19 - INFO - modules.trainer -   [22/30] Start to evaluate in the test set.
11/22/2021 17:33:48 - INFO - modules.trainer -   	epoch          : 22
11/22/2021 17:33:48 - INFO - modules.trainer -   	ce_loss        : 0.5040431562811136
11/22/2021 17:33:48 - INFO - modules.trainer -   	con            : 0.07338532386347651
11/22/2021 17:33:48 - INFO - modules.trainer -   	val_BLEU_1     : 0.39749333306657525
11/22/2021 17:33:48 - INFO - modules.trainer -   	val_BLEU_2     : 0.25078144637343713
11/22/2021 17:33:48 - INFO - modules.trainer -   	val_BLEU_3     : 0.17223667959345265
11/22/2021 17:33:48 - INFO - modules.trainer -   	val_BLEU_4     : 0.12548525293672536
11/22/2021 17:33:48 - INFO - modules.trainer -   	val_METEOR     : 0.16989103658365995
11/22/2021 17:33:48 - INFO - modules.trainer -   	val_ROUGE_L    : 0.34179672691955537
11/22/2021 17:33:48 - INFO - modules.trainer -   	test_BLEU_1    : 0.4520557931153559
11/22/2021 17:33:48 - INFO - modules.trainer -   	test_BLEU_2    : 0.2899568803639816
11/22/2021 17:33:48 - INFO - modules.trainer -   	test_BLEU_3    : 0.2029445668951705
11/22/2021 17:33:48 - INFO - modules.trainer -   	test_BLEU_4    : 0.14950861444135682
11/22/2021 17:33:48 - INFO - modules.trainer -   	test_METEOR    : 0.19068964150644085
11/22/2021 17:33:48 - INFO - modules.trainer -   	test_ROUGE_L   : 0.3618652549233586
11/22/2021 17:33:51 - INFO - modules.trainer -   Saving checkpoint: results/iu_xray/current_checkpoint.pth ...
11/22/2021 17:33:51 - INFO - modules.trainer -   [23/30] Start to train in the training set.
best performance in epoch:  19
11/22/2021 17:33:53 - INFO - modules.trainer -   [23/30] Step: 0/64, CE Loss: 0.44394, CON Loss: 0.07091.
11/22/2021 17:34:56 - INFO - modules.trainer -   [23/30] Step: 50/64, CE Loss: 0.47211, CON Loss: 0.06912.
11/22/2021 17:35:12 - INFO - modules.trainer -   [23/30] Start to evaluate in the validation set.
11/22/2021 17:35:31 - INFO - modules.trainer -   [23/30] Start to evaluate in the test set.
11/22/2021 17:36:00 - INFO - modules.trainer -   	epoch          : 23
11/22/2021 17:36:00 - INFO - modules.trainer -   	ce_loss        : 0.48006048426032066
11/22/2021 17:36:00 - INFO - modules.trainer -   	con            : 0.06867293978575617
11/22/2021 17:36:00 - INFO - modules.trainer -   	val_BLEU_1     : 0.3071812600975654
11/22/2021 17:36:00 - INFO - modules.trainer -   	val_BLEU_2     : 0.1941760000087527
11/22/2021 17:36:00 - INFO - modules.trainer -   	val_BLEU_3     : 0.13866140131645902
11/22/2021 17:36:00 - INFO - modules.trainer -   	val_BLEU_4     : 0.10623645220871074
11/22/2021 17:36:00 - INFO - modules.trainer -   	val_METEOR     : 0.1385222034428506
11/22/2021 17:36:00 - INFO - modules.trainer -   	val_ROUGE_L    : 0.32039282365018934
11/22/2021 17:36:00 - INFO - modules.trainer -   	test_BLEU_1    : 0.35693480265867467
11/22/2021 17:36:00 - INFO - modules.trainer -   	test_BLEU_2    : 0.22364648411703866
11/22/2021 17:36:00 - INFO - modules.trainer -   	test_BLEU_3    : 0.1561271867002816
11/22/2021 17:36:00 - INFO - modules.trainer -   	test_BLEU_4    : 0.11478233980056274
11/22/2021 17:36:00 - INFO - modules.trainer -   	test_METEOR    : 0.15748124469992517
11/22/2021 17:36:00 - INFO - modules.trainer -   	test_ROUGE_L   : 0.3330099828869026
11/22/2021 17:36:04 - INFO - modules.trainer -   Saving checkpoint: results/iu_xray/current_checkpoint.pth ...
11/22/2021 17:36:04 - INFO - modules.trainer -   [24/30] Start to train in the training set.
best performance in epoch:  19
11/22/2021 17:36:05 - INFO - modules.trainer -   [24/30] Step: 0/64, CE Loss: 0.41797, CON Loss: 0.06645.
11/22/2021 17:37:09 - INFO - modules.trainer -   [24/30] Step: 50/64, CE Loss: 0.45179, CON Loss: 0.06482.
11/22/2021 17:37:25 - INFO - modules.trainer -   [24/30] Start to evaluate in the validation set.
11/22/2021 17:37:45 - INFO - modules.trainer -   [24/30] Start to evaluate in the test set.
11/22/2021 17:38:15 - INFO - modules.trainer -   	epoch          : 24
11/22/2021 17:38:15 - INFO - modules.trainer -   	ce_loss        : 0.46029906813055277
11/22/2021 17:38:15 - INFO - modules.trainer -   	con            : 0.0644093991140835
11/22/2021 17:38:15 - INFO - modules.trainer -   	val_BLEU_1     : 0.34666395971474934
11/22/2021 17:38:15 - INFO - modules.trainer -   	val_BLEU_2     : 0.1900988416678669
11/22/2021 17:38:15 - INFO - modules.trainer -   	val_BLEU_3     : 0.10946306797025808
11/22/2021 17:38:15 - INFO - modules.trainer -   	val_BLEU_4     : 0.0678696230783575
11/22/2021 17:38:15 - INFO - modules.trainer -   	val_METEOR     : 0.13942942469462458
11/22/2021 17:38:15 - INFO - modules.trainer -   	val_ROUGE_L    : 0.2855697304295945
11/22/2021 17:38:15 - INFO - modules.trainer -   	test_BLEU_1    : 0.3885141611232671
11/22/2021 17:38:15 - INFO - modules.trainer -   	test_BLEU_2    : 0.21179900922047826
11/22/2021 17:38:15 - INFO - modules.trainer -   	test_BLEU_3    : 0.12222402541918248
11/22/2021 17:38:15 - INFO - modules.trainer -   	test_BLEU_4    : 0.07377279769780817
11/22/2021 17:38:15 - INFO - modules.trainer -   	test_METEOR    : 0.15368036762652712
11/22/2021 17:38:15 - INFO - modules.trainer -   	test_ROUGE_L   : 0.2975080225345815
11/22/2021 17:38:19 - INFO - modules.trainer -   Saving checkpoint: results/iu_xray/current_checkpoint.pth ...
11/22/2021 17:38:19 - INFO - modules.trainer -   [25/30] Start to train in the training set.
best performance in epoch:  19
11/22/2021 17:38:21 - INFO - modules.trainer -   [25/30] Step: 0/64, CE Loss: 0.43831, CON Loss: 0.06236.
11/22/2021 17:39:25 - INFO - modules.trainer -   [25/30] Step: 50/64, CE Loss: 0.44202, CON Loss: 0.06087.
11/22/2021 17:39:42 - INFO - modules.trainer -   [25/30] Start to evaluate in the validation set.
11/22/2021 17:39:59 - INFO - modules.trainer -   [25/30] Start to evaluate in the test set.
11/22/2021 17:40:29 - INFO - modules.trainer -   	epoch          : 25
11/22/2021 17:40:29 - INFO - modules.trainer -   	ce_loss        : 0.45036936085671186
11/22/2021 17:40:29 - INFO - modules.trainer -   	con            : 0.060490865842439234
11/22/2021 17:40:29 - INFO - modules.trainer -   	val_BLEU_1     : 0.25538779377872833
11/22/2021 17:40:29 - INFO - modules.trainer -   	val_BLEU_2     : 0.15371801097445625
11/22/2021 17:40:29 - INFO - modules.trainer -   	val_BLEU_3     : 0.10657914970884448
11/22/2021 17:40:29 - INFO - modules.trainer -   	val_BLEU_4     : 0.07907787642306709
11/22/2021 17:40:29 - INFO - modules.trainer -   	val_METEOR     : 0.11790540554713125
11/22/2021 17:40:29 - INFO - modules.trainer -   	val_ROUGE_L    : 0.29862255324622655
11/22/2021 17:40:29 - INFO - modules.trainer -   	test_BLEU_1    : 0.299409800419773
11/22/2021 17:40:29 - INFO - modules.trainer -   	test_BLEU_2    : 0.18197822845752562
11/22/2021 17:40:29 - INFO - modules.trainer -   	test_BLEU_3    : 0.12811188166705703
11/22/2021 17:40:29 - INFO - modules.trainer -   	test_BLEU_4    : 0.09565657269114695
11/22/2021 17:40:29 - INFO - modules.trainer -   	test_METEOR    : 0.13383010636187742
11/22/2021 17:40:29 - INFO - modules.trainer -   	test_ROUGE_L   : 0.31712779624434995
11/22/2021 17:40:32 - INFO - modules.trainer -   Saving checkpoint: results/iu_xray/current_checkpoint.pth ...
11/22/2021 17:40:32 - INFO - modules.trainer -   [26/30] Start to train in the training set.
best performance in epoch:  19
11/22/2021 17:40:34 - INFO - modules.trainer -   [26/30] Step: 0/64, CE Loss: 0.39271, CON Loss: 0.05861.
11/22/2021 17:41:39 - INFO - modules.trainer -   [26/30] Step: 50/64, CE Loss: 0.43223, CON Loss: 0.05723.
11/22/2021 17:41:55 - INFO - modules.trainer -   [26/30] Start to evaluate in the validation set.
11/22/2021 17:42:15 - INFO - modules.trainer -   [26/30] Start to evaluate in the test set.
11/22/2021 17:42:45 - INFO - modules.trainer -   	epoch          : 26
11/22/2021 17:42:45 - INFO - modules.trainer -   	ce_loss        : 0.43837693240493536
11/22/2021 17:42:45 - INFO - modules.trainer -   	con            : 0.05687834246782586
11/22/2021 17:42:45 - INFO - modules.trainer -   	val_BLEU_1     : 0.41528245766736
11/22/2021 17:42:45 - INFO - modules.trainer -   	val_BLEU_2     : 0.2313218585826955
11/22/2021 17:42:45 - INFO - modules.trainer -   	val_BLEU_3     : 0.15019754184146214
11/22/2021 17:42:45 - INFO - modules.trainer -   	val_BLEU_4     : 0.10493616977273704
11/22/2021 17:42:45 - INFO - modules.trainer -   	val_METEOR     : 0.1560316750136816
11/22/2021 17:42:45 - INFO - modules.trainer -   	val_ROUGE_L    : 0.30931436684464336
11/22/2021 17:42:45 - INFO - modules.trainer -   	test_BLEU_1    : 0.4388659482324283
11/22/2021 17:42:45 - INFO - modules.trainer -   	test_BLEU_2    : 0.26717580081400344
11/22/2021 17:42:45 - INFO - modules.trainer -   	test_BLEU_3    : 0.18926595247404987
11/22/2021 17:42:45 - INFO - modules.trainer -   	test_BLEU_4    : 0.14371175704651115
11/22/2021 17:42:45 - INFO - modules.trainer -   	test_METEOR    : 0.17981262676341273
11/22/2021 17:42:45 - INFO - modules.trainer -   	test_ROUGE_L   : 0.34338638303187907
11/22/2021 17:42:48 - INFO - modules.trainer -   Saving checkpoint: results/iu_xray/current_checkpoint.pth ...
11/22/2021 17:42:48 - INFO - modules.trainer -   [27/30] Start to train in the training set.
best performance in epoch:  19
11/22/2021 17:42:50 - INFO - modules.trainer -   [27/30] Step: 0/64, CE Loss: 0.36630, CON Loss: 0.05514.
11/22/2021 17:43:55 - INFO - modules.trainer -   [27/30] Step: 50/64, CE Loss: 0.42429, CON Loss: 0.05386.
11/22/2021 17:44:11 - INFO - modules.trainer -   [27/30] Start to evaluate in the validation set.
11/22/2021 17:44:31 - INFO - modules.trainer -   [27/30] Start to evaluate in the test set.
11/22/2021 17:45:02 - INFO - modules.trainer -   	epoch          : 27
11/22/2021 17:45:02 - INFO - modules.trainer -   	ce_loss        : 0.4302702574059367
11/22/2021 17:45:02 - INFO - modules.trainer -   	con            : 0.05353468586690724
11/22/2021 17:45:02 - INFO - modules.trainer -   	val_BLEU_1     : 0.26250839241943086
11/22/2021 17:45:02 - INFO - modules.trainer -   	val_BLEU_2     : 0.1589522604345565
11/22/2021 17:45:02 - INFO - modules.trainer -   	val_BLEU_3     : 0.11071231616541348
11/22/2021 17:45:02 - INFO - modules.trainer -   	val_BLEU_4     : 0.08272157754351644
11/22/2021 17:45:02 - INFO - modules.trainer -   	val_METEOR     : 0.12016305341220827
11/22/2021 17:45:02 - INFO - modules.trainer -   	val_ROUGE_L    : 0.29864146435962613
11/22/2021 17:45:02 - INFO - modules.trainer -   	test_BLEU_1    : 0.3062108272829646
11/22/2021 17:45:02 - INFO - modules.trainer -   	test_BLEU_2    : 0.18831960337682044
11/22/2021 17:45:02 - INFO - modules.trainer -   	test_BLEU_3    : 0.1334676682082991
11/22/2021 17:45:02 - INFO - modules.trainer -   	test_BLEU_4    : 0.10008471000307763
11/22/2021 17:45:02 - INFO - modules.trainer -   	test_METEOR    : 0.13636646914868092
11/22/2021 17:45:02 - INFO - modules.trainer -   	test_ROUGE_L   : 0.3169512333718028
11/22/2021 17:45:06 - INFO - modules.trainer -   Saving checkpoint: results/iu_xray/current_checkpoint.pth ...
11/22/2021 17:45:06 - INFO - modules.trainer -   [28/30] Start to train in the training set.
best performance in epoch:  19
11/22/2021 17:45:08 - INFO - modules.trainer -   [28/30] Step: 0/64, CE Loss: 0.40666, CON Loss: 0.05193.
11/22/2021 17:46:12 - INFO - modules.trainer -   [28/30] Step: 50/64, CE Loss: 0.41528, CON Loss: 0.05074.
11/22/2021 17:46:29 - INFO - modules.trainer -   [28/30] Start to evaluate in the validation set.
11/22/2021 17:46:48 - INFO - modules.trainer -   [28/30] Start to evaluate in the test set.
11/22/2021 17:47:19 - INFO - modules.trainer -   	epoch          : 28
11/22/2021 17:47:19 - INFO - modules.trainer -   	ce_loss        : 0.42162841837853193
11/22/2021 17:47:19 - INFO - modules.trainer -   	con            : 0.050437925674486905
11/22/2021 17:47:19 - INFO - modules.trainer -   	val_BLEU_1     : 0.2643451867819317
11/22/2021 17:47:19 - INFO - modules.trainer -   	val_BLEU_2     : 0.1569172706420584
11/22/2021 17:47:19 - INFO - modules.trainer -   	val_BLEU_3     : 0.10783798383011255
11/22/2021 17:47:19 - INFO - modules.trainer -   	val_BLEU_4     : 0.07984584160443653
11/22/2021 17:47:19 - INFO - modules.trainer -   	val_METEOR     : 0.12026851699764621
11/22/2021 17:47:19 - INFO - modules.trainer -   	val_ROUGE_L    : 0.2998774285853892
11/22/2021 17:47:19 - INFO - modules.trainer -   	test_BLEU_1    : 0.30660197107281223
11/22/2021 17:47:19 - INFO - modules.trainer -   	test_BLEU_2    : 0.18763362560056848
11/22/2021 17:47:19 - INFO - modules.trainer -   	test_BLEU_3    : 0.13342825907133138
11/22/2021 17:47:19 - INFO - modules.trainer -   	test_BLEU_4    : 0.10037910261545888
11/22/2021 17:47:19 - INFO - modules.trainer -   	test_METEOR    : 0.1357527017457746
11/22/2021 17:47:19 - INFO - modules.trainer -   	test_ROUGE_L   : 0.3184757549274236
11/22/2021 17:47:23 - INFO - modules.trainer -   Saving checkpoint: results/iu_xray/current_checkpoint.pth ...
11/22/2021 17:47:23 - INFO - modules.trainer -   [29/30] Start to train in the training set.
best performance in epoch:  19
11/22/2021 17:47:25 - INFO - modules.trainer -   [29/30] Step: 0/64, CE Loss: 0.36346, CON Loss: 0.04893.
11/22/2021 17:48:30 - INFO - modules.trainer -   [29/30] Step: 50/64, CE Loss: 0.40515, CON Loss: 0.04780.
11/22/2021 17:48:46 - INFO - modules.trainer -   [29/30] Start to evaluate in the validation set.
11/22/2021 17:49:06 - INFO - modules.trainer -   [29/30] Start to evaluate in the test set.
11/22/2021 17:49:37 - INFO - modules.trainer -   	epoch          : 29
11/22/2021 17:49:37 - INFO - modules.trainer -   	ce_loss        : 0.4112555827014148
11/22/2021 17:49:37 - INFO - modules.trainer -   	con            : 0.047509315772913396
11/22/2021 17:49:37 - INFO - modules.trainer -   	val_BLEU_1     : 0.2646724470073982
11/22/2021 17:49:37 - INFO - modules.trainer -   	val_BLEU_2     : 0.15770819168926
11/22/2021 17:49:37 - INFO - modules.trainer -   	val_BLEU_3     : 0.10855823336050091
11/22/2021 17:49:37 - INFO - modules.trainer -   	val_BLEU_4     : 0.08059722810149754
11/22/2021 17:49:37 - INFO - modules.trainer -   	val_METEOR     : 0.12269276340783106
11/22/2021 17:49:37 - INFO - modules.trainer -   	val_ROUGE_L    : 0.2903301211425618
11/22/2021 17:49:37 - INFO - modules.trainer -   	test_BLEU_1    : 0.30956261046090944
11/22/2021 17:49:37 - INFO - modules.trainer -   	test_BLEU_2    : 0.18851567598708768
11/22/2021 17:49:37 - INFO - modules.trainer -   	test_BLEU_3    : 0.13187948822940265
11/22/2021 17:49:37 - INFO - modules.trainer -   	test_BLEU_4    : 0.09835768438202645
11/22/2021 17:49:37 - INFO - modules.trainer -   	test_METEOR    : 0.1400559946304987
11/22/2021 17:49:37 - INFO - modules.trainer -   	test_ROUGE_L   : 0.3103249182462277
11/22/2021 17:49:40 - INFO - modules.trainer -   Saving checkpoint: results/iu_xray/current_checkpoint.pth ...
11/22/2021 17:49:40 - INFO - modules.trainer -   [30/30] Start to train in the training set.
best performance in epoch:  19
11/22/2021 17:49:42 - INFO - modules.trainer -   [30/30] Step: 0/64, CE Loss: 0.35114, CON Loss: 0.04608.
11/22/2021 17:50:47 - INFO - modules.trainer -   [30/30] Step: 50/64, CE Loss: 0.40436, CON Loss: 0.04504.
11/22/2021 17:51:04 - INFO - modules.trainer -   [30/30] Start to evaluate in the validation set.
11/22/2021 17:51:23 - INFO - modules.trainer -   [30/30] Start to evaluate in the test set.
11/22/2021 17:51:53 - INFO - modules.trainer -   	epoch          : 30
11/22/2021 17:51:53 - INFO - modules.trainer -   	ce_loss        : 0.4087810330092907
11/22/2021 17:51:53 - INFO - modules.trainer -   	con            : 0.04477894923184067
11/22/2021 17:51:53 - INFO - modules.trainer -   	val_BLEU_1     : 0.2688394656363816
11/22/2021 17:51:53 - INFO - modules.trainer -   	val_BLEU_2     : 0.1618995652222193
11/22/2021 17:51:53 - INFO - modules.trainer -   	val_BLEU_3     : 0.11213934676032718
11/22/2021 17:51:53 - INFO - modules.trainer -   	val_BLEU_4     : 0.08390812007162494
11/22/2021 17:51:53 - INFO - modules.trainer -   	val_METEOR     : 0.12544567680785573
11/22/2021 17:51:53 - INFO - modules.trainer -   	val_ROUGE_L    : 0.3117317498868871
11/22/2021 17:51:53 - INFO - modules.trainer -   	test_BLEU_1    : 0.3094494072994478
11/22/2021 17:51:53 - INFO - modules.trainer -   	test_BLEU_2    : 0.19264667158615026
11/22/2021 17:51:53 - INFO - modules.trainer -   	test_BLEU_3    : 0.13679664890988344
11/22/2021 17:51:53 - INFO - modules.trainer -   	test_BLEU_4    : 0.10302346540726459
11/22/2021 17:51:53 - INFO - modules.trainer -   	test_METEOR    : 0.1391575003900806
11/22/2021 17:51:53 - INFO - modules.trainer -   	test_ROUGE_L   : 0.3245425491184046
11/22/2021 17:51:58 - INFO - modules.trainer -   Saving checkpoint: results/iu_xray/current_checkpoint.pth ...
best performance in epoch:  19
