nohup: ignoring input
11/20/2021 21:12:36 - INFO - modules.trainer -   [1/30] Start to train in the training set.
[W TensorIterator.cpp:918] Warning: Mixed memory format inputs detected while calling the operator. The operator will output contiguous tensor even if some of the inputs are in channels_last format. (function operator())
11/20/2021 21:12:40 - INFO - modules.trainer -   [1/30] Step: 0/64, CE Loss: 6.82502, CON Loss: 0.34984.
11/20/2021 21:13:42 - INFO - modules.trainer -   [1/30] Step: 50/64, CE Loss: 4.54423, CON Loss: 0.34424.
11/20/2021 21:13:58 - INFO - modules.trainer -   [1/30] Start to evaluate in the validation set.
11/20/2021 21:14:13 - INFO - modules.trainer -   [1/30] Start to evaluate in the test set.
11/20/2021 21:14:36 - INFO - modules.trainer -   	epoch          : 1
11/20/2021 21:14:36 - INFO - modules.trainer -   	ce_loss        : 4.305444318801165
11/20/2021 21:14:36 - INFO - modules.trainer -   	con            : 0.34342153929173946
11/20/2021 21:14:36 - INFO - modules.trainer -   	val_BLEU_1     : 0.0057587783633988475
11/20/2021 21:14:36 - INFO - modules.trainer -   	val_BLEU_2     : 0.0038052694336032956
11/20/2021 21:14:36 - INFO - modules.trainer -   	val_BLEU_3     : 0.0026101499303055127
11/20/2021 21:14:36 - INFO - modules.trainer -   	val_BLEU_4     : 0.0007573634490501166
11/20/2021 21:14:36 - INFO - modules.trainer -   	val_METEOR     : 0.051615782648731706
11/20/2021 21:14:36 - INFO - modules.trainer -   	val_ROUGE_L    : 0.1740488514051825
11/20/2021 21:14:36 - INFO - modules.trainer -   	test_BLEU_1    : 0.00979314490175467
11/20/2021 21:14:36 - INFO - modules.trainer -   	test_BLEU_2    : 0.00669224754752052
11/20/2021 21:14:36 - INFO - modules.trainer -   	test_BLEU_3    : 0.004543666468086252
11/20/2021 21:14:36 - INFO - modules.trainer -   	test_BLEU_4    : 1.6391842387040632e-07
11/20/2021 21:14:36 - INFO - modules.trainer -   	test_METEOR    : 0.06002636073448624
11/20/2021 21:14:36 - INFO - modules.trainer -   	test_ROUGE_L   : 0.1980894118570206
11/20/2021 21:14:39 - INFO - modules.trainer -   Saving checkpoint: results/iu_xray/current_checkpoint.pth ...
11/20/2021 21:14:43 - INFO - modules.trainer -   Saving current best: model_best.pth ...
11/20/2021 21:14:43 - INFO - modules.trainer -   [2/30] Start to train in the training set.
best performance in epoch:  1
11/20/2021 21:14:45 - INFO - modules.trainer -   [2/30] Step: 0/64, CE Loss: 3.00744, CON Loss: 0.33935.
11/20/2021 21:15:46 - INFO - modules.trainer -   [2/30] Step: 50/64, CE Loss: 2.79965, CON Loss: 0.33639.
11/20/2021 21:16:02 - INFO - modules.trainer -   [2/30] Start to evaluate in the validation set.
11/20/2021 21:16:17 - INFO - modules.trainer -   [2/30] Start to evaluate in the test set.
11/20/2021 21:16:40 - INFO - modules.trainer -   	epoch          : 2
11/20/2021 21:16:40 - INFO - modules.trainer -   	ce_loss        : 2.736592948436737
11/20/2021 21:16:40 - INFO - modules.trainer -   	con            : 0.33564707078039646
11/20/2021 21:16:40 - INFO - modules.trainer -   	val_BLEU_1     : 0.18751802249087066
11/20/2021 21:16:40 - INFO - modules.trainer -   	val_BLEU_2     : 0.12096606032719523
11/20/2021 21:16:40 - INFO - modules.trainer -   	val_BLEU_3     : 0.08809203324321789
11/20/2021 21:16:40 - INFO - modules.trainer -   	val_BLEU_4     : 0.06500788348466872
11/20/2021 21:16:40 - INFO - modules.trainer -   	val_METEOR     : 0.10779499102359627
11/20/2021 21:16:40 - INFO - modules.trainer -   	val_ROUGE_L    : 0.2789183829707431
11/20/2021 21:16:40 - INFO - modules.trainer -   	test_BLEU_1    : 0.22936951949162956
11/20/2021 21:16:40 - INFO - modules.trainer -   	test_BLEU_2    : 0.15447488221627645
11/20/2021 21:16:40 - INFO - modules.trainer -   	test_BLEU_3    : 0.1162859028092352
11/20/2021 21:16:40 - INFO - modules.trainer -   	test_BLEU_4    : 0.08813720426108194
11/20/2021 21:16:40 - INFO - modules.trainer -   	test_METEOR    : 0.12498701595117336
11/20/2021 21:16:40 - INFO - modules.trainer -   	test_ROUGE_L   : 0.3038102836541334
11/20/2021 21:16:43 - INFO - modules.trainer -   Saving checkpoint: results/iu_xray/current_checkpoint.pth ...
11/20/2021 21:16:48 - INFO - modules.trainer -   Saving current best: model_best.pth ...
11/20/2021 21:16:48 - INFO - modules.trainer -   [3/30] Start to train in the training set.
best performance in epoch:  2
11/20/2021 21:16:50 - INFO - modules.trainer -   [3/30] Step: 0/64, CE Loss: 2.69178, CON Loss: 0.33194.
11/20/2021 21:17:51 - INFO - modules.trainer -   [3/30] Step: 50/64, CE Loss: 2.27823, CON Loss: 0.32915.
11/20/2021 21:18:07 - INFO - modules.trainer -   [3/30] Start to evaluate in the validation set.
11/20/2021 21:18:22 - INFO - modules.trainer -   [3/30] Start to evaluate in the test set.
11/20/2021 21:18:45 - INFO - modules.trainer -   	epoch          : 3
11/20/2021 21:18:45 - INFO - modules.trainer -   	ce_loss        : 2.2400110196322203
11/20/2021 21:18:45 - INFO - modules.trainer -   	con            : 0.3284113393165171
11/20/2021 21:18:45 - INFO - modules.trainer -   	val_BLEU_1     : 0.40190297724820234
11/20/2021 21:18:45 - INFO - modules.trainer -   	val_BLEU_2     : 0.26061063100596027
11/20/2021 21:18:45 - INFO - modules.trainer -   	val_BLEU_3     : 0.17999207111991103
11/20/2021 21:18:45 - INFO - modules.trainer -   	val_BLEU_4     : 0.13070811769938487
11/20/2021 21:18:45 - INFO - modules.trainer -   	val_METEOR     : 0.17734580270631822
11/20/2021 21:18:45 - INFO - modules.trainer -   	val_ROUGE_L    : 0.3444906070605464
11/20/2021 21:18:45 - INFO - modules.trainer -   	test_BLEU_1    : 0.4459734074535765
11/20/2021 21:18:45 - INFO - modules.trainer -   	test_BLEU_2    : 0.2899057347574664
11/20/2021 21:18:45 - INFO - modules.trainer -   	test_BLEU_3    : 0.20261751038247827
11/20/2021 21:18:45 - INFO - modules.trainer -   	test_BLEU_4    : 0.15045476770163055
11/20/2021 21:18:45 - INFO - modules.trainer -   	test_METEOR    : 0.19303261372550223
11/20/2021 21:18:45 - INFO - modules.trainer -   	test_ROUGE_L   : 0.3617871883620616
11/20/2021 21:18:50 - INFO - modules.trainer -   Saving checkpoint: results/iu_xray/current_checkpoint.pth ...
11/20/2021 21:18:54 - INFO - modules.trainer -   Saving current best: model_best.pth ...
11/20/2021 21:18:54 - INFO - modules.trainer -   [4/30] Start to train in the training set.
best performance in epoch:  3
11/20/2021 21:18:56 - INFO - modules.trainer -   [4/30] Step: 0/64, CE Loss: 2.03991, CON Loss: 0.32473.
11/20/2021 21:19:58 - INFO - modules.trainer -   [4/30] Step: 50/64, CE Loss: 1.99717, CON Loss: 0.32178.
11/20/2021 21:20:13 - INFO - modules.trainer -   [4/30] Start to evaluate in the validation set.
11/20/2021 21:20:30 - INFO - modules.trainer -   [4/30] Start to evaluate in the test set.
11/20/2021 21:20:56 - INFO - modules.trainer -   	epoch          : 4
11/20/2021 21:20:56 - INFO - modules.trainer -   	ce_loss        : 1.9936527740210295
11/20/2021 21:20:56 - INFO - modules.trainer -   	con            : 0.3209951468743384
11/20/2021 21:20:56 - INFO - modules.trainer -   	val_BLEU_1     : 0.26572988463315056
11/20/2021 21:20:56 - INFO - modules.trainer -   	val_BLEU_2     : 0.1526883474008362
11/20/2021 21:20:56 - INFO - modules.trainer -   	val_BLEU_3     : 0.10556429999120212
11/20/2021 21:20:56 - INFO - modules.trainer -   	val_BLEU_4     : 0.07939832886734881
11/20/2021 21:20:56 - INFO - modules.trainer -   	val_METEOR     : 0.11029049859120901
11/20/2021 21:20:56 - INFO - modules.trainer -   	val_ROUGE_L    : 0.3096896001868815
11/20/2021 21:20:56 - INFO - modules.trainer -   	test_BLEU_1    : 0.30399557630729623
11/20/2021 21:20:56 - INFO - modules.trainer -   	test_BLEU_2    : 0.1789396743569682
11/20/2021 21:20:56 - INFO - modules.trainer -   	test_BLEU_3    : 0.12615461964658026
11/20/2021 21:20:56 - INFO - modules.trainer -   	test_BLEU_4    : 0.0953289408913084
11/20/2021 21:20:56 - INFO - modules.trainer -   	test_METEOR    : 0.12349551760031753
11/20/2021 21:20:56 - INFO - modules.trainer -   	test_ROUGE_L   : 0.32232837967725875
11/20/2021 21:20:59 - INFO - modules.trainer -   Saving checkpoint: results/iu_xray/current_checkpoint.pth ...
11/20/2021 21:20:59 - INFO - modules.trainer -   [5/30] Start to train in the training set.
best performance in epoch:  3
11/20/2021 21:21:01 - INFO - modules.trainer -   [5/30] Step: 0/64, CE Loss: 1.96344, CON Loss: 0.31705.
11/20/2021 21:22:05 - INFO - modules.trainer -   [5/30] Step: 50/64, CE Loss: 1.82231, CON Loss: 0.31389.
11/20/2021 21:22:21 - INFO - modules.trainer -   [5/30] Start to evaluate in the validation set.
11/20/2021 21:22:36 - INFO - modules.trainer -   [5/30] Start to evaluate in the test set.
11/20/2021 21:22:59 - INFO - modules.trainer -   	epoch          : 5
11/20/2021 21:22:59 - INFO - modules.trainer -   	ce_loss        : 1.8318857289850712
11/20/2021 21:22:59 - INFO - modules.trainer -   	con            : 0.31303830351680517
11/20/2021 21:22:59 - INFO - modules.trainer -   	val_BLEU_1     : 0.425901396909193
11/20/2021 21:22:59 - INFO - modules.trainer -   	val_BLEU_2     : 0.2751845210702027
11/20/2021 21:22:59 - INFO - modules.trainer -   	val_BLEU_3     : 0.18849858339831269
11/20/2021 21:22:59 - INFO - modules.trainer -   	val_BLEU_4     : 0.13621032433126365
11/20/2021 21:22:59 - INFO - modules.trainer -   	val_METEOR     : 0.18205265314498503
11/20/2021 21:22:59 - INFO - modules.trainer -   	val_ROUGE_L    : 0.35310239807556776
11/20/2021 21:22:59 - INFO - modules.trainer -   	test_BLEU_1    : 0.46745523683960727
11/20/2021 21:22:59 - INFO - modules.trainer -   	test_BLEU_2    : 0.3033406084259027
11/20/2021 21:22:59 - INFO - modules.trainer -   	test_BLEU_3    : 0.21029008414901254
11/20/2021 21:22:59 - INFO - modules.trainer -   	test_BLEU_4    : 0.15521982850315066
11/20/2021 21:22:59 - INFO - modules.trainer -   	test_METEOR    : 0.1974653039746375
11/20/2021 21:22:59 - INFO - modules.trainer -   	test_ROUGE_L   : 0.37131111534434025
11/20/2021 21:23:04 - INFO - modules.trainer -   Saving checkpoint: results/iu_xray/current_checkpoint.pth ...
11/20/2021 21:23:07 - INFO - modules.trainer -   Saving current best: model_best.pth ...
11/20/2021 21:23:07 - INFO - modules.trainer -   [6/30] Start to train in the training set.
best performance in epoch:  5
11/20/2021 21:23:09 - INFO - modules.trainer -   [6/30] Step: 0/64, CE Loss: 1.78823, CON Loss: 0.30877.
11/20/2021 21:24:11 - INFO - modules.trainer -   [6/30] Step: 50/64, CE Loss: 1.68102, CON Loss: 0.30534.
11/20/2021 21:24:27 - INFO - modules.trainer -   [6/30] Start to evaluate in the validation set.
11/20/2021 21:24:42 - INFO - modules.trainer -   [6/30] Start to evaluate in the test set.
11/20/2021 21:25:05 - INFO - modules.trainer -   	epoch          : 6
11/20/2021 21:25:05 - INFO - modules.trainer -   	ce_loss        : 1.6992730181664228
11/20/2021 21:25:05 - INFO - modules.trainer -   	con            : 0.3044250048696995
11/20/2021 21:25:05 - INFO - modules.trainer -   	val_BLEU_1     : 0.2188693653736531
11/20/2021 21:25:05 - INFO - modules.trainer -   	val_BLEU_2     : 0.13198994456782437
11/20/2021 21:25:05 - INFO - modules.trainer -   	val_BLEU_3     : 0.092675500382037
11/20/2021 21:25:05 - INFO - modules.trainer -   	val_BLEU_4     : 0.06950845704588546
11/20/2021 21:25:05 - INFO - modules.trainer -   	val_METEOR     : 0.11073443431009043
11/20/2021 21:25:05 - INFO - modules.trainer -   	val_ROUGE_L    : 0.2993001990862668
11/20/2021 21:25:05 - INFO - modules.trainer -   	test_BLEU_1    : 0.25881556962424185
11/20/2021 21:25:05 - INFO - modules.trainer -   	test_BLEU_2    : 0.16106198210035522
11/20/2021 21:25:05 - INFO - modules.trainer -   	test_BLEU_3    : 0.11581357359497639
11/20/2021 21:25:05 - INFO - modules.trainer -   	test_BLEU_4    : 0.08817288345471465
11/20/2021 21:25:05 - INFO - modules.trainer -   	test_METEOR    : 0.12619550288996376
11/20/2021 21:25:05 - INFO - modules.trainer -   	test_ROUGE_L   : 0.3177101417788662
11/20/2021 21:25:09 - INFO - modules.trainer -   Saving checkpoint: results/iu_xray/current_checkpoint.pth ...
11/20/2021 21:25:09 - INFO - modules.trainer -   [7/30] Start to train in the training set.
best performance in epoch:  5
11/20/2021 21:25:11 - INFO - modules.trainer -   [7/30] Step: 0/64, CE Loss: 1.56198, CON Loss: 0.29979.
11/20/2021 21:26:13 - INFO - modules.trainer -   [7/30] Step: 50/64, CE Loss: 1.56874, CON Loss: 0.29603.
11/20/2021 21:26:29 - INFO - modules.trainer -   [7/30] Start to evaluate in the validation set.
11/20/2021 21:26:44 - INFO - modules.trainer -   [7/30] Start to evaluate in the test set.
11/20/2021 21:27:07 - INFO - modules.trainer -   	epoch          : 7
11/20/2021 21:27:07 - INFO - modules.trainer -   	ce_loss        : 1.5872603002935648
11/20/2021 21:27:07 - INFO - modules.trainer -   	con            : 0.2950167744420469
11/20/2021 21:27:07 - INFO - modules.trainer -   	val_BLEU_1     : 0.1988625889127359
11/20/2021 21:27:07 - INFO - modules.trainer -   	val_BLEU_2     : 0.1180353903908086
11/20/2021 21:27:07 - INFO - modules.trainer -   	val_BLEU_3     : 0.0835544869652126
11/20/2021 21:27:07 - INFO - modules.trainer -   	val_BLEU_4     : 0.06400886298630389
11/20/2021 21:27:07 - INFO - modules.trainer -   	val_METEOR     : 0.1034722429799017
11/20/2021 21:27:07 - INFO - modules.trainer -   	val_ROUGE_L    : 0.29474007494202537
11/20/2021 21:27:07 - INFO - modules.trainer -   	test_BLEU_1    : 0.24188619031735753
11/20/2021 21:27:07 - INFO - modules.trainer -   	test_BLEU_2    : 0.1467719726949797
11/20/2021 21:27:07 - INFO - modules.trainer -   	test_BLEU_3    : 0.10558272459996822
11/20/2021 21:27:07 - INFO - modules.trainer -   	test_BLEU_4    : 0.08110785318176028
11/20/2021 21:27:07 - INFO - modules.trainer -   	test_METEOR    : 0.11946103032819587
11/20/2021 21:27:07 - INFO - modules.trainer -   	test_ROUGE_L   : 0.3121884262256672
11/20/2021 21:27:10 - INFO - modules.trainer -   Saving checkpoint: results/iu_xray/current_checkpoint.pth ...
11/20/2021 21:27:10 - INFO - modules.trainer -   [8/30] Start to train in the training set.
best performance in epoch:  5
11/20/2021 21:27:12 - INFO - modules.trainer -   [8/30] Step: 0/64, CE Loss: 1.40809, CON Loss: 0.28989.
11/20/2021 21:28:14 - INFO - modules.trainer -   [8/30] Step: 50/64, CE Loss: 1.47064, CON Loss: 0.28568.
11/20/2021 21:28:29 - INFO - modules.trainer -   [8/30] Start to evaluate in the validation set.
11/20/2021 21:28:44 - INFO - modules.trainer -   [8/30] Start to evaluate in the test set.
11/20/2021 21:29:07 - INFO - modules.trainer -   	epoch          : 8
11/20/2021 21:29:07 - INFO - modules.trainer -   	ce_loss        : 1.4840993285179138
11/20/2021 21:29:07 - INFO - modules.trainer -   	con            : 0.28455004189163446
11/20/2021 21:29:07 - INFO - modules.trainer -   	val_BLEU_1     : 0.2042793885236218
11/20/2021 21:29:07 - INFO - modules.trainer -   	val_BLEU_2     : 0.1210148589587155
11/20/2021 21:29:07 - INFO - modules.trainer -   	val_BLEU_3     : 0.08536744748098318
11/20/2021 21:29:07 - INFO - modules.trainer -   	val_BLEU_4     : 0.0651470066270855
11/20/2021 21:29:07 - INFO - modules.trainer -   	val_METEOR     : 0.10415018046169205
11/20/2021 21:29:07 - INFO - modules.trainer -   	val_ROUGE_L    : 0.29489711281777187
11/20/2021 21:29:07 - INFO - modules.trainer -   	test_BLEU_1    : 0.24472408232762644
11/20/2021 21:29:07 - INFO - modules.trainer -   	test_BLEU_2    : 0.14864201821086662
11/20/2021 21:29:07 - INFO - modules.trainer -   	test_BLEU_3    : 0.10690857563521872
11/20/2021 21:29:07 - INFO - modules.trainer -   	test_BLEU_4    : 0.08207819856537601
11/20/2021 21:29:07 - INFO - modules.trainer -   	test_METEOR    : 0.1200774309233244
11/20/2021 21:29:07 - INFO - modules.trainer -   	test_ROUGE_L   : 0.31285604772566067
11/20/2021 21:29:11 - INFO - modules.trainer -   Saving checkpoint: results/iu_xray/current_checkpoint.pth ...
11/20/2021 21:29:11 - INFO - modules.trainer -   [9/30] Start to train in the training set.
best performance in epoch:  5
11/20/2021 21:29:12 - INFO - modules.trainer -   [9/30] Step: 0/64, CE Loss: 1.47490, CON Loss: 0.27887.
11/20/2021 21:30:14 - INFO - modules.trainer -   [9/30] Step: 50/64, CE Loss: 1.37524, CON Loss: 0.27424.
11/20/2021 21:30:30 - INFO - modules.trainer -   [9/30] Start to evaluate in the validation set.
11/20/2021 21:30:45 - INFO - modules.trainer -   [9/30] Start to evaluate in the test set.
11/20/2021 21:31:08 - INFO - modules.trainer -   	epoch          : 9
11/20/2021 21:31:08 - INFO - modules.trainer -   	ce_loss        : 1.3871326334774494
11/20/2021 21:31:08 - INFO - modules.trainer -   	con            : 0.2729891203343868
11/20/2021 21:31:08 - INFO - modules.trainer -   	val_BLEU_1     : 0.4055155086045352
11/20/2021 21:31:08 - INFO - modules.trainer -   	val_BLEU_2     : 0.22748598264989212
11/20/2021 21:31:08 - INFO - modules.trainer -   	val_BLEU_3     : 0.14797841672900933
11/20/2021 21:31:08 - INFO - modules.trainer -   	val_BLEU_4     : 0.10404549660928511
11/20/2021 21:31:08 - INFO - modules.trainer -   	val_METEOR     : 0.1504232193591061
11/20/2021 21:31:08 - INFO - modules.trainer -   	val_ROUGE_L    : 0.3075780969823749
11/20/2021 21:31:08 - INFO - modules.trainer -   	test_BLEU_1    : 0.4410314948373143
11/20/2021 21:31:08 - INFO - modules.trainer -   	test_BLEU_2    : 0.26717904222283856
11/20/2021 21:31:08 - INFO - modules.trainer -   	test_BLEU_3    : 0.18829184789260398
11/20/2021 21:31:08 - INFO - modules.trainer -   	test_BLEU_4    : 0.1426930763280656
11/20/2021 21:31:08 - INFO - modules.trainer -   	test_METEOR    : 0.1742609618179109
11/20/2021 21:31:08 - INFO - modules.trainer -   	test_ROUGE_L   : 0.3408021598451811
11/20/2021 21:31:11 - INFO - modules.trainer -   Saving checkpoint: results/iu_xray/current_checkpoint.pth ...
11/20/2021 21:31:11 - INFO - modules.trainer -   [10/30] Start to train in the training set.
best performance in epoch:  5
11/20/2021 21:31:13 - INFO - modules.trainer -   [10/30] Step: 0/64, CE Loss: 1.29563, CON Loss: 0.26668.
11/20/2021 21:32:15 - INFO - modules.trainer -   [10/30] Step: 50/64, CE Loss: 1.29463, CON Loss: 0.26153.
11/20/2021 21:32:30 - INFO - modules.trainer -   [10/30] Start to evaluate in the validation set.
11/20/2021 21:32:45 - INFO - modules.trainer -   [10/30] Start to evaluate in the test set.
11/20/2021 21:33:08 - INFO - modules.trainer -   	epoch          : 10
11/20/2021 21:33:08 - INFO - modules.trainer -   	ce_loss        : 1.3044910803437233
11/20/2021 21:33:08 - INFO - modules.trainer -   	con            : 0.2601444888859987
11/20/2021 21:33:08 - INFO - modules.trainer -   	val_BLEU_1     : 0.2193746245445031
11/20/2021 21:33:08 - INFO - modules.trainer -   	val_BLEU_2     : 0.13275801645359894
11/20/2021 21:33:08 - INFO - modules.trainer -   	val_BLEU_3     : 0.09446359277877533
11/20/2021 21:33:08 - INFO - modules.trainer -   	val_BLEU_4     : 0.07224952223139812
11/20/2021 21:33:08 - INFO - modules.trainer -   	val_METEOR     : 0.10974250936569305
11/20/2021 21:33:08 - INFO - modules.trainer -   	val_ROUGE_L    : 0.2996952068326715
11/20/2021 21:33:08 - INFO - modules.trainer -   	test_BLEU_1    : 0.26242987419080716
11/20/2021 21:33:08 - INFO - modules.trainer -   	test_BLEU_2    : 0.16137189344978636
11/20/2021 21:33:08 - INFO - modules.trainer -   	test_BLEU_3    : 0.11572974033843025
11/20/2021 21:33:08 - INFO - modules.trainer -   	test_BLEU_4    : 0.08810433847472933
11/20/2021 21:33:08 - INFO - modules.trainer -   	test_METEOR    : 0.12482757044592314
11/20/2021 21:33:08 - INFO - modules.trainer -   	test_ROUGE_L   : 0.3155896790111497
11/20/2021 21:33:12 - INFO - modules.trainer -   Saving checkpoint: results/iu_xray/current_checkpoint.pth ...
11/20/2021 21:33:12 - INFO - modules.trainer -   [11/30] Start to train in the training set.
best performance in epoch:  5
11/20/2021 21:33:14 - INFO - modules.trainer -   [11/30] Step: 0/64, CE Loss: 1.13138, CON Loss: 0.25320.
11/20/2021 21:34:15 - INFO - modules.trainer -   [11/30] Step: 50/64, CE Loss: 1.16348, CON Loss: 0.24869.
11/20/2021 21:34:31 - INFO - modules.trainer -   [11/30] Start to evaluate in the validation set.
11/20/2021 21:34:46 - INFO - modules.trainer -   [11/30] Start to evaluate in the test set.
11/20/2021 21:35:09 - INFO - modules.trainer -   	epoch          : 11
11/20/2021 21:35:09 - INFO - modules.trainer -   	ce_loss        : 1.1755261477082968
11/20/2021 21:35:09 - INFO - modules.trainer -   	con            : 0.24749523820355535
11/20/2021 21:35:09 - INFO - modules.trainer -   	val_BLEU_1     : 0.23439028557639127
11/20/2021 21:35:09 - INFO - modules.trainer -   	val_BLEU_2     : 0.1419574504644899
11/20/2021 21:35:09 - INFO - modules.trainer -   	val_BLEU_3     : 0.09968180854500217
11/20/2021 21:35:09 - INFO - modules.trainer -   	val_BLEU_4     : 0.0751478757941332
11/20/2021 21:35:09 - INFO - modules.trainer -   	val_METEOR     : 0.11244284846758126
11/20/2021 21:35:09 - INFO - modules.trainer -   	val_ROUGE_L    : 0.3010578788596257
11/20/2021 21:35:09 - INFO - modules.trainer -   	test_BLEU_1    : 0.2640053821524504
11/20/2021 21:35:09 - INFO - modules.trainer -   	test_BLEU_2    : 0.1610663048155972
11/20/2021 21:35:09 - INFO - modules.trainer -   	test_BLEU_3    : 0.11465419935477356
11/20/2021 21:35:09 - INFO - modules.trainer -   	test_BLEU_4    : 0.086865455054864
11/20/2021 21:35:09 - INFO - modules.trainer -   	test_METEOR    : 0.12478638275818041
11/20/2021 21:35:09 - INFO - modules.trainer -   	test_ROUGE_L   : 0.31717553684612093
11/20/2021 21:35:14 - INFO - modules.trainer -   Saving checkpoint: results/iu_xray/current_checkpoint.pth ...
11/20/2021 21:35:14 - INFO - modules.trainer -   [12/30] Start to train in the training set.
best performance in epoch:  5
11/20/2021 21:35:16 - INFO - modules.trainer -   [12/30] Step: 0/64, CE Loss: 0.92529, CON Loss: 0.24148.
11/20/2021 21:36:17 - INFO - modules.trainer -   [12/30] Step: 50/64, CE Loss: 1.07193, CON Loss: 0.23668.
11/20/2021 21:36:33 - INFO - modules.trainer -   [12/30] Start to evaluate in the validation set.
11/20/2021 21:36:48 - INFO - modules.trainer -   [12/30] Start to evaluate in the test set.
11/20/2021 21:37:11 - INFO - modules.trainer -   	epoch          : 12
11/20/2021 21:37:11 - INFO - modules.trainer -   	ce_loss        : 1.0852426812052727
11/20/2021 21:37:11 - INFO - modules.trainer -   	con            : 0.23541743867099285
11/20/2021 21:37:11 - INFO - modules.trainer -   	val_BLEU_1     : 0.305625470594844
11/20/2021 21:37:11 - INFO - modules.trainer -   	val_BLEU_2     : 0.20091277543345967
11/20/2021 21:37:11 - INFO - modules.trainer -   	val_BLEU_3     : 0.14252759758122094
11/20/2021 21:37:11 - INFO - modules.trainer -   	val_BLEU_4     : 0.10482147600839406
11/20/2021 21:37:11 - INFO - modules.trainer -   	val_METEOR     : 0.14526867347272263
11/20/2021 21:37:11 - INFO - modules.trainer -   	val_ROUGE_L    : 0.3293028370700368
11/20/2021 21:37:11 - INFO - modules.trainer -   	test_BLEU_1    : 0.344176542921913
11/20/2021 21:37:11 - INFO - modules.trainer -   	test_BLEU_2    : 0.23497070395587474
11/20/2021 21:37:11 - INFO - modules.trainer -   	test_BLEU_3    : 0.17076678479963345
11/20/2021 21:37:11 - INFO - modules.trainer -   	test_BLEU_4    : 0.12662685360734313
11/20/2021 21:37:11 - INFO - modules.trainer -   	test_METEOR    : 0.1611751587478039
11/20/2021 21:37:11 - INFO - modules.trainer -   	test_ROUGE_L   : 0.35047314006691194
11/20/2021 21:37:14 - INFO - modules.trainer -   Saving checkpoint: results/iu_xray/current_checkpoint.pth ...
11/20/2021 21:37:14 - INFO - modules.trainer -   [13/30] Start to train in the training set.
best performance in epoch:  5
11/20/2021 21:37:16 - INFO - modules.trainer -   [13/30] Step: 0/64, CE Loss: 0.81219, CON Loss: 0.22907.
11/20/2021 21:38:17 - INFO - modules.trainer -   [13/30] Step: 50/64, CE Loss: 0.99827, CON Loss: 0.22399.
11/20/2021 21:38:33 - INFO - modules.trainer -   [13/30] Start to evaluate in the validation set.
11/20/2021 21:38:48 - INFO - modules.trainer -   [13/30] Start to evaluate in the test set.
11/20/2021 21:39:10 - INFO - modules.trainer -   	epoch          : 13
11/20/2021 21:39:10 - INFO - modules.trainer -   	ce_loss        : 1.014908374287188
11/20/2021 21:39:10 - INFO - modules.trainer -   	con            : 0.22264946973882616
11/20/2021 21:39:10 - INFO - modules.trainer -   	val_BLEU_1     : 0.39428281665050785
11/20/2021 21:39:10 - INFO - modules.trainer -   	val_BLEU_2     : 0.24379646102012903
11/20/2021 21:39:10 - INFO - modules.trainer -   	val_BLEU_3     : 0.1658398521957961
11/20/2021 21:39:10 - INFO - modules.trainer -   	val_BLEU_4     : 0.11886633503497569
11/20/2021 21:39:10 - INFO - modules.trainer -   	val_METEOR     : 0.15102257023067436
11/20/2021 21:39:10 - INFO - modules.trainer -   	val_ROUGE_L    : 0.3259021797010599
11/20/2021 21:39:10 - INFO - modules.trainer -   	test_BLEU_1    : 0.4390927909354052
11/20/2021 21:39:10 - INFO - modules.trainer -   	test_BLEU_2    : 0.2739485910933064
11/20/2021 21:39:10 - INFO - modules.trainer -   	test_BLEU_3    : 0.19061297234100308
11/20/2021 21:39:10 - INFO - modules.trainer -   	test_BLEU_4    : 0.13878256393369304
11/20/2021 21:39:10 - INFO - modules.trainer -   	test_METEOR    : 0.17170084804282063
11/20/2021 21:39:10 - INFO - modules.trainer -   	test_ROUGE_L   : 0.3485587073428577
11/20/2021 21:39:14 - INFO - modules.trainer -   Saving checkpoint: results/iu_xray/current_checkpoint.pth ...
11/20/2021 21:39:14 - INFO - modules.trainer -   [14/30] Start to train in the training set.
best performance in epoch:  5
11/20/2021 21:39:16 - INFO - modules.trainer -   [14/30] Step: 0/64, CE Loss: 0.93719, CON Loss: 0.21596.
11/20/2021 21:40:17 - INFO - modules.trainer -   [14/30] Step: 50/64, CE Loss: 0.94415, CON Loss: 0.21067.
11/20/2021 21:40:33 - INFO - modules.trainer -   [14/30] Start to evaluate in the validation set.
11/20/2021 21:40:48 - INFO - modules.trainer -   [14/30] Start to evaluate in the test set.
11/20/2021 21:41:11 - INFO - modules.trainer -   	epoch          : 14
11/20/2021 21:41:11 - INFO - modules.trainer -   	ce_loss        : 0.9574128137901425
11/20/2021 21:41:11 - INFO - modules.trainer -   	con            : 0.20927252573892474
11/20/2021 21:41:11 - INFO - modules.trainer -   	val_BLEU_1     : 0.22982274426739527
11/20/2021 21:41:11 - INFO - modules.trainer -   	val_BLEU_2     : 0.13851224739164067
11/20/2021 21:41:11 - INFO - modules.trainer -   	val_BLEU_3     : 0.09766320507040818
11/20/2021 21:41:11 - INFO - modules.trainer -   	val_BLEU_4     : 0.07411774140924397
11/20/2021 21:41:11 - INFO - modules.trainer -   	val_METEOR     : 0.11074917156000746
11/20/2021 21:41:11 - INFO - modules.trainer -   	val_ROUGE_L    : 0.3009407824185022
11/20/2021 21:41:11 - INFO - modules.trainer -   	test_BLEU_1    : 0.26249604834269974
11/20/2021 21:41:11 - INFO - modules.trainer -   	test_BLEU_2    : 0.159871593213524
11/20/2021 21:41:11 - INFO - modules.trainer -   	test_BLEU_3    : 0.11427373250473778
11/20/2021 21:41:11 - INFO - modules.trainer -   	test_BLEU_4    : 0.08689784229113953
11/20/2021 21:41:11 - INFO - modules.trainer -   	test_METEOR    : 0.12469535587144542
11/20/2021 21:41:11 - INFO - modules.trainer -   	test_ROUGE_L   : 0.31646548467668995
11/20/2021 21:41:16 - INFO - modules.trainer -   Saving checkpoint: results/iu_xray/current_checkpoint.pth ...
11/20/2021 21:41:16 - INFO - modules.trainer -   [15/30] Start to train in the training set.
best performance in epoch:  5
11/20/2021 21:41:18 - INFO - modules.trainer -   [15/30] Step: 0/64, CE Loss: 0.77386, CON Loss: 0.20227.
11/20/2021 21:42:19 - INFO - modules.trainer -   [15/30] Step: 50/64, CE Loss: 0.87322, CON Loss: 0.19680.
11/20/2021 21:42:35 - INFO - modules.trainer -   [15/30] Start to evaluate in the validation set.
11/20/2021 21:42:50 - INFO - modules.trainer -   [15/30] Start to evaluate in the test set.
11/20/2021 21:43:13 - INFO - modules.trainer -   	epoch          : 15
11/20/2021 21:43:13 - INFO - modules.trainer -   	ce_loss        : 0.8915107129141688
11/20/2021 21:43:13 - INFO - modules.trainer -   	con            : 0.1953634531237185
11/20/2021 21:43:13 - INFO - modules.trainer -   	val_BLEU_1     : 0.26749228959008514
11/20/2021 21:43:13 - INFO - modules.trainer -   	val_BLEU_2     : 0.16397498109214484
11/20/2021 21:43:13 - INFO - modules.trainer -   	val_BLEU_3     : 0.11555238137826644
11/20/2021 21:43:13 - INFO - modules.trainer -   	val_BLEU_4     : 0.08728973275633431
11/20/2021 21:43:13 - INFO - modules.trainer -   	val_METEOR     : 0.12141975868554628
11/20/2021 21:43:13 - INFO - modules.trainer -   	val_ROUGE_L    : 0.3076228166002979
11/20/2021 21:43:13 - INFO - modules.trainer -   	test_BLEU_1    : 0.29289691084598446
11/20/2021 21:43:13 - INFO - modules.trainer -   	test_BLEU_2    : 0.1811577720533326
11/20/2021 21:43:13 - INFO - modules.trainer -   	test_BLEU_3    : 0.12905850177080477
11/20/2021 21:43:13 - INFO - modules.trainer -   	test_BLEU_4    : 0.09734536374464084
11/20/2021 21:43:13 - INFO - modules.trainer -   	test_METEOR    : 0.13331784520836323
11/20/2021 21:43:13 - INFO - modules.trainer -   	test_ROUGE_L   : 0.3201657469885785
11/20/2021 21:43:16 - INFO - modules.trainer -   Saving checkpoint: results/iu_xray/current_checkpoint.pth ...
11/20/2021 21:43:16 - INFO - modules.trainer -   [16/30] Start to train in the training set.
best performance in epoch:  5
11/20/2021 21:43:18 - INFO - modules.trainer -   [16/30] Step: 0/64, CE Loss: 0.71663, CON Loss: 0.18819.
11/20/2021 21:44:20 - INFO - modules.trainer -   [16/30] Step: 50/64, CE Loss: 0.83708, CON Loss: 0.18271.
11/20/2021 21:44:37 - INFO - modules.trainer -   [16/30] Start to evaluate in the validation set.
11/20/2021 21:44:53 - INFO - modules.trainer -   [16/30] Start to evaluate in the test set.
11/20/2021 21:45:18 - INFO - modules.trainer -   	epoch          : 16
11/20/2021 21:45:18 - INFO - modules.trainer -   	ce_loss        : 0.8403848726302385
11/20/2021 21:45:18 - INFO - modules.trainer -   	con            : 0.18128300621174276
11/20/2021 21:45:18 - INFO - modules.trainer -   	val_BLEU_1     : 0.2684952311922628
11/20/2021 21:45:18 - INFO - modules.trainer -   	val_BLEU_2     : 0.1619870567033416
11/20/2021 21:45:18 - INFO - modules.trainer -   	val_BLEU_3     : 0.11205171516346016
11/20/2021 21:45:18 - INFO - modules.trainer -   	val_BLEU_4     : 0.08367683030395488
11/20/2021 21:45:18 - INFO - modules.trainer -   	val_METEOR     : 0.1196450840482654
11/20/2021 21:45:18 - INFO - modules.trainer -   	val_ROUGE_L    : 0.3036978173363626
11/20/2021 21:45:18 - INFO - modules.trainer -   	test_BLEU_1    : 0.2853863696675991
11/20/2021 21:45:18 - INFO - modules.trainer -   	test_BLEU_2    : 0.1746356939050817
11/20/2021 21:45:18 - INFO - modules.trainer -   	test_BLEU_3    : 0.12431432114261275
11/20/2021 21:45:18 - INFO - modules.trainer -   	test_BLEU_4    : 0.09426075374039321
11/20/2021 21:45:18 - INFO - modules.trainer -   	test_METEOR    : 0.12843787497106063
11/20/2021 21:45:18 - INFO - modules.trainer -   	test_ROUGE_L   : 0.31711951471011923
11/20/2021 21:45:22 - INFO - modules.trainer -   Saving checkpoint: results/iu_xray/current_checkpoint.pth ...
11/20/2021 21:45:22 - INFO - modules.trainer -   [17/30] Start to train in the training set.
best performance in epoch:  5
11/20/2021 21:45:24 - INFO - modules.trainer -   [17/30] Step: 0/64, CE Loss: 0.77265, CON Loss: 0.17417.
11/20/2021 21:46:25 - INFO - modules.trainer -   [17/30] Step: 50/64, CE Loss: 0.77495, CON Loss: 0.16876.
11/20/2021 21:46:41 - INFO - modules.trainer -   [17/30] Start to evaluate in the validation set.
11/20/2021 21:46:56 - INFO - modules.trainer -   [17/30] Start to evaluate in the test set.
11/20/2021 21:47:19 - INFO - modules.trainer -   	epoch          : 17
11/20/2021 21:47:19 - INFO - modules.trainer -   	ce_loss        : 0.7906193798407912
11/20/2021 21:47:19 - INFO - modules.trainer -   	con            : 0.1673711382318288
11/20/2021 21:47:19 - INFO - modules.trainer -   	val_BLEU_1     : 0.3032072864076575
11/20/2021 21:47:19 - INFO - modules.trainer -   	val_BLEU_2     : 0.16362102227376016
11/20/2021 21:47:19 - INFO - modules.trainer -   	val_BLEU_3     : 0.09915504748927756
11/20/2021 21:47:19 - INFO - modules.trainer -   	val_BLEU_4     : 0.06382523790580957
11/20/2021 21:47:19 - INFO - modules.trainer -   	val_METEOR     : 0.12507960204771004
11/20/2021 21:47:19 - INFO - modules.trainer -   	val_ROUGE_L    : 0.30028367321252086
11/20/2021 21:47:19 - INFO - modules.trainer -   	test_BLEU_1    : 0.3470815212490443
11/20/2021 21:47:19 - INFO - modules.trainer -   	test_BLEU_2    : 0.19898146637555852
11/20/2021 21:47:19 - INFO - modules.trainer -   	test_BLEU_3    : 0.12958469562312686
11/20/2021 21:47:19 - INFO - modules.trainer -   	test_BLEU_4    : 0.09064014026165824
11/20/2021 21:47:19 - INFO - modules.trainer -   	test_METEOR    : 0.14258316185730516
11/20/2021 21:47:19 - INFO - modules.trainer -   	test_ROUGE_L   : 0.3272646607352037
11/20/2021 21:47:23 - INFO - modules.trainer -   Saving checkpoint: results/iu_xray/current_checkpoint.pth ...
11/20/2021 21:47:23 - INFO - modules.trainer -   [18/30] Start to train in the training set.
best performance in epoch:  5
11/20/2021 21:47:25 - INFO - modules.trainer -   [18/30] Step: 0/64, CE Loss: 0.67374, CON Loss: 0.16044.
11/20/2021 21:48:26 - INFO - modules.trainer -   [18/30] Step: 50/64, CE Loss: 0.74405, CON Loss: 0.15523.
11/20/2021 21:48:42 - INFO - modules.trainer -   [18/30] Start to evaluate in the validation set.
11/20/2021 21:48:57 - INFO - modules.trainer -   [18/30] Start to evaluate in the test set.
11/20/2021 21:49:20 - INFO - modules.trainer -   	epoch          : 18
11/20/2021 21:49:20 - INFO - modules.trainer -   	ce_loss        : 0.7464383542537689
11/20/2021 21:49:20 - INFO - modules.trainer -   	con            : 0.1539000717457384
11/20/2021 21:49:20 - INFO - modules.trainer -   	val_BLEU_1     : 0.2253222357452746
11/20/2021 21:49:20 - INFO - modules.trainer -   	val_BLEU_2     : 0.1354884496399171
11/20/2021 21:49:20 - INFO - modules.trainer -   	val_BLEU_3     : 0.09449050556443638
11/20/2021 21:49:20 - INFO - modules.trainer -   	val_BLEU_4     : 0.0710454818952771
11/20/2021 21:49:20 - INFO - modules.trainer -   	val_METEOR     : 0.10970177153369413
11/20/2021 21:49:20 - INFO - modules.trainer -   	val_ROUGE_L    : 0.29516531543769536
11/20/2021 21:49:20 - INFO - modules.trainer -   	test_BLEU_1    : 0.2585238292667203
11/20/2021 21:49:20 - INFO - modules.trainer -   	test_BLEU_2    : 0.15769098236472848
11/20/2021 21:49:20 - INFO - modules.trainer -   	test_BLEU_3    : 0.11271134912141444
11/20/2021 21:49:20 - INFO - modules.trainer -   	test_BLEU_4    : 0.08592528330190992
11/20/2021 21:49:20 - INFO - modules.trainer -   	test_METEOR    : 0.12252044677157473
11/20/2021 21:49:20 - INFO - modules.trainer -   	test_ROUGE_L   : 0.31381276257814916
11/20/2021 21:49:23 - INFO - modules.trainer -   Saving checkpoint: results/iu_xray/current_checkpoint.pth ...
11/20/2021 21:49:23 - INFO - modules.trainer -   [19/30] Start to train in the training set.
best performance in epoch:  5
11/20/2021 21:49:25 - INFO - modules.trainer -   [19/30] Step: 0/64, CE Loss: 0.62023, CON Loss: 0.14725.
11/20/2021 21:50:26 - INFO - modules.trainer -   [19/30] Step: 50/64, CE Loss: 0.69952, CON Loss: 0.14230.
11/20/2021 21:50:43 - INFO - modules.trainer -   [19/30] Start to evaluate in the validation set.
11/20/2021 21:50:58 - INFO - modules.trainer -   [19/30] Start to evaluate in the test set.
11/20/2021 21:51:22 - INFO - modules.trainer -   	epoch          : 19
11/20/2021 21:51:22 - INFO - modules.trainer -   	ce_loss        : 0.7150822840631008
11/20/2021 21:51:22 - INFO - modules.trainer -   	con            : 0.14103611814789474
11/20/2021 21:51:22 - INFO - modules.trainer -   	val_BLEU_1     : 0.263810800587219
11/20/2021 21:51:22 - INFO - modules.trainer -   	val_BLEU_2     : 0.16097790992280295
11/20/2021 21:51:22 - INFO - modules.trainer -   	val_BLEU_3     : 0.1134573906473717
11/20/2021 21:51:22 - INFO - modules.trainer -   	val_BLEU_4     : 0.08608467756104635
11/20/2021 21:51:22 - INFO - modules.trainer -   	val_METEOR     : 0.12179764281539217
11/20/2021 21:51:22 - INFO - modules.trainer -   	val_ROUGE_L    : 0.30616503867472983
11/20/2021 21:51:22 - INFO - modules.trainer -   	test_BLEU_1    : 0.29042836583934245
11/20/2021 21:51:22 - INFO - modules.trainer -   	test_BLEU_2    : 0.17815010686154284
11/20/2021 21:51:22 - INFO - modules.trainer -   	test_BLEU_3    : 0.12704153629949222
11/20/2021 21:51:22 - INFO - modules.trainer -   	test_BLEU_4    : 0.09611638683334454
11/20/2021 21:51:22 - INFO - modules.trainer -   	test_METEOR    : 0.1329971079432958
11/20/2021 21:51:22 - INFO - modules.trainer -   	test_ROUGE_L   : 0.31711336485263986
11/20/2021 21:51:25 - INFO - modules.trainer -   Saving checkpoint: results/iu_xray/current_checkpoint.pth ...
11/20/2021 21:51:25 - INFO - modules.trainer -   [20/30] Start to train in the training set.
best performance in epoch:  5
11/20/2021 21:51:27 - INFO - modules.trainer -   [20/30] Step: 0/64, CE Loss: 0.57099, CON Loss: 0.13474.
11/20/2021 21:52:28 - INFO - modules.trainer -   [20/30] Step: 50/64, CE Loss: 0.66945, CON Loss: 0.13008.
11/20/2021 21:52:45 - INFO - modules.trainer -   [20/30] Start to evaluate in the validation set.
11/20/2021 21:52:59 - INFO - modules.trainer -   [20/30] Start to evaluate in the test set.
11/20/2021 21:53:22 - INFO - modules.trainer -   	epoch          : 20
11/20/2021 21:53:22 - INFO - modules.trainer -   	ce_loss        : 0.679146028123796
11/20/2021 21:53:22 - INFO - modules.trainer -   	con            : 0.12890174123458564
11/20/2021 21:53:22 - INFO - modules.trainer -   	val_BLEU_1     : 0.41218359645710045
11/20/2021 21:53:22 - INFO - modules.trainer -   	val_BLEU_2     : 0.23046810723515615
11/20/2021 21:53:22 - INFO - modules.trainer -   	val_BLEU_3     : 0.15073401856241977
11/20/2021 21:53:22 - INFO - modules.trainer -   	val_BLEU_4     : 0.10648570835119327
11/20/2021 21:53:22 - INFO - modules.trainer -   	val_METEOR     : 0.15153630637455293
11/20/2021 21:53:22 - INFO - modules.trainer -   	val_ROUGE_L    : 0.3118183154816137
11/20/2021 21:53:22 - INFO - modules.trainer -   	test_BLEU_1    : 0.44494032174361986
11/20/2021 21:53:22 - INFO - modules.trainer -   	test_BLEU_2    : 0.26744846670815037
11/20/2021 21:53:22 - INFO - modules.trainer -   	test_BLEU_3    : 0.188910173590628
11/20/2021 21:53:22 - INFO - modules.trainer -   	test_BLEU_4    : 0.14354147240499268
11/20/2021 21:53:22 - INFO - modules.trainer -   	test_METEOR    : 0.17493172318744993
11/20/2021 21:53:22 - INFO - modules.trainer -   	test_ROUGE_L   : 0.34507804342039405
11/20/2021 21:53:26 - INFO - modules.trainer -   Saving checkpoint: results/iu_xray/current_checkpoint.pth ...
11/20/2021 21:53:26 - INFO - modules.trainer -   [21/30] Start to train in the training set.
best performance in epoch:  5
11/20/2021 21:53:28 - INFO - modules.trainer -   [21/30] Step: 0/64, CE Loss: 0.60261, CON Loss: 0.12302.
11/20/2021 21:54:29 - INFO - modules.trainer -   [21/30] Step: 50/64, CE Loss: 0.59319, CON Loss: 0.11952.
11/20/2021 21:54:44 - INFO - modules.trainer -   [21/30] Start to evaluate in the validation set.
11/20/2021 21:55:00 - INFO - modules.trainer -   [21/30] Start to evaluate in the test set.
11/20/2021 21:55:22 - INFO - modules.trainer -   	epoch          : 21
11/20/2021 21:55:22 - INFO - modules.trainer -   	ce_loss        : 0.5999572034925222
11/20/2021 21:55:22 - INFO - modules.trainer -   	con            : 0.11863249388989061
11/20/2021 21:55:22 - INFO - modules.trainer -   	val_BLEU_1     : 0.2453681399636339
11/20/2021 21:55:22 - INFO - modules.trainer -   	val_BLEU_2     : 0.14838043858763114
11/20/2021 21:55:22 - INFO - modules.trainer -   	val_BLEU_3     : 0.10399288742607429
11/20/2021 21:55:22 - INFO - modules.trainer -   	val_BLEU_4     : 0.07823043238665311
11/20/2021 21:55:22 - INFO - modules.trainer -   	val_METEOR     : 0.11479780499070777
11/20/2021 21:55:22 - INFO - modules.trainer -   	val_ROUGE_L    : 0.3005893570499719
11/20/2021 21:55:22 - INFO - modules.trainer -   	test_BLEU_1    : 0.2760220076461238
11/20/2021 21:55:22 - INFO - modules.trainer -   	test_BLEU_2    : 0.16889994631771804
11/20/2021 21:55:22 - INFO - modules.trainer -   	test_BLEU_3    : 0.12035118538154281
11/20/2021 21:55:22 - INFO - modules.trainer -   	test_BLEU_4    : 0.09068143833927987
11/20/2021 21:55:22 - INFO - modules.trainer -   	test_METEOR    : 0.12749092179721513
11/20/2021 21:55:22 - INFO - modules.trainer -   	test_ROUGE_L   : 0.31466263761709357
11/20/2021 21:55:26 - INFO - modules.trainer -   Saving checkpoint: results/iu_xray/current_checkpoint.pth ...
11/20/2021 21:55:26 - INFO - modules.trainer -   [22/30] Start to train in the training set.
best performance in epoch:  5
11/20/2021 21:55:28 - INFO - modules.trainer -   [22/30] Step: 0/64, CE Loss: 0.51738, CON Loss: 0.11423.
11/20/2021 21:56:29 - INFO - modules.trainer -   [22/30] Step: 50/64, CE Loss: 0.55252, CON Loss: 0.11098.
11/20/2021 21:56:45 - INFO - modules.trainer -   [22/30] Start to evaluate in the validation set.
11/20/2021 21:57:00 - INFO - modules.trainer -   [22/30] Start to evaluate in the test set.
11/20/2021 21:57:23 - INFO - modules.trainer -   	epoch          : 22
11/20/2021 21:57:23 - INFO - modules.trainer -   	ce_loss        : 0.5550643471069634
11/20/2021 21:57:23 - INFO - modules.trainer -   	con            : 0.11015773424878716
11/20/2021 21:57:23 - INFO - modules.trainer -   	val_BLEU_1     : 0.39321848195754966
11/20/2021 21:57:23 - INFO - modules.trainer -   	val_BLEU_2     : 0.23894292658685512
11/20/2021 21:57:23 - INFO - modules.trainer -   	val_BLEU_3     : 0.15927863586346186
11/20/2021 21:57:23 - INFO - modules.trainer -   	val_BLEU_4     : 0.11274764360529378
11/20/2021 21:57:23 - INFO - modules.trainer -   	val_METEOR     : 0.16015513296953104
11/20/2021 21:57:23 - INFO - modules.trainer -   	val_ROUGE_L    : 0.3253292766559586
11/20/2021 21:57:23 - INFO - modules.trainer -   	test_BLEU_1    : 0.42952057743510813
11/20/2021 21:57:23 - INFO - modules.trainer -   	test_BLEU_2    : 0.26374886813738674
11/20/2021 21:57:23 - INFO - modules.trainer -   	test_BLEU_3    : 0.17932053236504772
11/20/2021 21:57:23 - INFO - modules.trainer -   	test_BLEU_4    : 0.12947190072025216
11/20/2021 21:57:23 - INFO - modules.trainer -   	test_METEOR    : 0.17447293125335717
11/20/2021 21:57:23 - INFO - modules.trainer -   	test_ROUGE_L   : 0.34335000796539894
11/20/2021 21:57:26 - INFO - modules.trainer -   Saving checkpoint: results/iu_xray/current_checkpoint.pth ...
11/20/2021 21:57:26 - INFO - modules.trainer -   [23/30] Start to train in the training set.
best performance in epoch:  5
11/20/2021 21:57:28 - INFO - modules.trainer -   [23/30] Step: 0/64, CE Loss: 0.48530, CON Loss: 0.10607.
11/20/2021 21:58:30 - INFO - modules.trainer -   [23/30] Step: 50/64, CE Loss: 0.52381, CON Loss: 0.10306.
11/20/2021 21:58:46 - INFO - modules.trainer -   [23/30] Start to evaluate in the validation set.
11/20/2021 21:59:01 - INFO - modules.trainer -   [23/30] Start to evaluate in the test set.
11/20/2021 21:59:24 - INFO - modules.trainer -   	epoch          : 23
11/20/2021 21:59:24 - INFO - modules.trainer -   	ce_loss        : 0.5334500586614013
11/20/2021 21:59:24 - INFO - modules.trainer -   	con            : 0.10229817021172494
11/20/2021 21:59:24 - INFO - modules.trainer -   	val_BLEU_1     : 0.27526562326646287
11/20/2021 21:59:24 - INFO - modules.trainer -   	val_BLEU_2     : 0.16628186453176355
11/20/2021 21:59:24 - INFO - modules.trainer -   	val_BLEU_3     : 0.11422521439808944
11/20/2021 21:59:24 - INFO - modules.trainer -   	val_BLEU_4     : 0.08369021723974968
11/20/2021 21:59:24 - INFO - modules.trainer -   	val_METEOR     : 0.12682833414194528
11/20/2021 21:59:24 - INFO - modules.trainer -   	val_ROUGE_L    : 0.3104036280133317
11/20/2021 21:59:24 - INFO - modules.trainer -   	test_BLEU_1    : 0.30911811573984876
11/20/2021 21:59:24 - INFO - modules.trainer -   	test_BLEU_2    : 0.1870118741733776
11/20/2021 21:59:24 - INFO - modules.trainer -   	test_BLEU_3    : 0.12975190714530335
11/20/2021 21:59:24 - INFO - modules.trainer -   	test_BLEU_4    : 0.09549717636130614
11/20/2021 21:59:24 - INFO - modules.trainer -   	test_METEOR    : 0.13691207058112995
11/20/2021 21:59:24 - INFO - modules.trainer -   	test_ROUGE_L   : 0.31820321075114477
11/20/2021 21:59:28 - INFO - modules.trainer -   Saving checkpoint: results/iu_xray/current_checkpoint.pth ...
11/20/2021 21:59:28 - INFO - modules.trainer -   [24/30] Start to train in the training set.
best performance in epoch:  5
11/20/2021 21:59:31 - INFO - modules.trainer -   [24/30] Step: 0/64, CE Loss: 0.49872, CON Loss: 0.09852.
11/20/2021 22:00:32 - INFO - modules.trainer -   [24/30] Step: 50/64, CE Loss: 0.50233, CON Loss: 0.09575.
11/20/2021 22:00:48 - INFO - modules.trainer -   [24/30] Start to evaluate in the validation set.
11/20/2021 22:01:03 - INFO - modules.trainer -   [24/30] Start to evaluate in the test set.
11/20/2021 22:01:26 - INFO - modules.trainer -   	epoch          : 24
11/20/2021 22:01:26 - INFO - modules.trainer -   	ce_loss        : 0.5118111027404666
11/20/2021 22:01:26 - INFO - modules.trainer -   	con            : 0.095050502801314
11/20/2021 22:01:26 - INFO - modules.trainer -   	val_BLEU_1     : 0.2945228012015074
11/20/2021 22:01:26 - INFO - modules.trainer -   	val_BLEU_2     : 0.16983462164251348
11/20/2021 22:01:26 - INFO - modules.trainer -   	val_BLEU_3     : 0.11151932962781277
11/20/2021 22:01:26 - INFO - modules.trainer -   	val_BLEU_4     : 0.07817133504557637
11/20/2021 22:01:26 - INFO - modules.trainer -   	val_METEOR     : 0.123465105965081
11/20/2021 22:01:26 - INFO - modules.trainer -   	val_ROUGE_L    : 0.28301326447513625
11/20/2021 22:01:26 - INFO - modules.trainer -   	test_BLEU_1    : 0.34542998353321036
11/20/2021 22:01:26 - INFO - modules.trainer -   	test_BLEU_2    : 0.21321768855493167
11/20/2021 22:01:26 - INFO - modules.trainer -   	test_BLEU_3    : 0.14942806687012622
11/20/2021 22:01:26 - INFO - modules.trainer -   	test_BLEU_4    : 0.11147564316552704
11/20/2021 22:01:26 - INFO - modules.trainer -   	test_METEOR    : 0.14705273355917584
11/20/2021 22:01:26 - INFO - modules.trainer -   	test_ROUGE_L   : 0.32254265859991327
11/20/2021 22:01:30 - INFO - modules.trainer -   Saving checkpoint: results/iu_xray/current_checkpoint.pth ...
11/20/2021 22:01:30 - INFO - modules.trainer -   [25/30] Start to train in the training set.
best performance in epoch:  5
11/20/2021 22:01:32 - INFO - modules.trainer -   [25/30] Step: 0/64, CE Loss: 0.44390, CON Loss: 0.09160.
11/20/2021 22:02:32 - INFO - modules.trainer -   [25/30] Step: 50/64, CE Loss: 0.48765, CON Loss: 0.08910.
11/20/2021 22:02:48 - INFO - modules.trainer -   [25/30] Start to evaluate in the validation set.
11/20/2021 22:03:04 - INFO - modules.trainer -   [25/30] Start to evaluate in the test set.
11/20/2021 22:03:26 - INFO - modules.trainer -   	epoch          : 25
11/20/2021 22:03:26 - INFO - modules.trainer -   	ce_loss        : 0.49508556770160794
11/20/2021 22:03:26 - INFO - modules.trainer -   	con            : 0.08846619434189051
11/20/2021 22:03:26 - INFO - modules.trainer -   	val_BLEU_1     : 0.2516748154785473
11/20/2021 22:03:26 - INFO - modules.trainer -   	val_BLEU_2     : 0.1515979909175404
11/20/2021 22:03:26 - INFO - modules.trainer -   	val_BLEU_3     : 0.104221176042948
11/20/2021 22:03:26 - INFO - modules.trainer -   	val_BLEU_4     : 0.07696024354534464
11/20/2021 22:03:26 - INFO - modules.trainer -   	val_METEOR     : 0.12057406770690107
11/20/2021 22:03:26 - INFO - modules.trainer -   	val_ROUGE_L    : 0.30145087147001937
11/20/2021 22:03:26 - INFO - modules.trainer -   	test_BLEU_1    : 0.29520606218099693
11/20/2021 22:03:26 - INFO - modules.trainer -   	test_BLEU_2    : 0.18097470689218115
11/20/2021 22:03:26 - INFO - modules.trainer -   	test_BLEU_3    : 0.12848155880682874
11/20/2021 22:03:26 - INFO - modules.trainer -   	test_BLEU_4    : 0.09668367382529491
11/20/2021 22:03:26 - INFO - modules.trainer -   	test_METEOR    : 0.13372337202993234
11/20/2021 22:03:26 - INFO - modules.trainer -   	test_ROUGE_L   : 0.31891371544067026
11/20/2021 22:03:32 - INFO - modules.trainer -   Saving checkpoint: results/iu_xray/current_checkpoint.pth ...
11/20/2021 22:03:32 - INFO - modules.trainer -   [26/30] Start to train in the training set.
best performance in epoch:  5
11/20/2021 22:03:34 - INFO - modules.trainer -   [26/30] Step: 0/64, CE Loss: 0.43646, CON Loss: 0.08535.
11/20/2021 22:04:35 - INFO - modules.trainer -   [26/30] Step: 50/64, CE Loss: 0.46747, CON Loss: 0.08311.
11/20/2021 22:04:51 - INFO - modules.trainer -   [26/30] Start to evaluate in the validation set.
11/20/2021 22:05:06 - INFO - modules.trainer -   [26/30] Start to evaluate in the test set.
11/20/2021 22:05:30 - INFO - modules.trainer -   	epoch          : 26
11/20/2021 22:05:30 - INFO - modules.trainer -   	ce_loss        : 0.4785635145381093
11/20/2021 22:05:30 - INFO - modules.trainer -   	con            : 0.08254515135195106
11/20/2021 22:05:30 - INFO - modules.trainer -   	val_BLEU_1     : 0.4103995723276905
11/20/2021 22:05:30 - INFO - modules.trainer -   	val_BLEU_2     : 0.22894458700636033
11/20/2021 22:05:30 - INFO - modules.trainer -   	val_BLEU_3     : 0.1477093803773225
11/20/2021 22:05:30 - INFO - modules.trainer -   	val_BLEU_4     : 0.1027940288797368
11/20/2021 22:05:30 - INFO - modules.trainer -   	val_METEOR     : 0.1535567001355879
11/20/2021 22:05:30 - INFO - modules.trainer -   	val_ROUGE_L    : 0.3081601967060151
11/20/2021 22:05:30 - INFO - modules.trainer -   	test_BLEU_1    : 0.43613896485361914
11/20/2021 22:05:30 - INFO - modules.trainer -   	test_BLEU_2    : 0.2629988895656798
11/20/2021 22:05:30 - INFO - modules.trainer -   	test_BLEU_3    : 0.18490859922391506
11/20/2021 22:05:30 - INFO - modules.trainer -   	test_BLEU_4    : 0.13941054883568055
11/20/2021 22:05:30 - INFO - modules.trainer -   	test_METEOR    : 0.1758140048869894
11/20/2021 22:05:30 - INFO - modules.trainer -   	test_ROUGE_L   : 0.3419695019030792
11/20/2021 22:05:33 - INFO - modules.trainer -   Saving checkpoint: results/iu_xray/current_checkpoint.pth ...
11/20/2021 22:05:33 - INFO - modules.trainer -   [27/30] Start to train in the training set.
best performance in epoch:  5
11/20/2021 22:05:35 - INFO - modules.trainer -   [27/30] Step: 0/64, CE Loss: 0.40308, CON Loss: 0.07976.
11/20/2021 22:06:36 - INFO - modules.trainer -   [27/30] Step: 50/64, CE Loss: 0.46025, CON Loss: 0.07770.
11/20/2021 22:06:52 - INFO - modules.trainer -   [27/30] Start to evaluate in the validation set.
11/20/2021 22:07:08 - INFO - modules.trainer -   [27/30] Start to evaluate in the test set.
11/20/2021 22:07:31 - INFO - modules.trainer -   	epoch          : 27
11/20/2021 22:07:31 - INFO - modules.trainer -   	ce_loss        : 0.46962583251297474
11/20/2021 22:07:31 - INFO - modules.trainer -   	con            : 0.07718907401431352
11/20/2021 22:07:31 - INFO - modules.trainer -   	val_BLEU_1     : 0.2401829105169705
11/20/2021 22:07:31 - INFO - modules.trainer -   	val_BLEU_2     : 0.14217898042099816
11/20/2021 22:07:31 - INFO - modules.trainer -   	val_BLEU_3     : 0.09757669340962095
11/20/2021 22:07:31 - INFO - modules.trainer -   	val_BLEU_4     : 0.07217778073801973
11/20/2021 22:07:31 - INFO - modules.trainer -   	val_METEOR     : 0.11645325735266589
11/20/2021 22:07:31 - INFO - modules.trainer -   	val_ROUGE_L    : 0.2958517349283383
11/20/2021 22:07:31 - INFO - modules.trainer -   	test_BLEU_1    : 0.2807848208924779
11/20/2021 22:07:31 - INFO - modules.trainer -   	test_BLEU_2    : 0.17120007775248774
11/20/2021 22:07:31 - INFO - modules.trainer -   	test_BLEU_3    : 0.12166887940331285
11/20/2021 22:07:31 - INFO - modules.trainer -   	test_BLEU_4    : 0.09175930175837417
11/20/2021 22:07:31 - INFO - modules.trainer -   	test_METEOR    : 0.13080754836537128
11/20/2021 22:07:31 - INFO - modules.trainer -   	test_ROUGE_L   : 0.313330547160539
11/20/2021 22:07:34 - INFO - modules.trainer -   Saving checkpoint: results/iu_xray/current_checkpoint.pth ...
11/20/2021 22:07:34 - INFO - modules.trainer -   [28/30] Start to train in the training set.
best performance in epoch:  5
11/20/2021 22:07:36 - INFO - modules.trainer -   [28/30] Step: 0/64, CE Loss: 0.45351, CON Loss: 0.07463.
11/20/2021 22:08:40 - INFO - modules.trainer -   [28/30] Step: 50/64, CE Loss: 0.45090, CON Loss: 0.07278.
11/20/2021 22:08:58 - INFO - modules.trainer -   [28/30] Start to evaluate in the validation set.
11/20/2021 22:09:15 - INFO - modules.trainer -   [28/30] Start to evaluate in the test set.
11/20/2021 22:09:37 - INFO - modules.trainer -   	epoch          : 28
11/20/2021 22:09:37 - INFO - modules.trainer -   	ce_loss        : 0.4600793463177979
11/20/2021 22:09:37 - INFO - modules.trainer -   	con            : 0.07230714475736022
11/20/2021 22:09:37 - INFO - modules.trainer -   	val_BLEU_1     : 0.24733501926872697
11/20/2021 22:09:37 - INFO - modules.trainer -   	val_BLEU_2     : 0.1494924292196836
11/20/2021 22:09:37 - INFO - modules.trainer -   	val_BLEU_3     : 0.10425256702515846
11/20/2021 22:09:37 - INFO - modules.trainer -   	val_BLEU_4     : 0.07831876201000271
11/20/2021 22:09:37 - INFO - modules.trainer -   	val_METEOR     : 0.11891306370454406
11/20/2021 22:09:37 - INFO - modules.trainer -   	val_ROUGE_L    : 0.2992045166291506
11/20/2021 22:09:37 - INFO - modules.trainer -   	test_BLEU_1    : 0.29124110503945083
11/20/2021 22:09:37 - INFO - modules.trainer -   	test_BLEU_2    : 0.1791315447233354
11/20/2021 22:09:37 - INFO - modules.trainer -   	test_BLEU_3    : 0.12759941083810683
11/20/2021 22:09:37 - INFO - modules.trainer -   	test_BLEU_4    : 0.09615945210948504
11/20/2021 22:09:37 - INFO - modules.trainer -   	test_METEOR    : 0.13474489659778424
11/20/2021 22:09:37 - INFO - modules.trainer -   	test_ROUGE_L   : 0.31593186858457034
11/20/2021 22:09:40 - INFO - modules.trainer -   Saving checkpoint: results/iu_xray/current_checkpoint.pth ...
11/20/2021 22:09:40 - INFO - modules.trainer -   [29/30] Start to train in the training set.
best performance in epoch:  5
11/20/2021 22:09:42 - INFO - modules.trainer -   [29/30] Step: 0/64, CE Loss: 0.44529, CON Loss: 0.06998.
11/20/2021 22:10:43 - INFO - modules.trainer -   [29/30] Step: 50/64, CE Loss: 0.44117, CON Loss: 0.06828.
11/20/2021 22:10:58 - INFO - modules.trainer -   [29/30] Start to evaluate in the validation set.
11/20/2021 22:11:13 - INFO - modules.trainer -   [29/30] Start to evaluate in the test set.
11/20/2021 22:11:36 - INFO - modules.trainer -   	epoch          : 29
11/20/2021 22:11:36 - INFO - modules.trainer -   	ce_loss        : 0.4471999825909734
11/20/2021 22:11:36 - INFO - modules.trainer -   	con            : 0.0678530924487859
11/20/2021 22:11:36 - INFO - modules.trainer -   	val_BLEU_1     : 0.24437048135138165
11/20/2021 22:11:36 - INFO - modules.trainer -   	val_BLEU_2     : 0.14421670919797294
11/20/2021 22:11:36 - INFO - modules.trainer -   	val_BLEU_3     : 0.09943015450615374
11/20/2021 22:11:36 - INFO - modules.trainer -   	val_BLEU_4     : 0.07402320851344447
11/20/2021 22:11:36 - INFO - modules.trainer -   	val_METEOR     : 0.11454788849432473
11/20/2021 22:11:36 - INFO - modules.trainer -   	val_ROUGE_L    : 0.2969962809281703
11/20/2021 22:11:36 - INFO - modules.trainer -   	test_BLEU_1    : 0.28654780145597436
11/20/2021 22:11:36 - INFO - modules.trainer -   	test_BLEU_2    : 0.17349930829337062
11/20/2021 22:11:36 - INFO - modules.trainer -   	test_BLEU_3    : 0.12274928058788717
11/20/2021 22:11:36 - INFO - modules.trainer -   	test_BLEU_4    : 0.09239330936945296
11/20/2021 22:11:36 - INFO - modules.trainer -   	test_METEOR    : 0.1304076190567647
11/20/2021 22:11:36 - INFO - modules.trainer -   	test_ROUGE_L   : 0.31549294626984337
11/20/2021 22:11:39 - INFO - modules.trainer -   Saving checkpoint: results/iu_xray/current_checkpoint.pth ...
11/20/2021 22:11:39 - INFO - modules.trainer -   [30/30] Start to train in the training set.
best performance in epoch:  5
11/20/2021 22:11:41 - INFO - modules.trainer -   [30/30] Step: 0/64, CE Loss: 0.37627, CON Loss: 0.06571.
11/20/2021 22:12:40 - INFO - modules.trainer -   [30/30] Step: 50/64, CE Loss: 0.42525, CON Loss: 0.06416.
11/20/2021 22:12:56 - INFO - modules.trainer -   [30/30] Start to evaluate in the validation set.
11/20/2021 22:13:10 - INFO - modules.trainer -   [30/30] Start to evaluate in the test set.
11/20/2021 22:13:31 - INFO - modules.trainer -   	epoch          : 30
11/20/2021 22:13:31 - INFO - modules.trainer -   	ce_loss        : 0.4316328754648566
11/20/2021 22:13:31 - INFO - modules.trainer -   	con            : 0.06376964808441699
11/20/2021 22:13:31 - INFO - modules.trainer -   	val_BLEU_1     : 0.2712645974795271
11/20/2021 22:13:31 - INFO - modules.trainer -   	val_BLEU_2     : 0.16114704312922565
11/20/2021 22:13:31 - INFO - modules.trainer -   	val_BLEU_3     : 0.1114232632270543
11/20/2021 22:13:31 - INFO - modules.trainer -   	val_BLEU_4     : 0.08267208760492542
11/20/2021 22:13:31 - INFO - modules.trainer -   	val_METEOR     : 0.1202197728378171
11/20/2021 22:13:31 - INFO - modules.trainer -   	val_ROUGE_L    : 0.30030751816708
11/20/2021 22:13:31 - INFO - modules.trainer -   	test_BLEU_1    : 0.2979294476592102
11/20/2021 22:13:31 - INFO - modules.trainer -   	test_BLEU_2    : 0.1805868141003615
11/20/2021 22:13:31 - INFO - modules.trainer -   	test_BLEU_3    : 0.12800138771296768
11/20/2021 22:13:31 - INFO - modules.trainer -   	test_BLEU_4    : 0.09624432783107002
11/20/2021 22:13:31 - INFO - modules.trainer -   	test_METEOR    : 0.1342480440196584
11/20/2021 22:13:31 - INFO - modules.trainer -   	test_ROUGE_L   : 0.31639087899655755
11/20/2021 22:13:35 - INFO - modules.trainer -   Saving checkpoint: results/iu_xray/current_checkpoint.pth ...
best performance in epoch:  5
