nohup: ignoring input
Traceback (most recent call last):
  File "main.py", line 4, in <module>
    import torch
ModuleNotFoundError: No module named 'torch'
nohup: ignoring input
11/19/2021 10:31:51 - INFO - modules.trainer -   [1/30] Start to train in the training set.
[W TensorIterator.cpp:918] Warning: Mixed memory format inputs detected while calling the operator. The operator will output contiguous tensor even if some of the inputs are in channels_last format. (function operator())
/mnt/Data3/wangjun/anaconda3/envs/torch16/lib/python3.7/site-packages/torch/nn/parallel/_functions.py:61: UserWarning: Was asked to gather along dimension 0, but all input tensors were scalars; will instead unsqueeze and return a vector.
  warnings.warn('Was asked to gather along dimension 0, but all '
11/19/2021 10:31:55 - INFO - modules.trainer -   [1/30] Step: 0/64, CE Loss: 6.82308, CON Loss: 0.37640.
11/19/2021 10:32:58 - INFO - modules.trainer -   [1/30] Step: 50/64, CE Loss: 4.57668, CON Loss: 0.37039.
11/19/2021 10:33:15 - INFO - modules.trainer -   [1/30] Start to evaluate in the validation set.
11/19/2021 10:33:30 - INFO - modules.trainer -   [1/30] Start to evaluate in the test set.
11/19/2021 10:33:54 - INFO - modules.trainer -   	epoch          : 1
11/19/2021 10:33:54 - INFO - modules.trainer -   	ce_loss        : 4.31604165956378
11/19/2021 10:33:54 - INFO - modules.trainer -   	con            : 0.36948790354654193
11/19/2021 10:33:54 - INFO - modules.trainer -   	val_BLEU_1     : 0.1834459459459356
11/19/2021 10:33:54 - INFO - modules.trainer -   	val_BLEU_2     : 0.11522739266297154
11/19/2021 10:33:54 - INFO - modules.trainer -   	val_BLEU_3     : 0.08079640670004173
11/19/2021 10:33:54 - INFO - modules.trainer -   	val_BLEU_4     : 0.05755448502654285
11/19/2021 10:33:54 - INFO - modules.trainer -   	val_METEOR     : 0.09404599467527595
11/19/2021 10:33:54 - INFO - modules.trainer -   	val_ROUGE_L    : 0.21331358914145743
11/19/2021 10:33:54 - INFO - modules.trainer -   	test_BLEU_1    : 0.17833333333332832
11/19/2021 10:33:54 - INFO - modules.trainer -   	test_BLEU_2    : 0.11269444663854944
11/19/2021 10:33:54 - INFO - modules.trainer -   	test_BLEU_3    : 0.0794830042708426
11/19/2021 10:33:54 - INFO - modules.trainer -   	test_BLEU_4    : 0.056281583374704264
11/19/2021 10:33:54 - INFO - modules.trainer -   	test_METEOR    : 0.1015282402118849
11/19/2021 10:33:54 - INFO - modules.trainer -   	test_ROUGE_L   : 0.21721779962201573
11/19/2021 10:33:58 - INFO - modules.trainer -   Saving checkpoint: results/iu_xray/current_checkpoint.pth ...
11/19/2021 10:34:03 - INFO - modules.trainer -   Saving current best: model_best.pth ...
11/19/2021 10:34:03 - INFO - modules.trainer -   [2/30] Start to train in the training set.
best performance in epoch:  1
/mnt/Data3/wangjun/anaconda3/envs/torch16/lib/python3.7/site-packages/torch/nn/parallel/_functions.py:61: UserWarning: Was asked to gather along dimension 0, but all input tensors were scalars; will instead unsqueeze and return a vector.
  warnings.warn('Was asked to gather along dimension 0, but all '
11/19/2021 10:34:05 - INFO - modules.trainer -   [2/30] Step: 0/64, CE Loss: 3.02681, CON Loss: 0.36499.
11/19/2021 10:35:08 - INFO - modules.trainer -   [2/30] Step: 50/64, CE Loss: 2.78297, CON Loss: 0.36176.
11/19/2021 10:35:24 - INFO - modules.trainer -   [2/30] Start to evaluate in the validation set.
11/19/2021 10:35:39 - INFO - modules.trainer -   [2/30] Start to evaluate in the test set.
11/19/2021 10:36:03 - INFO - modules.trainer -   	epoch          : 2
11/19/2021 10:36:03 - INFO - modules.trainer -   	ce_loss        : 2.7124754898250103
11/19/2021 10:36:03 - INFO - modules.trainer -   	con            : 0.3609657324850559
11/19/2021 10:36:03 - INFO - modules.trainer -   	val_BLEU_1     : 0.15844662749857438
11/19/2021 10:36:03 - INFO - modules.trainer -   	val_BLEU_2     : 0.10631073943476307
11/19/2021 10:36:03 - INFO - modules.trainer -   	val_BLEU_3     : 0.07391932982771872
11/19/2021 10:36:03 - INFO - modules.trainer -   	val_BLEU_4     : 0.053655679165767384
11/19/2021 10:36:03 - INFO - modules.trainer -   	val_METEOR     : 0.13530084904520284
11/19/2021 10:36:03 - INFO - modules.trainer -   	val_ROUGE_L    : 0.31155838695069166
11/19/2021 10:36:03 - INFO - modules.trainer -   	test_BLEU_1    : 0.1958817317064419
11/19/2021 10:36:03 - INFO - modules.trainer -   	test_BLEU_2    : 0.13251120913416653
11/19/2021 10:36:03 - INFO - modules.trainer -   	test_BLEU_3    : 0.09296761791978471
11/19/2021 10:36:03 - INFO - modules.trainer -   	test_BLEU_4    : 0.06841963726387669
11/19/2021 10:36:03 - INFO - modules.trainer -   	test_METEOR    : 0.1493407150591831
11/19/2021 10:36:03 - INFO - modules.trainer -   	test_ROUGE_L   : 0.32560512100778843
11/19/2021 10:36:08 - INFO - modules.trainer -   Saving checkpoint: results/iu_xray/current_checkpoint.pth ...
11/19/2021 10:36:08 - INFO - modules.trainer -   [3/30] Start to train in the training set.
best performance in epoch:  1
/mnt/Data3/wangjun/anaconda3/envs/torch16/lib/python3.7/site-packages/torch/nn/parallel/_functions.py:61: UserWarning: Was asked to gather along dimension 0, but all input tensors were scalars; will instead unsqueeze and return a vector.
  warnings.warn('Was asked to gather along dimension 0, but all '
11/19/2021 10:36:10 - INFO - modules.trainer -   [3/30] Step: 0/64, CE Loss: 2.65939, CON Loss: 0.35702.
11/19/2021 10:37:13 - INFO - modules.trainer -   [3/30] Step: 50/64, CE Loss: 2.23687, CON Loss: 0.35413.
11/19/2021 10:37:30 - INFO - modules.trainer -   [3/30] Start to evaluate in the validation set.
11/19/2021 10:37:45 - INFO - modules.trainer -   [3/30] Start to evaluate in the test set.
11/19/2021 10:38:09 - INFO - modules.trainer -   	epoch          : 3
11/19/2021 10:38:09 - INFO - modules.trainer -   	ce_loss        : 2.2016741689294577
11/19/2021 10:38:09 - INFO - modules.trainer -   	con            : 0.3533962885849178
11/19/2021 10:38:09 - INFO - modules.trainer -   	val_BLEU_1     : 0.3296893188202918
11/19/2021 10:38:09 - INFO - modules.trainer -   	val_BLEU_2     : 0.20743052972819107
11/19/2021 10:38:09 - INFO - modules.trainer -   	val_BLEU_3     : 0.14622955904209484
11/19/2021 10:38:09 - INFO - modules.trainer -   	val_BLEU_4     : 0.10855757474652611
11/19/2021 10:38:09 - INFO - modules.trainer -   	val_METEOR     : 0.14169650953052096
11/19/2021 10:38:09 - INFO - modules.trainer -   	val_ROUGE_L    : 0.3316314258637069
11/19/2021 10:38:09 - INFO - modules.trainer -   	test_BLEU_1    : 0.37695814917250153
11/19/2021 10:38:09 - INFO - modules.trainer -   	test_BLEU_2    : 0.2400492237413475
11/19/2021 10:38:09 - INFO - modules.trainer -   	test_BLEU_3    : 0.17093942537363357
11/19/2021 10:38:09 - INFO - modules.trainer -   	test_BLEU_4    : 0.12775467370684238
11/19/2021 10:38:09 - INFO - modules.trainer -   	test_METEOR    : 0.1593433259208361
11/19/2021 10:38:09 - INFO - modules.trainer -   	test_ROUGE_L   : 0.3477188688147976
11/19/2021 10:38:12 - INFO - modules.trainer -   Saving checkpoint: results/iu_xray/current_checkpoint.pth ...
11/19/2021 10:38:16 - INFO - modules.trainer -   Saving current best: model_best.pth ...
11/19/2021 10:38:16 - INFO - modules.trainer -   [4/30] Start to train in the training set.
best performance in epoch:  3
/mnt/Data3/wangjun/anaconda3/envs/torch16/lib/python3.7/site-packages/torch/nn/parallel/_functions.py:61: UserWarning: Was asked to gather along dimension 0, but all input tensors were scalars; will instead unsqueeze and return a vector.
  warnings.warn('Was asked to gather along dimension 0, but all '
11/19/2021 10:38:18 - INFO - modules.trainer -   [4/30] Step: 0/64, CE Loss: 2.05983, CON Loss: 0.34975.
11/19/2021 10:39:21 - INFO - modules.trainer -   [4/30] Step: 50/64, CE Loss: 1.97777, CON Loss: 0.34703.
11/19/2021 10:39:37 - INFO - modules.trainer -   [4/30] Start to evaluate in the validation set.
11/19/2021 10:39:52 - INFO - modules.trainer -   [4/30] Start to evaluate in the test set.
11/19/2021 10:40:15 - INFO - modules.trainer -   	epoch          : 4
11/19/2021 10:40:15 - INFO - modules.trainer -   	ce_loss        : 1.9756454546004534
11/19/2021 10:40:15 - INFO - modules.trainer -   	con            : 0.3463355670683086
11/19/2021 10:40:15 - INFO - modules.trainer -   	val_BLEU_1     : 0.19947259843685186
11/19/2021 10:40:15 - INFO - modules.trainer -   	val_BLEU_2     : 0.11849612789931314
11/19/2021 10:40:15 - INFO - modules.trainer -   	val_BLEU_3     : 0.08386495802784064
11/19/2021 10:40:15 - INFO - modules.trainer -   	val_BLEU_4     : 0.06420837499547208
11/19/2021 10:40:15 - INFO - modules.trainer -   	val_METEOR     : 0.10361519132537805
11/19/2021 10:40:15 - INFO - modules.trainer -   	val_ROUGE_L    : 0.29487914500836326
11/19/2021 10:40:15 - INFO - modules.trainer -   	test_BLEU_1    : 0.24211559327239937
11/19/2021 10:40:15 - INFO - modules.trainer -   	test_BLEU_2    : 0.14696773775527072
11/19/2021 10:40:15 - INFO - modules.trainer -   	test_BLEU_3    : 0.10573028564084569
11/19/2021 10:40:15 - INFO - modules.trainer -   	test_BLEU_4    : 0.08120469414451764
11/19/2021 10:40:15 - INFO - modules.trainer -   	test_METEOR    : 0.11959836843650183
11/19/2021 10:40:15 - INFO - modules.trainer -   	test_ROUGE_L   : 0.31218386922302926
11/19/2021 10:40:19 - INFO - modules.trainer -   Saving checkpoint: results/iu_xray/current_checkpoint.pth ...
11/19/2021 10:40:19 - INFO - modules.trainer -   [5/30] Start to train in the training set.
best performance in epoch:  3
/mnt/Data3/wangjun/anaconda3/envs/torch16/lib/python3.7/site-packages/torch/nn/parallel/_functions.py:61: UserWarning: Was asked to gather along dimension 0, but all input tensors were scalars; will instead unsqueeze and return a vector.
  warnings.warn('Was asked to gather along dimension 0, but all '
11/19/2021 10:40:21 - INFO - modules.trainer -   [5/30] Step: 0/64, CE Loss: 1.99147, CON Loss: 0.34286.
11/19/2021 10:41:25 - INFO - modules.trainer -   [5/30] Step: 50/64, CE Loss: 1.81461, CON Loss: 0.34023.
11/19/2021 10:41:41 - INFO - modules.trainer -   [5/30] Start to evaluate in the validation set.
11/19/2021 10:41:57 - INFO - modules.trainer -   [5/30] Start to evaluate in the test set.
11/19/2021 10:42:20 - INFO - modules.trainer -   	epoch          : 5
11/19/2021 10:42:20 - INFO - modules.trainer -   	ce_loss        : 1.8177964985370636
11/19/2021 10:42:20 - INFO - modules.trainer -   	con            : 0.3395515945740044
11/19/2021 10:42:20 - INFO - modules.trainer -   	val_BLEU_1     : 0.1988625889127359
11/19/2021 10:42:20 - INFO - modules.trainer -   	val_BLEU_2     : 0.1180353903908086
11/19/2021 10:42:20 - INFO - modules.trainer -   	val_BLEU_3     : 0.0835544869652126
11/19/2021 10:42:20 - INFO - modules.trainer -   	val_BLEU_4     : 0.06400886298630389
11/19/2021 10:42:20 - INFO - modules.trainer -   	val_METEOR     : 0.1034722429799017
11/19/2021 10:42:20 - INFO - modules.trainer -   	val_ROUGE_L    : 0.29474007494202537
11/19/2021 10:42:20 - INFO - modules.trainer -   	test_BLEU_1    : 0.2414891728040812
11/19/2021 10:42:20 - INFO - modules.trainer -   	test_BLEU_2    : 0.14657508017251872
11/19/2021 10:42:20 - INFO - modules.trainer -   	test_BLEU_3    : 0.10545486468993152
11/19/2021 10:42:20 - INFO - modules.trainer -   	test_BLEU_4    : 0.08101704657824713
11/19/2021 10:42:20 - INFO - modules.trainer -   	test_METEOR    : 0.11945841070409312
11/19/2021 10:42:20 - INFO - modules.trainer -   	test_ROUGE_L   : 0.3121804906222145
11/19/2021 10:42:24 - INFO - modules.trainer -   Saving checkpoint: results/iu_xray/current_checkpoint.pth ...
11/19/2021 10:42:24 - INFO - modules.trainer -   [6/30] Start to train in the training set.
best performance in epoch:  3
/mnt/Data3/wangjun/anaconda3/envs/torch16/lib/python3.7/site-packages/torch/nn/parallel/_functions.py:61: UserWarning: Was asked to gather along dimension 0, but all input tensors were scalars; will instead unsqueeze and return a vector.
  warnings.warn('Was asked to gather along dimension 0, but all '
11/19/2021 10:42:26 - INFO - modules.trainer -   [6/30] Step: 0/64, CE Loss: 1.78003, CON Loss: 0.33616.
11/19/2021 10:43:28 - INFO - modules.trainer -   [6/30] Step: 50/64, CE Loss: 1.65749, CON Loss: 0.33354.
11/19/2021 10:43:45 - INFO - modules.trainer -   [6/30] Start to evaluate in the validation set.
11/19/2021 10:44:01 - INFO - modules.trainer -   [6/30] Start to evaluate in the test set.
11/19/2021 10:44:24 - INFO - modules.trainer -   	epoch          : 6
11/19/2021 10:44:24 - INFO - modules.trainer -   	ce_loss        : 1.6775548048317432
11/19/2021 10:44:24 - INFO - modules.trainer -   	con            : 0.33286438416689634
11/19/2021 10:44:24 - INFO - modules.trainer -   	val_BLEU_1     : 0.22158188714459046
11/19/2021 10:44:24 - INFO - modules.trainer -   	val_BLEU_2     : 0.10915350476224457
11/19/2021 10:44:24 - INFO - modules.trainer -   	val_BLEU_3     : 0.0642242899768205
11/19/2021 10:44:24 - INFO - modules.trainer -   	val_BLEU_4     : 0.039595615073065006
11/19/2021 10:44:24 - INFO - modules.trainer -   	val_METEOR     : 0.09161075172987505
11/19/2021 10:44:24 - INFO - modules.trainer -   	val_ROUGE_L    : 0.25599259126065965
11/19/2021 10:44:24 - INFO - modules.trainer -   	test_BLEU_1    : 0.269609430322316
11/19/2021 10:44:24 - INFO - modules.trainer -   	test_BLEU_2    : 0.1509120702055406
11/19/2021 10:44:24 - INFO - modules.trainer -   	test_BLEU_3    : 0.1016828776800629
11/19/2021 10:44:24 - INFO - modules.trainer -   	test_BLEU_4    : 0.07393775270124563
11/19/2021 10:44:24 - INFO - modules.trainer -   	test_METEOR    : 0.11113888048024556
11/19/2021 10:44:24 - INFO - modules.trainer -   	test_ROUGE_L   : 0.2932646532986132
11/19/2021 10:44:28 - INFO - modules.trainer -   Saving checkpoint: results/iu_xray/current_checkpoint.pth ...
11/19/2021 10:44:28 - INFO - modules.trainer -   [7/30] Start to train in the training set.
best performance in epoch:  3
/mnt/Data3/wangjun/anaconda3/envs/torch16/lib/python3.7/site-packages/torch/nn/parallel/_functions.py:61: UserWarning: Was asked to gather along dimension 0, but all input tensors were scalars; will instead unsqueeze and return a vector.
  warnings.warn('Was asked to gather along dimension 0, but all '
11/19/2021 10:44:30 - INFO - modules.trainer -   [7/30] Step: 0/64, CE Loss: 1.54544, CON Loss: 0.32948.
11/19/2021 10:45:33 - INFO - modules.trainer -   [7/30] Step: 50/64, CE Loss: 1.55890, CON Loss: 0.32685.
11/19/2021 10:45:51 - INFO - modules.trainer -   [7/30] Start to evaluate in the validation set.
11/19/2021 10:46:09 - INFO - modules.trainer -   [7/30] Start to evaluate in the test set.
11/19/2021 10:46:33 - INFO - modules.trainer -   	epoch          : 7
11/19/2021 10:46:33 - INFO - modules.trainer -   	ce_loss        : 1.5805569645017385
11/19/2021 10:46:33 - INFO - modules.trainer -   	con            : 0.3261592099443078
11/19/2021 10:46:33 - INFO - modules.trainer -   	val_BLEU_1     : 0.3845730291294562
11/19/2021 10:46:33 - INFO - modules.trainer -   	val_BLEU_2     : 0.23677623686813135
11/19/2021 10:46:33 - INFO - modules.trainer -   	val_BLEU_3     : 0.1565440750490884
11/19/2021 10:46:33 - INFO - modules.trainer -   	val_BLEU_4     : 0.11000138722415109
11/19/2021 10:46:33 - INFO - modules.trainer -   	val_METEOR     : 0.16894424488958454
11/19/2021 10:46:33 - INFO - modules.trainer -   	val_ROUGE_L    : 0.33747964199903396
11/19/2021 10:46:33 - INFO - modules.trainer -   	test_BLEU_1    : 0.43179683767366195
11/19/2021 10:46:33 - INFO - modules.trainer -   	test_BLEU_2    : 0.2708017722090066
11/19/2021 10:46:33 - INFO - modules.trainer -   	test_BLEU_3    : 0.18314746226703926
11/19/2021 10:46:33 - INFO - modules.trainer -   	test_BLEU_4    : 0.13226939376182018
11/19/2021 10:46:33 - INFO - modules.trainer -   	test_METEOR    : 0.1872014876532279
11/19/2021 10:46:33 - INFO - modules.trainer -   	test_ROUGE_L   : 0.36020545871918175
11/19/2021 10:46:36 - INFO - modules.trainer -   Saving checkpoint: results/iu_xray/current_checkpoint.pth ...
11/19/2021 10:46:40 - INFO - modules.trainer -   Saving current best: model_best.pth ...
11/19/2021 10:46:40 - INFO - modules.trainer -   [8/30] Start to train in the training set.
best performance in epoch:  7
/mnt/Data3/wangjun/anaconda3/envs/torch16/lib/python3.7/site-packages/torch/nn/parallel/_functions.py:61: UserWarning: Was asked to gather along dimension 0, but all input tensors were scalars; will instead unsqueeze and return a vector.
  warnings.warn('Was asked to gather along dimension 0, but all '
11/19/2021 10:46:42 - INFO - modules.trainer -   [8/30] Step: 0/64, CE Loss: 1.35492, CON Loss: 0.32272.
11/19/2021 10:47:45 - INFO - modules.trainer -   [8/30] Step: 50/64, CE Loss: 1.46139, CON Loss: 0.32004.
11/19/2021 10:48:01 - INFO - modules.trainer -   [8/30] Start to evaluate in the validation set.
11/19/2021 10:48:17 - INFO - modules.trainer -   [8/30] Start to evaluate in the test set.
11/19/2021 10:48:40 - INFO - modules.trainer -   	epoch          : 8
11/19/2021 10:48:40 - INFO - modules.trainer -   	ce_loss        : 1.4718437027186155
11/19/2021 10:48:40 - INFO - modules.trainer -   	con            : 0.31933587370440364
11/19/2021 10:48:40 - INFO - modules.trainer -   	val_BLEU_1     : 0.2102972902262515
11/19/2021 10:48:40 - INFO - modules.trainer -   	val_BLEU_2     : 0.12676526071040592
11/19/2021 10:48:40 - INFO - modules.trainer -   	val_BLEU_3     : 0.08938282599965597
11/19/2021 10:48:40 - INFO - modules.trainer -   	val_BLEU_4     : 0.06792304748559375
11/19/2021 10:48:40 - INFO - modules.trainer -   	val_METEOR     : 0.10771873722545029
11/19/2021 10:48:40 - INFO - modules.trainer -   	val_ROUGE_L    : 0.29870827037265146
11/19/2021 10:48:40 - INFO - modules.trainer -   	test_BLEU_1    : 0.25082719520797353
11/19/2021 10:48:40 - INFO - modules.trainer -   	test_BLEU_2    : 0.15438269764849583
11/19/2021 10:48:40 - INFO - modules.trainer -   	test_BLEU_3    : 0.11109356385218747
11/19/2021 10:48:40 - INFO - modules.trainer -   	test_BLEU_4    : 0.0848946541471804
11/19/2021 10:48:40 - INFO - modules.trainer -   	test_METEOR    : 0.12339129583344295
11/19/2021 10:48:40 - INFO - modules.trainer -   	test_ROUGE_L   : 0.31662426938787025
11/19/2021 10:48:43 - INFO - modules.trainer -   Saving checkpoint: results/iu_xray/current_checkpoint.pth ...
11/19/2021 10:48:43 - INFO - modules.trainer -   [9/30] Start to train in the training set.
best performance in epoch:  7
/mnt/Data3/wangjun/anaconda3/envs/torch16/lib/python3.7/site-packages/torch/nn/parallel/_functions.py:61: UserWarning: Was asked to gather along dimension 0, but all input tensors were scalars; will instead unsqueeze and return a vector.
  warnings.warn('Was asked to gather along dimension 0, but all '
11/19/2021 10:48:45 - INFO - modules.trainer -   [9/30] Step: 0/64, CE Loss: 1.41089, CON Loss: 0.31581.
11/19/2021 10:49:49 - INFO - modules.trainer -   [9/30] Step: 50/64, CE Loss: 1.36229, CON Loss: 0.31302.
11/19/2021 10:50:06 - INFO - modules.trainer -   [9/30] Start to evaluate in the validation set.
11/19/2021 10:50:21 - INFO - modules.trainer -   [9/30] Start to evaluate in the test set.
11/19/2021 10:50:43 - INFO - modules.trainer -   	epoch          : 9
11/19/2021 10:50:43 - INFO - modules.trainer -   	ce_loss        : 1.371493672952056
11/19/2021 10:50:43 - INFO - modules.trainer -   	con            : 0.31229139398783445
11/19/2021 10:50:43 - INFO - modules.trainer -   	val_BLEU_1     : 0.43062741311655495
11/19/2021 10:50:43 - INFO - modules.trainer -   	val_BLEU_2     : 0.24784103233098592
11/19/2021 10:50:43 - INFO - modules.trainer -   	val_BLEU_3     : 0.16487977757630037
11/19/2021 10:50:43 - INFO - modules.trainer -   	val_BLEU_4     : 0.11699971926001075
11/19/2021 10:50:43 - INFO - modules.trainer -   	val_METEOR     : 0.15971845674816545
11/19/2021 10:50:43 - INFO - modules.trainer -   	val_ROUGE_L    : 0.3186864134005862
11/19/2021 10:50:43 - INFO - modules.trainer -   	test_BLEU_1    : 0.4424690371553914
11/19/2021 10:50:43 - INFO - modules.trainer -   	test_BLEU_2    : 0.27422978949776255
11/19/2021 10:50:43 - INFO - modules.trainer -   	test_BLEU_3    : 0.19690513634199566
11/19/2021 10:50:43 - INFO - modules.trainer -   	test_BLEU_4    : 0.14989256441793472
11/19/2021 10:50:43 - INFO - modules.trainer -   	test_METEOR    : 0.18237779476268287
11/19/2021 10:50:43 - INFO - modules.trainer -   	test_ROUGE_L   : 0.3496268382704359
11/19/2021 10:50:47 - INFO - modules.trainer -   Saving checkpoint: results/iu_xray/current_checkpoint.pth ...
11/19/2021 10:50:51 - INFO - modules.trainer -   Saving current best: model_best.pth ...
11/19/2021 10:50:51 - INFO - modules.trainer -   [10/30] Start to train in the training set.
best performance in epoch:  9
/mnt/Data3/wangjun/anaconda3/envs/torch16/lib/python3.7/site-packages/torch/nn/parallel/_functions.py:61: UserWarning: Was asked to gather along dimension 0, but all input tensors were scalars; will instead unsqueeze and return a vector.
  warnings.warn('Was asked to gather along dimension 0, but all '
11/19/2021 10:50:53 - INFO - modules.trainer -   [10/30] Step: 0/64, CE Loss: 1.30706, CON Loss: 0.30862.
11/19/2021 10:51:55 - INFO - modules.trainer -   [10/30] Step: 50/64, CE Loss: 1.27233, CON Loss: 0.30573.
11/19/2021 10:52:11 - INFO - modules.trainer -   [10/30] Start to evaluate in the validation set.
11/19/2021 10:52:26 - INFO - modules.trainer -   [10/30] Start to evaluate in the test set.
11/19/2021 10:52:51 - INFO - modules.trainer -   	epoch          : 10
11/19/2021 10:52:51 - INFO - modules.trainer -   	ce_loss        : 1.2857715170830488
11/19/2021 10:52:51 - INFO - modules.trainer -   	con            : 0.3049655198119581
11/19/2021 10:52:51 - INFO - modules.trainer -   	val_BLEU_1     : 0.39095215402480976
11/19/2021 10:52:51 - INFO - modules.trainer -   	val_BLEU_2     : 0.251182223854548
11/19/2021 10:52:51 - INFO - modules.trainer -   	val_BLEU_3     : 0.1756425498578287
11/19/2021 10:52:51 - INFO - modules.trainer -   	val_BLEU_4     : 0.12799253989602097
11/19/2021 10:52:51 - INFO - modules.trainer -   	val_METEOR     : 0.1571674660204618
11/19/2021 10:52:51 - INFO - modules.trainer -   	val_ROUGE_L    : 0.3401193342740529
11/19/2021 10:52:51 - INFO - modules.trainer -   	test_BLEU_1    : 0.440896658540266
11/19/2021 10:52:51 - INFO - modules.trainer -   	test_BLEU_2    : 0.2815670754606364
11/19/2021 10:52:51 - INFO - modules.trainer -   	test_BLEU_3    : 0.19592712135287405
11/19/2021 10:52:51 - INFO - modules.trainer -   	test_BLEU_4    : 0.14125563853294548
11/19/2021 10:52:51 - INFO - modules.trainer -   	test_METEOR    : 0.17565127155341984
11/19/2021 10:52:51 - INFO - modules.trainer -   	test_ROUGE_L   : 0.359556870706503
11/19/2021 10:52:54 - INFO - modules.trainer -   Saving checkpoint: results/iu_xray/current_checkpoint.pth ...
11/19/2021 10:53:00 - INFO - modules.trainer -   Saving current best: model_best.pth ...
11/19/2021 10:53:00 - INFO - modules.trainer -   [11/30] Start to train in the training set.
best performance in epoch:  10
/mnt/Data3/wangjun/anaconda3/envs/torch16/lib/python3.7/site-packages/torch/nn/parallel/_functions.py:61: UserWarning: Was asked to gather along dimension 0, but all input tensors were scalars; will instead unsqueeze and return a vector.
  warnings.warn('Was asked to gather along dimension 0, but all '
11/19/2021 10:53:02 - INFO - modules.trainer -   [11/30] Step: 0/64, CE Loss: 1.12236, CON Loss: 0.30114.
11/19/2021 10:54:06 - INFO - modules.trainer -   [11/30] Step: 50/64, CE Loss: 1.14969, CON Loss: 0.29874.
11/19/2021 10:54:23 - INFO - modules.trainer -   [11/30] Start to evaluate in the validation set.
11/19/2021 10:54:38 - INFO - modules.trainer -   [11/30] Start to evaluate in the test set.
11/19/2021 10:55:01 - INFO - modules.trainer -   	epoch          : 11
11/19/2021 10:55:01 - INFO - modules.trainer -   	ce_loss        : 1.161837501451373
11/19/2021 10:55:01 - INFO - modules.trainer -   	con            : 0.2981087579391897
11/19/2021 10:55:01 - INFO - modules.trainer -   	val_BLEU_1     : 0.2034296050617946
11/19/2021 10:55:01 - INFO - modules.trainer -   	val_BLEU_2     : 0.12106457704532733
11/19/2021 10:55:01 - INFO - modules.trainer -   	val_BLEU_3     : 0.08546398648892949
11/19/2021 10:55:01 - INFO - modules.trainer -   	val_BLEU_4     : 0.06532897136738286
11/19/2021 10:55:01 - INFO - modules.trainer -   	val_METEOR     : 0.10420285419412027
11/19/2021 10:55:01 - INFO - modules.trainer -   	val_ROUGE_L    : 0.29385527928082755
11/19/2021 10:55:01 - INFO - modules.trainer -   	test_BLEU_1    : 0.24883120012795795
11/19/2021 10:55:01 - INFO - modules.trainer -   	test_BLEU_2    : 0.15076224480919026
11/19/2021 10:55:01 - INFO - modules.trainer -   	test_BLEU_3    : 0.10802746270246975
11/19/2021 10:55:01 - INFO - modules.trainer -   	test_BLEU_4    : 0.08257709832600202
11/19/2021 10:55:01 - INFO - modules.trainer -   	test_METEOR    : 0.12048978187183915
11/19/2021 10:55:01 - INFO - modules.trainer -   	test_ROUGE_L   : 0.31154962222306876
11/19/2021 10:55:06 - INFO - modules.trainer -   Saving checkpoint: results/iu_xray/current_checkpoint.pth ...
11/19/2021 10:55:06 - INFO - modules.trainer -   [12/30] Start to train in the training set.
best performance in epoch:  10
/mnt/Data3/wangjun/anaconda3/envs/torch16/lib/python3.7/site-packages/torch/nn/parallel/_functions.py:61: UserWarning: Was asked to gather along dimension 0, but all input tensors were scalars; will instead unsqueeze and return a vector.
  warnings.warn('Was asked to gather along dimension 0, but all '
11/19/2021 10:55:08 - INFO - modules.trainer -   [12/30] Step: 0/64, CE Loss: 0.88630, CON Loss: 0.29496.
11/19/2021 10:56:11 - INFO - modules.trainer -   [12/30] Step: 50/64, CE Loss: 1.05352, CON Loss: 0.29245.
11/19/2021 10:56:28 - INFO - modules.trainer -   [12/30] Start to evaluate in the validation set.
11/19/2021 10:56:43 - INFO - modules.trainer -   [12/30] Start to evaluate in the test set.
11/19/2021 10:57:06 - INFO - modules.trainer -   	epoch          : 12
11/19/2021 10:57:06 - INFO - modules.trainer -   	ce_loss        : 1.0657789735123515
11/19/2021 10:57:06 - INFO - modules.trainer -   	con            : 0.2917941198684275
11/19/2021 10:57:06 - INFO - modules.trainer -   	val_BLEU_1     : 0.2511285504004163
11/19/2021 10:57:06 - INFO - modules.trainer -   	val_BLEU_2     : 0.15119680424128845
11/19/2021 10:57:06 - INFO - modules.trainer -   	val_BLEU_3     : 0.10625353699997357
11/19/2021 10:57:06 - INFO - modules.trainer -   	val_BLEU_4     : 0.08013925192310667
11/19/2021 10:57:06 - INFO - modules.trainer -   	val_METEOR     : 0.114562741105423
11/19/2021 10:57:06 - INFO - modules.trainer -   	val_ROUGE_L    : 0.3014624568772224
11/19/2021 10:57:06 - INFO - modules.trainer -   	test_BLEU_1    : 0.2897904502565158
11/19/2021 10:57:06 - INFO - modules.trainer -   	test_BLEU_2    : 0.1772405283323
11/19/2021 10:57:06 - INFO - modules.trainer -   	test_BLEU_3    : 0.12592935801781538
11/19/2021 10:57:06 - INFO - modules.trainer -   	test_BLEU_4    : 0.0947289600890801
11/19/2021 10:57:06 - INFO - modules.trainer -   	test_METEOR    : 0.1293748033022393
11/19/2021 10:57:06 - INFO - modules.trainer -   	test_ROUGE_L   : 0.3148146767393032
11/19/2021 10:57:10 - INFO - modules.trainer -   Saving checkpoint: results/iu_xray/current_checkpoint.pth ...
11/19/2021 10:57:10 - INFO - modules.trainer -   [13/30] Start to train in the training set.
best performance in epoch:  10
/mnt/Data3/wangjun/anaconda3/envs/torch16/lib/python3.7/site-packages/torch/nn/parallel/_functions.py:61: UserWarning: Was asked to gather along dimension 0, but all input tensors were scalars; will instead unsqueeze and return a vector.
  warnings.warn('Was asked to gather along dimension 0, but all '
11/19/2021 10:57:12 - INFO - modules.trainer -   [13/30] Step: 0/64, CE Loss: 0.79126, CON Loss: 0.28848.
11/19/2021 10:58:14 - INFO - modules.trainer -   [13/30] Step: 50/64, CE Loss: 0.97507, CON Loss: 0.28586.
11/19/2021 10:58:31 - INFO - modules.trainer -   [13/30] Start to evaluate in the validation set.
11/19/2021 10:58:46 - INFO - modules.trainer -   [13/30] Start to evaluate in the test set.
11/19/2021 10:59:10 - INFO - modules.trainer -   	epoch          : 13
11/19/2021 10:59:10 - INFO - modules.trainer -   	ce_loss        : 0.9935103664174676
11/19/2021 10:59:10 - INFO - modules.trainer -   	con            : 0.28517510648816824
11/19/2021 10:59:10 - INFO - modules.trainer -   	val_BLEU_1     : 0.2229048595439219
11/19/2021 10:59:10 - INFO - modules.trainer -   	val_BLEU_2     : 0.13393031619748075
11/19/2021 10:59:10 - INFO - modules.trainer -   	val_BLEU_3     : 0.09423863960571192
11/19/2021 10:59:10 - INFO - modules.trainer -   	val_BLEU_4     : 0.07148027000093438
11/19/2021 10:59:10 - INFO - modules.trainer -   	val_METEOR     : 0.10846928478369722
11/19/2021 10:59:10 - INFO - modules.trainer -   	val_ROUGE_L    : 0.29561768165773694
11/19/2021 10:59:10 - INFO - modules.trainer -   	test_BLEU_1    : 0.26743455764301916
11/19/2021 10:59:10 - INFO - modules.trainer -   	test_BLEU_2    : 0.16262291320965505
11/19/2021 10:59:10 - INFO - modules.trainer -   	test_BLEU_3    : 0.11599424033760332
11/19/2021 10:59:10 - INFO - modules.trainer -   	test_BLEU_4    : 0.08805002870241455
11/19/2021 10:59:10 - INFO - modules.trainer -   	test_METEOR    : 0.12503100751506277
11/19/2021 10:59:10 - INFO - modules.trainer -   	test_ROUGE_L   : 0.31221981408211325
11/19/2021 10:59:15 - INFO - modules.trainer -   Saving checkpoint: results/iu_xray/current_checkpoint.pth ...
11/19/2021 10:59:15 - INFO - modules.trainer -   [14/30] Start to train in the training set.
best performance in epoch:  10
/mnt/Data3/wangjun/anaconda3/envs/torch16/lib/python3.7/site-packages/torch/nn/parallel/_functions.py:61: UserWarning: Was asked to gather along dimension 0, but all input tensors were scalars; will instead unsqueeze and return a vector.
  warnings.warn('Was asked to gather along dimension 0, but all '
11/19/2021 10:59:17 - INFO - modules.trainer -   [14/30] Step: 0/64, CE Loss: 0.89677, CON Loss: 0.28172.
11/19/2021 11:00:20 - INFO - modules.trainer -   [14/30] Step: 50/64, CE Loss: 0.92143, CON Loss: 0.27899.
11/19/2021 11:00:37 - INFO - modules.trainer -   [14/30] Start to evaluate in the validation set.
11/19/2021 11:00:53 - INFO - modules.trainer -   [14/30] Start to evaluate in the test set.
11/19/2021 11:01:16 - INFO - modules.trainer -   	epoch          : 14
11/19/2021 11:01:16 - INFO - modules.trainer -   	ce_loss        : 0.9347966583445668
11/19/2021 11:01:16 - INFO - modules.trainer -   	con            : 0.27826591255143285
11/19/2021 11:01:16 - INFO - modules.trainer -   	val_BLEU_1     : 0.2927899485673322
11/19/2021 11:01:16 - INFO - modules.trainer -   	val_BLEU_2     : 0.17640280923185467
11/19/2021 11:01:16 - INFO - modules.trainer -   	val_BLEU_3     : 0.12127918918662443
11/19/2021 11:01:16 - INFO - modules.trainer -   	val_BLEU_4     : 0.08934962545001064
11/19/2021 11:01:16 - INFO - modules.trainer -   	val_METEOR     : 0.1252038978882839
11/19/2021 11:01:16 - INFO - modules.trainer -   	val_ROUGE_L    : 0.31338377321519445
11/19/2021 11:01:16 - INFO - modules.trainer -   	test_BLEU_1    : 0.34080397930056056
11/19/2021 11:01:16 - INFO - modules.trainer -   	test_BLEU_2    : 0.2110846796522612
11/19/2021 11:01:16 - INFO - modules.trainer -   	test_BLEU_3    : 0.1492420770216076
11/19/2021 11:01:16 - INFO - modules.trainer -   	test_BLEU_4    : 0.11150646719923271
11/19/2021 11:01:16 - INFO - modules.trainer -   	test_METEOR    : 0.14292083959352458
11/19/2021 11:01:16 - INFO - modules.trainer -   	test_ROUGE_L   : 0.3311977645011237
11/19/2021 11:01:19 - INFO - modules.trainer -   Saving checkpoint: results/iu_xray/current_checkpoint.pth ...
11/19/2021 11:01:19 - INFO - modules.trainer -   [15/30] Start to train in the training set.
best performance in epoch:  10
/mnt/Data3/wangjun/anaconda3/envs/torch16/lib/python3.7/site-packages/torch/nn/parallel/_functions.py:61: UserWarning: Was asked to gather along dimension 0, but all input tensors were scalars; will instead unsqueeze and return a vector.
  warnings.warn('Was asked to gather along dimension 0, but all '
11/19/2021 11:01:21 - INFO - modules.trainer -   [15/30] Step: 0/64, CE Loss: 0.77023, CON Loss: 0.27466.
11/19/2021 11:02:24 - INFO - modules.trainer -   [15/30] Step: 50/64, CE Loss: 0.84656, CON Loss: 0.27182.
11/19/2021 11:02:40 - INFO - modules.trainer -   [15/30] Start to evaluate in the validation set.
11/19/2021 11:02:55 - INFO - modules.trainer -   [15/30] Start to evaluate in the test set.
11/19/2021 11:03:19 - INFO - modules.trainer -   	epoch          : 15
11/19/2021 11:03:19 - INFO - modules.trainer -   	ce_loss        : 0.8667461052536964
11/19/2021 11:03:19 - INFO - modules.trainer -   	con            : 0.2710625291801989
11/19/2021 11:03:19 - INFO - modules.trainer -   	val_BLEU_1     : 0.2750912182858891
11/19/2021 11:03:19 - INFO - modules.trainer -   	val_BLEU_2     : 0.16482123848956542
11/19/2021 11:03:19 - INFO - modules.trainer -   	val_BLEU_3     : 0.11349112361859452
11/19/2021 11:03:19 - INFO - modules.trainer -   	val_BLEU_4     : 0.08360736908273686
11/19/2021 11:03:19 - INFO - modules.trainer -   	val_METEOR     : 0.11910823667624282
11/19/2021 11:03:19 - INFO - modules.trainer -   	val_ROUGE_L    : 0.3007688066761819
11/19/2021 11:03:19 - INFO - modules.trainer -   	test_BLEU_1    : 0.3062310711359738
11/19/2021 11:03:19 - INFO - modules.trainer -   	test_BLEU_2    : 0.18558147312512072
11/19/2021 11:03:19 - INFO - modules.trainer -   	test_BLEU_3    : 0.13028075206436007
11/19/2021 11:03:19 - INFO - modules.trainer -   	test_BLEU_4    : 0.09682854687741844
11/19/2021 11:03:19 - INFO - modules.trainer -   	test_METEOR    : 0.13353122845385576
11/19/2021 11:03:19 - INFO - modules.trainer -   	test_ROUGE_L   : 0.3151544322170389
11/19/2021 11:03:22 - INFO - modules.trainer -   Saving checkpoint: results/iu_xray/current_checkpoint.pth ...
11/19/2021 11:03:22 - INFO - modules.trainer -   [16/30] Start to train in the training set.
best performance in epoch:  10
/mnt/Data3/wangjun/anaconda3/envs/torch16/lib/python3.7/site-packages/torch/nn/parallel/_functions.py:61: UserWarning: Was asked to gather along dimension 0, but all input tensors were scalars; will instead unsqueeze and return a vector.
  warnings.warn('Was asked to gather along dimension 0, but all '
11/19/2021 11:03:24 - INFO - modules.trainer -   [16/30] Step: 0/64, CE Loss: 0.70844, CON Loss: 0.26727.
11/19/2021 11:04:27 - INFO - modules.trainer -   [16/30] Step: 50/64, CE Loss: 0.81781, CON Loss: 0.26424.
11/19/2021 11:04:44 - INFO - modules.trainer -   [16/30] Start to evaluate in the validation set.
11/19/2021 11:05:00 - INFO - modules.trainer -   [16/30] Start to evaluate in the test set.
11/19/2021 11:05:23 - INFO - modules.trainer -   	epoch          : 16
11/19/2021 11:05:23 - INFO - modules.trainer -   	ce_loss        : 0.8264265777543187
11/19/2021 11:05:23 - INFO - modules.trainer -   	con            : 0.26344873011112213
11/19/2021 11:05:23 - INFO - modules.trainer -   	val_BLEU_1     : 0.2556125362173029
11/19/2021 11:05:23 - INFO - modules.trainer -   	val_BLEU_2     : 0.15442472223181292
11/19/2021 11:05:23 - INFO - modules.trainer -   	val_BLEU_3     : 0.10817645418884671
11/19/2021 11:05:23 - INFO - modules.trainer -   	val_BLEU_4     : 0.08107423259898079
11/19/2021 11:05:23 - INFO - modules.trainer -   	val_METEOR     : 0.11595396364793846
11/19/2021 11:05:23 - INFO - modules.trainer -   	val_ROUGE_L    : 0.3010137769633983
11/19/2021 11:05:23 - INFO - modules.trainer -   	test_BLEU_1    : 0.2877181362232741
11/19/2021 11:05:23 - INFO - modules.trainer -   	test_BLEU_2    : 0.17587813705362207
11/19/2021 11:05:23 - INFO - modules.trainer -   	test_BLEU_3    : 0.12553523697898292
11/19/2021 11:05:23 - INFO - modules.trainer -   	test_BLEU_4    : 0.0948257434292985
11/19/2021 11:05:23 - INFO - modules.trainer -   	test_METEOR    : 0.1285670524106317
11/19/2021 11:05:23 - INFO - modules.trainer -   	test_ROUGE_L   : 0.31592711458270917
11/19/2021 11:05:27 - INFO - modules.trainer -   Saving checkpoint: results/iu_xray/current_checkpoint.pth ...
11/19/2021 11:05:27 - INFO - modules.trainer -   [17/30] Start to train in the training set.
best performance in epoch:  10
/mnt/Data3/wangjun/anaconda3/envs/torch16/lib/python3.7/site-packages/torch/nn/parallel/_functions.py:61: UserWarning: Was asked to gather along dimension 0, but all input tensors were scalars; will instead unsqueeze and return a vector.
  warnings.warn('Was asked to gather along dimension 0, but all '
11/19/2021 11:05:29 - INFO - modules.trainer -   [17/30] Step: 0/64, CE Loss: 0.77764, CON Loss: 0.25948.
11/19/2021 11:06:32 - INFO - modules.trainer -   [17/30] Step: 50/64, CE Loss: 0.75562, CON Loss: 0.25635.
11/19/2021 11:06:48 - INFO - modules.trainer -   [17/30] Start to evaluate in the validation set.
11/19/2021 11:07:04 - INFO - modules.trainer -   [17/30] Start to evaluate in the test set.
11/19/2021 11:07:28 - INFO - modules.trainer -   	epoch          : 17
11/19/2021 11:07:28 - INFO - modules.trainer -   	ce_loss        : 0.7715991707518697
11/19/2021 11:07:28 - INFO - modules.trainer -   	con            : 0.25551345432177186
11/19/2021 11:07:28 - INFO - modules.trainer -   	val_BLEU_1     : 0.33174420471372945
11/19/2021 11:07:28 - INFO - modules.trainer -   	val_BLEU_2     : 0.1885918026715989
11/19/2021 11:07:28 - INFO - modules.trainer -   	val_BLEU_3     : 0.11800864315914421
11/19/2021 11:07:28 - INFO - modules.trainer -   	val_BLEU_4     : 0.07834999945917699
11/19/2021 11:07:28 - INFO - modules.trainer -   	val_METEOR     : 0.1374655185008828
11/19/2021 11:07:28 - INFO - modules.trainer -   	val_ROUGE_L    : 0.3020896801471301
11/19/2021 11:07:28 - INFO - modules.trainer -   	test_BLEU_1    : 0.36288842787635706
11/19/2021 11:07:28 - INFO - modules.trainer -   	test_BLEU_2    : 0.2167149809424434
11/19/2021 11:07:28 - INFO - modules.trainer -   	test_BLEU_3    : 0.14586285639682597
11/19/2021 11:07:28 - INFO - modules.trainer -   	test_BLEU_4    : 0.10521730856184126
11/19/2021 11:07:28 - INFO - modules.trainer -   	test_METEOR    : 0.15255655935618778
11/19/2021 11:07:28 - INFO - modules.trainer -   	test_ROUGE_L   : 0.32684301499182894
11/19/2021 11:07:31 - INFO - modules.trainer -   Saving checkpoint: results/iu_xray/current_checkpoint.pth ...
11/19/2021 11:07:31 - INFO - modules.trainer -   [18/30] Start to train in the training set.
best performance in epoch:  10
/mnt/Data3/wangjun/anaconda3/envs/torch16/lib/python3.7/site-packages/torch/nn/parallel/_functions.py:61: UserWarning: Was asked to gather along dimension 0, but all input tensors were scalars; will instead unsqueeze and return a vector.
  warnings.warn('Was asked to gather along dimension 0, but all '
11/19/2021 11:07:33 - INFO - modules.trainer -   [18/30] Step: 0/64, CE Loss: 0.63985, CON Loss: 0.25133.
11/19/2021 11:08:36 - INFO - modules.trainer -   [18/30] Step: 50/64, CE Loss: 0.72769, CON Loss: 0.24806.
11/19/2021 11:08:53 - INFO - modules.trainer -   [18/30] Start to evaluate in the validation set.
11/19/2021 11:09:09 - INFO - modules.trainer -   [18/30] Start to evaluate in the test set.
11/19/2021 11:09:31 - INFO - modules.trainer -   	epoch          : 18
11/19/2021 11:09:31 - INFO - modules.trainer -   	ce_loss        : 0.729293666779995
11/19/2021 11:09:31 - INFO - modules.trainer -   	con            : 0.2472047870978713
11/19/2021 11:09:31 - INFO - modules.trainer -   	val_BLEU_1     : 0.24173437178047338
11/19/2021 11:09:31 - INFO - modules.trainer -   	val_BLEU_2     : 0.14602889465432142
11/19/2021 11:09:31 - INFO - modules.trainer -   	val_BLEU_3     : 0.10169173736951517
11/19/2021 11:09:31 - INFO - modules.trainer -   	val_BLEU_4     : 0.07609918331463239
11/19/2021 11:09:31 - INFO - modules.trainer -   	val_METEOR     : 0.11364812348071648
11/19/2021 11:09:31 - INFO - modules.trainer -   	val_ROUGE_L    : 0.29906612077171363
11/19/2021 11:09:31 - INFO - modules.trainer -   	test_BLEU_1    : 0.2832210335222698
11/19/2021 11:09:31 - INFO - modules.trainer -   	test_BLEU_2    : 0.17496355776618397
11/19/2021 11:09:31 - INFO - modules.trainer -   	test_BLEU_3    : 0.12507757195917976
11/19/2021 11:09:31 - INFO - modules.trainer -   	test_BLEU_4    : 0.09459241926741578
11/19/2021 11:09:31 - INFO - modules.trainer -   	test_METEOR    : 0.12918973219467098
11/19/2021 11:09:31 - INFO - modules.trainer -   	test_ROUGE_L   : 0.3183464746754113
11/19/2021 11:09:37 - INFO - modules.trainer -   Saving checkpoint: results/iu_xray/current_checkpoint.pth ...
11/19/2021 11:09:37 - INFO - modules.trainer -   [19/30] Start to train in the training set.
best performance in epoch:  10
/mnt/Data3/wangjun/anaconda3/envs/torch16/lib/python3.7/site-packages/torch/nn/parallel/_functions.py:61: UserWarning: Was asked to gather along dimension 0, but all input tensors were scalars; will instead unsqueeze and return a vector.
  warnings.warn('Was asked to gather along dimension 0, but all '
11/19/2021 11:09:39 - INFO - modules.trainer -   [19/30] Step: 0/64, CE Loss: 0.60556, CON Loss: 0.24289.
11/19/2021 11:10:42 - INFO - modules.trainer -   [19/30] Step: 50/64, CE Loss: 0.68008, CON Loss: 0.23943.
11/19/2021 11:10:59 - INFO - modules.trainer -   [19/30] Start to evaluate in the validation set.
11/19/2021 11:11:15 - INFO - modules.trainer -   [19/30] Start to evaluate in the test set.
11/19/2021 11:11:41 - INFO - modules.trainer -   	epoch          : 19
11/19/2021 11:11:41 - INFO - modules.trainer -   	ce_loss        : 0.69603640306741
11/19/2021 11:11:41 - INFO - modules.trainer -   	con            : 0.23852631100453436
11/19/2021 11:11:41 - INFO - modules.trainer -   	val_BLEU_1     : 0.44308580656321905
11/19/2021 11:11:41 - INFO - modules.trainer -   	val_BLEU_2     : 0.2847586948987539
11/19/2021 11:11:41 - INFO - modules.trainer -   	val_BLEU_3     : 0.19360268587528578
11/19/2021 11:11:41 - INFO - modules.trainer -   	val_BLEU_4     : 0.13889666813861884
11/19/2021 11:11:41 - INFO - modules.trainer -   	val_METEOR     : 0.18473554774709558
11/19/2021 11:11:41 - INFO - modules.trainer -   	val_ROUGE_L    : 0.35093177755913996
11/19/2021 11:11:41 - INFO - modules.trainer -   	test_BLEU_1    : 0.48406092437157405
11/19/2021 11:11:41 - INFO - modules.trainer -   	test_BLEU_2    : 0.3137670239327866
11/19/2021 11:11:41 - INFO - modules.trainer -   	test_BLEU_3    : 0.2179812194133132
11/19/2021 11:11:41 - INFO - modules.trainer -   	test_BLEU_4    : 0.16074824920015737
11/19/2021 11:11:41 - INFO - modules.trainer -   	test_METEOR    : 0.20154660870358826
11/19/2021 11:11:41 - INFO - modules.trainer -   	test_ROUGE_L   : 0.3713260343038507
11/19/2021 11:11:45 - INFO - modules.trainer -   Saving checkpoint: results/iu_xray/current_checkpoint.pth ...
11/19/2021 11:11:49 - INFO - modules.trainer -   Saving current best: model_best.pth ...
11/19/2021 11:11:49 - INFO - modules.trainer -   [20/30] Start to train in the training set.
best performance in epoch:  19
/mnt/Data3/wangjun/anaconda3/envs/torch16/lib/python3.7/site-packages/torch/nn/parallel/_functions.py:61: UserWarning: Was asked to gather along dimension 0, but all input tensors were scalars; will instead unsqueeze and return a vector.
  warnings.warn('Was asked to gather along dimension 0, but all '
11/19/2021 11:11:51 - INFO - modules.trainer -   [20/30] Step: 0/64, CE Loss: 0.57036, CON Loss: 0.23400.
11/19/2021 11:12:55 - INFO - modules.trainer -   [20/30] Step: 50/64, CE Loss: 0.64768, CON Loss: 0.23044.
11/19/2021 11:13:11 - INFO - modules.trainer -   [20/30] Start to evaluate in the validation set.
11/19/2021 11:13:28 - INFO - modules.trainer -   [20/30] Start to evaluate in the test set.
11/19/2021 11:13:51 - INFO - modules.trainer -   	epoch          : 20
11/19/2021 11:13:51 - INFO - modules.trainer -   	ce_loss        : 0.6592698870226741
11/19/2021 11:13:51 - INFO - modules.trainer -   	con            : 0.22949950001202524
11/19/2021 11:13:51 - INFO - modules.trainer -   	val_BLEU_1     : 0.4043087697799505
11/19/2021 11:13:51 - INFO - modules.trainer -   	val_BLEU_2     : 0.22485660406164346
11/19/2021 11:13:51 - INFO - modules.trainer -   	val_BLEU_3     : 0.14666571300397932
11/19/2021 11:13:51 - INFO - modules.trainer -   	val_BLEU_4     : 0.1038865969037163
11/19/2021 11:13:51 - INFO - modules.trainer -   	val_METEOR     : 0.14967663276663673
11/19/2021 11:13:51 - INFO - modules.trainer -   	val_ROUGE_L    : 0.30897989246605706
11/19/2021 11:13:51 - INFO - modules.trainer -   	test_BLEU_1    : 0.442768411712488
11/19/2021 11:13:51 - INFO - modules.trainer -   	test_BLEU_2    : 0.26745744039815095
11/19/2021 11:13:51 - INFO - modules.trainer -   	test_BLEU_3    : 0.18974545280019986
11/19/2021 11:13:51 - INFO - modules.trainer -   	test_BLEU_4    : 0.1447348695788512
11/19/2021 11:13:51 - INFO - modules.trainer -   	test_METEOR    : 0.17290089857449295
11/19/2021 11:13:51 - INFO - modules.trainer -   	test_ROUGE_L   : 0.34353497096229274
11/19/2021 11:13:56 - INFO - modules.trainer -   Saving checkpoint: results/iu_xray/current_checkpoint.pth ...
11/19/2021 11:13:56 - INFO - modules.trainer -   [21/30] Start to train in the training set.
best performance in epoch:  19
/mnt/Data3/wangjun/anaconda3/envs/torch16/lib/python3.7/site-packages/torch/nn/parallel/_functions.py:61: UserWarning: Was asked to gather along dimension 0, but all input tensors were scalars; will instead unsqueeze and return a vector.
  warnings.warn('Was asked to gather along dimension 0, but all '
11/19/2021 11:13:58 - INFO - modules.trainer -   [21/30] Step: 0/64, CE Loss: 0.57731, CON Loss: 0.22481.
11/19/2021 11:15:01 - INFO - modules.trainer -   [21/30] Step: 50/64, CE Loss: 0.58626, CON Loss: 0.22187.
11/19/2021 11:15:17 - INFO - modules.trainer -   [21/30] Start to evaluate in the validation set.
11/19/2021 11:15:33 - INFO - modules.trainer -   [21/30] Start to evaluate in the test set.
11/19/2021 11:15:56 - INFO - modules.trainer -   	epoch          : 21
11/19/2021 11:15:56 - INFO - modules.trainer -   	ce_loss        : 0.5928041036240757
11/19/2021 11:15:56 - INFO - modules.trainer -   	con            : 0.22111246292479336
11/19/2021 11:15:56 - INFO - modules.trainer -   	val_BLEU_1     : 0.2561059246529252
11/19/2021 11:15:56 - INFO - modules.trainer -   	val_BLEU_2     : 0.15386597716229802
11/19/2021 11:15:56 - INFO - modules.trainer -   	val_BLEU_3     : 0.10733297081198896
11/19/2021 11:15:56 - INFO - modules.trainer -   	val_BLEU_4     : 0.08089388514686688
11/19/2021 11:15:56 - INFO - modules.trainer -   	val_METEOR     : 0.11609069581193955
11/19/2021 11:15:56 - INFO - modules.trainer -   	val_ROUGE_L    : 0.30354290730471695
11/19/2021 11:15:56 - INFO - modules.trainer -   	test_BLEU_1    : 0.29570434897145564
11/19/2021 11:15:56 - INFO - modules.trainer -   	test_BLEU_2    : 0.18042815379491847
11/19/2021 11:15:56 - INFO - modules.trainer -   	test_BLEU_3    : 0.12843962882067675
11/19/2021 11:15:56 - INFO - modules.trainer -   	test_BLEU_4    : 0.09703769801973348
11/19/2021 11:15:56 - INFO - modules.trainer -   	test_METEOR    : 0.1309063369696314
11/19/2021 11:15:56 - INFO - modules.trainer -   	test_ROUGE_L   : 0.317293180758498
11/19/2021 11:15:59 - INFO - modules.trainer -   Saving checkpoint: results/iu_xray/current_checkpoint.pth ...
11/19/2021 11:15:59 - INFO - modules.trainer -   [22/30] Start to train in the training set.
best performance in epoch:  19
/mnt/Data3/wangjun/anaconda3/envs/torch16/lib/python3.7/site-packages/torch/nn/parallel/_functions.py:61: UserWarning: Was asked to gather along dimension 0, but all input tensors were scalars; will instead unsqueeze and return a vector.
  warnings.warn('Was asked to gather along dimension 0, but all '
11/19/2021 11:16:01 - INFO - modules.trainer -   [22/30] Step: 0/64, CE Loss: 0.51038, CON Loss: 0.21732.
11/19/2021 11:17:04 - INFO - modules.trainer -   [22/30] Step: 50/64, CE Loss: 0.53875, CON Loss: 0.21432.
11/19/2021 11:17:21 - INFO - modules.trainer -   [22/30] Start to evaluate in the validation set.
11/19/2021 11:17:36 - INFO - modules.trainer -   [22/30] Start to evaluate in the test set.
11/19/2021 11:18:00 - INFO - modules.trainer -   	epoch          : 22
11/19/2021 11:18:00 - INFO - modules.trainer -   	ce_loss        : 0.5445928843691945
11/19/2021 11:18:00 - INFO - modules.trainer -   	con            : 0.21354503510519862
11/19/2021 11:18:00 - INFO - modules.trainer -   	val_BLEU_1     : 0.4120628692713606
11/19/2021 11:18:00 - INFO - modules.trainer -   	val_BLEU_2     : 0.2611322559899288
11/19/2021 11:18:00 - INFO - modules.trainer -   	val_BLEU_3     : 0.17846948257309223
11/19/2021 11:18:00 - INFO - modules.trainer -   	val_BLEU_4     : 0.1291504391795307
11/19/2021 11:18:00 - INFO - modules.trainer -   	val_METEOR     : 0.17402135448812206
11/19/2021 11:18:00 - INFO - modules.trainer -   	val_ROUGE_L    : 0.345068519514874
11/19/2021 11:18:00 - INFO - modules.trainer -   	test_BLEU_1    : 0.45738894778293243
11/19/2021 11:18:00 - INFO - modules.trainer -   	test_BLEU_2    : 0.2936654828122758
11/19/2021 11:18:00 - INFO - modules.trainer -   	test_BLEU_3    : 0.20505085546907914
11/19/2021 11:18:00 - INFO - modules.trainer -   	test_BLEU_4    : 0.1515465506249602
11/19/2021 11:18:00 - INFO - modules.trainer -   	test_METEOR    : 0.1919857677531727
11/19/2021 11:18:00 - INFO - modules.trainer -   	test_ROUGE_L   : 0.364493160006197
11/19/2021 11:18:03 - INFO - modules.trainer -   Saving checkpoint: results/iu_xray/current_checkpoint.pth ...
11/19/2021 11:18:03 - INFO - modules.trainer -   [23/30] Start to train in the training set.
best performance in epoch:  19
/mnt/Data3/wangjun/anaconda3/envs/torch16/lib/python3.7/site-packages/torch/nn/parallel/_functions.py:61: UserWarning: Was asked to gather along dimension 0, but all input tensors were scalars; will instead unsqueeze and return a vector.
  warnings.warn('Was asked to gather along dimension 0, but all '
11/19/2021 11:18:05 - INFO - modules.trainer -   [23/30] Step: 0/64, CE Loss: 0.48742, CON Loss: 0.20964.
11/19/2021 11:19:09 - INFO - modules.trainer -   [23/30] Step: 50/64, CE Loss: 0.51125, CON Loss: 0.20663.
11/19/2021 11:19:25 - INFO - modules.trainer -   [23/30] Start to evaluate in the validation set.
11/19/2021 11:19:41 - INFO - modules.trainer -   [23/30] Start to evaluate in the test set.
11/19/2021 11:20:04 - INFO - modules.trainer -   	epoch          : 23
11/19/2021 11:20:04 - INFO - modules.trainer -   	ce_loss        : 0.5212816409766674
11/19/2021 11:20:04 - INFO - modules.trainer -   	con            : 0.20584838511422276
11/19/2021 11:20:04 - INFO - modules.trainer -   	val_BLEU_1     : 0.3510187669799432
11/19/2021 11:20:04 - INFO - modules.trainer -   	val_BLEU_2     : 0.20800605599901403
11/19/2021 11:20:04 - INFO - modules.trainer -   	val_BLEU_3     : 0.13671990500793102
11/19/2021 11:20:04 - INFO - modules.trainer -   	val_BLEU_4     : 0.09697932651761809
11/19/2021 11:20:04 - INFO - modules.trainer -   	val_METEOR     : 0.1496854722014709
11/19/2021 11:20:04 - INFO - modules.trainer -   	val_ROUGE_L    : 0.33277693082137616
11/19/2021 11:20:04 - INFO - modules.trainer -   	test_BLEU_1    : 0.37771026783617967
11/19/2021 11:20:04 - INFO - modules.trainer -   	test_BLEU_2    : 0.22423949030519807
11/19/2021 11:20:04 - INFO - modules.trainer -   	test_BLEU_3    : 0.14949501658551165
11/19/2021 11:20:04 - INFO - modules.trainer -   	test_BLEU_4    : 0.10660753071936672
11/19/2021 11:20:04 - INFO - modules.trainer -   	test_METEOR    : 0.15861088886721852
11/19/2021 11:20:04 - INFO - modules.trainer -   	test_ROUGE_L   : 0.3421169505127384
11/19/2021 11:20:07 - INFO - modules.trainer -   Saving checkpoint: results/iu_xray/current_checkpoint.pth ...
11/19/2021 11:20:07 - INFO - modules.trainer -   [24/30] Start to train in the training set.
best performance in epoch:  19
/mnt/Data3/wangjun/anaconda3/envs/torch16/lib/python3.7/site-packages/torch/nn/parallel/_functions.py:61: UserWarning: Was asked to gather along dimension 0, but all input tensors were scalars; will instead unsqueeze and return a vector.
  warnings.warn('Was asked to gather along dimension 0, but all '
11/19/2021 11:20:09 - INFO - modules.trainer -   [24/30] Step: 0/64, CE Loss: 0.46862, CON Loss: 0.20192.
11/19/2021 11:21:13 - INFO - modules.trainer -   [24/30] Step: 50/64, CE Loss: 0.49501, CON Loss: 0.19887.
11/19/2021 11:21:29 - INFO - modules.trainer -   [24/30] Start to evaluate in the validation set.
11/19/2021 11:21:44 - INFO - modules.trainer -   [24/30] Start to evaluate in the test set.
11/19/2021 11:22:08 - INFO - modules.trainer -   	epoch          : 24
11/19/2021 11:22:08 - INFO - modules.trainer -   	ce_loss        : 0.5025792014785111
11/19/2021 11:22:08 - INFO - modules.trainer -   	con            : 0.19807956856675446
11/19/2021 11:22:08 - INFO - modules.trainer -   	val_BLEU_1     : 0.30753192898972814
11/19/2021 11:22:08 - INFO - modules.trainer -   	val_BLEU_2     : 0.17198848484065848
11/19/2021 11:22:08 - INFO - modules.trainer -   	val_BLEU_3     : 0.1070721733774935
11/19/2021 11:22:08 - INFO - modules.trainer -   	val_BLEU_4     : 0.07107911429565242
11/19/2021 11:22:08 - INFO - modules.trainer -   	val_METEOR     : 0.12117425324869222
11/19/2021 11:22:08 - INFO - modules.trainer -   	val_ROUGE_L    : 0.2777704349260878
11/19/2021 11:22:08 - INFO - modules.trainer -   	test_BLEU_1    : 0.3371855181425205
11/19/2021 11:22:08 - INFO - modules.trainer -   	test_BLEU_2    : 0.1949807369034616
11/19/2021 11:22:08 - INFO - modules.trainer -   	test_BLEU_3    : 0.12985963414365614
11/19/2021 11:22:08 - INFO - modules.trainer -   	test_BLEU_4    : 0.0922159467038417
11/19/2021 11:22:08 - INFO - modules.trainer -   	test_METEOR    : 0.1328492139137996
11/19/2021 11:22:08 - INFO - modules.trainer -   	test_ROUGE_L   : 0.3007498456505702
11/19/2021 11:22:13 - INFO - modules.trainer -   Saving checkpoint: results/iu_xray/current_checkpoint.pth ...
11/19/2021 11:22:13 - INFO - modules.trainer -   [25/30] Start to train in the training set.
best performance in epoch:  19
/mnt/Data3/wangjun/anaconda3/envs/torch16/lib/python3.7/site-packages/torch/nn/parallel/_functions.py:61: UserWarning: Was asked to gather along dimension 0, but all input tensors were scalars; will instead unsqueeze and return a vector.
  warnings.warn('Was asked to gather along dimension 0, but all '
11/19/2021 11:22:15 - INFO - modules.trainer -   [25/30] Step: 0/64, CE Loss: 0.47486, CON Loss: 0.19411.
11/19/2021 11:23:18 - INFO - modules.trainer -   [25/30] Step: 50/64, CE Loss: 0.48493, CON Loss: 0.19107.
11/19/2021 11:23:35 - INFO - modules.trainer -   [25/30] Start to evaluate in the validation set.
11/19/2021 11:23:50 - INFO - modules.trainer -   [25/30] Start to evaluate in the test set.
11/19/2021 11:24:14 - INFO - modules.trainer -   	epoch          : 25
11/19/2021 11:24:14 - INFO - modules.trainer -   	ce_loss        : 0.4917802596464753
11/19/2021 11:24:14 - INFO - modules.trainer -   	con            : 0.19027290120720863
11/19/2021 11:24:14 - INFO - modules.trainer -   	val_BLEU_1     : 0.4141869785017125
11/19/2021 11:24:14 - INFO - modules.trainer -   	val_BLEU_2     : 0.2323384201660284
11/19/2021 11:24:14 - INFO - modules.trainer -   	val_BLEU_3     : 0.15210753104418723
11/19/2021 11:24:14 - INFO - modules.trainer -   	val_BLEU_4     : 0.10742036131769979
11/19/2021 11:24:14 - INFO - modules.trainer -   	val_METEOR     : 0.15415630546683778
11/19/2021 11:24:14 - INFO - modules.trainer -   	val_ROUGE_L    : 0.3109435866473005
11/19/2021 11:24:14 - INFO - modules.trainer -   	test_BLEU_1    : 0.4346370415461657
11/19/2021 11:24:14 - INFO - modules.trainer -   	test_BLEU_2    : 0.2610364590888827
11/19/2021 11:24:14 - INFO - modules.trainer -   	test_BLEU_3    : 0.18296886901149095
11/19/2021 11:24:14 - INFO - modules.trainer -   	test_BLEU_4    : 0.13762895660400154
11/19/2021 11:24:14 - INFO - modules.trainer -   	test_METEOR    : 0.17505752133319916
11/19/2021 11:24:14 - INFO - modules.trainer -   	test_ROUGE_L   : 0.3395290274042408
11/19/2021 11:24:17 - INFO - modules.trainer -   Saving checkpoint: results/iu_xray/current_checkpoint.pth ...
11/19/2021 11:24:17 - INFO - modules.trainer -   [26/30] Start to train in the training set.
best performance in epoch:  19
/mnt/Data3/wangjun/anaconda3/envs/torch16/lib/python3.7/site-packages/torch/nn/parallel/_functions.py:61: UserWarning: Was asked to gather along dimension 0, but all input tensors were scalars; will instead unsqueeze and return a vector.
  warnings.warn('Was asked to gather along dimension 0, but all '
11/19/2021 11:24:19 - INFO - modules.trainer -   [26/30] Step: 0/64, CE Loss: 0.41692, CON Loss: 0.18631.
11/19/2021 11:25:22 - INFO - modules.trainer -   [26/30] Step: 50/64, CE Loss: 0.45980, CON Loss: 0.18330.
11/19/2021 11:25:38 - INFO - modules.trainer -   [26/30] Start to evaluate in the validation set.
11/19/2021 11:25:53 - INFO - modules.trainer -   [26/30] Start to evaluate in the test set.
11/19/2021 11:26:16 - INFO - modules.trainer -   	epoch          : 26
11/19/2021 11:26:16 - INFO - modules.trainer -   	ce_loss        : 0.46872580191120505
11/19/2021 11:26:16 - INFO - modules.trainer -   	con            : 0.18251273641362786
11/19/2021 11:26:16 - INFO - modules.trainer -   	val_BLEU_1     : 0.4238932243965206
11/19/2021 11:26:16 - INFO - modules.trainer -   	val_BLEU_2     : 0.23665870177997658
11/19/2021 11:26:16 - INFO - modules.trainer -   	val_BLEU_3     : 0.15294015252758103
11/19/2021 11:26:16 - INFO - modules.trainer -   	val_BLEU_4     : 0.10686669019140016
11/19/2021 11:26:16 - INFO - modules.trainer -   	val_METEOR     : 0.15759466721459553
11/19/2021 11:26:16 - INFO - modules.trainer -   	val_ROUGE_L    : 0.30978264659609367
11/19/2021 11:26:16 - INFO - modules.trainer -   	test_BLEU_1    : 0.4350697353506266
11/19/2021 11:26:16 - INFO - modules.trainer -   	test_BLEU_2    : 0.2629102209063237
11/19/2021 11:26:16 - INFO - modules.trainer -   	test_BLEU_3    : 0.18473235706822236
11/19/2021 11:26:16 - INFO - modules.trainer -   	test_BLEU_4    : 0.1390406232350522
11/19/2021 11:26:16 - INFO - modules.trainer -   	test_METEOR    : 0.18105439270566132
11/19/2021 11:26:16 - INFO - modules.trainer -   	test_ROUGE_L   : 0.34385453803361
11/19/2021 11:26:20 - INFO - modules.trainer -   Saving checkpoint: results/iu_xray/current_checkpoint.pth ...
11/19/2021 11:26:20 - INFO - modules.trainer -   [27/30] Start to train in the training set.
best performance in epoch:  19
/mnt/Data3/wangjun/anaconda3/envs/torch16/lib/python3.7/site-packages/torch/nn/parallel/_functions.py:61: UserWarning: Was asked to gather along dimension 0, but all input tensors were scalars; will instead unsqueeze and return a vector.
  warnings.warn('Was asked to gather along dimension 0, but all '
11/19/2021 11:26:22 - INFO - modules.trainer -   [27/30] Step: 0/64, CE Loss: 0.39561, CON Loss: 0.17859.
11/19/2021 11:27:23 - INFO - modules.trainer -   [27/30] Step: 50/64, CE Loss: 0.45366, CON Loss: 0.17557.
11/19/2021 11:27:39 - INFO - modules.trainer -   [27/30] Start to evaluate in the validation set.
11/19/2021 11:27:54 - INFO - modules.trainer -   [27/30] Start to evaluate in the test set.
11/19/2021 11:28:16 - INFO - modules.trainer -   	epoch          : 27
11/19/2021 11:28:16 - INFO - modules.trainer -   	ce_loss        : 0.46103670774027705
11/19/2021 11:28:16 - INFO - modules.trainer -   	con            : 0.17478979961015284
11/19/2021 11:28:16 - INFO - modules.trainer -   	val_BLEU_1     : 0.28061293415345734
11/19/2021 11:28:16 - INFO - modules.trainer -   	val_BLEU_2     : 0.16975061280511428
11/19/2021 11:28:16 - INFO - modules.trainer -   	val_BLEU_3     : 0.11856056668897699
11/19/2021 11:28:16 - INFO - modules.trainer -   	val_BLEU_4     : 0.08919199872897574
11/19/2021 11:28:16 - INFO - modules.trainer -   	val_METEOR     : 0.12479169893356434
11/19/2021 11:28:16 - INFO - modules.trainer -   	val_ROUGE_L    : 0.3054976062136582
11/19/2021 11:28:16 - INFO - modules.trainer -   	test_BLEU_1    : 0.3091506868250826
11/19/2021 11:28:16 - INFO - modules.trainer -   	test_BLEU_2    : 0.18818086272054318
11/19/2021 11:28:16 - INFO - modules.trainer -   	test_BLEU_3    : 0.13308667441364241
11/19/2021 11:28:16 - INFO - modules.trainer -   	test_BLEU_4    : 0.09974193249776274
11/19/2021 11:28:16 - INFO - modules.trainer -   	test_METEOR    : 0.13657788045893246
11/19/2021 11:28:16 - INFO - modules.trainer -   	test_ROUGE_L   : 0.31568365187419134
11/19/2021 11:28:20 - INFO - modules.trainer -   Saving checkpoint: results/iu_xray/current_checkpoint.pth ...
11/19/2021 11:28:20 - INFO - modules.trainer -   [28/30] Start to train in the training set.
best performance in epoch:  19
/mnt/Data3/wangjun/anaconda3/envs/torch16/lib/python3.7/site-packages/torch/nn/parallel/_functions.py:61: UserWarning: Was asked to gather along dimension 0, but all input tensors were scalars; will instead unsqueeze and return a vector.
  warnings.warn('Was asked to gather along dimension 0, but all '
11/19/2021 11:28:21 - INFO - modules.trainer -   [28/30] Step: 0/64, CE Loss: 0.44483, CON Loss: 0.17091.
11/19/2021 11:29:23 - INFO - modules.trainer -   [28/30] Step: 50/64, CE Loss: 0.44713, CON Loss: 0.16794.
11/19/2021 11:29:39 - INFO - modules.trainer -   [28/30] Start to evaluate in the validation set.
11/19/2021 11:29:56 - INFO - modules.trainer -   [28/30] Start to evaluate in the test set.
11/19/2021 11:30:23 - INFO - modules.trainer -   	epoch          : 28
11/19/2021 11:30:23 - INFO - modules.trainer -   	ce_loss        : 0.45350920129567385
11/19/2021 11:30:23 - INFO - modules.trainer -   	con            : 0.1671804205980152
11/19/2021 11:30:23 - INFO - modules.trainer -   	val_BLEU_1     : 0.2617528181041211
11/19/2021 11:30:23 - INFO - modules.trainer -   	val_BLEU_2     : 0.15760894760820945
11/19/2021 11:30:23 - INFO - modules.trainer -   	val_BLEU_3     : 0.1085745492672108
11/19/2021 11:30:23 - INFO - modules.trainer -   	val_BLEU_4     : 0.08058150067786622
11/19/2021 11:30:23 - INFO - modules.trainer -   	val_METEOR     : 0.12061747746728778
11/19/2021 11:30:23 - INFO - modules.trainer -   	val_ROUGE_L    : 0.29922909005100357
11/19/2021 11:30:23 - INFO - modules.trainer -   	test_BLEU_1    : 0.29965875011624676
11/19/2021 11:30:23 - INFO - modules.trainer -   	test_BLEU_2    : 0.18438000421785844
11/19/2021 11:30:23 - INFO - modules.trainer -   	test_BLEU_3    : 0.13120500305047597
11/19/2021 11:30:23 - INFO - modules.trainer -   	test_BLEU_4    : 0.09847005027822257
11/19/2021 11:30:23 - INFO - modules.trainer -   	test_METEOR    : 0.13442919372376455
11/19/2021 11:30:23 - INFO - modules.trainer -   	test_ROUGE_L   : 0.31633793473280014
11/19/2021 11:30:26 - INFO - modules.trainer -   Saving checkpoint: results/iu_xray/current_checkpoint.pth ...
11/19/2021 11:30:26 - INFO - modules.trainer -   [29/30] Start to train in the training set.
best performance in epoch:  19
/mnt/Data3/wangjun/anaconda3/envs/torch16/lib/python3.7/site-packages/torch/nn/parallel/_functions.py:61: UserWarning: Was asked to gather along dimension 0, but all input tensors were scalars; will instead unsqueeze and return a vector.
  warnings.warn('Was asked to gather along dimension 0, but all '
11/19/2021 11:30:28 - INFO - modules.trainer -   [29/30] Step: 0/64, CE Loss: 0.40008, CON Loss: 0.16338.
11/19/2021 11:31:29 - INFO - modules.trainer -   [29/30] Step: 50/64, CE Loss: 0.43187, CON Loss: 0.16049.
11/19/2021 11:31:45 - INFO - modules.trainer -   [29/30] Start to evaluate in the validation set.
11/19/2021 11:32:00 - INFO - modules.trainer -   [29/30] Start to evaluate in the test set.
11/19/2021 11:32:23 - INFO - modules.trainer -   	epoch          : 29
11/19/2021 11:32:23 - INFO - modules.trainer -   	ce_loss        : 0.4387777545489371
11/19/2021 11:32:23 - INFO - modules.trainer -   	con            : 0.15974389691837132
11/19/2021 11:32:23 - INFO - modules.trainer -   	val_BLEU_1     : 0.2645070416573392
11/19/2021 11:32:23 - INFO - modules.trainer -   	val_BLEU_2     : 0.15756307765411587
11/19/2021 11:32:23 - INFO - modules.trainer -   	val_BLEU_3     : 0.10897268580001593
11/19/2021 11:32:23 - INFO - modules.trainer -   	val_BLEU_4     : 0.08127793294209588
11/19/2021 11:32:23 - INFO - modules.trainer -   	val_METEOR     : 0.12020608881311044
11/19/2021 11:32:23 - INFO - modules.trainer -   	val_ROUGE_L    : 0.30173641030053416
11/19/2021 11:32:23 - INFO - modules.trainer -   	test_BLEU_1    : 0.30153304409147397
11/19/2021 11:32:23 - INFO - modules.trainer -   	test_BLEU_2    : 0.18238590247857517
11/19/2021 11:32:23 - INFO - modules.trainer -   	test_BLEU_3    : 0.12884668628914261
11/19/2021 11:32:23 - INFO - modules.trainer -   	test_BLEU_4    : 0.09702283166365437
11/19/2021 11:32:23 - INFO - modules.trainer -   	test_METEOR    : 0.13283375512409945
11/19/2021 11:32:23 - INFO - modules.trainer -   	test_ROUGE_L   : 0.3157355373599314
11/19/2021 11:32:27 - INFO - modules.trainer -   Saving checkpoint: results/iu_xray/current_checkpoint.pth ...
11/19/2021 11:32:27 - INFO - modules.trainer -   [30/30] Start to train in the training set.
best performance in epoch:  19
/mnt/Data3/wangjun/anaconda3/envs/torch16/lib/python3.7/site-packages/torch/nn/parallel/_functions.py:61: UserWarning: Was asked to gather along dimension 0, but all input tensors were scalars; will instead unsqueeze and return a vector.
  warnings.warn('Was asked to gather along dimension 0, but all '
11/19/2021 11:32:29 - INFO - modules.trainer -   [30/30] Step: 0/64, CE Loss: 0.37124, CON Loss: 0.15601.
11/19/2021 11:33:30 - INFO - modules.trainer -   [30/30] Step: 50/64, CE Loss: 0.43054, CON Loss: 0.15317.
11/19/2021 11:33:46 - INFO - modules.trainer -   [30/30] Start to evaluate in the validation set.
11/19/2021 11:34:01 - INFO - modules.trainer -   [30/30] Start to evaluate in the test set.
11/19/2021 11:34:23 - INFO - modules.trainer -   	epoch          : 30
11/19/2021 11:34:23 - INFO - modules.trainer -   	ce_loss        : 0.43448455864563584
11/19/2021 11:34:23 - INFO - modules.trainer -   	con            : 0.1524404534138739
11/19/2021 11:34:23 - INFO - modules.trainer -   	val_BLEU_1     : 0.3540314648775865
11/19/2021 11:34:23 - INFO - modules.trainer -   	val_BLEU_2     : 0.21854224108175993
11/19/2021 11:34:23 - INFO - modules.trainer -   	val_BLEU_3     : 0.15290218687822327
11/19/2021 11:34:23 - INFO - modules.trainer -   	val_BLEU_4     : 0.11466282919238027
11/19/2021 11:34:23 - INFO - modules.trainer -   	val_METEOR     : 0.15143239532682296
11/19/2021 11:34:23 - INFO - modules.trainer -   	val_ROUGE_L    : 0.3306644670783335
11/19/2021 11:34:23 - INFO - modules.trainer -   	test_BLEU_1    : 0.3981854503992838
11/19/2021 11:34:23 - INFO - modules.trainer -   	test_BLEU_2    : 0.2502572633407458
11/19/2021 11:34:23 - INFO - modules.trainer -   	test_BLEU_3    : 0.17968846141551137
11/19/2021 11:34:23 - INFO - modules.trainer -   	test_BLEU_4    : 0.13629513532005952
11/19/2021 11:34:23 - INFO - modules.trainer -   	test_METEOR    : 0.16637258656269246
11/19/2021 11:34:23 - INFO - modules.trainer -   	test_ROUGE_L   : 0.3460733599242578
11/19/2021 11:34:27 - INFO - modules.trainer -   Saving checkpoint: results/iu_xray/current_checkpoint.pth ...
best performance in epoch:  19
