nohup: ignoring input
11/20/2021 19:00:46 - INFO - modules.trainer -   [1/30] Start to train in the training set.
[W TensorIterator.cpp:918] Warning: Mixed memory format inputs detected while calling the operator. The operator will output contiguous tensor even if some of the inputs are in channels_last format. (function operator())
11/20/2021 19:00:50 - INFO - modules.trainer -   [1/30] Step: 0/64, CE Loss: 6.82502, CON Loss: 0.34984.
11/20/2021 19:01:50 - INFO - modules.trainer -   [1/30] Step: 50/64, CE Loss: 4.56807, CON Loss: 0.34409.
11/20/2021 19:02:05 - INFO - modules.trainer -   [1/30] Start to evaluate in the validation set.
11/20/2021 19:02:20 - INFO - modules.trainer -   [1/30] Start to evaluate in the test set.
11/20/2021 19:02:42 - INFO - modules.trainer -   	epoch          : 1
11/20/2021 19:02:42 - INFO - modules.trainer -   	ce_loss        : 4.329854566603899
11/20/2021 19:02:42 - INFO - modules.trainer -   	con            : 0.343219050206244
11/20/2021 19:02:42 - INFO - modules.trainer -   	val_BLEU_1     : 0.024584992784524355
11/20/2021 19:02:42 - INFO - modules.trainer -   	val_BLEU_2     : 0.016723207152800255
11/20/2021 19:02:42 - INFO - modules.trainer -   	val_BLEU_3     : 0.010534686863244488
11/20/2021 19:02:42 - INFO - modules.trainer -   	val_BLEU_4     : 0.005955408816789222
11/20/2021 19:02:42 - INFO - modules.trainer -   	val_METEOR     : 0.07532381828348582
11/20/2021 19:02:42 - INFO - modules.trainer -   	val_ROUGE_L    : 0.25357731088531643
11/20/2021 19:02:42 - INFO - modules.trainer -   	test_BLEU_1    : 0.03481122854666105
11/20/2021 19:02:42 - INFO - modules.trainer -   	test_BLEU_2    : 0.023381399144538916
11/20/2021 19:02:42 - INFO - modules.trainer -   	test_BLEU_3    : 0.014376670597100858
11/20/2021 19:02:42 - INFO - modules.trainer -   	test_BLEU_4    : 0.007478849714864198
11/20/2021 19:02:42 - INFO - modules.trainer -   	test_METEOR    : 0.08029982054553007
11/20/2021 19:02:42 - INFO - modules.trainer -   	test_ROUGE_L   : 0.2595018171551494
11/20/2021 19:02:45 - INFO - modules.trainer -   Saving checkpoint: results/iu_xray/current_checkpoint.pth ...
11/20/2021 19:02:50 - INFO - modules.trainer -   Saving current best: model_best.pth ...
11/20/2021 19:02:50 - INFO - modules.trainer -   [2/30] Start to train in the training set.
best performance in epoch:  1
11/20/2021 19:02:52 - INFO - modules.trainer -   [2/30] Step: 0/64, CE Loss: 3.01066, CON Loss: 0.33886.
11/20/2021 19:03:51 - INFO - modules.trainer -   [2/30] Step: 50/64, CE Loss: 2.74891, CON Loss: 0.33551.
11/20/2021 19:04:07 - INFO - modules.trainer -   [2/30] Start to evaluate in the validation set.
11/20/2021 19:04:21 - INFO - modules.trainer -   [2/30] Start to evaluate in the test set.
11/20/2021 19:04:43 - INFO - modules.trainer -   	epoch          : 2
11/20/2021 19:04:43 - INFO - modules.trainer -   	ce_loss        : 2.6792329400777817
11/20/2021 19:04:43 - INFO - modules.trainer -   	con            : 0.3346301345154643
11/20/2021 19:04:43 - INFO - modules.trainer -   	val_BLEU_1     : 0.14778051894518482
11/20/2021 19:04:43 - INFO - modules.trainer -   	val_BLEU_2     : 0.10219065280760882
11/20/2021 19:04:43 - INFO - modules.trainer -   	val_BLEU_3     : 0.0763765832539715
11/20/2021 19:04:43 - INFO - modules.trainer -   	val_BLEU_4     : 0.05867556976890127
11/20/2021 19:04:43 - INFO - modules.trainer -   	val_METEOR     : 0.11084785310720621
11/20/2021 19:04:43 - INFO - modules.trainer -   	val_ROUGE_L    : 0.2786139714050284
11/20/2021 19:04:43 - INFO - modules.trainer -   	test_BLEU_1    : 0.18539396581969358
11/20/2021 19:04:43 - INFO - modules.trainer -   	test_BLEU_2    : 0.13208848402942983
11/20/2021 19:04:43 - INFO - modules.trainer -   	test_BLEU_3    : 0.10125711773575882
11/20/2021 19:04:43 - INFO - modules.trainer -   	test_BLEU_4    : 0.07943691351737903
11/20/2021 19:04:43 - INFO - modules.trainer -   	test_METEOR    : 0.12794663237353912
11/20/2021 19:04:43 - INFO - modules.trainer -   	test_ROUGE_L   : 0.30507206824752886
11/20/2021 19:04:47 - INFO - modules.trainer -   Saving checkpoint: results/iu_xray/current_checkpoint.pth ...
11/20/2021 19:04:50 - INFO - modules.trainer -   Saving current best: model_best.pth ...
11/20/2021 19:04:50 - INFO - modules.trainer -   [3/30] Start to train in the training set.
best performance in epoch:  2
11/20/2021 19:04:52 - INFO - modules.trainer -   [3/30] Step: 0/64, CE Loss: 2.58994, CON Loss: 0.33022.
11/20/2021 19:05:51 - INFO - modules.trainer -   [3/30] Step: 50/64, CE Loss: 2.20734, CON Loss: 0.32653.
11/20/2021 19:06:06 - INFO - modules.trainer -   [3/30] Start to evaluate in the validation set.
11/20/2021 19:06:21 - INFO - modules.trainer -   [3/30] Start to evaluate in the test set.
11/20/2021 19:06:43 - INFO - modules.trainer -   	epoch          : 3
11/20/2021 19:06:43 - INFO - modules.trainer -   	ce_loss        : 2.1739809550344944
11/20/2021 19:06:43 - INFO - modules.trainer -   	con            : 0.3255196651443839
11/20/2021 19:06:43 - INFO - modules.trainer -   	val_BLEU_1     : 0.2030816570318174
11/20/2021 19:06:43 - INFO - modules.trainer -   	val_BLEU_2     : 0.12133127799835373
11/20/2021 19:06:43 - INFO - modules.trainer -   	val_BLEU_3     : 0.08576651216763896
11/20/2021 19:06:43 - INFO - modules.trainer -   	val_BLEU_4     : 0.06551564566697646
11/20/2021 19:06:43 - INFO - modules.trainer -   	val_METEOR     : 0.1052908565919526
11/20/2021 19:06:43 - INFO - modules.trainer -   	val_ROUGE_L    : 0.29748583542471063
11/20/2021 19:06:43 - INFO - modules.trainer -   	test_BLEU_1    : 0.2442514410048251
11/20/2021 19:06:43 - INFO - modules.trainer -   	test_BLEU_2    : 0.14855139883937368
11/20/2021 19:06:43 - INFO - modules.trainer -   	test_BLEU_3    : 0.10695977739603463
11/20/2021 19:06:43 - INFO - modules.trainer -   	test_BLEU_4    : 0.08223072528140167
11/20/2021 19:06:43 - INFO - modules.trainer -   	test_METEOR    : 0.12042420960137633
11/20/2021 19:06:43 - INFO - modules.trainer -   	test_ROUGE_L   : 0.31280737075107024
11/20/2021 19:06:46 - INFO - modules.trainer -   Saving checkpoint: results/iu_xray/current_checkpoint.pth ...
11/20/2021 19:06:49 - INFO - modules.trainer -   Saving current best: model_best.pth ...
11/20/2021 19:06:49 - INFO - modules.trainer -   [4/30] Start to train in the training set.
best performance in epoch:  3
11/20/2021 19:06:51 - INFO - modules.trainer -   [4/30] Step: 0/64, CE Loss: 2.02004, CON Loss: 0.32039.
11/20/2021 19:07:51 - INFO - modules.trainer -   [4/30] Step: 50/64, CE Loss: 1.93200, CON Loss: 0.31602.
11/20/2021 19:08:07 - INFO - modules.trainer -   [4/30] Start to evaluate in the validation set.
11/20/2021 19:08:21 - INFO - modules.trainer -   [4/30] Start to evaluate in the test set.
11/20/2021 19:08:43 - INFO - modules.trainer -   	epoch          : 4
11/20/2021 19:08:43 - INFO - modules.trainer -   	ce_loss        : 1.932539977133274
11/20/2021 19:08:43 - INFO - modules.trainer -   	con            : 0.31480449391528964
11/20/2021 19:08:43 - INFO - modules.trainer -   	val_BLEU_1     : 0.29386408965625316
11/20/2021 19:08:43 - INFO - modules.trainer -   	val_BLEU_2     : 0.18230100387068252
11/20/2021 19:08:43 - INFO - modules.trainer -   	val_BLEU_3     : 0.12796741986193974
11/20/2021 19:08:43 - INFO - modules.trainer -   	val_BLEU_4     : 0.09594418687594246
11/20/2021 19:08:43 - INFO - modules.trainer -   	val_METEOR     : 0.13360965365478483
11/20/2021 19:08:43 - INFO - modules.trainer -   	val_ROUGE_L    : 0.3293909275320774
11/20/2021 19:08:43 - INFO - modules.trainer -   	test_BLEU_1    : 0.3392648788618791
11/20/2021 19:08:43 - INFO - modules.trainer -   	test_BLEU_2    : 0.21340283781536462
11/20/2021 19:08:43 - INFO - modules.trainer -   	test_BLEU_3    : 0.15129550913556797
11/20/2021 19:08:43 - INFO - modules.trainer -   	test_BLEU_4    : 0.11379116577613012
11/20/2021 19:08:43 - INFO - modules.trainer -   	test_METEOR    : 0.15042669402458045
11/20/2021 19:08:43 - INFO - modules.trainer -   	test_ROUGE_L   : 0.34671296762309556
11/20/2021 19:08:47 - INFO - modules.trainer -   Saving checkpoint: results/iu_xray/current_checkpoint.pth ...
11/20/2021 19:08:52 - INFO - modules.trainer -   Saving current best: model_best.pth ...
11/20/2021 19:08:52 - INFO - modules.trainer -   [5/30] Start to train in the training set.
best performance in epoch:  4
11/20/2021 19:08:53 - INFO - modules.trainer -   [5/30] Step: 0/64, CE Loss: 1.93723, CON Loss: 0.30865.
11/20/2021 19:09:53 - INFO - modules.trainer -   [5/30] Step: 50/64, CE Loss: 1.75432, CON Loss: 0.30332.
11/20/2021 19:10:09 - INFO - modules.trainer -   [5/30] Start to evaluate in the validation set.
11/20/2021 19:10:23 - INFO - modules.trainer -   [5/30] Start to evaluate in the test set.
11/20/2021 19:10:45 - INFO - modules.trainer -   	epoch          : 5
11/20/2021 19:10:45 - INFO - modules.trainer -   	ce_loss        : 1.7625251431018114
11/20/2021 19:10:45 - INFO - modules.trainer -   	con            : 0.3018418620340526
11/20/2021 19:10:45 - INFO - modules.trainer -   	val_BLEU_1     : 0.20529340129490525
11/20/2021 19:10:45 - INFO - modules.trainer -   	val_BLEU_2     : 0.12212300755195495
11/20/2021 19:10:45 - INFO - modules.trainer -   	val_BLEU_3     : 0.08639189355451626
11/20/2021 19:10:45 - INFO - modules.trainer -   	val_BLEU_4     : 0.06603342622719525
11/20/2021 19:10:45 - INFO - modules.trainer -   	val_METEOR     : 0.10473358178939501
11/20/2021 19:10:45 - INFO - modules.trainer -   	val_ROUGE_L    : 0.2959344034136947
11/20/2021 19:10:45 - INFO - modules.trainer -   	test_BLEU_1    : 0.24619884164566005
11/20/2021 19:10:45 - INFO - modules.trainer -   	test_BLEU_2    : 0.14989249398594015
11/20/2021 19:10:45 - INFO - modules.trainer -   	test_BLEU_3    : 0.10795574373213968
11/20/2021 19:10:45 - INFO - modules.trainer -   	test_BLEU_4    : 0.08301936153217915
11/20/2021 19:10:45 - INFO - modules.trainer -   	test_METEOR    : 0.120334665777375
11/20/2021 19:10:45 - INFO - modules.trainer -   	test_ROUGE_L   : 0.31302504006954135
11/20/2021 19:10:50 - INFO - modules.trainer -   Saving checkpoint: results/iu_xray/current_checkpoint.pth ...
11/20/2021 19:10:50 - INFO - modules.trainer -   [6/30] Start to train in the training set.
best performance in epoch:  4
11/20/2021 19:10:52 - INFO - modules.trainer -   [6/30] Step: 0/64, CE Loss: 1.71652, CON Loss: 0.29434.
11/20/2021 19:11:51 - INFO - modules.trainer -   [6/30] Step: 50/64, CE Loss: 1.60956, CON Loss: 0.28786.
11/20/2021 19:12:07 - INFO - modules.trainer -   [6/30] Start to evaluate in the validation set.
11/20/2021 19:12:21 - INFO - modules.trainer -   [6/30] Start to evaluate in the test set.
11/20/2021 19:12:43 - INFO - modules.trainer -   	epoch          : 6
11/20/2021 19:12:43 - INFO - modules.trainer -   	ce_loss        : 1.6306865438818932
11/20/2021 19:12:43 - INFO - modules.trainer -   	con            : 0.28605832858011127
11/20/2021 19:12:43 - INFO - modules.trainer -   	val_BLEU_1     : 0.4134138876153372
11/20/2021 19:12:43 - INFO - modules.trainer -   	val_BLEU_2     : 0.22598444473100476
11/20/2021 19:12:43 - INFO - modules.trainer -   	val_BLEU_3     : 0.14554297665852028
11/20/2021 19:12:43 - INFO - modules.trainer -   	val_BLEU_4     : 0.10095603715921629
11/20/2021 19:12:43 - INFO - modules.trainer -   	val_METEOR     : 0.15037321944659862
11/20/2021 19:12:43 - INFO - modules.trainer -   	val_ROUGE_L    : 0.3059318715973676
11/20/2021 19:12:43 - INFO - modules.trainer -   	test_BLEU_1    : 0.4300464380989808
11/20/2021 19:12:43 - INFO - modules.trainer -   	test_BLEU_2    : 0.2580508392879042
11/20/2021 19:12:43 - INFO - modules.trainer -   	test_BLEU_3    : 0.1822903700622345
11/20/2021 19:12:43 - INFO - modules.trainer -   	test_BLEU_4    : 0.13762541623400118
11/20/2021 19:12:43 - INFO - modules.trainer -   	test_METEOR    : 0.17635836984359393
11/20/2021 19:12:43 - INFO - modules.trainer -   	test_ROUGE_L   : 0.34285227720175
11/20/2021 19:12:47 - INFO - modules.trainer -   Saving checkpoint: results/iu_xray/current_checkpoint.pth ...
11/20/2021 19:12:53 - INFO - modules.trainer -   Saving current best: model_best.pth ...
11/20/2021 19:12:53 - INFO - modules.trainer -   [7/30] Start to train in the training set.
best performance in epoch:  6
11/20/2021 19:12:55 - INFO - modules.trainer -   [7/30] Step: 0/64, CE Loss: 1.50553, CON Loss: 0.27695.
11/20/2021 19:13:55 - INFO - modules.trainer -   [7/30] Step: 50/64, CE Loss: 1.50771, CON Loss: 0.26914.
11/20/2021 19:14:10 - INFO - modules.trainer -   [7/30] Start to evaluate in the validation set.
11/20/2021 19:14:24 - INFO - modules.trainer -   [7/30] Start to evaluate in the test set.
11/20/2021 19:14:46 - INFO - modules.trainer -   	epoch          : 7
11/20/2021 19:14:46 - INFO - modules.trainer -   	ce_loss        : 1.5251312423497438
11/20/2021 19:14:46 - INFO - modules.trainer -   	con            : 0.2669912106357515
11/20/2021 19:14:46 - INFO - modules.trainer -   	val_BLEU_1     : 0.2450702129636914
11/20/2021 19:14:46 - INFO - modules.trainer -   	val_BLEU_2     : 0.14626362441208327
11/20/2021 19:14:46 - INFO - modules.trainer -   	val_BLEU_3     : 0.10212917909664138
11/20/2021 19:14:46 - INFO - modules.trainer -   	val_BLEU_4     : 0.07661091028469348
11/20/2021 19:14:46 - INFO - modules.trainer -   	val_METEOR     : 0.11319502439556725
11/20/2021 19:14:46 - INFO - modules.trainer -   	val_ROUGE_L    : 0.3010042920050111
11/20/2021 19:14:46 - INFO - modules.trainer -   	test_BLEU_1    : 0.29031878121493915
11/20/2021 19:14:46 - INFO - modules.trainer -   	test_BLEU_2    : 0.17947147413607306
11/20/2021 19:14:46 - INFO - modules.trainer -   	test_BLEU_3    : 0.12863301028345586
11/20/2021 19:14:46 - INFO - modules.trainer -   	test_BLEU_4    : 0.09712221087277288
11/20/2021 19:14:46 - INFO - modules.trainer -   	test_METEOR    : 0.13063063390528795
11/20/2021 19:14:46 - INFO - modules.trainer -   	test_ROUGE_L   : 0.3222172607081856
11/20/2021 19:14:49 - INFO - modules.trainer -   Saving checkpoint: results/iu_xray/current_checkpoint.pth ...
11/20/2021 19:14:49 - INFO - modules.trainer -   [8/30] Start to train in the training set.
best performance in epoch:  6
11/20/2021 19:14:51 - INFO - modules.trainer -   [8/30] Step: 0/64, CE Loss: 1.32507, CON Loss: 0.25608.
11/20/2021 19:15:51 - INFO - modules.trainer -   [8/30] Step: 50/64, CE Loss: 1.39614, CON Loss: 0.24676.
11/20/2021 19:16:07 - INFO - modules.trainer -   [8/30] Start to evaluate in the validation set.
11/20/2021 19:16:21 - INFO - modules.trainer -   [8/30] Start to evaluate in the test set.
11/20/2021 19:16:43 - INFO - modules.trainer -   	epoch          : 8
11/20/2021 19:16:43 - INFO - modules.trainer -   	ce_loss        : 1.4117016457021236
11/20/2021 19:16:43 - INFO - modules.trainer -   	con            : 0.24422093876637518
11/20/2021 19:16:43 - INFO - modules.trainer -   	val_BLEU_1     : 0.22573012836553366
11/20/2021 19:16:43 - INFO - modules.trainer -   	val_BLEU_2     : 0.13502880500832654
11/20/2021 19:16:43 - INFO - modules.trainer -   	val_BLEU_3     : 0.09471889821133947
11/20/2021 19:16:43 - INFO - modules.trainer -   	val_BLEU_4     : 0.07174990703642578
11/20/2021 19:16:43 - INFO - modules.trainer -   	val_METEOR     : 0.10872215421629494
11/20/2021 19:16:43 - INFO - modules.trainer -   	val_ROUGE_L    : 0.2954422133731157
11/20/2021 19:16:43 - INFO - modules.trainer -   	test_BLEU_1    : 0.26917548803892355
11/20/2021 19:16:43 - INFO - modules.trainer -   	test_BLEU_2    : 0.16450858163547138
11/20/2021 19:16:43 - INFO - modules.trainer -   	test_BLEU_3    : 0.11810202484650449
11/20/2021 19:16:43 - INFO - modules.trainer -   	test_BLEU_4    : 0.09032740112908555
11/20/2021 19:16:43 - INFO - modules.trainer -   	test_METEOR    : 0.125428588851702
11/20/2021 19:16:43 - INFO - modules.trainer -   	test_ROUGE_L   : 0.31464803619816334
11/20/2021 19:16:46 - INFO - modules.trainer -   Saving checkpoint: results/iu_xray/current_checkpoint.pth ...
11/20/2021 19:16:46 - INFO - modules.trainer -   [9/30] Start to train in the training set.
best performance in epoch:  6
11/20/2021 19:16:48 - INFO - modules.trainer -   [9/30] Step: 0/64, CE Loss: 1.35831, CON Loss: 0.23138.
11/20/2021 19:17:48 - INFO - modules.trainer -   [9/30] Step: 50/64, CE Loss: 1.31219, CON Loss: 0.22069.
11/20/2021 19:18:03 - INFO - modules.trainer -   [9/30] Start to evaluate in the validation set.
11/20/2021 19:18:17 - INFO - modules.trainer -   [9/30] Start to evaluate in the test set.
11/20/2021 19:18:40 - INFO - modules.trainer -   	epoch          : 9
11/20/2021 19:18:40 - INFO - modules.trainer -   	ce_loss        : 1.3202817849814892
11/20/2021 19:18:40 - INFO - modules.trainer -   	con            : 0.21781692071817815
11/20/2021 19:18:40 - INFO - modules.trainer -   	val_BLEU_1     : 0.42558012336200457
11/20/2021 19:18:40 - INFO - modules.trainer -   	val_BLEU_2     : 0.2383099361468897
11/20/2021 19:18:40 - INFO - modules.trainer -   	val_BLEU_3     : 0.15514712079055562
11/20/2021 19:18:40 - INFO - modules.trainer -   	val_BLEU_4     : 0.10812103411213436
11/20/2021 19:18:40 - INFO - modules.trainer -   	val_METEOR     : 0.1569707078244026
11/20/2021 19:18:40 - INFO - modules.trainer -   	val_ROUGE_L    : 0.31503359817938503
11/20/2021 19:18:40 - INFO - modules.trainer -   	test_BLEU_1    : 0.4374999999999783
11/20/2021 19:18:40 - INFO - modules.trainer -   	test_BLEU_2    : 0.265813654360003
11/20/2021 19:18:40 - INFO - modules.trainer -   	test_BLEU_3    : 0.18844168804405917
11/20/2021 19:18:40 - INFO - modules.trainer -   	test_BLEU_4    : 0.14252442216420141
11/20/2021 19:18:40 - INFO - modules.trainer -   	test_METEOR    : 0.1801390388145495
11/20/2021 19:18:40 - INFO - modules.trainer -   	test_ROUGE_L   : 0.34657505121859067
11/20/2021 19:18:43 - INFO - modules.trainer -   Saving checkpoint: results/iu_xray/current_checkpoint.pth ...
11/20/2021 19:18:47 - INFO - modules.trainer -   Saving current best: model_best.pth ...
11/20/2021 19:18:47 - INFO - modules.trainer -   [10/30] Start to train in the training set.
best performance in epoch:  9
11/20/2021 19:18:49 - INFO - modules.trainer -   [10/30] Step: 0/64, CE Loss: 1.22497, CON Loss: 0.20332.
11/20/2021 19:19:49 - INFO - modules.trainer -   [10/30] Step: 50/64, CE Loss: 1.22235, CON Loss: 0.19167.
11/20/2021 19:20:05 - INFO - modules.trainer -   [10/30] Start to evaluate in the validation set.
11/20/2021 19:20:19 - INFO - modules.trainer -   [10/30] Start to evaluate in the test set.
11/20/2021 19:20:41 - INFO - modules.trainer -   	epoch          : 10
11/20/2021 19:20:41 - INFO - modules.trainer -   	ce_loss        : 1.2368002254515886
11/20/2021 19:20:41 - INFO - modules.trainer -   	con            : 0.1886100433766842
11/20/2021 19:20:41 - INFO - modules.trainer -   	val_BLEU_1     : 0.33764614167827417
11/20/2021 19:20:41 - INFO - modules.trainer -   	val_BLEU_2     : 0.21505633080591377
11/20/2021 19:20:41 - INFO - modules.trainer -   	val_BLEU_3     : 0.1526708356145721
11/20/2021 19:20:41 - INFO - modules.trainer -   	val_BLEU_4     : 0.11448842867570974
11/20/2021 19:20:41 - INFO - modules.trainer -   	val_METEOR     : 0.14104988848964203
11/20/2021 19:20:41 - INFO - modules.trainer -   	val_ROUGE_L    : 0.3301041284353611
11/20/2021 19:20:41 - INFO - modules.trainer -   	test_BLEU_1    : 0.3954269313713623
11/20/2021 19:20:41 - INFO - modules.trainer -   	test_BLEU_2    : 0.24837321944981833
11/20/2021 19:20:41 - INFO - modules.trainer -   	test_BLEU_3    : 0.1728261282525233
11/20/2021 19:20:41 - INFO - modules.trainer -   	test_BLEU_4    : 0.12592338571268974
11/20/2021 19:20:41 - INFO - modules.trainer -   	test_METEOR    : 0.16141646308804164
11/20/2021 19:20:41 - INFO - modules.trainer -   	test_ROUGE_L   : 0.34509234731037636
11/20/2021 19:20:44 - INFO - modules.trainer -   Saving checkpoint: results/iu_xray/current_checkpoint.pth ...
11/20/2021 19:20:49 - INFO - modules.trainer -   Saving current best: model_best.pth ...
11/20/2021 19:20:49 - INFO - modules.trainer -   [11/30] Start to train in the training set.
best performance in epoch:  10
11/20/2021 19:20:51 - INFO - modules.trainer -   [11/30] Step: 0/64, CE Loss: 1.13703, CON Loss: 0.17328.
11/20/2021 19:21:51 - INFO - modules.trainer -   [11/30] Step: 50/64, CE Loss: 1.09574, CON Loss: 0.16389.
11/20/2021 19:22:06 - INFO - modules.trainer -   [11/30] Start to evaluate in the validation set.
11/20/2021 19:22:21 - INFO - modules.trainer -   [11/30] Start to evaluate in the test set.
11/20/2021 19:22:42 - INFO - modules.trainer -   	epoch          : 11
11/20/2021 19:22:42 - INFO - modules.trainer -   	ce_loss        : 1.1070556687191129
11/20/2021 19:22:42 - INFO - modules.trainer -   	con            : 0.1615034721326083
11/20/2021 19:22:42 - INFO - modules.trainer -   	val_BLEU_1     : 0.2511674957413082
11/20/2021 19:22:42 - INFO - modules.trainer -   	val_BLEU_2     : 0.15079074086139577
11/20/2021 19:22:42 - INFO - modules.trainer -   	val_BLEU_3     : 0.10518782344604231
11/20/2021 19:22:42 - INFO - modules.trainer -   	val_BLEU_4     : 0.07878383171546319
11/20/2021 19:22:42 - INFO - modules.trainer -   	val_METEOR     : 0.11625006238605545
11/20/2021 19:22:42 - INFO - modules.trainer -   	val_ROUGE_L    : 0.3013371137049875
11/20/2021 19:22:42 - INFO - modules.trainer -   	test_BLEU_1    : 0.2819885814534712
11/20/2021 19:22:42 - INFO - modules.trainer -   	test_BLEU_2    : 0.1732714975714245
11/20/2021 19:22:42 - INFO - modules.trainer -   	test_BLEU_3    : 0.12356208136444666
11/20/2021 19:22:42 - INFO - modules.trainer -   	test_BLEU_4    : 0.09345906473277149
11/20/2021 19:22:42 - INFO - modules.trainer -   	test_METEOR    : 0.12987039763022043
11/20/2021 19:22:42 - INFO - modules.trainer -   	test_ROUGE_L   : 0.3190320639483025
11/20/2021 19:22:46 - INFO - modules.trainer -   Saving checkpoint: results/iu_xray/current_checkpoint.pth ...
11/20/2021 19:22:46 - INFO - modules.trainer -   [12/30] Start to train in the training set.
best performance in epoch:  10
11/20/2021 19:22:48 - INFO - modules.trainer -   [12/30] Step: 0/64, CE Loss: 0.80489, CON Loss: 0.14960.
11/20/2021 19:23:47 - INFO - modules.trainer -   [12/30] Step: 50/64, CE Loss: 1.00668, CON Loss: 0.14083.
11/20/2021 19:24:02 - INFO - modules.trainer -   [12/30] Start to evaluate in the validation set.
11/20/2021 19:24:17 - INFO - modules.trainer -   [12/30] Start to evaluate in the test set.
11/20/2021 19:24:40 - INFO - modules.trainer -   	epoch          : 12
11/20/2021 19:24:40 - INFO - modules.trainer -   	ce_loss        : 1.0168463326990604
11/20/2021 19:24:40 - INFO - modules.trainer -   	con            : 0.1386322311591357
11/20/2021 19:24:40 - INFO - modules.trainer -   	val_BLEU_1     : 0.3965720504216562
11/20/2021 19:24:40 - INFO - modules.trainer -   	val_BLEU_2     : 0.24087447447930993
11/20/2021 19:24:40 - INFO - modules.trainer -   	val_BLEU_3     : 0.16160084509689418
11/20/2021 19:24:40 - INFO - modules.trainer -   	val_BLEU_4     : 0.11117328945784742
11/20/2021 19:24:40 - INFO - modules.trainer -   	val_METEOR     : 0.17045053749648767
11/20/2021 19:24:40 - INFO - modules.trainer -   	val_ROUGE_L    : 0.3093747133906244
11/20/2021 19:24:40 - INFO - modules.trainer -   	test_BLEU_1    : 0.39866570501260373
11/20/2021 19:24:40 - INFO - modules.trainer -   	test_BLEU_2    : 0.25101867584549664
11/20/2021 19:24:40 - INFO - modules.trainer -   	test_BLEU_3    : 0.1766975777598296
11/20/2021 19:24:40 - INFO - modules.trainer -   	test_BLEU_4    : 0.1302195908415752
11/20/2021 19:24:40 - INFO - modules.trainer -   	test_METEOR    : 0.1918866804527048
11/20/2021 19:24:40 - INFO - modules.trainer -   	test_ROUGE_L   : 0.33422336627336074
11/20/2021 19:24:43 - INFO - modules.trainer -   Saving checkpoint: results/iu_xray/current_checkpoint.pth ...
11/20/2021 19:24:43 - INFO - modules.trainer -   [13/30] Start to train in the training set.
best performance in epoch:  10
11/20/2021 19:24:45 - INFO - modules.trainer -   [13/30] Step: 0/64, CE Loss: 0.80331, CON Loss: 0.12776.
11/20/2021 19:25:45 - INFO - modules.trainer -   [13/30] Step: 50/64, CE Loss: 0.92859, CON Loss: 0.12004.
11/20/2021 19:26:01 - INFO - modules.trainer -   [13/30] Start to evaluate in the validation set.
11/20/2021 19:26:15 - INFO - modules.trainer -   [13/30] Start to evaluate in the test set.
11/20/2021 19:26:37 - INFO - modules.trainer -   	epoch          : 13
11/20/2021 19:26:37 - INFO - modules.trainer -   	ce_loss        : 0.9469788633286953
11/20/2021 19:26:37 - INFO - modules.trainer -   	con            : 0.11813409347087145
11/20/2021 19:26:37 - INFO - modules.trainer -   	val_BLEU_1     : 0.3681526692357063
11/20/2021 19:26:37 - INFO - modules.trainer -   	val_BLEU_2     : 0.22345101655114855
11/20/2021 19:26:37 - INFO - modules.trainer -   	val_BLEU_3     : 0.15176645576378284
11/20/2021 19:26:37 - INFO - modules.trainer -   	val_BLEU_4     : 0.10826465216752494
11/20/2021 19:26:37 - INFO - modules.trainer -   	val_METEOR     : 0.14834027006056089
11/20/2021 19:26:37 - INFO - modules.trainer -   	val_ROUGE_L    : 0.30743839881590507
11/20/2021 19:26:37 - INFO - modules.trainer -   	test_BLEU_1    : 0.39210061166948723
11/20/2021 19:26:37 - INFO - modules.trainer -   	test_BLEU_2    : 0.2428790479244963
11/20/2021 19:26:37 - INFO - modules.trainer -   	test_BLEU_3    : 0.17130965669701528
11/20/2021 19:26:37 - INFO - modules.trainer -   	test_BLEU_4    : 0.12804823695915024
11/20/2021 19:26:37 - INFO - modules.trainer -   	test_METEOR    : 0.1595704829657304
11/20/2021 19:26:37 - INFO - modules.trainer -   	test_ROUGE_L   : 0.32176569055308013
11/20/2021 19:26:40 - INFO - modules.trainer -   Saving checkpoint: results/iu_xray/current_checkpoint.pth ...
11/20/2021 19:26:40 - INFO - modules.trainer -   [14/30] Start to train in the training set.
best performance in epoch:  10
11/20/2021 19:26:42 - INFO - modules.trainer -   [14/30] Step: 0/64, CE Loss: 0.86853, CON Loss: 0.10872.
11/20/2021 19:27:41 - INFO - modules.trainer -   [14/30] Step: 50/64, CE Loss: 0.87322, CON Loss: 0.10225.
11/20/2021 19:27:56 - INFO - modules.trainer -   [14/30] Start to evaluate in the validation set.
11/20/2021 19:28:11 - INFO - modules.trainer -   [14/30] Start to evaluate in the test set.
11/20/2021 19:28:33 - INFO - modules.trainer -   	epoch          : 14
11/20/2021 19:28:33 - INFO - modules.trainer -   	ce_loss        : 0.8889723354950547
11/20/2021 19:28:33 - INFO - modules.trainer -   	con            : 0.10069025645498186
11/20/2021 19:28:33 - INFO - modules.trainer -   	val_BLEU_1     : 0.42443343273642087
11/20/2021 19:28:33 - INFO - modules.trainer -   	val_BLEU_2     : 0.2628877561633384
11/20/2021 19:28:33 - INFO - modules.trainer -   	val_BLEU_3     : 0.17801213616069547
11/20/2021 19:28:33 - INFO - modules.trainer -   	val_BLEU_4     : 0.1251588626595659
11/20/2021 19:28:33 - INFO - modules.trainer -   	val_METEOR     : 0.1696794349712271
11/20/2021 19:28:33 - INFO - modules.trainer -   	val_ROUGE_L    : 0.3218443888766732
11/20/2021 19:28:33 - INFO - modules.trainer -   	test_BLEU_1    : 0.43326818022350355
11/20/2021 19:28:33 - INFO - modules.trainer -   	test_BLEU_2    : 0.2723540521332742
11/20/2021 19:28:33 - INFO - modules.trainer -   	test_BLEU_3    : 0.19127176016892386
11/20/2021 19:28:33 - INFO - modules.trainer -   	test_BLEU_4    : 0.1422850130705466
11/20/2021 19:28:33 - INFO - modules.trainer -   	test_METEOR    : 0.18482089611633404
11/20/2021 19:28:33 - INFO - modules.trainer -   	test_ROUGE_L   : 0.34462387023494667
11/20/2021 19:28:36 - INFO - modules.trainer -   Saving checkpoint: results/iu_xray/current_checkpoint.pth ...
11/20/2021 19:28:41 - INFO - modules.trainer -   Saving current best: model_best.pth ...
11/20/2021 19:28:41 - INFO - modules.trainer -   [15/30] Start to train in the training set.
best performance in epoch:  14
11/20/2021 19:28:43 - INFO - modules.trainer -   [15/30] Step: 0/64, CE Loss: 0.75773, CON Loss: 0.09305.
11/20/2021 19:29:43 - INFO - modules.trainer -   [15/30] Step: 50/64, CE Loss: 0.81394, CON Loss: 0.08798.
11/20/2021 19:29:58 - INFO - modules.trainer -   [15/30] Start to evaluate in the validation set.
11/20/2021 19:30:13 - INFO - modules.trainer -   [15/30] Start to evaluate in the test set.
11/20/2021 19:30:35 - INFO - modules.trainer -   	epoch          : 15
11/20/2021 19:30:35 - INFO - modules.trainer -   	ce_loss        : 0.8326908005401492
11/20/2021 19:30:35 - INFO - modules.trainer -   	con            : 0.08676013408694416
11/20/2021 19:30:35 - INFO - modules.trainer -   	val_BLEU_1     : 0.277626378180116
11/20/2021 19:30:35 - INFO - modules.trainer -   	val_BLEU_2     : 0.16893917427103564
11/20/2021 19:30:35 - INFO - modules.trainer -   	val_BLEU_3     : 0.11764894007281106
11/20/2021 19:30:35 - INFO - modules.trainer -   	val_BLEU_4     : 0.0874684536754386
11/20/2021 19:30:35 - INFO - modules.trainer -   	val_METEOR     : 0.12237504065065914
11/20/2021 19:30:35 - INFO - modules.trainer -   	val_ROUGE_L    : 0.3087941342598176
11/20/2021 19:30:35 - INFO - modules.trainer -   	test_BLEU_1    : 0.344389346277768
11/20/2021 19:30:35 - INFO - modules.trainer -   	test_BLEU_2    : 0.2131430673048579
11/20/2021 19:30:35 - INFO - modules.trainer -   	test_BLEU_3    : 0.14999711687155556
11/20/2021 19:30:35 - INFO - modules.trainer -   	test_BLEU_4    : 0.11169131709109653
11/20/2021 19:30:35 - INFO - modules.trainer -   	test_METEOR    : 0.14575558212796047
11/20/2021 19:30:35 - INFO - modules.trainer -   	test_ROUGE_L   : 0.33112180843466976
11/20/2021 19:30:39 - INFO - modules.trainer -   Saving checkpoint: results/iu_xray/current_checkpoint.pth ...
11/20/2021 19:30:39 - INFO - modules.trainer -   [16/30] Start to train in the training set.
best performance in epoch:  14
11/20/2021 19:30:41 - INFO - modules.trainer -   [16/30] Step: 0/64, CE Loss: 0.66253, CON Loss: 0.08079.
11/20/2021 19:31:40 - INFO - modules.trainer -   [16/30] Step: 50/64, CE Loss: 0.78184, CON Loss: 0.07685.
11/20/2021 19:31:56 - INFO - modules.trainer -   [16/30] Start to evaluate in the validation set.
11/20/2021 19:32:10 - INFO - modules.trainer -   [16/30] Start to evaluate in the test set.
11/20/2021 19:32:32 - INFO - modules.trainer -   	epoch          : 16
11/20/2021 19:32:32 - INFO - modules.trainer -   	ce_loss        : 0.7860240982845426
11/20/2021 19:32:32 - INFO - modules.trainer -   	con            : 0.07590087642893195
11/20/2021 19:32:32 - INFO - modules.trainer -   	val_BLEU_1     : 0.40196214085883736
11/20/2021 19:32:32 - INFO - modules.trainer -   	val_BLEU_2     : 0.23901971757459764
11/20/2021 19:32:32 - INFO - modules.trainer -   	val_BLEU_3     : 0.15915709767347447
11/20/2021 19:32:32 - INFO - modules.trainer -   	val_BLEU_4     : 0.11420833901132775
11/20/2021 19:32:32 - INFO - modules.trainer -   	val_METEOR     : 0.15353408869114687
11/20/2021 19:32:32 - INFO - modules.trainer -   	val_ROUGE_L    : 0.33995003612255714
11/20/2021 19:32:32 - INFO - modules.trainer -   	test_BLEU_1    : 0.4416654291310225
11/20/2021 19:32:32 - INFO - modules.trainer -   	test_BLEU_2    : 0.2705515632764455
11/20/2021 19:32:32 - INFO - modules.trainer -   	test_BLEU_3    : 0.18667410472526721
11/20/2021 19:32:32 - INFO - modules.trainer -   	test_BLEU_4    : 0.1367566648350223
11/20/2021 19:32:32 - INFO - modules.trainer -   	test_METEOR    : 0.170318538889251
11/20/2021 19:32:32 - INFO - modules.trainer -   	test_ROUGE_L   : 0.3660005455055567
11/20/2021 19:32:36 - INFO - modules.trainer -   Saving checkpoint: results/iu_xray/current_checkpoint.pth ...
11/20/2021 19:32:36 - INFO - modules.trainer -   [17/30] Start to train in the training set.
best performance in epoch:  14
11/20/2021 19:32:38 - INFO - modules.trainer -   [17/30] Step: 0/64, CE Loss: 0.70467, CON Loss: 0.07123.
11/20/2021 19:33:37 - INFO - modules.trainer -   [17/30] Step: 50/64, CE Loss: 0.72189, CON Loss: 0.06808.
11/20/2021 19:33:53 - INFO - modules.trainer -   [17/30] Start to evaluate in the validation set.
11/20/2021 19:34:07 - INFO - modules.trainer -   [17/30] Start to evaluate in the test set.
11/20/2021 19:34:29 - INFO - modules.trainer -   	epoch          : 17
11/20/2021 19:34:29 - INFO - modules.trainer -   	ce_loss        : 0.7375654932111502
11/20/2021 19:34:29 - INFO - modules.trainer -   	con            : 0.06731234944891185
11/20/2021 19:34:29 - INFO - modules.trainer -   	val_BLEU_1     : 0.41408142017194466
11/20/2021 19:34:29 - INFO - modules.trainer -   	val_BLEU_2     : 0.24646495292366896
11/20/2021 19:34:29 - INFO - modules.trainer -   	val_BLEU_3     : 0.16546956697806817
11/20/2021 19:34:29 - INFO - modules.trainer -   	val_BLEU_4     : 0.11842890677081065
11/20/2021 19:34:29 - INFO - modules.trainer -   	val_METEOR     : 0.1697945450906605
11/20/2021 19:34:29 - INFO - modules.trainer -   	val_ROUGE_L    : 0.32561208549786336
11/20/2021 19:34:29 - INFO - modules.trainer -   	test_BLEU_1    : 0.44357895830085453
11/20/2021 19:34:29 - INFO - modules.trainer -   	test_BLEU_2    : 0.27635742715694245
11/20/2021 19:34:29 - INFO - modules.trainer -   	test_BLEU_3    : 0.19492428352147356
11/20/2021 19:34:29 - INFO - modules.trainer -   	test_BLEU_4    : 0.14576724093635895
11/20/2021 19:34:29 - INFO - modules.trainer -   	test_METEOR    : 0.1905589770707737
11/20/2021 19:34:29 - INFO - modules.trainer -   	test_ROUGE_L   : 0.3474998665785222
11/20/2021 19:34:33 - INFO - modules.trainer -   Saving checkpoint: results/iu_xray/current_checkpoint.pth ...
11/20/2021 19:34:33 - INFO - modules.trainer -   [18/30] Start to train in the training set.
best performance in epoch:  14
11/20/2021 19:34:35 - INFO - modules.trainer -   [18/30] Step: 0/64, CE Loss: 0.62455, CON Loss: 0.06352.
11/20/2021 19:35:35 - INFO - modules.trainer -   [18/30] Step: 50/64, CE Loss: 0.70719, CON Loss: 0.06091.
11/20/2021 19:35:50 - INFO - modules.trainer -   [18/30] Start to evaluate in the validation set.
11/20/2021 19:36:04 - INFO - modules.trainer -   [18/30] Start to evaluate in the test set.
11/20/2021 19:36:26 - INFO - modules.trainer -   	epoch          : 18
11/20/2021 19:36:26 - INFO - modules.trainer -   	ce_loss        : 0.7079808181151748
11/20/2021 19:36:26 - INFO - modules.trainer -   	con            : 0.06026866473257542
11/20/2021 19:36:26 - INFO - modules.trainer -   	val_BLEU_1     : 0.22448232254584657
11/20/2021 19:36:26 - INFO - modules.trainer -   	val_BLEU_2     : 0.13658902088645616
11/20/2021 19:36:26 - INFO - modules.trainer -   	val_BLEU_3     : 0.09617268288529841
11/20/2021 19:36:26 - INFO - modules.trainer -   	val_BLEU_4     : 0.07335496696057517
11/20/2021 19:36:26 - INFO - modules.trainer -   	val_METEOR     : 0.11313645070660774
11/20/2021 19:36:26 - INFO - modules.trainer -   	val_ROUGE_L    : 0.3023443116436892
11/20/2021 19:36:26 - INFO - modules.trainer -   	test_BLEU_1    : 0.27472228737120646
11/20/2021 19:36:26 - INFO - modules.trainer -   	test_BLEU_2    : 0.16750300911415292
11/20/2021 19:36:26 - INFO - modules.trainer -   	test_BLEU_3    : 0.11854717313133052
11/20/2021 19:36:26 - INFO - modules.trainer -   	test_BLEU_4    : 0.08962339214480801
11/20/2021 19:36:26 - INFO - modules.trainer -   	test_METEOR    : 0.12848471097867398
11/20/2021 19:36:26 - INFO - modules.trainer -   	test_ROUGE_L   : 0.32159139135644965
11/20/2021 19:36:29 - INFO - modules.trainer -   Saving checkpoint: results/iu_xray/current_checkpoint.pth ...
11/20/2021 19:36:29 - INFO - modules.trainer -   [19/30] Start to train in the training set.
best performance in epoch:  14
11/20/2021 19:36:31 - INFO - modules.trainer -   [19/30] Step: 0/64, CE Loss: 0.58294, CON Loss: 0.05710.
11/20/2021 19:37:31 - INFO - modules.trainer -   [19/30] Step: 50/64, CE Loss: 0.65607, CON Loss: 0.05490.
11/20/2021 19:37:46 - INFO - modules.trainer -   [19/30] Start to evaluate in the validation set.
11/20/2021 19:38:01 - INFO - modules.trainer -   [19/30] Start to evaluate in the test set.
11/20/2021 19:38:23 - INFO - modules.trainer -   	epoch          : 19
11/20/2021 19:38:23 - INFO - modules.trainer -   	ce_loss        : 0.6722494205459952
11/20/2021 19:38:23 - INFO - modules.trainer -   	con            : 0.054362158523872495
11/20/2021 19:38:23 - INFO - modules.trainer -   	val_BLEU_1     : 0.42166988407356615
11/20/2021 19:38:23 - INFO - modules.trainer -   	val_BLEU_2     : 0.2723965230662929
11/20/2021 19:38:23 - INFO - modules.trainer -   	val_BLEU_3     : 0.18454060958798438
11/20/2021 19:38:23 - INFO - modules.trainer -   	val_BLEU_4     : 0.13057859181012732
11/20/2021 19:38:23 - INFO - modules.trainer -   	val_METEOR     : 0.17317038711751004
11/20/2021 19:38:23 - INFO - modules.trainer -   	val_ROUGE_L    : 0.337944632301915
11/20/2021 19:38:23 - INFO - modules.trainer -   	test_BLEU_1    : 0.46883868342355844
11/20/2021 19:38:23 - INFO - modules.trainer -   	test_BLEU_2    : 0.30336939934255897
11/20/2021 19:38:23 - INFO - modules.trainer -   	test_BLEU_3    : 0.2111066630611375
11/20/2021 19:38:23 - INFO - modules.trainer -   	test_BLEU_4    : 0.15508257120151292
11/20/2021 19:38:23 - INFO - modules.trainer -   	test_METEOR    : 0.19349939847049616
11/20/2021 19:38:23 - INFO - modules.trainer -   	test_ROUGE_L   : 0.35413840372461647
11/20/2021 19:38:26 - INFO - modules.trainer -   Saving checkpoint: results/iu_xray/current_checkpoint.pth ...
11/20/2021 19:38:32 - INFO - modules.trainer -   Saving current best: model_best.pth ...
11/20/2021 19:38:32 - INFO - modules.trainer -   [20/30] Start to train in the training set.
best performance in epoch:  19
11/20/2021 19:38:34 - INFO - modules.trainer -   [20/30] Step: 0/64, CE Loss: 0.52532, CON Loss: 0.05169.
11/20/2021 19:39:33 - INFO - modules.trainer -   [20/30] Step: 50/64, CE Loss: 0.62581, CON Loss: 0.04979.
11/20/2021 19:39:49 - INFO - modules.trainer -   [20/30] Start to evaluate in the validation set.
11/20/2021 19:40:03 - INFO - modules.trainer -   [20/30] Start to evaluate in the test set.
11/20/2021 19:40:25 - INFO - modules.trainer -   	epoch          : 20
11/20/2021 19:40:25 - INFO - modules.trainer -   	ce_loss        : 0.6369772981852293
11/20/2021 19:40:25 - INFO - modules.trainer -   	con            : 0.04931746533839032
11/20/2021 19:40:25 - INFO - modules.trainer -   	val_BLEU_1     : 0.4217803382520664
11/20/2021 19:40:25 - INFO - modules.trainer -   	val_BLEU_2     : 0.23901834465182115
11/20/2021 19:40:25 - INFO - modules.trainer -   	val_BLEU_3     : 0.15843495314149691
11/20/2021 19:40:25 - INFO - modules.trainer -   	val_BLEU_4     : 0.11408972090149462
11/20/2021 19:40:25 - INFO - modules.trainer -   	val_METEOR     : 0.15755560176979574
11/20/2021 19:40:25 - INFO - modules.trainer -   	val_ROUGE_L    : 0.31729032051191824
11/20/2021 19:40:25 - INFO - modules.trainer -   	test_BLEU_1    : 0.4405021005213119
11/20/2021 19:40:25 - INFO - modules.trainer -   	test_BLEU_2    : 0.2690618954368033
11/20/2021 19:40:25 - INFO - modules.trainer -   	test_BLEU_3    : 0.19082124229772324
11/20/2021 19:40:25 - INFO - modules.trainer -   	test_BLEU_4    : 0.14505293138504874
11/20/2021 19:40:25 - INFO - modules.trainer -   	test_METEOR    : 0.17993067193353288
11/20/2021 19:40:25 - INFO - modules.trainer -   	test_ROUGE_L   : 0.3481788477003701
11/20/2021 19:40:28 - INFO - modules.trainer -   Saving checkpoint: results/iu_xray/current_checkpoint.pth ...
11/20/2021 19:40:28 - INFO - modules.trainer -   [21/30] Start to train in the training set.
best performance in epoch:  19
11/20/2021 19:40:30 - INFO - modules.trainer -   [21/30] Step: 0/64, CE Loss: 0.54851, CON Loss: 0.04699.
11/20/2021 19:41:30 - INFO - modules.trainer -   [21/30] Step: 50/64, CE Loss: 0.56311, CON Loss: 0.04566.
11/20/2021 19:41:46 - INFO - modules.trainer -   [21/30] Start to evaluate in the validation set.
11/20/2021 19:42:00 - INFO - modules.trainer -   [21/30] Start to evaluate in the test set.
11/20/2021 19:42:23 - INFO - modules.trainer -   	epoch          : 21
11/20/2021 19:42:23 - INFO - modules.trainer -   	ce_loss        : 0.5686686001718044
11/20/2021 19:42:23 - INFO - modules.trainer -   	con            : 0.04532301763538271
11/20/2021 19:42:23 - INFO - modules.trainer -   	val_BLEU_1     : 0.25139339551173806
11/20/2021 19:42:23 - INFO - modules.trainer -   	val_BLEU_2     : 0.1519718562886087
11/20/2021 19:42:23 - INFO - modules.trainer -   	val_BLEU_3     : 0.10545591364215579
11/20/2021 19:42:23 - INFO - modules.trainer -   	val_BLEU_4     : 0.07866526437293202
11/20/2021 19:42:23 - INFO - modules.trainer -   	val_METEOR     : 0.11639317828141837
11/20/2021 19:42:23 - INFO - modules.trainer -   	val_ROUGE_L    : 0.30214385399296384
11/20/2021 19:42:23 - INFO - modules.trainer -   	test_BLEU_1    : 0.29554191954690306
11/20/2021 19:42:23 - INFO - modules.trainer -   	test_BLEU_2    : 0.18023053821576268
11/20/2021 19:42:23 - INFO - modules.trainer -   	test_BLEU_3    : 0.1273335582521073
11/20/2021 19:42:23 - INFO - modules.trainer -   	test_BLEU_4    : 0.09527060228440543
11/20/2021 19:42:23 - INFO - modules.trainer -   	test_METEOR    : 0.1321798571068753
11/20/2021 19:42:23 - INFO - modules.trainer -   	test_ROUGE_L   : 0.317965941269665
11/20/2021 19:42:26 - INFO - modules.trainer -   Saving checkpoint: results/iu_xray/current_checkpoint.pth ...
11/20/2021 19:42:26 - INFO - modules.trainer -   [22/30] Start to train in the training set.
best performance in epoch:  19
11/20/2021 19:42:28 - INFO - modules.trainer -   [22/30] Step: 0/64, CE Loss: 0.47489, CON Loss: 0.04366.
11/20/2021 19:43:31 - INFO - modules.trainer -   [22/30] Step: 50/64, CE Loss: 0.52400, CON Loss: 0.04244.
11/20/2021 19:43:47 - INFO - modules.trainer -   [22/30] Start to evaluate in the validation set.
11/20/2021 19:44:03 - INFO - modules.trainer -   [22/30] Start to evaluate in the test set.
11/20/2021 19:44:25 - INFO - modules.trainer -   	epoch          : 22
11/20/2021 19:44:25 - INFO - modules.trainer -   	ce_loss        : 0.5276669822633266
11/20/2021 19:44:25 - INFO - modules.trainer -   	con            : 0.04213193547911942
11/20/2021 19:44:25 - INFO - modules.trainer -   	val_BLEU_1     : 0.40648783137942585
11/20/2021 19:44:25 - INFO - modules.trainer -   	val_BLEU_2     : 0.2563827452342422
11/20/2021 19:44:25 - INFO - modules.trainer -   	val_BLEU_3     : 0.17846001601959924
11/20/2021 19:44:25 - INFO - modules.trainer -   	val_BLEU_4     : 0.13031441754681306
11/20/2021 19:44:25 - INFO - modules.trainer -   	val_METEOR     : 0.15878020717308428
11/20/2021 19:44:25 - INFO - modules.trainer -   	val_ROUGE_L    : 0.3364392771101513
11/20/2021 19:44:25 - INFO - modules.trainer -   	test_BLEU_1    : 0.4634386679575592
11/20/2021 19:44:25 - INFO - modules.trainer -   	test_BLEU_2    : 0.30060220276662775
11/20/2021 19:44:25 - INFO - modules.trainer -   	test_BLEU_3    : 0.2145958949666956
11/20/2021 19:44:25 - INFO - modules.trainer -   	test_BLEU_4    : 0.15940225880142922
11/20/2021 19:44:25 - INFO - modules.trainer -   	test_METEOR    : 0.1818904263221349
11/20/2021 19:44:25 - INFO - modules.trainer -   	test_ROUGE_L   : 0.3646857805293075
11/20/2021 19:44:28 - INFO - modules.trainer -   Saving checkpoint: results/iu_xray/current_checkpoint.pth ...
11/20/2021 19:44:28 - INFO - modules.trainer -   [23/30] Start to train in the training set.
best performance in epoch:  19
11/20/2021 19:44:30 - INFO - modules.trainer -   [23/30] Step: 0/64, CE Loss: 0.47737, CON Loss: 0.04060.
11/20/2021 19:45:30 - INFO - modules.trainer -   [23/30] Step: 50/64, CE Loss: 0.49415, CON Loss: 0.03950.
11/20/2021 19:45:45 - INFO - modules.trainer -   [23/30] Start to evaluate in the validation set.
11/20/2021 19:45:59 - INFO - modules.trainer -   [23/30] Start to evaluate in the test set.
11/20/2021 19:46:21 - INFO - modules.trainer -   	epoch          : 23
11/20/2021 19:46:21 - INFO - modules.trainer -   	ce_loss        : 0.5022674910724163
11/20/2021 19:46:21 - INFO - modules.trainer -   	con            : 0.039219133264850825
11/20/2021 19:46:21 - INFO - modules.trainer -   	val_BLEU_1     : 0.29408371312171133
11/20/2021 19:46:21 - INFO - modules.trainer -   	val_BLEU_2     : 0.17867088292660813
11/20/2021 19:46:21 - INFO - modules.trainer -   	val_BLEU_3     : 0.12202306485137206
11/20/2021 19:46:21 - INFO - modules.trainer -   	val_BLEU_4     : 0.0886715013304333
11/20/2021 19:46:21 - INFO - modules.trainer -   	val_METEOR     : 0.12677230703382414
11/20/2021 19:46:21 - INFO - modules.trainer -   	val_ROUGE_L    : 0.31101213858726984
11/20/2021 19:46:21 - INFO - modules.trainer -   	test_BLEU_1    : 0.32489218904387773
11/20/2021 19:46:21 - INFO - modules.trainer -   	test_BLEU_2    : 0.2016509831069667
11/20/2021 19:46:21 - INFO - modules.trainer -   	test_BLEU_3    : 0.14314218026306338
11/20/2021 19:46:21 - INFO - modules.trainer -   	test_BLEU_4    : 0.1067789902903393
11/20/2021 19:46:21 - INFO - modules.trainer -   	test_METEOR    : 0.14194336359965878
11/20/2021 19:46:21 - INFO - modules.trainer -   	test_ROUGE_L   : 0.3229979381105748
11/20/2021 19:46:25 - INFO - modules.trainer -   Saving checkpoint: results/iu_xray/current_checkpoint.pth ...
11/20/2021 19:46:25 - INFO - modules.trainer -   [24/30] Start to train in the training set.
best performance in epoch:  19
11/20/2021 19:46:27 - INFO - modules.trainer -   [24/30] Step: 0/64, CE Loss: 0.46580, CON Loss: 0.03785.
11/20/2021 19:47:30 - INFO - modules.trainer -   [24/30] Step: 50/64, CE Loss: 0.47999, CON Loss: 0.03684.
11/20/2021 19:47:46 - INFO - modules.trainer -   [24/30] Start to evaluate in the validation set.
11/20/2021 19:48:01 - INFO - modules.trainer -   [24/30] Start to evaluate in the test set.
11/20/2021 19:48:23 - INFO - modules.trainer -   	epoch          : 24
11/20/2021 19:48:23 - INFO - modules.trainer -   	ce_loss        : 0.48830975126475096
11/20/2021 19:48:23 - INFO - modules.trainer -   	con            : 0.03658979514148086
11/20/2021 19:48:23 - INFO - modules.trainer -   	val_BLEU_1     : 0.30855750935568355
11/20/2021 19:48:23 - INFO - modules.trainer -   	val_BLEU_2     : 0.16972120569003318
11/20/2021 19:48:23 - INFO - modules.trainer -   	val_BLEU_3     : 0.1044686898015066
11/20/2021 19:48:23 - INFO - modules.trainer -   	val_BLEU_4     : 0.06801666389849151
11/20/2021 19:48:23 - INFO - modules.trainer -   	val_METEOR     : 0.12527208549801433
11/20/2021 19:48:23 - INFO - modules.trainer -   	val_ROUGE_L    : 0.27977806944692973
11/20/2021 19:48:23 - INFO - modules.trainer -   	test_BLEU_1    : 0.3419334962183849
11/20/2021 19:48:23 - INFO - modules.trainer -   	test_BLEU_2    : 0.19390883748222537
11/20/2021 19:48:23 - INFO - modules.trainer -   	test_BLEU_3    : 0.12681765743499554
11/20/2021 19:48:23 - INFO - modules.trainer -   	test_BLEU_4    : 0.08661579877492379
11/20/2021 19:48:23 - INFO - modules.trainer -   	test_METEOR    : 0.13735146187837896
11/20/2021 19:48:23 - INFO - modules.trainer -   	test_ROUGE_L   : 0.2960543193775315
11/20/2021 19:48:26 - INFO - modules.trainer -   Saving checkpoint: results/iu_xray/current_checkpoint.pth ...
11/20/2021 19:48:26 - INFO - modules.trainer -   [25/30] Start to train in the training set.
best performance in epoch:  19
11/20/2021 19:48:28 - INFO - modules.trainer -   [25/30] Step: 0/64, CE Loss: 0.45535, CON Loss: 0.03534.
11/20/2021 19:49:28 - INFO - modules.trainer -   [25/30] Step: 50/64, CE Loss: 0.46819, CON Loss: 0.03443.
11/20/2021 19:49:43 - INFO - modules.trainer -   [25/30] Start to evaluate in the validation set.
11/20/2021 19:49:57 - INFO - modules.trainer -   [25/30] Start to evaluate in the test set.
11/20/2021 19:50:19 - INFO - modules.trainer -   	epoch          : 25
11/20/2021 19:50:19 - INFO - modules.trainer -   	ce_loss        : 0.4761656173504889
11/20/2021 19:50:19 - INFO - modules.trainer -   	con            : 0.03420439950423315
11/20/2021 19:50:19 - INFO - modules.trainer -   	val_BLEU_1     : 0.3888993390860465
11/20/2021 19:50:19 - INFO - modules.trainer -   	val_BLEU_2     : 0.22649768478490453
11/20/2021 19:50:19 - INFO - modules.trainer -   	val_BLEU_3     : 0.15361342246263385
11/20/2021 19:50:19 - INFO - modules.trainer -   	val_BLEU_4     : 0.11300944246858233
11/20/2021 19:50:19 - INFO - modules.trainer -   	val_METEOR     : 0.14681738261314137
11/20/2021 19:50:19 - INFO - modules.trainer -   	val_ROUGE_L    : 0.3151777833560844
11/20/2021 19:50:19 - INFO - modules.trainer -   	test_BLEU_1    : 0.4292511672755172
11/20/2021 19:50:19 - INFO - modules.trainer -   	test_BLEU_2    : 0.26203056271235514
11/20/2021 19:50:19 - INFO - modules.trainer -   	test_BLEU_3    : 0.18702133853356856
11/20/2021 19:50:19 - INFO - modules.trainer -   	test_BLEU_4    : 0.14336581357865041
11/20/2021 19:50:19 - INFO - modules.trainer -   	test_METEOR    : 0.1678314426753045
11/20/2021 19:50:19 - INFO - modules.trainer -   	test_ROUGE_L   : 0.3376437027056824
11/20/2021 19:50:22 - INFO - modules.trainer -   Saving checkpoint: results/iu_xray/current_checkpoint.pth ...
11/20/2021 19:50:22 - INFO - modules.trainer -   [26/30] Start to train in the training set.
best performance in epoch:  19
11/20/2021 19:50:24 - INFO - modules.trainer -   [26/30] Step: 0/64, CE Loss: 0.42149, CON Loss: 0.03307.
11/20/2021 19:51:25 - INFO - modules.trainer -   [26/30] Step: 50/64, CE Loss: 0.45076, CON Loss: 0.03222.
11/20/2021 19:51:41 - INFO - modules.trainer -   [26/30] Start to evaluate in the validation set.
11/20/2021 19:51:56 - INFO - modules.trainer -   [26/30] Start to evaluate in the test set.
11/20/2021 19:52:18 - INFO - modules.trainer -   	epoch          : 26
11/20/2021 19:52:18 - INFO - modules.trainer -   	ce_loss        : 0.45803045155480504
11/20/2021 19:52:18 - INFO - modules.trainer -   	con            : 0.032006590539822355
11/20/2021 19:52:18 - INFO - modules.trainer -   	val_BLEU_1     : 0.42884670970224215
11/20/2021 19:52:18 - INFO - modules.trainer -   	val_BLEU_2     : 0.24068260942176856
11/20/2021 19:52:18 - INFO - modules.trainer -   	val_BLEU_3     : 0.1548231116650581
11/20/2021 19:52:18 - INFO - modules.trainer -   	val_BLEU_4     : 0.10722054873344841
11/20/2021 19:52:18 - INFO - modules.trainer -   	val_METEOR     : 0.1595754554720439
11/20/2021 19:52:18 - INFO - modules.trainer -   	val_ROUGE_L    : 0.3108924238490465
11/20/2021 19:52:18 - INFO - modules.trainer -   	test_BLEU_1    : 0.43396873621794313
11/20/2021 19:52:18 - INFO - modules.trainer -   	test_BLEU_2    : 0.2637660371001421
11/20/2021 19:52:18 - INFO - modules.trainer -   	test_BLEU_3    : 0.18567411040407483
11/20/2021 19:52:18 - INFO - modules.trainer -   	test_BLEU_4    : 0.13970192778233956
11/20/2021 19:52:18 - INFO - modules.trainer -   	test_METEOR    : 0.18187512163527736
11/20/2021 19:52:18 - INFO - modules.trainer -   	test_ROUGE_L   : 0.3435689269764945
11/20/2021 19:52:21 - INFO - modules.trainer -   Saving checkpoint: results/iu_xray/current_checkpoint.pth ...
11/20/2021 19:52:21 - INFO - modules.trainer -   [27/30] Start to train in the training set.
best performance in epoch:  19
11/20/2021 19:52:23 - INFO - modules.trainer -   [27/30] Step: 0/64, CE Loss: 0.40258, CON Loss: 0.03094.
11/20/2021 19:53:24 - INFO - modules.trainer -   [27/30] Step: 50/64, CE Loss: 0.44513, CON Loss: 0.03018.
11/20/2021 19:53:39 - INFO - modules.trainer -   [27/30] Start to evaluate in the validation set.
11/20/2021 19:53:53 - INFO - modules.trainer -   [27/30] Start to evaluate in the test set.
11/20/2021 19:54:15 - INFO - modules.trainer -   	epoch          : 27
11/20/2021 19:54:15 - INFO - modules.trainer -   	ce_loss        : 0.45331051480025053
11/20/2021 19:54:15 - INFO - modules.trainer -   	con            : 0.02998665487393737
11/20/2021 19:54:15 - INFO - modules.trainer -   	val_BLEU_1     : 0.2595010888298762
11/20/2021 19:54:15 - INFO - modules.trainer -   	val_BLEU_2     : 0.15302734989879668
11/20/2021 19:54:15 - INFO - modules.trainer -   	val_BLEU_3     : 0.1041127394711908
11/20/2021 19:54:15 - INFO - modules.trainer -   	val_BLEU_4     : 0.07645472369410429
11/20/2021 19:54:15 - INFO - modules.trainer -   	val_METEOR     : 0.11867396090142034
11/20/2021 19:54:15 - INFO - modules.trainer -   	val_ROUGE_L    : 0.2954415334277718
11/20/2021 19:54:15 - INFO - modules.trainer -   	test_BLEU_1    : 0.29428309562066673
11/20/2021 19:54:15 - INFO - modules.trainer -   	test_BLEU_2    : 0.1762619329054451
11/20/2021 19:54:15 - INFO - modules.trainer -   	test_BLEU_3    : 0.12354232749303297
11/20/2021 19:54:15 - INFO - modules.trainer -   	test_BLEU_4    : 0.09205416234030278
11/20/2021 19:54:15 - INFO - modules.trainer -   	test_METEOR    : 0.1314227929115442
11/20/2021 19:54:15 - INFO - modules.trainer -   	test_ROUGE_L   : 0.31333750904295227
11/20/2021 19:54:18 - INFO - modules.trainer -   Saving checkpoint: results/iu_xray/current_checkpoint.pth ...
11/20/2021 19:54:18 - INFO - modules.trainer -   [28/30] Start to train in the training set.
best performance in epoch:  19
11/20/2021 19:54:20 - INFO - modules.trainer -   [28/30] Step: 0/64, CE Loss: 0.41746, CON Loss: 0.02903.
11/20/2021 19:55:20 - INFO - modules.trainer -   [28/30] Step: 50/64, CE Loss: 0.43156, CON Loss: 0.02833.
11/20/2021 19:55:35 - INFO - modules.trainer -   [28/30] Start to evaluate in the validation set.
11/20/2021 19:55:50 - INFO - modules.trainer -   [28/30] Start to evaluate in the test set.
11/20/2021 19:56:11 - INFO - modules.trainer -   	epoch          : 28
11/20/2021 19:56:11 - INFO - modules.trainer -   	ce_loss        : 0.43926067324355245
11/20/2021 19:56:11 - INFO - modules.trainer -   	con            : 0.028152503713499755
11/20/2021 19:56:11 - INFO - modules.trainer -   	val_BLEU_1     : 0.27133890985220266
11/20/2021 19:56:11 - INFO - modules.trainer -   	val_BLEU_2     : 0.16114562267555613
11/20/2021 19:56:11 - INFO - modules.trainer -   	val_BLEU_3     : 0.11055706368715766
11/20/2021 19:56:11 - INFO - modules.trainer -   	val_BLEU_4     : 0.08158219866637514
11/20/2021 19:56:11 - INFO - modules.trainer -   	val_METEOR     : 0.12204854845772721
11/20/2021 19:56:11 - INFO - modules.trainer -   	val_ROUGE_L    : 0.29806803773039997
11/20/2021 19:56:11 - INFO - modules.trainer -   	test_BLEU_1    : 0.3126756854758232
11/20/2021 19:56:11 - INFO - modules.trainer -   	test_BLEU_2    : 0.19264464373787257
11/20/2021 19:56:11 - INFO - modules.trainer -   	test_BLEU_3    : 0.13669681023231653
11/20/2021 19:56:11 - INFO - modules.trainer -   	test_BLEU_4    : 0.10197384072238885
11/20/2021 19:56:11 - INFO - modules.trainer -   	test_METEOR    : 0.13871560045041337
11/20/2021 19:56:11 - INFO - modules.trainer -   	test_ROUGE_L   : 0.31662263800682783
11/20/2021 19:56:15 - INFO - modules.trainer -   Saving checkpoint: results/iu_xray/current_checkpoint.pth ...
11/20/2021 19:56:15 - INFO - modules.trainer -   [29/30] Start to train in the training set.
best performance in epoch:  19
11/20/2021 19:56:17 - INFO - modules.trainer -   [29/30] Step: 0/64, CE Loss: 0.41591, CON Loss: 0.02728.
11/20/2021 19:57:16 - INFO - modules.trainer -   [29/30] Step: 50/64, CE Loss: 0.42717, CON Loss: 0.02663.
11/20/2021 19:57:32 - INFO - modules.trainer -   [29/30] Start to evaluate in the validation set.
11/20/2021 19:57:46 - INFO - modules.trainer -   [29/30] Start to evaluate in the test set.
11/20/2021 19:58:08 - INFO - modules.trainer -   	epoch          : 29
11/20/2021 19:58:08 - INFO - modules.trainer -   	ce_loss        : 0.4336902694776654
11/20/2021 19:58:08 - INFO - modules.trainer -   	con            : 0.026460619759745896
11/20/2021 19:58:08 - INFO - modules.trainer -   	val_BLEU_1     : 0.24945471648999729
11/20/2021 19:58:08 - INFO - modules.trainer -   	val_BLEU_2     : 0.15001660740203385
11/20/2021 19:58:08 - INFO - modules.trainer -   	val_BLEU_3     : 0.10455864457100839
11/20/2021 19:58:08 - INFO - modules.trainer -   	val_BLEU_4     : 0.0783980066398047
11/20/2021 19:58:08 - INFO - modules.trainer -   	val_METEOR     : 0.1178825988917604
11/20/2021 19:58:08 - INFO - modules.trainer -   	val_ROUGE_L    : 0.29905664196412984
11/20/2021 19:58:08 - INFO - modules.trainer -   	test_BLEU_1    : 0.2930198740069666
11/20/2021 19:58:08 - INFO - modules.trainer -   	test_BLEU_2    : 0.17719742672014085
11/20/2021 19:58:08 - INFO - modules.trainer -   	test_BLEU_3    : 0.1251047425416391
11/20/2021 19:58:08 - INFO - modules.trainer -   	test_BLEU_4    : 0.09370927565672861
11/20/2021 19:58:08 - INFO - modules.trainer -   	test_METEOR    : 0.13122545457764193
11/20/2021 19:58:08 - INFO - modules.trainer -   	test_ROUGE_L   : 0.31346798498552836
11/20/2021 19:58:13 - INFO - modules.trainer -   Saving checkpoint: results/iu_xray/current_checkpoint.pth ...
11/20/2021 19:58:13 - INFO - modules.trainer -   [30/30] Start to train in the training set.
best performance in epoch:  19
11/20/2021 19:58:15 - INFO - modules.trainer -   [30/30] Step: 0/64, CE Loss: 0.36370, CON Loss: 0.02563.
11/20/2021 19:59:15 - INFO - modules.trainer -   [30/30] Step: 50/64, CE Loss: 0.41986, CON Loss: 0.02503.
11/20/2021 19:59:30 - INFO - modules.trainer -   [30/30] Start to evaluate in the validation set.
11/20/2021 19:59:44 - INFO - modules.trainer -   [30/30] Start to evaluate in the test set.
11/20/2021 20:00:06 - INFO - modules.trainer -   	epoch          : 30
11/20/2021 20:00:06 - INFO - modules.trainer -   	ce_loss        : 0.42455535009503365
11/20/2021 20:00:06 - INFO - modules.trainer -   	con            : 0.024879544012947008
11/20/2021 20:00:06 - INFO - modules.trainer -   	val_BLEU_1     : 0.28397681694498966
11/20/2021 20:00:06 - INFO - modules.trainer -   	val_BLEU_2     : 0.17132185811827924
11/20/2021 20:00:06 - INFO - modules.trainer -   	val_BLEU_3     : 0.11816820778809246
11/20/2021 20:00:06 - INFO - modules.trainer -   	val_BLEU_4     : 0.0873561369740925
11/20/2021 20:00:06 - INFO - modules.trainer -   	val_METEOR     : 0.12708941153998843
11/20/2021 20:00:06 - INFO - modules.trainer -   	val_ROUGE_L    : 0.3039175560026502
11/20/2021 20:00:06 - INFO - modules.trainer -   	test_BLEU_1    : 0.3437946042292465
11/20/2021 20:00:06 - INFO - modules.trainer -   	test_BLEU_2    : 0.2120171534802499
11/20/2021 20:00:06 - INFO - modules.trainer -   	test_BLEU_3    : 0.1508758702096968
11/20/2021 20:00:06 - INFO - modules.trainer -   	test_BLEU_4    : 0.11369747826418798
11/20/2021 20:00:06 - INFO - modules.trainer -   	test_METEOR    : 0.1491000396778632
11/20/2021 20:00:06 - INFO - modules.trainer -   	test_ROUGE_L   : 0.32651107777409266
11/20/2021 20:00:10 - INFO - modules.trainer -   Saving checkpoint: results/iu_xray/current_checkpoint.pth ...
best performance in epoch:  19
