nohup: ignoring input
11/20/2021 20:04:04 - INFO - modules.trainer -   [1/30] Start to train in the training set.
[W TensorIterator.cpp:918] Warning: Mixed memory format inputs detected while calling the operator. The operator will output contiguous tensor even if some of the inputs are in channels_last format. (function operator())
11/20/2021 20:04:07 - INFO - modules.trainer -   [1/30] Step: 0/64, CE Loss: 6.82502, CON Loss: 0.34984.
11/20/2021 20:05:07 - INFO - modules.trainer -   [1/30] Step: 50/64, CE Loss: 4.56959, CON Loss: 0.34410.
11/20/2021 20:05:22 - INFO - modules.trainer -   [1/30] Start to evaluate in the validation set.
11/20/2021 20:05:37 - INFO - modules.trainer -   [1/30] Start to evaluate in the test set.
11/20/2021 20:05:58 - INFO - modules.trainer -   	epoch          : 1
11/20/2021 20:05:58 - INFO - modules.trainer -   	ce_loss        : 4.321761205792427
11/20/2021 20:05:58 - INFO - modules.trainer -   	con            : 0.34325436130166054
11/20/2021 20:05:58 - INFO - modules.trainer -   	val_BLEU_1     : 0.17195980697800667
11/20/2021 20:05:58 - INFO - modules.trainer -   	val_BLEU_2     : 0.11758484963803183
11/20/2021 20:05:58 - INFO - modules.trainer -   	val_BLEU_3     : 0.08371635894076251
11/20/2021 20:05:58 - INFO - modules.trainer -   	val_BLEU_4     : 0.058928001542419145
11/20/2021 20:05:58 - INFO - modules.trainer -   	val_METEOR     : 0.11061308922911238
11/20/2021 20:05:58 - INFO - modules.trainer -   	val_ROUGE_L    : 0.31430620002576926
11/20/2021 20:05:58 - INFO - modules.trainer -   	test_BLEU_1    : 0.21441103251389518
11/20/2021 20:05:58 - INFO - modules.trainer -   	test_BLEU_2    : 0.14902971612812702
11/20/2021 20:05:58 - INFO - modules.trainer -   	test_BLEU_3    : 0.10617857273261676
11/20/2021 20:05:58 - INFO - modules.trainer -   	test_BLEU_4    : 0.07292208635888844
11/20/2021 20:05:58 - INFO - modules.trainer -   	test_METEOR    : 0.12666161708200901
11/20/2021 20:05:58 - INFO - modules.trainer -   	test_ROUGE_L   : 0.33334563475647255
11/20/2021 20:06:03 - INFO - modules.trainer -   Saving checkpoint: results/iu_xray/current_checkpoint.pth ...
11/20/2021 20:06:07 - INFO - modules.trainer -   Saving current best: model_best.pth ...
11/20/2021 20:06:07 - INFO - modules.trainer -   [2/30] Start to train in the training set.
best performance in epoch:  1
11/20/2021 20:06:09 - INFO - modules.trainer -   [2/30] Step: 0/64, CE Loss: 2.97227, CON Loss: 0.33905.
11/20/2021 20:07:08 - INFO - modules.trainer -   [2/30] Step: 50/64, CE Loss: 2.76147, CON Loss: 0.33600.
11/20/2021 20:07:25 - INFO - modules.trainer -   [2/30] Start to evaluate in the validation set.
11/20/2021 20:07:41 - INFO - modules.trainer -   [2/30] Start to evaluate in the test set.
11/20/2021 20:08:04 - INFO - modules.trainer -   	epoch          : 2
11/20/2021 20:08:04 - INFO - modules.trainer -   	ce_loss        : 2.6971510984003544
11/20/2021 20:08:04 - INFO - modules.trainer -   	con            : 0.3352209758013487
11/20/2021 20:08:04 - INFO - modules.trainer -   	val_BLEU_1     : 0.35451212512135966
11/20/2021 20:08:04 - INFO - modules.trainer -   	val_BLEU_2     : 0.24187300438471226
11/20/2021 20:08:04 - INFO - modules.trainer -   	val_BLEU_3     : 0.1716302805928479
11/20/2021 20:08:04 - INFO - modules.trainer -   	val_BLEU_4     : 0.12648698671023142
11/20/2021 20:08:04 - INFO - modules.trainer -   	val_METEOR     : 0.17242930023012665
11/20/2021 20:08:04 - INFO - modules.trainer -   	val_ROUGE_L    : 0.3666189381779768
11/20/2021 20:08:04 - INFO - modules.trainer -   	test_BLEU_1    : 0.4050516793948525
11/20/2021 20:08:04 - INFO - modules.trainer -   	test_BLEU_2    : 0.28501498694751226
11/20/2021 20:08:04 - INFO - modules.trainer -   	test_BLEU_3    : 0.20876468945120816
11/20/2021 20:08:04 - INFO - modules.trainer -   	test_BLEU_4    : 0.1575747048645567
11/20/2021 20:08:04 - INFO - modules.trainer -   	test_METEOR    : 0.19366691271041234
11/20/2021 20:08:04 - INFO - modules.trainer -   	test_ROUGE_L   : 0.39432329078231637
11/20/2021 20:08:07 - INFO - modules.trainer -   Saving checkpoint: results/iu_xray/current_checkpoint.pth ...
11/20/2021 20:08:11 - INFO - modules.trainer -   Saving current best: model_best.pth ...
11/20/2021 20:08:11 - INFO - modules.trainer -   [3/30] Start to train in the training set.
best performance in epoch:  2
11/20/2021 20:08:13 - INFO - modules.trainer -   [3/30] Step: 0/64, CE Loss: 2.62455, CON Loss: 0.33132.
11/20/2021 20:09:15 - INFO - modules.trainer -   [3/30] Step: 50/64, CE Loss: 2.21990, CON Loss: 0.32823.
11/20/2021 20:09:31 - INFO - modules.trainer -   [3/30] Start to evaluate in the validation set.
11/20/2021 20:09:46 - INFO - modules.trainer -   [3/30] Start to evaluate in the test set.
11/20/2021 20:10:09 - INFO - modules.trainer -   	epoch          : 3
11/20/2021 20:10:09 - INFO - modules.trainer -   	ce_loss        : 2.184090234339237
11/20/2021 20:10:09 - INFO - modules.trainer -   	con            : 0.3274002796970308
11/20/2021 20:10:09 - INFO - modules.trainer -   	val_BLEU_1     : 0.20407070439146266
11/20/2021 20:10:09 - INFO - modules.trainer -   	val_BLEU_2     : 0.12165327589422494
11/20/2021 20:10:09 - INFO - modules.trainer -   	val_BLEU_3     : 0.08593301563883972
11/20/2021 20:10:09 - INFO - modules.trainer -   	val_BLEU_4     : 0.06562640006350613
11/20/2021 20:10:09 - INFO - modules.trainer -   	val_METEOR     : 0.10527589372162946
11/20/2021 20:10:09 - INFO - modules.trainer -   	val_ROUGE_L    : 0.2968944896944639
11/20/2021 20:10:09 - INFO - modules.trainer -   	test_BLEU_1    : 0.2444976554207397
11/20/2021 20:10:09 - INFO - modules.trainer -   	test_BLEU_2    : 0.1484239797692459
11/20/2021 20:10:09 - INFO - modules.trainer -   	test_BLEU_3    : 0.10655558407732668
11/20/2021 20:10:09 - INFO - modules.trainer -   	test_BLEU_4    : 0.08174514692379005
11/20/2021 20:10:09 - INFO - modules.trainer -   	test_METEOR    : 0.12026918000770533
11/20/2021 20:10:09 - INFO - modules.trainer -   	test_ROUGE_L   : 0.312928491289473
11/20/2021 20:10:12 - INFO - modules.trainer -   Saving checkpoint: results/iu_xray/current_checkpoint.pth ...
11/20/2021 20:10:12 - INFO - modules.trainer -   [4/30] Start to train in the training set.
best performance in epoch:  2
11/20/2021 20:10:14 - INFO - modules.trainer -   [4/30] Step: 0/64, CE Loss: 2.00540, CON Loss: 0.32319.
11/20/2021 20:11:16 - INFO - modules.trainer -   [4/30] Step: 50/64, CE Loss: 1.95728, CON Loss: 0.31967.
11/20/2021 20:11:32 - INFO - modules.trainer -   [4/30] Start to evaluate in the validation set.
11/20/2021 20:11:47 - INFO - modules.trainer -   [4/30] Start to evaluate in the test set.
11/20/2021 20:12:10 - INFO - modules.trainer -   	epoch          : 4
11/20/2021 20:12:10 - INFO - modules.trainer -   	ce_loss        : 1.9551262632012367
11/20/2021 20:12:10 - INFO - modules.trainer -   	con            : 0.31871652137488127
11/20/2021 20:12:10 - INFO - modules.trainer -   	val_BLEU_1     : 0.42534111172023886
11/20/2021 20:12:10 - INFO - modules.trainer -   	val_BLEU_2     : 0.2749036899750525
11/20/2021 20:12:10 - INFO - modules.trainer -   	val_BLEU_3     : 0.1883615268544816
11/20/2021 20:12:10 - INFO - modules.trainer -   	val_BLEU_4     : 0.13613251147009872
11/20/2021 20:12:10 - INFO - modules.trainer -   	val_METEOR     : 0.18190405522746309
11/20/2021 20:12:10 - INFO - modules.trainer -   	val_ROUGE_L    : 0.353153497529667
11/20/2021 20:12:10 - INFO - modules.trainer -   	test_BLEU_1    : 0.4671300304978576
11/20/2021 20:12:10 - INFO - modules.trainer -   	test_BLEU_2    : 0.3030939989208151
11/20/2021 20:12:10 - INFO - modules.trainer -   	test_BLEU_3    : 0.21017223115570066
11/20/2021 20:12:10 - INFO - modules.trainer -   	test_BLEU_4    : 0.1551540595285342
11/20/2021 20:12:10 - INFO - modules.trainer -   	test_METEOR    : 0.19734029002502296
11/20/2021 20:12:10 - INFO - modules.trainer -   	test_ROUGE_L   : 0.37128795435050077
11/20/2021 20:12:13 - INFO - modules.trainer -   Saving checkpoint: results/iu_xray/current_checkpoint.pth ...
11/20/2021 20:12:17 - INFO - modules.trainer -   Saving current best: model_best.pth ...
11/20/2021 20:12:17 - INFO - modules.trainer -   [5/30] Start to train in the training set.
best performance in epoch:  4
11/20/2021 20:12:19 - INFO - modules.trainer -   [5/30] Step: 0/64, CE Loss: 1.96053, CON Loss: 0.31388.
11/20/2021 20:13:20 - INFO - modules.trainer -   [5/30] Step: 50/64, CE Loss: 1.77696, CON Loss: 0.30986.
11/20/2021 20:13:36 - INFO - modules.trainer -   [5/30] Start to evaluate in the validation set.
11/20/2021 20:13:51 - INFO - modules.trainer -   [5/30] Start to evaluate in the test set.
11/20/2021 20:14:14 - INFO - modules.trainer -   	epoch          : 5
11/20/2021 20:14:14 - INFO - modules.trainer -   	ce_loss        : 1.7847399413585663
11/20/2021 20:14:14 - INFO - modules.trainer -   	con            : 0.30876537319272757
11/20/2021 20:14:14 - INFO - modules.trainer -   	val_BLEU_1     : 0.40059491111034856
11/20/2021 20:14:14 - INFO - modules.trainer -   	val_BLEU_2     : 0.25476909641359413
11/20/2021 20:14:14 - INFO - modules.trainer -   	val_BLEU_3     : 0.17674101057590727
11/20/2021 20:14:14 - INFO - modules.trainer -   	val_BLEU_4     : 0.12725868589359657
11/20/2021 20:14:14 - INFO - modules.trainer -   	val_METEOR     : 0.15672318371871
11/20/2021 20:14:14 - INFO - modules.trainer -   	val_ROUGE_L    : 0.3393141297271571
11/20/2021 20:14:14 - INFO - modules.trainer -   	test_BLEU_1    : 0.4477206455173567
11/20/2021 20:14:14 - INFO - modules.trainer -   	test_BLEU_2    : 0.28714254465550626
11/20/2021 20:14:14 - INFO - modules.trainer -   	test_BLEU_3    : 0.20051520101114323
11/20/2021 20:14:14 - INFO - modules.trainer -   	test_BLEU_4    : 0.14401690462332142
11/20/2021 20:14:14 - INFO - modules.trainer -   	test_METEOR    : 0.17510005518826008
11/20/2021 20:14:14 - INFO - modules.trainer -   	test_ROUGE_L   : 0.36465572609154717
11/20/2021 20:14:18 - INFO - modules.trainer -   Saving checkpoint: results/iu_xray/current_checkpoint.pth ...
11/20/2021 20:14:18 - INFO - modules.trainer -   [6/30] Start to train in the training set.
best performance in epoch:  4
11/20/2021 20:14:20 - INFO - modules.trainer -   [6/30] Step: 0/64, CE Loss: 1.75090, CON Loss: 0.30325.
11/20/2021 20:15:22 - INFO - modules.trainer -   [6/30] Step: 50/64, CE Loss: 1.62308, CON Loss: 0.29860.
11/20/2021 20:15:38 - INFO - modules.trainer -   [6/30] Start to evaluate in the validation set.
11/20/2021 20:15:53 - INFO - modules.trainer -   [6/30] Start to evaluate in the test set.
11/20/2021 20:16:16 - INFO - modules.trainer -   	epoch          : 6
11/20/2021 20:16:16 - INFO - modules.trainer -   	ce_loss        : 1.6447891313582659
11/20/2021 20:16:16 - INFO - modules.trainer -   	con            : 0.29732446325942874
11/20/2021 20:16:16 - INFO - modules.trainer -   	val_BLEU_1     : 0.40038060454604807
11/20/2021 20:16:16 - INFO - modules.trainer -   	val_BLEU_2     : 0.22127306785120665
11/20/2021 20:16:16 - INFO - modules.trainer -   	val_BLEU_3     : 0.14390692191243995
11/20/2021 20:16:16 - INFO - modules.trainer -   	val_BLEU_4     : 0.10165502397790657
11/20/2021 20:16:16 - INFO - modules.trainer -   	val_METEOR     : 0.14646404601343313
11/20/2021 20:16:16 - INFO - modules.trainer -   	val_ROUGE_L    : 0.307551707329351
11/20/2021 20:16:16 - INFO - modules.trainer -   	test_BLEU_1    : 0.4323112599845178
11/20/2021 20:16:16 - INFO - modules.trainer -   	test_BLEU_2    : 0.2594657107392146
11/20/2021 20:16:16 - INFO - modules.trainer -   	test_BLEU_3    : 0.18336491785320755
11/20/2021 20:16:16 - INFO - modules.trainer -   	test_BLEU_4    : 0.13913680182450403
11/20/2021 20:16:16 - INFO - modules.trainer -   	test_METEOR    : 0.170395707003658
11/20/2021 20:16:16 - INFO - modules.trainer -   	test_ROUGE_L   : 0.34073646997393997
11/20/2021 20:16:21 - INFO - modules.trainer -   Saving checkpoint: results/iu_xray/current_checkpoint.pth ...
11/20/2021 20:16:21 - INFO - modules.trainer -   [7/30] Start to train in the training set.
best performance in epoch:  4
11/20/2021 20:16:23 - INFO - modules.trainer -   [7/30] Step: 0/64, CE Loss: 1.52892, CON Loss: 0.29090.
11/20/2021 20:17:24 - INFO - modules.trainer -   [7/30] Step: 50/64, CE Loss: 1.51734, CON Loss: 0.28548.
11/20/2021 20:17:41 - INFO - modules.trainer -   [7/30] Start to evaluate in the validation set.
11/20/2021 20:17:56 - INFO - modules.trainer -   [7/30] Start to evaluate in the test set.
11/20/2021 20:18:19 - INFO - modules.trainer -   	epoch          : 7
11/20/2021 20:18:19 - INFO - modules.trainer -   	ce_loss        : 1.537397613748908
11/20/2021 20:18:19 - INFO - modules.trainer -   	con            : 0.2839926462620497
11/20/2021 20:18:19 - INFO - modules.trainer -   	val_BLEU_1     : 0.19922429443523176
11/20/2021 20:18:19 - INFO - modules.trainer -   	val_BLEU_2     : 0.11841536481179732
11/20/2021 20:18:19 - INFO - modules.trainer -   	val_BLEU_3     : 0.0837964814325104
11/20/2021 20:18:19 - INFO - modules.trainer -   	val_BLEU_4     : 0.06415316088221225
11/20/2021 20:18:19 - INFO - modules.trainer -   	val_METEOR     : 0.10364350573196567
11/20/2021 20:18:19 - INFO - modules.trainer -   	val_ROUGE_L    : 0.2948877722974787
11/20/2021 20:18:19 - INFO - modules.trainer -   	test_BLEU_1    : 0.24207498913321962
11/20/2021 20:18:19 - INFO - modules.trainer -   	test_BLEU_2    : 0.1470564047023615
11/20/2021 20:18:19 - INFO - modules.trainer -   	test_BLEU_3    : 0.10576741433544018
11/20/2021 20:18:19 - INFO - modules.trainer -   	test_BLEU_4    : 0.0812076435783811
11/20/2021 20:18:19 - INFO - modules.trainer -   	test_METEOR    : 0.11972856579672304
11/20/2021 20:18:19 - INFO - modules.trainer -   	test_ROUGE_L   : 0.3126514062027583
11/20/2021 20:18:23 - INFO - modules.trainer -   Saving checkpoint: results/iu_xray/current_checkpoint.pth ...
11/20/2021 20:18:23 - INFO - modules.trainer -   [8/30] Start to train in the training set.
best performance in epoch:  4
11/20/2021 20:18:24 - INFO - modules.trainer -   [8/30] Step: 0/64, CE Loss: 1.37831, CON Loss: 0.27648.
11/20/2021 20:19:26 - INFO - modules.trainer -   [8/30] Step: 50/64, CE Loss: 1.41948, CON Loss: 0.27016.
11/20/2021 20:19:42 - INFO - modules.trainer -   [8/30] Start to evaluate in the validation set.
11/20/2021 20:19:56 - INFO - modules.trainer -   [8/30] Start to evaluate in the test set.
11/20/2021 20:20:19 - INFO - modules.trainer -   	epoch          : 8
11/20/2021 20:20:19 - INFO - modules.trainer -   	ce_loss        : 1.4314215425401926
11/20/2021 20:20:19 - INFO - modules.trainer -   	con            : 0.26843792712315917
11/20/2021 20:20:19 - INFO - modules.trainer -   	val_BLEU_1     : 0.21147536808398668
11/20/2021 20:20:19 - INFO - modules.trainer -   	val_BLEU_2     : 0.12652539079929132
11/20/2021 20:20:19 - INFO - modules.trainer -   	val_BLEU_3     : 0.08923815589795123
11/20/2021 20:20:19 - INFO - modules.trainer -   	val_BLEU_4     : 0.06784509600849975
11/20/2021 20:20:19 - INFO - modules.trainer -   	val_METEOR     : 0.10640326220686666
11/20/2021 20:20:19 - INFO - modules.trainer -   	val_ROUGE_L    : 0.2963248763240429
11/20/2021 20:20:19 - INFO - modules.trainer -   	test_BLEU_1    : 0.2565460731625995
11/20/2021 20:20:19 - INFO - modules.trainer -   	test_BLEU_2    : 0.15699017412723038
11/20/2021 20:20:19 - INFO - modules.trainer -   	test_BLEU_3    : 0.1126591788442577
11/20/2021 20:20:19 - INFO - modules.trainer -   	test_BLEU_4    : 0.08592013813705526
11/20/2021 20:20:19 - INFO - modules.trainer -   	test_METEOR    : 0.12339924096406048
11/20/2021 20:20:19 - INFO - modules.trainer -   	test_ROUGE_L   : 0.3153101429991984
11/20/2021 20:20:24 - INFO - modules.trainer -   Saving checkpoint: results/iu_xray/current_checkpoint.pth ...
11/20/2021 20:20:24 - INFO - modules.trainer -   [9/30] Start to train in the training set.
best performance in epoch:  4
11/20/2021 20:20:26 - INFO - modules.trainer -   [9/30] Step: 0/64, CE Loss: 1.43141, CON Loss: 0.25971.
11/20/2021 20:21:27 - INFO - modules.trainer -   [9/30] Step: 50/64, CE Loss: 1.33415, CON Loss: 0.25239.
11/20/2021 20:21:43 - INFO - modules.trainer -   [9/30] Start to evaluate in the validation set.
11/20/2021 20:21:58 - INFO - modules.trainer -   [9/30] Start to evaluate in the test set.
11/20/2021 20:22:21 - INFO - modules.trainer -   	epoch          : 9
11/20/2021 20:22:21 - INFO - modules.trainer -   	ce_loss        : 1.3433811161667109
11/20/2021 20:22:21 - INFO - modules.trainer -   	con            : 0.2503986831288785
11/20/2021 20:22:21 - INFO - modules.trainer -   	val_BLEU_1     : 0.4157963496306424
11/20/2021 20:22:21 - INFO - modules.trainer -   	val_BLEU_2     : 0.23458765129647352
11/20/2021 20:22:21 - INFO - modules.trainer -   	val_BLEU_3     : 0.15387566045355847
11/20/2021 20:22:21 - INFO - modules.trainer -   	val_BLEU_4     : 0.1079505706186544
11/20/2021 20:22:21 - INFO - modules.trainer -   	val_METEOR     : 0.1536194909856193
11/20/2021 20:22:21 - INFO - modules.trainer -   	val_ROUGE_L    : 0.3128891202536881
11/20/2021 20:22:21 - INFO - modules.trainer -   	test_BLEU_1    : 0.43493133457415184
11/20/2021 20:22:21 - INFO - modules.trainer -   	test_BLEU_2    : 0.26693101232447625
11/20/2021 20:22:21 - INFO - modules.trainer -   	test_BLEU_3    : 0.19094402700445195
11/20/2021 20:22:21 - INFO - modules.trainer -   	test_BLEU_4    : 0.14506714392950124
11/20/2021 20:22:21 - INFO - modules.trainer -   	test_METEOR    : 0.1769097130437336
11/20/2021 20:22:21 - INFO - modules.trainer -   	test_ROUGE_L   : 0.3453848906652664
11/20/2021 20:22:24 - INFO - modules.trainer -   Saving checkpoint: results/iu_xray/current_checkpoint.pth ...
11/20/2021 20:22:24 - INFO - modules.trainer -   [10/30] Start to train in the training set.
best performance in epoch:  4
11/20/2021 20:22:26 - INFO - modules.trainer -   [10/30] Step: 0/64, CE Loss: 1.28391, CON Loss: 0.24037.
11/20/2021 20:23:28 - INFO - modules.trainer -   [10/30] Step: 50/64, CE Loss: 1.25845, CON Loss: 0.23209.
11/20/2021 20:23:43 - INFO - modules.trainer -   [10/30] Start to evaluate in the validation set.
11/20/2021 20:23:58 - INFO - modules.trainer -   [10/30] Start to evaluate in the test set.
11/20/2021 20:24:21 - INFO - modules.trainer -   	epoch          : 10
11/20/2021 20:24:21 - INFO - modules.trainer -   	ce_loss        : 1.2695913147181273
11/20/2021 20:24:21 - INFO - modules.trainer -   	con            : 0.22985440818592906
11/20/2021 20:24:21 - INFO - modules.trainer -   	val_BLEU_1     : 0.42332464188946645
11/20/2021 20:24:21 - INFO - modules.trainer -   	val_BLEU_2     : 0.27058409385041643
11/20/2021 20:24:21 - INFO - modules.trainer -   	val_BLEU_3     : 0.18741894411873697
11/20/2021 20:24:21 - INFO - modules.trainer -   	val_BLEU_4     : 0.13476176718701413
11/20/2021 20:24:21 - INFO - modules.trainer -   	val_METEOR     : 0.16578522166697304
11/20/2021 20:24:21 - INFO - modules.trainer -   	val_ROUGE_L    : 0.3427525674978787
11/20/2021 20:24:21 - INFO - modules.trainer -   	test_BLEU_1    : 0.464821659240496
11/20/2021 20:24:21 - INFO - modules.trainer -   	test_BLEU_2    : 0.2955387926877949
11/20/2021 20:24:21 - INFO - modules.trainer -   	test_BLEU_3    : 0.20393364612605078
11/20/2021 20:24:21 - INFO - modules.trainer -   	test_BLEU_4    : 0.14571730874689223
11/20/2021 20:24:21 - INFO - modules.trainer -   	test_METEOR    : 0.18171064109024163
11/20/2021 20:24:21 - INFO - modules.trainer -   	test_ROUGE_L   : 0.3624888440959331
11/20/2021 20:24:25 - INFO - modules.trainer -   Saving checkpoint: results/iu_xray/current_checkpoint.pth ...
11/20/2021 20:24:25 - INFO - modules.trainer -   [11/30] Start to train in the training set.
best performance in epoch:  4
11/20/2021 20:24:26 - INFO - modules.trainer -   [11/30] Step: 0/64, CE Loss: 1.11168, CON Loss: 0.21862.
11/20/2021 20:25:27 - INFO - modules.trainer -   [11/30] Step: 50/64, CE Loss: 1.12317, CON Loss: 0.21139.
11/20/2021 20:25:44 - INFO - modules.trainer -   [11/30] Start to evaluate in the validation set.
11/20/2021 20:25:59 - INFO - modules.trainer -   [11/30] Start to evaluate in the test set.
11/20/2021 20:26:21 - INFO - modules.trainer -   	epoch          : 11
11/20/2021 20:26:21 - INFO - modules.trainer -   	ce_loss        : 1.1338132498785853
11/20/2021 20:26:21 - INFO - modules.trainer -   	con            : 0.20947348489426076
11/20/2021 20:26:21 - INFO - modules.trainer -   	val_BLEU_1     : 0.22429281081215482
11/20/2021 20:26:21 - INFO - modules.trainer -   	val_BLEU_2     : 0.13487625107428353
11/20/2021 20:26:21 - INFO - modules.trainer -   	val_BLEU_3     : 0.094851630738621
11/20/2021 20:26:21 - INFO - modules.trainer -   	val_BLEU_4     : 0.07218055397298334
11/20/2021 20:26:21 - INFO - modules.trainer -   	val_METEOR     : 0.10887827856031146
11/20/2021 20:26:21 - INFO - modules.trainer -   	val_ROUGE_L    : 0.2983578002733129
11/20/2021 20:26:21 - INFO - modules.trainer -   	test_BLEU_1    : 0.2614966545147495
11/20/2021 20:26:21 - INFO - modules.trainer -   	test_BLEU_2    : 0.159285011550374
11/20/2021 20:26:21 - INFO - modules.trainer -   	test_BLEU_3    : 0.11403750531239196
11/20/2021 20:26:21 - INFO - modules.trainer -   	test_BLEU_4    : 0.08695001263735778
11/20/2021 20:26:21 - INFO - modules.trainer -   	test_METEOR    : 0.12377803933461401
11/20/2021 20:26:21 - INFO - modules.trainer -   	test_ROUGE_L   : 0.3146501751585692
11/20/2021 20:26:25 - INFO - modules.trainer -   Saving checkpoint: results/iu_xray/current_checkpoint.pth ...
11/20/2021 20:26:25 - INFO - modules.trainer -   [12/30] Start to train in the training set.
best performance in epoch:  4
11/20/2021 20:26:27 - INFO - modules.trainer -   [12/30] Step: 0/64, CE Loss: 0.83212, CON Loss: 0.19988.
11/20/2021 20:27:28 - INFO - modules.trainer -   [12/30] Step: 50/64, CE Loss: 1.02738, CON Loss: 0.19234.
11/20/2021 20:27:43 - INFO - modules.trainer -   [12/30] Start to evaluate in the validation set.
11/20/2021 20:27:58 - INFO - modules.trainer -   [12/30] Start to evaluate in the test set.
11/20/2021 20:28:21 - INFO - modules.trainer -   	epoch          : 12
11/20/2021 20:28:21 - INFO - modules.trainer -   	ce_loss        : 1.0407023094594479
11/20/2021 20:28:21 - INFO - modules.trainer -   	con            : 0.19037053524516523
11/20/2021 20:28:21 - INFO - modules.trainer -   	val_BLEU_1     : 0.32175873661867904
11/20/2021 20:28:21 - INFO - modules.trainer -   	val_BLEU_2     : 0.21824152495040827
11/20/2021 20:28:21 - INFO - modules.trainer -   	val_BLEU_3     : 0.15679079160091602
11/20/2021 20:28:21 - INFO - modules.trainer -   	val_BLEU_4     : 0.11599938746938121
11/20/2021 20:28:21 - INFO - modules.trainer -   	val_METEOR     : 0.15251072122759074
11/20/2021 20:28:21 - INFO - modules.trainer -   	val_ROUGE_L    : 0.33756557956201316
11/20/2021 20:28:21 - INFO - modules.trainer -   	test_BLEU_1    : 0.3647482257001454
11/20/2021 20:28:21 - INFO - modules.trainer -   	test_BLEU_2    : 0.25650087533045035
11/20/2021 20:28:21 - INFO - modules.trainer -   	test_BLEU_3    : 0.1894892690276886
11/20/2021 20:28:21 - INFO - modules.trainer -   	test_BLEU_4    : 0.1415051067523012
11/20/2021 20:28:21 - INFO - modules.trainer -   	test_METEOR    : 0.1698650800711502
11/20/2021 20:28:21 - INFO - modules.trainer -   	test_ROUGE_L   : 0.36431507716058364
11/20/2021 20:28:24 - INFO - modules.trainer -   Saving checkpoint: results/iu_xray/current_checkpoint.pth ...
11/20/2021 20:28:24 - INFO - modules.trainer -   [13/30] Start to train in the training set.
best performance in epoch:  4
11/20/2021 20:28:26 - INFO - modules.trainer -   [13/30] Step: 0/64, CE Loss: 0.82048, CON Loss: 0.18050.
11/20/2021 20:29:28 - INFO - modules.trainer -   [13/30] Step: 50/64, CE Loss: 0.95565, CON Loss: 0.17291.
11/20/2021 20:29:44 - INFO - modules.trainer -   [13/30] Start to evaluate in the validation set.
11/20/2021 20:29:59 - INFO - modules.trainer -   [13/30] Start to evaluate in the test set.
11/20/2021 20:30:21 - INFO - modules.trainer -   	epoch          : 13
11/20/2021 20:30:21 - INFO - modules.trainer -   	ce_loss        : 0.9714658418670297
11/20/2021 20:30:21 - INFO - modules.trainer -   	con            : 0.1709636733867228
11/20/2021 20:30:21 - INFO - modules.trainer -   	val_BLEU_1     : 0.25945583383947585
11/20/2021 20:30:21 - INFO - modules.trainer -   	val_BLEU_2     : 0.15547102087128756
11/20/2021 20:30:21 - INFO - modules.trainer -   	val_BLEU_3     : 0.10733315944414523
11/20/2021 20:30:21 - INFO - modules.trainer -   	val_BLEU_4     : 0.07968098674684469
11/20/2021 20:30:21 - INFO - modules.trainer -   	val_METEOR     : 0.1165951298809381
11/20/2021 20:30:21 - INFO - modules.trainer -   	val_ROUGE_L    : 0.30164657659301336
11/20/2021 20:30:21 - INFO - modules.trainer -   	test_BLEU_1    : 0.29958451841146666
11/20/2021 20:30:21 - INFO - modules.trainer -   	test_BLEU_2    : 0.18550184175024587
11/20/2021 20:30:21 - INFO - modules.trainer -   	test_BLEU_3    : 0.13346906625455157
11/20/2021 20:30:21 - INFO - modules.trainer -   	test_BLEU_4    : 0.10187432317993876
11/20/2021 20:30:21 - INFO - modules.trainer -   	test_METEOR    : 0.1338926380640352
11/20/2021 20:30:21 - INFO - modules.trainer -   	test_ROUGE_L   : 0.3197060923843433
11/20/2021 20:30:25 - INFO - modules.trainer -   Saving checkpoint: results/iu_xray/current_checkpoint.pth ...
11/20/2021 20:30:25 - INFO - modules.trainer -   [14/30] Start to train in the training set.
best performance in epoch:  4
11/20/2021 20:30:27 - INFO - modules.trainer -   [14/30] Step: 0/64, CE Loss: 0.84698, CON Loss: 0.16123.
11/20/2021 20:31:29 - INFO - modules.trainer -   [14/30] Step: 50/64, CE Loss: 0.89114, CON Loss: 0.15399.
11/20/2021 20:31:45 - INFO - modules.trainer -   [14/30] Start to evaluate in the validation set.
11/20/2021 20:32:00 - INFO - modules.trainer -   [14/30] Start to evaluate in the test set.
11/20/2021 20:32:23 - INFO - modules.trainer -   	epoch          : 14
11/20/2021 20:32:23 - INFO - modules.trainer -   	ce_loss        : 0.9058793745934963
11/20/2021 20:32:23 - INFO - modules.trainer -   	con            : 0.1521577201783657
11/20/2021 20:32:23 - INFO - modules.trainer -   	val_BLEU_1     : 0.2732194816520873
11/20/2021 20:32:23 - INFO - modules.trainer -   	val_BLEU_2     : 0.16813957295991266
11/20/2021 20:32:23 - INFO - modules.trainer -   	val_BLEU_3     : 0.11778091809988116
11/20/2021 20:32:23 - INFO - modules.trainer -   	val_BLEU_4     : 0.08843223940581472
11/20/2021 20:32:23 - INFO - modules.trainer -   	val_METEOR     : 0.12529597933605938
11/20/2021 20:32:23 - INFO - modules.trainer -   	val_ROUGE_L    : 0.31670566295939306
11/20/2021 20:32:23 - INFO - modules.trainer -   	test_BLEU_1    : 0.29709632563500793
11/20/2021 20:32:23 - INFO - modules.trainer -   	test_BLEU_2    : 0.1835001691968608
11/20/2021 20:32:23 - INFO - modules.trainer -   	test_BLEU_3    : 0.130085341243589
11/20/2021 20:32:23 - INFO - modules.trainer -   	test_BLEU_4    : 0.0979396661207507
11/20/2021 20:32:23 - INFO - modules.trainer -   	test_METEOR    : 0.13419234681679346
11/20/2021 20:32:23 - INFO - modules.trainer -   	test_ROUGE_L   : 0.3236562758298485
11/20/2021 20:32:26 - INFO - modules.trainer -   Saving checkpoint: results/iu_xray/current_checkpoint.pth ...
11/20/2021 20:32:26 - INFO - modules.trainer -   [15/30] Start to train in the training set.
best performance in epoch:  4
11/20/2021 20:32:28 - INFO - modules.trainer -   [15/30] Step: 0/64, CE Loss: 0.74696, CON Loss: 0.14304.
11/20/2021 20:33:35 - INFO - modules.trainer -   [15/30] Step: 50/64, CE Loss: 0.82426, CON Loss: 0.13636.
11/20/2021 20:33:51 - INFO - modules.trainer -   [15/30] Start to evaluate in the validation set.
11/20/2021 20:34:07 - INFO - modules.trainer -   [15/30] Start to evaluate in the test set.
11/20/2021 20:34:30 - INFO - modules.trainer -   	epoch          : 15
11/20/2021 20:34:30 - INFO - modules.trainer -   	ce_loss        : 0.8461764995008707
11/20/2021 20:34:30 - INFO - modules.trainer -   	con            : 0.13467255933210254
11/20/2021 20:34:30 - INFO - modules.trainer -   	val_BLEU_1     : 0.4228635003465636
11/20/2021 20:34:30 - INFO - modules.trainer -   	val_BLEU_2     : 0.24356419485060093
11/20/2021 20:34:30 - INFO - modules.trainer -   	val_BLEU_3     : 0.16013786489429033
11/20/2021 20:34:30 - INFO - modules.trainer -   	val_BLEU_4     : 0.11251403598481959
11/20/2021 20:34:30 - INFO - modules.trainer -   	val_METEOR     : 0.15907015709067598
11/20/2021 20:34:30 - INFO - modules.trainer -   	val_ROUGE_L    : 0.31836958407272214
11/20/2021 20:34:30 - INFO - modules.trainer -   	test_BLEU_1    : 0.44135880247969145
11/20/2021 20:34:30 - INFO - modules.trainer -   	test_BLEU_2    : 0.2688204809147147
11/20/2021 20:34:30 - INFO - modules.trainer -   	test_BLEU_3    : 0.19056279572869073
11/20/2021 20:34:30 - INFO - modules.trainer -   	test_BLEU_4    : 0.14435648674016383
11/20/2021 20:34:30 - INFO - modules.trainer -   	test_METEOR    : 0.18053937326260885
11/20/2021 20:34:30 - INFO - modules.trainer -   	test_ROUGE_L   : 0.34712407683160873
11/20/2021 20:34:33 - INFO - modules.trainer -   Saving checkpoint: results/iu_xray/current_checkpoint.pth ...
11/20/2021 20:34:33 - INFO - modules.trainer -   [16/30] Start to train in the training set.
best performance in epoch:  4
11/20/2021 20:34:35 - INFO - modules.trainer -   [16/30] Step: 0/64, CE Loss: 0.68818, CON Loss: 0.12633.
11/20/2021 20:35:37 - INFO - modules.trainer -   [16/30] Step: 50/64, CE Loss: 0.79539, CON Loss: 0.12036.
11/20/2021 20:35:53 - INFO - modules.trainer -   [16/30] Start to evaluate in the validation set.
11/20/2021 20:36:08 - INFO - modules.trainer -   [16/30] Start to evaluate in the test set.
11/20/2021 20:36:31 - INFO - modules.trainer -   	epoch          : 16
11/20/2021 20:36:31 - INFO - modules.trainer -   	ce_loss        : 0.8037831364199519
11/20/2021 20:36:31 - INFO - modules.trainer -   	con            : 0.11887320794630796
11/20/2021 20:36:31 - INFO - modules.trainer -   	val_BLEU_1     : 0.3966903341332762
11/20/2021 20:36:31 - INFO - modules.trainer -   	val_BLEU_2     : 0.2521817090065751
11/20/2021 20:36:31 - INFO - modules.trainer -   	val_BLEU_3     : 0.17405368699452206
11/20/2021 20:36:31 - INFO - modules.trainer -   	val_BLEU_4     : 0.1278008751813518
11/20/2021 20:36:31 - INFO - modules.trainer -   	val_METEOR     : 0.16476998930235534
11/20/2021 20:36:31 - INFO - modules.trainer -   	val_ROUGE_L    : 0.3390222352190703
11/20/2021 20:36:31 - INFO - modules.trainer -   	test_BLEU_1    : 0.4481971534609353
11/20/2021 20:36:31 - INFO - modules.trainer -   	test_BLEU_2    : 0.29103964652893743
11/20/2021 20:36:31 - INFO - modules.trainer -   	test_BLEU_3    : 0.20685898887671972
11/20/2021 20:36:31 - INFO - modules.trainer -   	test_BLEU_4    : 0.1556090734472734
11/20/2021 20:36:31 - INFO - modules.trainer -   	test_METEOR    : 0.1865574065521513
11/20/2021 20:36:31 - INFO - modules.trainer -   	test_ROUGE_L   : 0.3649398032505726
11/20/2021 20:36:35 - INFO - modules.trainer -   Saving checkpoint: results/iu_xray/current_checkpoint.pth ...
11/20/2021 20:36:35 - INFO - modules.trainer -   [17/30] Start to train in the training set.
best performance in epoch:  4
11/20/2021 20:36:37 - INFO - modules.trainer -   [17/30] Step: 0/64, CE Loss: 0.72618, CON Loss: 0.11149.
11/20/2021 20:37:39 - INFO - modules.trainer -   [17/30] Step: 50/64, CE Loss: 0.73847, CON Loss: 0.10631.
11/20/2021 20:37:55 - INFO - modules.trainer -   [17/30] Start to evaluate in the validation set.
11/20/2021 20:38:10 - INFO - modules.trainer -   [17/30] Start to evaluate in the test set.
11/20/2021 20:38:33 - INFO - modules.trainer -   	epoch          : 17
11/20/2021 20:38:33 - INFO - modules.trainer -   	ce_loss        : 0.7545560542494059
11/20/2021 20:38:33 - INFO - modules.trainer -   	con            : 0.10503818688448519
11/20/2021 20:38:33 - INFO - modules.trainer -   	val_BLEU_1     : 0.3416444509508694
11/20/2021 20:38:33 - INFO - modules.trainer -   	val_BLEU_2     : 0.2038604797976264
11/20/2021 20:38:33 - INFO - modules.trainer -   	val_BLEU_3     : 0.1335109680620867
11/20/2021 20:38:33 - INFO - modules.trainer -   	val_BLEU_4     : 0.09223715135061586
11/20/2021 20:38:33 - INFO - modules.trainer -   	val_METEOR     : 0.143699755095496
11/20/2021 20:38:33 - INFO - modules.trainer -   	val_ROUGE_L    : 0.31673884364562155
11/20/2021 20:38:33 - INFO - modules.trainer -   	test_BLEU_1    : 0.380241180029096
11/20/2021 20:38:33 - INFO - modules.trainer -   	test_BLEU_2    : 0.23033284820446914
11/20/2021 20:38:33 - INFO - modules.trainer -   	test_BLEU_3    : 0.15738084900074956
11/20/2021 20:38:33 - INFO - modules.trainer -   	test_BLEU_4    : 0.11403288534031489
11/20/2021 20:38:33 - INFO - modules.trainer -   	test_METEOR    : 0.15926215925394457
11/20/2021 20:38:33 - INFO - modules.trainer -   	test_ROUGE_L   : 0.3320067492812384
11/20/2021 20:38:37 - INFO - modules.trainer -   Saving checkpoint: results/iu_xray/current_checkpoint.pth ...
11/20/2021 20:38:37 - INFO - modules.trainer -   [18/30] Start to train in the training set.
best performance in epoch:  4
11/20/2021 20:38:38 - INFO - modules.trainer -   [18/30] Step: 0/64, CE Loss: 0.61505, CON Loss: 0.09878.
11/20/2021 20:39:40 - INFO - modules.trainer -   [18/30] Step: 50/64, CE Loss: 0.70698, CON Loss: 0.09444.
11/20/2021 20:39:56 - INFO - modules.trainer -   [18/30] Start to evaluate in the validation set.
11/20/2021 20:40:11 - INFO - modules.trainer -   [18/30] Start to evaluate in the test set.
11/20/2021 20:40:34 - INFO - modules.trainer -   	epoch          : 18
11/20/2021 20:40:34 - INFO - modules.trainer -   	ce_loss        : 0.7085671247914433
11/20/2021 20:40:34 - INFO - modules.trainer -   	con            : 0.09338308882433921
11/20/2021 20:40:34 - INFO - modules.trainer -   	val_BLEU_1     : 0.25178615844037106
11/20/2021 20:40:34 - INFO - modules.trainer -   	val_BLEU_2     : 0.15186668233851994
11/20/2021 20:40:34 - INFO - modules.trainer -   	val_BLEU_3     : 0.10542649764390995
11/20/2021 20:40:34 - INFO - modules.trainer -   	val_BLEU_4     : 0.07854673880423721
11/20/2021 20:40:34 - INFO - modules.trainer -   	val_METEOR     : 0.12213180425591273
11/20/2021 20:40:34 - INFO - modules.trainer -   	val_ROUGE_L    : 0.3063395235341742
11/20/2021 20:40:34 - INFO - modules.trainer -   	test_BLEU_1    : 0.2926369216919543
11/20/2021 20:40:34 - INFO - modules.trainer -   	test_BLEU_2    : 0.17767004575900147
11/20/2021 20:40:34 - INFO - modules.trainer -   	test_BLEU_3    : 0.1236112669219372
11/20/2021 20:40:34 - INFO - modules.trainer -   	test_BLEU_4    : 0.0913055092066299
11/20/2021 20:40:34 - INFO - modules.trainer -   	test_METEOR    : 0.13413885172847065
11/20/2021 20:40:34 - INFO - modules.trainer -   	test_ROUGE_L   : 0.318716817791708
11/20/2021 20:40:37 - INFO - modules.trainer -   Saving checkpoint: results/iu_xray/current_checkpoint.pth ...
11/20/2021 20:40:37 - INFO - modules.trainer -   [19/30] Start to train in the training set.
best performance in epoch:  4
11/20/2021 20:40:39 - INFO - modules.trainer -   [19/30] Step: 0/64, CE Loss: 0.62156, CON Loss: 0.08815.
11/20/2021 20:41:40 - INFO - modules.trainer -   [19/30] Step: 50/64, CE Loss: 0.66399, CON Loss: 0.08456.
11/20/2021 20:41:56 - INFO - modules.trainer -   [19/30] Start to evaluate in the validation set.
11/20/2021 20:42:11 - INFO - modules.trainer -   [19/30] Start to evaluate in the test set.
11/20/2021 20:42:34 - INFO - modules.trainer -   	epoch          : 19
11/20/2021 20:42:34 - INFO - modules.trainer -   	ce_loss        : 0.6787546295672655
11/20/2021 20:42:34 - INFO - modules.trainer -   	con            : 0.08368194103240967
11/20/2021 20:42:34 - INFO - modules.trainer -   	val_BLEU_1     : 0.4371481746374988
11/20/2021 20:42:34 - INFO - modules.trainer -   	val_BLEU_2     : 0.27903966848138984
11/20/2021 20:42:34 - INFO - modules.trainer -   	val_BLEU_3     : 0.192417497584358
11/20/2021 20:42:34 - INFO - modules.trainer -   	val_BLEU_4     : 0.14086313307148987
11/20/2021 20:42:34 - INFO - modules.trainer -   	val_METEOR     : 0.17916365646340415
11/20/2021 20:42:34 - INFO - modules.trainer -   	val_ROUGE_L    : 0.34153820175650673
11/20/2021 20:42:34 - INFO - modules.trainer -   	test_BLEU_1    : 0.47631014083029805
11/20/2021 20:42:34 - INFO - modules.trainer -   	test_BLEU_2    : 0.3107972072583497
11/20/2021 20:42:34 - INFO - modules.trainer -   	test_BLEU_3    : 0.2228764277398197
11/20/2021 20:42:34 - INFO - modules.trainer -   	test_BLEU_4    : 0.17114381208409557
11/20/2021 20:42:34 - INFO - modules.trainer -   	test_METEOR    : 0.20121755155765736
11/20/2021 20:42:34 - INFO - modules.trainer -   	test_ROUGE_L   : 0.3681313131473395
11/20/2021 20:42:37 - INFO - modules.trainer -   Saving checkpoint: results/iu_xray/current_checkpoint.pth ...
11/20/2021 20:42:41 - INFO - modules.trainer -   Saving current best: model_best.pth ...
11/20/2021 20:42:41 - INFO - modules.trainer -   [20/30] Start to train in the training set.
best performance in epoch:  19
11/20/2021 20:42:43 - INFO - modules.trainer -   [20/30] Step: 0/64, CE Loss: 0.54477, CON Loss: 0.07935.
11/20/2021 20:43:44 - INFO - modules.trainer -   [20/30] Step: 50/64, CE Loss: 0.63278, CON Loss: 0.07634.
11/20/2021 20:44:00 - INFO - modules.trainer -   [20/30] Start to evaluate in the validation set.
11/20/2021 20:44:15 - INFO - modules.trainer -   [20/30] Start to evaluate in the test set.
11/20/2021 20:44:37 - INFO - modules.trainer -   	epoch          : 20
11/20/2021 20:44:37 - INFO - modules.trainer -   	ce_loss        : 0.6436623502522707
11/20/2021 20:44:37 - INFO - modules.trainer -   	con            : 0.07560281688347459
11/20/2021 20:44:37 - INFO - modules.trainer -   	val_BLEU_1     : 0.23890814051482762
11/20/2021 20:44:37 - INFO - modules.trainer -   	val_BLEU_2     : 0.1430040480929824
11/20/2021 20:44:37 - INFO - modules.trainer -   	val_BLEU_3     : 0.09964747005197853
11/20/2021 20:44:37 - INFO - modules.trainer -   	val_BLEU_4     : 0.07488143760940583
11/20/2021 20:44:37 - INFO - modules.trainer -   	val_METEOR     : 0.11472519691436772
11/20/2021 20:44:37 - INFO - modules.trainer -   	val_ROUGE_L    : 0.3000401545060314
11/20/2021 20:44:37 - INFO - modules.trainer -   	test_BLEU_1    : 0.2766557279294358
11/20/2021 20:44:37 - INFO - modules.trainer -   	test_BLEU_2    : 0.1676391132790709
11/20/2021 20:44:37 - INFO - modules.trainer -   	test_BLEU_3    : 0.11923477815219413
11/20/2021 20:44:37 - INFO - modules.trainer -   	test_BLEU_4    : 0.09031722037417116
11/20/2021 20:44:37 - INFO - modules.trainer -   	test_METEOR    : 0.12785544979815536
11/20/2021 20:44:37 - INFO - modules.trainer -   	test_ROUGE_L   : 0.3165044691608306
11/20/2021 20:44:41 - INFO - modules.trainer -   Saving checkpoint: results/iu_xray/current_checkpoint.pth ...
11/20/2021 20:44:41 - INFO - modules.trainer -   [21/30] Start to train in the training set.
best performance in epoch:  19
11/20/2021 20:44:43 - INFO - modules.trainer -   [21/30] Step: 0/64, CE Loss: 0.53262, CON Loss: 0.07195.
11/20/2021 20:45:44 - INFO - modules.trainer -   [21/30] Step: 50/64, CE Loss: 0.56465, CON Loss: 0.06990.
11/20/2021 20:46:01 - INFO - modules.trainer -   [21/30] Start to evaluate in the validation set.
11/20/2021 20:46:15 - INFO - modules.trainer -   [21/30] Start to evaluate in the test set.
11/20/2021 20:46:38 - INFO - modules.trainer -   	epoch          : 21
11/20/2021 20:46:38 - INFO - modules.trainer -   	ce_loss        : 0.5712352679111063
11/20/2021 20:46:38 - INFO - modules.trainer -   	con            : 0.06939622142817825
11/20/2021 20:46:38 - INFO - modules.trainer -   	val_BLEU_1     : 0.23399268233094261
11/20/2021 20:46:38 - INFO - modules.trainer -   	val_BLEU_2     : 0.1399729365273214
11/20/2021 20:46:38 - INFO - modules.trainer -   	val_BLEU_3     : 0.09829786391747676
11/20/2021 20:46:38 - INFO - modules.trainer -   	val_BLEU_4     : 0.07440525813771919
11/20/2021 20:46:38 - INFO - modules.trainer -   	val_METEOR     : 0.11123966254090327
11/20/2021 20:46:38 - INFO - modules.trainer -   	val_ROUGE_L    : 0.29928615438052225
11/20/2021 20:46:38 - INFO - modules.trainer -   	test_BLEU_1    : 0.2711368352496251
11/20/2021 20:46:38 - INFO - modules.trainer -   	test_BLEU_2    : 0.16427895608219165
11/20/2021 20:46:38 - INFO - modules.trainer -   	test_BLEU_3    : 0.11746836840503747
11/20/2021 20:46:38 - INFO - modules.trainer -   	test_BLEU_4    : 0.08942476141808209
11/20/2021 20:46:38 - INFO - modules.trainer -   	test_METEOR    : 0.1262715132244582
11/20/2021 20:46:38 - INFO - modules.trainer -   	test_ROUGE_L   : 0.31570864869889426
11/20/2021 20:46:42 - INFO - modules.trainer -   Saving checkpoint: results/iu_xray/current_checkpoint.pth ...
11/20/2021 20:46:42 - INFO - modules.trainer -   [22/30] Start to train in the training set.
best performance in epoch:  19
11/20/2021 20:46:44 - INFO - modules.trainer -   [22/30] Step: 0/64, CE Loss: 0.49407, CON Loss: 0.06688.
11/20/2021 20:47:46 - INFO - modules.trainer -   [22/30] Step: 50/64, CE Loss: 0.52139, CON Loss: 0.06506.
11/20/2021 20:48:02 - INFO - modules.trainer -   [22/30] Start to evaluate in the validation set.
11/20/2021 20:48:16 - INFO - modules.trainer -   [22/30] Start to evaluate in the test set.
11/20/2021 20:48:40 - INFO - modules.trainer -   	epoch          : 22
11/20/2021 20:48:40 - INFO - modules.trainer -   	ce_loss        : 0.526480246335268
11/20/2021 20:48:40 - INFO - modules.trainer -   	con            : 0.06460794963641092
11/20/2021 20:48:40 - INFO - modules.trainer -   	val_BLEU_1     : 0.38883515213710174
11/20/2021 20:48:40 - INFO - modules.trainer -   	val_BLEU_2     : 0.23871375269071504
11/20/2021 20:48:40 - INFO - modules.trainer -   	val_BLEU_3     : 0.16093460221471637
11/20/2021 20:48:40 - INFO - modules.trainer -   	val_BLEU_4     : 0.11500975118905005
11/20/2021 20:48:40 - INFO - modules.trainer -   	val_METEOR     : 0.16348318246255536
11/20/2021 20:48:40 - INFO - modules.trainer -   	val_ROUGE_L    : 0.3442705570782677
11/20/2021 20:48:40 - INFO - modules.trainer -   	test_BLEU_1    : 0.4357414831562889
11/20/2021 20:48:40 - INFO - modules.trainer -   	test_BLEU_2    : 0.27613193001845787
11/20/2021 20:48:40 - INFO - modules.trainer -   	test_BLEU_3    : 0.19337055116738877
11/20/2021 20:48:40 - INFO - modules.trainer -   	test_BLEU_4    : 0.1433151198494721
11/20/2021 20:48:40 - INFO - modules.trainer -   	test_METEOR    : 0.18340945485234406
11/20/2021 20:48:40 - INFO - modules.trainer -   	test_ROUGE_L   : 0.3623056891588573
11/20/2021 20:48:43 - INFO - modules.trainer -   Saving checkpoint: results/iu_xray/current_checkpoint.pth ...
11/20/2021 20:48:43 - INFO - modules.trainer -   [23/30] Start to train in the training set.
best performance in epoch:  19
11/20/2021 20:48:45 - INFO - modules.trainer -   [23/30] Step: 0/64, CE Loss: 0.46126, CON Loss: 0.06237.
11/20/2021 20:49:46 - INFO - modules.trainer -   [23/30] Step: 50/64, CE Loss: 0.49618, CON Loss: 0.06075.
11/20/2021 20:50:02 - INFO - modules.trainer -   [23/30] Start to evaluate in the validation set.
11/20/2021 20:50:17 - INFO - modules.trainer -   [23/30] Start to evaluate in the test set.
11/20/2021 20:50:40 - INFO - modules.trainer -   	epoch          : 23
11/20/2021 20:50:40 - INFO - modules.trainer -   	ce_loss        : 0.5043594324961305
11/20/2021 20:50:40 - INFO - modules.trainer -   	con            : 0.060347165854182094
11/20/2021 20:50:40 - INFO - modules.trainer -   	val_BLEU_1     : 0.3813516545676776
11/20/2021 20:50:40 - INFO - modules.trainer -   	val_BLEU_2     : 0.24392411250495072
11/20/2021 20:50:40 - INFO - modules.trainer -   	val_BLEU_3     : 0.16869034244818348
11/20/2021 20:50:40 - INFO - modules.trainer -   	val_BLEU_4     : 0.12494828533124186
11/20/2021 20:50:40 - INFO - modules.trainer -   	val_METEOR     : 0.1625036299015058
11/20/2021 20:50:40 - INFO - modules.trainer -   	val_ROUGE_L    : 0.33485619761352925
11/20/2021 20:50:40 - INFO - modules.trainer -   	test_BLEU_1    : 0.4351501289246492
11/20/2021 20:50:40 - INFO - modules.trainer -   	test_BLEU_2    : 0.28240542884255565
11/20/2021 20:50:40 - INFO - modules.trainer -   	test_BLEU_3    : 0.19941777880489236
11/20/2021 20:50:40 - INFO - modules.trainer -   	test_BLEU_4    : 0.1498104113815011
11/20/2021 20:50:40 - INFO - modules.trainer -   	test_METEOR    : 0.18538172514482298
11/20/2021 20:50:40 - INFO - modules.trainer -   	test_ROUGE_L   : 0.3615654179671112
11/20/2021 20:50:43 - INFO - modules.trainer -   Saving checkpoint: results/iu_xray/current_checkpoint.pth ...
11/20/2021 20:50:43 - INFO - modules.trainer -   [24/30] Start to train in the training set.
best performance in epoch:  19
11/20/2021 20:50:45 - INFO - modules.trainer -   [24/30] Step: 0/64, CE Loss: 0.45379, CON Loss: 0.05832.
11/20/2021 20:51:46 - INFO - modules.trainer -   [24/30] Step: 50/64, CE Loss: 0.47868, CON Loss: 0.05682.
11/20/2021 20:52:02 - INFO - modules.trainer -   [24/30] Start to evaluate in the validation set.
11/20/2021 20:52:17 - INFO - modules.trainer -   [24/30] Start to evaluate in the test set.
11/20/2021 20:52:40 - INFO - modules.trainer -   	epoch          : 24
11/20/2021 20:52:40 - INFO - modules.trainer -   	ce_loss        : 0.48569988878443837
11/20/2021 20:52:40 - INFO - modules.trainer -   	con            : 0.05644941359059885
11/20/2021 20:52:40 - INFO - modules.trainer -   	val_BLEU_1     : 0.4017255671106472
11/20/2021 20:52:40 - INFO - modules.trainer -   	val_BLEU_2     : 0.25638248558402127
11/20/2021 20:52:40 - INFO - modules.trainer -   	val_BLEU_3     : 0.17656320168399986
11/20/2021 20:52:40 - INFO - modules.trainer -   	val_BLEU_4     : 0.12907765249724457
11/20/2021 20:52:40 - INFO - modules.trainer -   	val_METEOR     : 0.17135582847383543
11/20/2021 20:52:40 - INFO - modules.trainer -   	val_ROUGE_L    : 0.33935576135582235
11/20/2021 20:52:40 - INFO - modules.trainer -   	test_BLEU_1    : 0.44672490490487055
11/20/2021 20:52:40 - INFO - modules.trainer -   	test_BLEU_2    : 0.2829603514050116
11/20/2021 20:52:40 - INFO - modules.trainer -   	test_BLEU_3    : 0.19584503636549958
11/20/2021 20:52:40 - INFO - modules.trainer -   	test_BLEU_4    : 0.1441287909910645
11/20/2021 20:52:40 - INFO - modules.trainer -   	test_METEOR    : 0.18777416559805213
11/20/2021 20:52:40 - INFO - modules.trainer -   	test_ROUGE_L   : 0.3540246794930735
11/20/2021 20:52:44 - INFO - modules.trainer -   Saving checkpoint: results/iu_xray/current_checkpoint.pth ...
11/20/2021 20:52:44 - INFO - modules.trainer -   [25/30] Start to train in the training set.
best performance in epoch:  19
11/20/2021 20:52:45 - INFO - modules.trainer -   [25/30] Step: 0/64, CE Loss: 0.46270, CON Loss: 0.05459.
11/20/2021 20:53:47 - INFO - modules.trainer -   [25/30] Step: 50/64, CE Loss: 0.46834, CON Loss: 0.05324.
11/20/2021 20:54:03 - INFO - modules.trainer -   [25/30] Start to evaluate in the validation set.
11/20/2021 20:54:18 - INFO - modules.trainer -   [25/30] Start to evaluate in the test set.
11/20/2021 20:54:41 - INFO - modules.trainer -   	epoch          : 25
11/20/2021 20:54:41 - INFO - modules.trainer -   	ce_loss        : 0.4763574283570051
11/20/2021 20:54:41 - INFO - modules.trainer -   	con            : 0.05290207330835983
11/20/2021 20:54:41 - INFO - modules.trainer -   	val_BLEU_1     : 0.3036339777046915
11/20/2021 20:54:41 - INFO - modules.trainer -   	val_BLEU_2     : 0.1776037993341093
11/20/2021 20:54:41 - INFO - modules.trainer -   	val_BLEU_3     : 0.11958085669470352
11/20/2021 20:54:41 - INFO - modules.trainer -   	val_BLEU_4     : 0.08700775133697676
11/20/2021 20:54:41 - INFO - modules.trainer -   	val_METEOR     : 0.12981065199366396
11/20/2021 20:54:41 - INFO - modules.trainer -   	val_ROUGE_L    : 0.3031652741654673
11/20/2021 20:54:41 - INFO - modules.trainer -   	test_BLEU_1    : 0.3473830400936077
11/20/2021 20:54:41 - INFO - modules.trainer -   	test_BLEU_2    : 0.213944105016978
11/20/2021 20:54:41 - INFO - modules.trainer -   	test_BLEU_3    : 0.15160054500508194
11/20/2021 20:54:41 - INFO - modules.trainer -   	test_BLEU_4    : 0.11495898340825152
11/20/2021 20:54:41 - INFO - modules.trainer -   	test_METEOR    : 0.14625733947792455
11/20/2021 20:54:41 - INFO - modules.trainer -   	test_ROUGE_L   : 0.3295433559126139
11/20/2021 20:54:45 - INFO - modules.trainer -   Saving checkpoint: results/iu_xray/current_checkpoint.pth ...
11/20/2021 20:54:45 - INFO - modules.trainer -   [26/30] Start to train in the training set.
best performance in epoch:  19
11/20/2021 20:54:46 - INFO - modules.trainer -   [26/30] Step: 0/64, CE Loss: 0.41755, CON Loss: 0.05121.
11/20/2021 20:55:48 - INFO - modules.trainer -   [26/30] Step: 50/64, CE Loss: 0.44702, CON Loss: 0.04998.
11/20/2021 20:56:04 - INFO - modules.trainer -   [26/30] Start to evaluate in the validation set.
11/20/2021 20:56:19 - INFO - modules.trainer -   [26/30] Start to evaluate in the test set.
11/20/2021 20:56:43 - INFO - modules.trainer -   	epoch          : 26
11/20/2021 20:56:43 - INFO - modules.trainer -   	ce_loss        : 0.45839529065415263
11/20/2021 20:56:43 - INFO - modules.trainer -   	con            : 0.04966224933741614
11/20/2021 20:56:43 - INFO - modules.trainer -   	val_BLEU_1     : 0.42571322849091253
11/20/2021 20:56:43 - INFO - modules.trainer -   	val_BLEU_2     : 0.24803030990738803
11/20/2021 20:56:43 - INFO - modules.trainer -   	val_BLEU_3     : 0.16570991248643954
11/20/2021 20:56:43 - INFO - modules.trainer -   	val_BLEU_4     : 0.12017633973192121
11/20/2021 20:56:43 - INFO - modules.trainer -   	val_METEOR     : 0.16357006358865317
11/20/2021 20:56:43 - INFO - modules.trainer -   	val_ROUGE_L    : 0.3236750998788392
11/20/2021 20:56:43 - INFO - modules.trainer -   	test_BLEU_1    : 0.45739910313898985
11/20/2021 20:56:43 - INFO - modules.trainer -   	test_BLEU_2    : 0.28412585426009274
11/20/2021 20:56:43 - INFO - modules.trainer -   	test_BLEU_3    : 0.20256327577527447
11/20/2021 20:56:43 - INFO - modules.trainer -   	test_BLEU_4    : 0.1544465156258625
11/20/2021 20:56:43 - INFO - modules.trainer -   	test_METEOR    : 0.18729796475404167
11/20/2021 20:56:43 - INFO - modules.trainer -   	test_ROUGE_L   : 0.354076095747424
11/20/2021 20:56:48 - INFO - modules.trainer -   Saving checkpoint: results/iu_xray/current_checkpoint.pth ...
11/20/2021 20:56:48 - INFO - modules.trainer -   [27/30] Start to train in the training set.
best performance in epoch:  19
11/20/2021 20:56:50 - INFO - modules.trainer -   [27/30] Step: 0/64, CE Loss: 0.37697, CON Loss: 0.04811.
11/20/2021 20:57:54 - INFO - modules.trainer -   [27/30] Step: 50/64, CE Loss: 0.44131, CON Loss: 0.04696.
11/20/2021 20:58:10 - INFO - modules.trainer -   [27/30] Start to evaluate in the validation set.
11/20/2021 20:58:25 - INFO - modules.trainer -   [27/30] Start to evaluate in the test set.
11/20/2021 20:58:48 - INFO - modules.trainer -   	epoch          : 27
11/20/2021 20:58:48 - INFO - modules.trainer -   	ce_loss        : 0.4512361385859549
11/20/2021 20:58:48 - INFO - modules.trainer -   	con            : 0.046670409094076604
11/20/2021 20:58:48 - INFO - modules.trainer -   	val_BLEU_1     : 0.2850524555227043
11/20/2021 20:58:48 - INFO - modules.trainer -   	val_BLEU_2     : 0.17131560960318434
11/20/2021 20:58:48 - INFO - modules.trainer -   	val_BLEU_3     : 0.11801140311495627
11/20/2021 20:58:48 - INFO - modules.trainer -   	val_BLEU_4     : 0.08711773025089463
11/20/2021 20:58:48 - INFO - modules.trainer -   	val_METEOR     : 0.12164325243439152
11/20/2021 20:58:48 - INFO - modules.trainer -   	val_ROUGE_L    : 0.29879140521437275
11/20/2021 20:58:48 - INFO - modules.trainer -   	test_BLEU_1    : 0.3186190334397281
11/20/2021 20:58:48 - INFO - modules.trainer -   	test_BLEU_2    : 0.19646562484067906
11/20/2021 20:58:48 - INFO - modules.trainer -   	test_BLEU_3    : 0.1399232071332055
11/20/2021 20:58:48 - INFO - modules.trainer -   	test_BLEU_4    : 0.10529864419170436
11/20/2021 20:58:48 - INFO - modules.trainer -   	test_METEOR    : 0.1382441448064728
11/20/2021 20:58:48 - INFO - modules.trainer -   	test_ROUGE_L   : 0.3173689876692506
11/20/2021 20:58:52 - INFO - modules.trainer -   Saving checkpoint: results/iu_xray/current_checkpoint.pth ...
11/20/2021 20:58:52 - INFO - modules.trainer -   [28/30] Start to train in the training set.
best performance in epoch:  19
11/20/2021 20:58:54 - INFO - modules.trainer -   [28/30] Step: 0/64, CE Loss: 0.43871, CON Loss: 0.04523.
11/20/2021 20:59:56 - INFO - modules.trainer -   [28/30] Step: 50/64, CE Loss: 0.43424, CON Loss: 0.04419.
11/20/2021 21:00:12 - INFO - modules.trainer -   [28/30] Start to evaluate in the validation set.
11/20/2021 21:00:27 - INFO - modules.trainer -   [28/30] Start to evaluate in the test set.
11/20/2021 21:00:50 - INFO - modules.trainer -   	epoch          : 28
11/20/2021 21:00:50 - INFO - modules.trainer -   	ce_loss        : 0.4414082798175514
11/20/2021 21:00:50 - INFO - modules.trainer -   	con            : 0.04393217881442979
11/20/2021 21:00:50 - INFO - modules.trainer -   	val_BLEU_1     : 0.28424383293033034
11/20/2021 21:00:50 - INFO - modules.trainer -   	val_BLEU_2     : 0.17290639323435697
11/20/2021 21:00:50 - INFO - modules.trainer -   	val_BLEU_3     : 0.11894338327847416
11/20/2021 21:00:50 - INFO - modules.trainer -   	val_BLEU_4     : 0.08765336865303434
11/20/2021 21:00:50 - INFO - modules.trainer -   	val_METEOR     : 0.12593542205437205
11/20/2021 21:00:50 - INFO - modules.trainer -   	val_ROUGE_L    : 0.30778507447981374
11/20/2021 21:00:50 - INFO - modules.trainer -   	test_BLEU_1    : 0.31799118503516033
11/20/2021 21:00:50 - INFO - modules.trainer -   	test_BLEU_2    : 0.19599535277848168
11/20/2021 21:00:50 - INFO - modules.trainer -   	test_BLEU_3    : 0.13929161555511851
11/20/2021 21:00:50 - INFO - modules.trainer -   	test_BLEU_4    : 0.10495180308008158
11/20/2021 21:00:50 - INFO - modules.trainer -   	test_METEOR    : 0.1385273779541243
11/20/2021 21:00:50 - INFO - modules.trainer -   	test_ROUGE_L   : 0.3223871790092788
11/20/2021 21:00:53 - INFO - modules.trainer -   Saving checkpoint: results/iu_xray/current_checkpoint.pth ...
11/20/2021 21:00:53 - INFO - modules.trainer -   [29/30] Start to train in the training set.
best performance in epoch:  19
11/20/2021 21:00:55 - INFO - modules.trainer -   [29/30] Step: 0/64, CE Loss: 0.38879, CON Loss: 0.04263.
11/20/2021 21:01:56 - INFO - modules.trainer -   [29/30] Step: 50/64, CE Loss: 0.42194, CON Loss: 0.04168.
11/20/2021 21:02:12 - INFO - modules.trainer -   [29/30] Start to evaluate in the validation set.
11/20/2021 21:02:27 - INFO - modules.trainer -   [29/30] Start to evaluate in the test set.
11/20/2021 21:02:50 - INFO - modules.trainer -   	epoch          : 29
11/20/2021 21:02:50 - INFO - modules.trainer -   	ce_loss        : 0.42666717479005456
11/20/2021 21:02:50 - INFO - modules.trainer -   	con            : 0.0414353008964099
11/20/2021 21:02:50 - INFO - modules.trainer -   	val_BLEU_1     : 0.3221740766497339
11/20/2021 21:02:50 - INFO - modules.trainer -   	val_BLEU_2     : 0.19874449417982393
11/20/2021 21:02:50 - INFO - modules.trainer -   	val_BLEU_3     : 0.13815633642973715
11/20/2021 21:02:50 - INFO - modules.trainer -   	val_BLEU_4     : 0.10286562343885194
11/20/2021 21:02:50 - INFO - modules.trainer -   	val_METEOR     : 0.1379286634973404
11/20/2021 21:02:50 - INFO - modules.trainer -   	val_ROUGE_L    : 0.3034427440954418
11/20/2021 21:02:50 - INFO - modules.trainer -   	test_BLEU_1    : 0.35618736111366983
11/20/2021 21:02:50 - INFO - modules.trainer -   	test_BLEU_2    : 0.22469502570304545
11/20/2021 21:02:50 - INFO - modules.trainer -   	test_BLEU_3    : 0.16056206066185713
11/20/2021 21:02:50 - INFO - modules.trainer -   	test_BLEU_4    : 0.12158514897752828
11/20/2021 21:02:50 - INFO - modules.trainer -   	test_METEOR    : 0.1526181549192927
11/20/2021 21:02:50 - INFO - modules.trainer -   	test_ROUGE_L   : 0.32243692623330494
11/20/2021 21:02:54 - INFO - modules.trainer -   Saving checkpoint: results/iu_xray/current_checkpoint.pth ...
11/20/2021 21:02:54 - INFO - modules.trainer -   [30/30] Start to train in the training set.
best performance in epoch:  19
11/20/2021 21:02:55 - INFO - modules.trainer -   [30/30] Step: 0/64, CE Loss: 0.35454, CON Loss: 0.04022.
11/20/2021 21:03:56 - INFO - modules.trainer -   [30/30] Step: 50/64, CE Loss: 0.40979, CON Loss: 0.03931.
11/20/2021 21:04:12 - INFO - modules.trainer -   [30/30] Start to evaluate in the validation set.
11/20/2021 21:04:27 - INFO - modules.trainer -   [30/30] Start to evaluate in the test set.
11/20/2021 21:04:50 - INFO - modules.trainer -   	epoch          : 30
11/20/2021 21:04:50 - INFO - modules.trainer -   	ce_loss        : 0.41634475579485297
11/20/2021 21:04:50 - INFO - modules.trainer -   	con            : 0.03908116742968559
11/20/2021 21:04:50 - INFO - modules.trainer -   	val_BLEU_1     : 0.39376431505441983
11/20/2021 21:04:50 - INFO - modules.trainer -   	val_BLEU_2     : 0.23924859551548425
11/20/2021 21:04:50 - INFO - modules.trainer -   	val_BLEU_3     : 0.16500224808985517
11/20/2021 21:04:50 - INFO - modules.trainer -   	val_BLEU_4     : 0.12234924693758337
11/20/2021 21:04:50 - INFO - modules.trainer -   	val_METEOR     : 0.1595746455244247
11/20/2021 21:04:50 - INFO - modules.trainer -   	val_ROUGE_L    : 0.3435552549733003
11/20/2021 21:04:50 - INFO - modules.trainer -   	test_BLEU_1    : 0.4165119949162959
11/20/2021 21:04:50 - INFO - modules.trainer -   	test_BLEU_2    : 0.25219097417598857
11/20/2021 21:04:50 - INFO - modules.trainer -   	test_BLEU_3    : 0.1749633810982076
11/20/2021 21:04:50 - INFO - modules.trainer -   	test_BLEU_4    : 0.12883827580233664
11/20/2021 21:04:50 - INFO - modules.trainer -   	test_METEOR    : 0.1672710069561039
11/20/2021 21:04:50 - INFO - modules.trainer -   	test_ROUGE_L   : 0.3472886929182625
11/20/2021 21:04:54 - INFO - modules.trainer -   Saving checkpoint: results/iu_xray/current_checkpoint.pth ...
best performance in epoch:  19
