nohup: ignoring input
11/22/2021 10:34:32 - INFO - modules.trainer -   [1/50] Start to train in the training set.
[W TensorIterator.cpp:918] Warning: Mixed memory format inputs detected while calling the operator. The operator will output contiguous tensor even if some of the inputs are in channels_last format. (function operator())
11/22/2021 10:34:36 - INFO - modules.trainer -   [1/50] Step: 0/64, CE Loss: 6.82624, CON Loss: 0.34984.
11/22/2021 10:35:26 - INFO - modules.trainer -   [1/50] Step: 50/64, CE Loss: 4.82747, CON Loss: 0.34386.
11/22/2021 10:35:39 - INFO - modules.trainer -   [1/50] Start to evaluate in the validation set.
11/22/2021 10:35:53 - INFO - modules.trainer -   [1/50] Start to evaluate in the test set.
11/22/2021 10:36:15 - INFO - modules.trainer -   	epoch          : 1
11/22/2021 10:36:15 - INFO - modules.trainer -   	ce_loss        : 4.776816800236702
11/22/2021 10:36:15 - INFO - modules.trainer -   	con            : 0.3429434453137219
11/22/2021 10:36:15 - INFO - modules.trainer -   	val_BLEU_1     : 0.07398648648648232
11/22/2021 10:36:15 - INFO - modules.trainer -   	val_BLEU_2     : 6.508851160549511e-11
11/22/2021 10:36:15 - INFO - modules.trainer -   	val_BLEU_3     : 6.272340968112692e-14
11/22/2021 10:36:15 - INFO - modules.trainer -   	val_BLEU_4     : 1.9556025839655975e-15
11/22/2021 10:36:15 - INFO - modules.trainer -   	val_METEOR     : 0.02317220217481875
11/22/2021 10:36:15 - INFO - modules.trainer -   	val_ROUGE_L    : 0.09795456002690986
11/22/2021 10:36:15 - INFO - modules.trainer -   	test_BLEU_1    : 0.06985875706214492
11/22/2021 10:36:15 - INFO - modules.trainer -   	test_BLEU_2    : 0.002833272923091644
11/22/2021 10:36:15 - INFO - modules.trainer -   	test_BLEU_3    : 6.167354878236994e-09
11/22/2021 10:36:15 - INFO - modules.trainer -   	test_BLEU_4    : 9.138869745653517e-12
11/22/2021 10:36:15 - INFO - modules.trainer -   	test_METEOR    : 0.0241386619167828
11/22/2021 10:36:15 - INFO - modules.trainer -   	test_ROUGE_L   : 0.09556420337959068
11/22/2021 10:36:18 - INFO - modules.trainer -   Saving checkpoint: results/iu_xray/current_checkpoint.pth ...
11/22/2021 10:36:23 - INFO - modules.trainer -   Saving current best: model_best.pth ...
11/22/2021 10:36:23 - INFO - modules.trainer -   [2/50] Start to train in the training set.
best performance in epoch:  1
11/22/2021 10:36:25 - INFO - modules.trainer -   [2/50] Step: 0/64, CE Loss: 4.51411, CON Loss: 0.33833.
11/22/2021 10:37:14 - INFO - modules.trainer -   [2/50] Step: 50/64, CE Loss: 3.75961, CON Loss: 0.33454.
11/22/2021 10:37:27 - INFO - modules.trainer -   [2/50] Start to evaluate in the validation set.
11/22/2021 10:37:41 - INFO - modules.trainer -   [2/50] Start to evaluate in the test set.
11/22/2021 10:38:04 - INFO - modules.trainer -   	epoch          : 2
11/22/2021 10:38:04 - INFO - modules.trainer -   	ce_loss        : 3.5127343349158764
11/22/2021 10:38:04 - INFO - modules.trainer -   	con            : 0.33353353664278984
11/22/2021 10:38:04 - INFO - modules.trainer -   	val_BLEU_1     : 0.1968357381738262
11/22/2021 10:38:04 - INFO - modules.trainer -   	val_BLEU_2     : 0.1276739388629334
11/22/2021 10:38:04 - INFO - modules.trainer -   	val_BLEU_3     : 0.09080506638825542
11/22/2021 10:38:04 - INFO - modules.trainer -   	val_BLEU_4     : 0.0649404440563619
11/22/2021 10:38:04 - INFO - modules.trainer -   	val_METEOR     : 0.11971773214379108
11/22/2021 10:38:04 - INFO - modules.trainer -   	val_ROUGE_L    : 0.30905201437360746
11/22/2021 10:38:04 - INFO - modules.trainer -   	test_BLEU_1    : 0.2443642124903139
11/22/2021 10:38:04 - INFO - modules.trainer -   	test_BLEU_2    : 0.16454982010571023
11/22/2021 10:38:04 - INFO - modules.trainer -   	test_BLEU_3    : 0.11914928365250357
11/22/2021 10:38:04 - INFO - modules.trainer -   	test_BLEU_4    : 0.08645172883508165
11/22/2021 10:38:04 - INFO - modules.trainer -   	test_METEOR    : 0.14017830347432386
11/22/2021 10:38:04 - INFO - modules.trainer -   	test_ROUGE_L   : 0.3409826185079858
11/22/2021 10:38:07 - INFO - modules.trainer -   Saving checkpoint: results/iu_xray/current_checkpoint.pth ...
11/22/2021 10:38:12 - INFO - modules.trainer -   Saving current best: model_best.pth ...
11/22/2021 10:38:12 - INFO - modules.trainer -   [3/50] Start to train in the training set.
best performance in epoch:  2
11/22/2021 10:38:14 - INFO - modules.trainer -   [3/50] Step: 0/64, CE Loss: 2.63346, CON Loss: 0.32848.
11/22/2021 10:39:03 - INFO - modules.trainer -   [3/50] Step: 50/64, CE Loss: 2.17370, CON Loss: 0.32434.
11/22/2021 10:39:16 - INFO - modules.trainer -   [3/50] Start to evaluate in the validation set.
11/22/2021 10:39:30 - INFO - modules.trainer -   [3/50] Start to evaluate in the test set.
11/22/2021 10:39:52 - INFO - modules.trainer -   	epoch          : 3
11/22/2021 10:39:52 - INFO - modules.trainer -   	ce_loss        : 2.1266209091991186
11/22/2021 10:39:52 - INFO - modules.trainer -   	con            : 0.32319975551217794
11/22/2021 10:39:52 - INFO - modules.trainer -   	val_BLEU_1     : 0.30672113013612956
11/22/2021 10:39:52 - INFO - modules.trainer -   	val_BLEU_2     : 0.19985414758333192
11/22/2021 10:39:52 - INFO - modules.trainer -   	val_BLEU_3     : 0.13886715363574162
11/22/2021 10:39:52 - INFO - modules.trainer -   	val_BLEU_4     : 0.09911721564908305
11/22/2021 10:39:52 - INFO - modules.trainer -   	val_METEOR     : 0.14420367721893027
11/22/2021 10:39:52 - INFO - modules.trainer -   	val_ROUGE_L    : 0.33841353650239286
11/22/2021 10:39:52 - INFO - modules.trainer -   	test_BLEU_1    : 0.3607800899302398
11/22/2021 10:39:52 - INFO - modules.trainer -   	test_BLEU_2    : 0.23788635853681833
11/22/2021 10:39:52 - INFO - modules.trainer -   	test_BLEU_3    : 0.16857514339455
11/22/2021 10:39:52 - INFO - modules.trainer -   	test_BLEU_4    : 0.12191326476038562
11/22/2021 10:39:52 - INFO - modules.trainer -   	test_METEOR    : 0.16266754794668226
11/22/2021 10:39:52 - INFO - modules.trainer -   	test_ROUGE_L   : 0.37153711870171474
11/22/2021 10:39:55 - INFO - modules.trainer -   Saving checkpoint: results/iu_xray/current_checkpoint.pth ...
11/22/2021 10:39:59 - INFO - modules.trainer -   Saving current best: model_best.pth ...
11/22/2021 10:39:59 - INFO - modules.trainer -   [4/50] Start to train in the training set.
best performance in epoch:  3
11/22/2021 10:40:01 - INFO - modules.trainer -   [4/50] Step: 0/64, CE Loss: 1.86746, CON Loss: 0.31739.
11/22/2021 10:40:51 - INFO - modules.trainer -   [4/50] Step: 50/64, CE Loss: 1.81270, CON Loss: 0.31238.
11/22/2021 10:41:04 - INFO - modules.trainer -   [4/50] Start to evaluate in the validation set.
11/22/2021 10:41:18 - INFO - modules.trainer -   [4/50] Start to evaluate in the test set.
11/22/2021 10:41:40 - INFO - modules.trainer -   	epoch          : 4
11/22/2021 10:41:40 - INFO - modules.trainer -   	ce_loss        : 1.81197127699852
11/22/2021 10:41:40 - INFO - modules.trainer -   	con            : 0.31098132533952594
11/22/2021 10:41:40 - INFO - modules.trainer -   	val_BLEU_1     : 0.3125938749073789
11/22/2021 10:41:40 - INFO - modules.trainer -   	val_BLEU_2     : 0.1844253905187155
11/22/2021 10:41:40 - INFO - modules.trainer -   	val_BLEU_3     : 0.12657348230271526
11/22/2021 10:41:40 - INFO - modules.trainer -   	val_BLEU_4     : 0.09253178330262717
11/22/2021 10:41:40 - INFO - modules.trainer -   	val_METEOR     : 0.12836354807510394
11/22/2021 10:41:40 - INFO - modules.trainer -   	val_ROUGE_L    : 0.30892115933624853
11/22/2021 10:41:40 - INFO - modules.trainer -   	test_BLEU_1    : 0.3642731354511858
11/22/2021 10:41:40 - INFO - modules.trainer -   	test_BLEU_2    : 0.22224944951368636
11/22/2021 10:41:40 - INFO - modules.trainer -   	test_BLEU_3    : 0.15756825088565807
11/22/2021 10:41:40 - INFO - modules.trainer -   	test_BLEU_4    : 0.11787419223087747
11/22/2021 10:41:40 - INFO - modules.trainer -   	test_METEOR    : 0.14690669723082717
11/22/2021 10:41:40 - INFO - modules.trainer -   	test_ROUGE_L   : 0.3334614819259321
11/22/2021 10:41:43 - INFO - modules.trainer -   Saving checkpoint: results/iu_xray/current_checkpoint.pth ...
11/22/2021 10:41:43 - INFO - modules.trainer -   [5/50] Start to train in the training set.
best performance in epoch:  3
11/22/2021 10:41:45 - INFO - modules.trainer -   [5/50] Step: 0/64, CE Loss: 1.78081, CON Loss: 0.30388.
11/22/2021 10:42:36 - INFO - modules.trainer -   [5/50] Step: 50/64, CE Loss: 1.62044, CON Loss: 0.29761.
11/22/2021 10:42:49 - INFO - modules.trainer -   [5/50] Start to evaluate in the validation set.
11/22/2021 10:43:02 - INFO - modules.trainer -   [5/50] Start to evaluate in the test set.
11/22/2021 10:43:25 - INFO - modules.trainer -   	epoch          : 5
11/22/2021 10:43:25 - INFO - modules.trainer -   	ce_loss        : 1.631947472691536
11/22/2021 10:43:25 - INFO - modules.trainer -   	con            : 0.2958581210114062
11/22/2021 10:43:25 - INFO - modules.trainer -   	val_BLEU_1     : 0.22156442237511176
11/22/2021 10:43:25 - INFO - modules.trainer -   	val_BLEU_2     : 0.13402550412786127
11/22/2021 10:43:25 - INFO - modules.trainer -   	val_BLEU_3     : 0.09429798464100227
11/22/2021 10:43:25 - INFO - modules.trainer -   	val_BLEU_4     : 0.07174763685862665
11/22/2021 10:43:25 - INFO - modules.trainer -   	val_METEOR     : 0.11093031242586301
11/22/2021 10:43:25 - INFO - modules.trainer -   	val_ROUGE_L    : 0.2975493528886975
11/22/2021 10:43:25 - INFO - modules.trainer -   	test_BLEU_1    : 0.26649924852175016
11/22/2021 10:43:25 - INFO - modules.trainer -   	test_BLEU_2    : 0.16492023365856073
11/22/2021 10:43:25 - INFO - modules.trainer -   	test_BLEU_3    : 0.11865860164654048
11/22/2021 10:43:25 - INFO - modules.trainer -   	test_BLEU_4    : 0.09074291787287744
11/22/2021 10:43:25 - INFO - modules.trainer -   	test_METEOR    : 0.12839014835285908
11/22/2021 10:43:25 - INFO - modules.trainer -   	test_ROUGE_L   : 0.31661362783725533
11/22/2021 10:43:28 - INFO - modules.trainer -   Saving checkpoint: results/iu_xray/current_checkpoint.pth ...
11/22/2021 10:43:28 - INFO - modules.trainer -   [6/50] Start to train in the training set.
best performance in epoch:  3
11/22/2021 10:43:30 - INFO - modules.trainer -   [6/50] Step: 0/64, CE Loss: 1.61272, CON Loss: 0.28694.
11/22/2021 10:44:21 - INFO - modules.trainer -   [6/50] Step: 50/64, CE Loss: 1.49106, CON Loss: 0.27913.
11/22/2021 10:44:34 - INFO - modules.trainer -   [6/50] Start to evaluate in the validation set.
11/22/2021 10:44:49 - INFO - modules.trainer -   [6/50] Start to evaluate in the test set.
11/22/2021 10:45:12 - INFO - modules.trainer -   	epoch          : 6
11/22/2021 10:45:12 - INFO - modules.trainer -   	ce_loss        : 1.513678316026926
11/22/2021 10:45:12 - INFO - modules.trainer -   	con            : 0.27696383791044354
11/22/2021 10:45:12 - INFO - modules.trainer -   	val_BLEU_1     : 0.41447727525995437
11/22/2021 10:45:12 - INFO - modules.trainer -   	val_BLEU_2     : 0.22399670222935322
11/22/2021 10:45:12 - INFO - modules.trainer -   	val_BLEU_3     : 0.14339088300015224
11/22/2021 10:45:12 - INFO - modules.trainer -   	val_BLEU_4     : 0.0993073485772785
11/22/2021 10:45:12 - INFO - modules.trainer -   	val_METEOR     : 0.15085154608302698
11/22/2021 10:45:12 - INFO - modules.trainer -   	val_ROUGE_L    : 0.30753162884797386
11/22/2021 10:45:12 - INFO - modules.trainer -   	test_BLEU_1    : 0.42649329945696074
11/22/2021 10:45:12 - INFO - modules.trainer -   	test_BLEU_2    : 0.25152265712597544
11/22/2021 10:45:12 - INFO - modules.trainer -   	test_BLEU_3    : 0.17674941507952047
11/22/2021 10:45:12 - INFO - modules.trainer -   	test_BLEU_4    : 0.1335042255527879
11/22/2021 10:45:12 - INFO - modules.trainer -   	test_METEOR    : 0.1731377323984655
11/22/2021 10:45:12 - INFO - modules.trainer -   	test_ROUGE_L   : 0.33849176943914644
11/22/2021 10:45:15 - INFO - modules.trainer -   Saving checkpoint: results/iu_xray/current_checkpoint.pth ...
11/22/2021 10:45:19 - INFO - modules.trainer -   Saving current best: model_best.pth ...
11/22/2021 10:45:19 - INFO - modules.trainer -   [7/50] Start to train in the training set.
best performance in epoch:  6
11/22/2021 10:45:20 - INFO - modules.trainer -   [7/50] Step: 0/64, CE Loss: 1.35861, CON Loss: 0.26597.
11/22/2021 10:46:12 - INFO - modules.trainer -   [7/50] Step: 50/64, CE Loss: 1.38408, CON Loss: 0.25646.
11/22/2021 10:46:26 - INFO - modules.trainer -   [7/50] Start to evaluate in the validation set.
11/22/2021 10:46:41 - INFO - modules.trainer -   [7/50] Start to evaluate in the test set.
11/22/2021 10:47:03 - INFO - modules.trainer -   	epoch          : 7
11/22/2021 10:47:03 - INFO - modules.trainer -   	ce_loss        : 1.4089610781520605
11/22/2021 10:47:03 - INFO - modules.trainer -   	con            : 0.2538354303687811
11/22/2021 10:47:03 - INFO - modules.trainer -   	val_BLEU_1     : 0.19958376087273294
11/22/2021 10:47:03 - INFO - modules.trainer -   	val_BLEU_2     : 0.11872790493347253
11/22/2021 10:47:04 - INFO - modules.trainer -   	val_BLEU_3     : 0.08408464513436395
11/22/2021 10:47:04 - INFO - modules.trainer -   	val_BLEU_4     : 0.06438438511803328
11/22/2021 10:47:04 - INFO - modules.trainer -   	val_METEOR     : 0.10372858638032957
11/22/2021 10:47:04 - INFO - modules.trainer -   	val_ROUGE_L    : 0.2949978902894414
11/22/2021 10:47:04 - INFO - modules.trainer -   	test_BLEU_1    : 0.24247156043652346
11/22/2021 10:47:04 - INFO - modules.trainer -   	test_BLEU_2    : 0.14720343906043193
11/22/2021 10:47:04 - INFO - modules.trainer -   	test_BLEU_3    : 0.10588161358245472
11/22/2021 10:47:04 - INFO - modules.trainer -   	test_BLEU_4    : 0.08132388647688112
11/22/2021 10:47:04 - INFO - modules.trainer -   	test_METEOR    : 0.1197479535971408
11/22/2021 10:47:04 - INFO - modules.trainer -   	test_ROUGE_L   : 0.31247270858192205
11/22/2021 10:47:07 - INFO - modules.trainer -   Saving checkpoint: results/iu_xray/current_checkpoint.pth ...
11/22/2021 10:47:07 - INFO - modules.trainer -   [8/50] Start to train in the training set.
best performance in epoch:  6
11/22/2021 10:47:09 - INFO - modules.trainer -   [8/50] Step: 0/64, CE Loss: 1.24318, CON Loss: 0.24053.
11/22/2021 10:48:00 - INFO - modules.trainer -   [8/50] Step: 50/64, CE Loss: 1.28644, CON Loss: 0.22925.
11/22/2021 10:48:13 - INFO - modules.trainer -   [8/50] Start to evaluate in the validation set.
11/22/2021 10:48:27 - INFO - modules.trainer -   [8/50] Start to evaluate in the test set.
11/22/2021 10:48:49 - INFO - modules.trainer -   	epoch          : 8
11/22/2021 10:48:49 - INFO - modules.trainer -   	ce_loss        : 1.3041945174336433
11/22/2021 10:48:49 - INFO - modules.trainer -   	con            : 0.22619165433570743
11/22/2021 10:48:49 - INFO - modules.trainer -   	val_BLEU_1     : 0.21533595166277797
11/22/2021 10:48:49 - INFO - modules.trainer -   	val_BLEU_2     : 0.1281400119583573
11/22/2021 10:48:49 - INFO - modules.trainer -   	val_BLEU_3     : 0.09030952936060428
11/22/2021 10:48:49 - INFO - modules.trainer -   	val_BLEU_4     : 0.06868906492929507
11/22/2021 10:48:49 - INFO - modules.trainer -   	val_METEOR     : 0.10746008953412388
11/22/2021 10:48:49 - INFO - modules.trainer -   	val_ROUGE_L    : 0.2984074773567045
11/22/2021 10:48:49 - INFO - modules.trainer -   	test_BLEU_1    : 0.25178522221869626
11/22/2021 10:48:49 - INFO - modules.trainer -   	test_BLEU_2    : 0.15331135185764513
11/22/2021 10:48:49 - INFO - modules.trainer -   	test_BLEU_3    : 0.10994098852505067
11/22/2021 10:48:49 - INFO - modules.trainer -   	test_BLEU_4    : 0.08405592005490983
11/22/2021 10:48:49 - INFO - modules.trainer -   	test_METEOR    : 0.12197349740494906
11/22/2021 10:48:49 - INFO - modules.trainer -   	test_ROUGE_L   : 0.3126754070162443
11/22/2021 10:48:52 - INFO - modules.trainer -   Saving checkpoint: results/iu_xray/current_checkpoint.pth ...
11/22/2021 10:48:52 - INFO - modules.trainer -   [9/50] Start to train in the training set.
best performance in epoch:  6
11/22/2021 10:48:54 - INFO - modules.trainer -   [9/50] Step: 0/64, CE Loss: 1.23088, CON Loss: 0.21078.
11/22/2021 10:49:44 - INFO - modules.trainer -   [9/50] Step: 50/64, CE Loss: 1.20527, CON Loss: 0.19826.
11/22/2021 10:49:57 - INFO - modules.trainer -   [9/50] Start to evaluate in the validation set.
11/22/2021 10:50:12 - INFO - modules.trainer -   [9/50] Start to evaluate in the test set.
11/22/2021 10:50:33 - INFO - modules.trainer -   	epoch          : 9
11/22/2021 10:50:33 - INFO - modules.trainer -   	ce_loss        : 1.2196611240506172
11/22/2021 10:50:33 - INFO - modules.trainer -   	con            : 0.19496796349994838
11/22/2021 10:50:33 - INFO - modules.trainer -   	val_BLEU_1     : 0.41089159698659145
11/22/2021 10:50:33 - INFO - modules.trainer -   	val_BLEU_2     : 0.226184442687572
11/22/2021 10:50:33 - INFO - modules.trainer -   	val_BLEU_3     : 0.14586263203150382
11/22/2021 10:50:33 - INFO - modules.trainer -   	val_BLEU_4     : 0.1015179840405465
11/22/2021 10:50:33 - INFO - modules.trainer -   	val_METEOR     : 0.151842163203069
11/22/2021 10:50:33 - INFO - modules.trainer -   	val_ROUGE_L    : 0.30872754629369487
11/22/2021 10:50:33 - INFO - modules.trainer -   	test_BLEU_1    : 0.44032174364294546
11/22/2021 10:50:33 - INFO - modules.trainer -   	test_BLEU_2    : 0.2637431779048354
11/22/2021 10:50:33 - INFO - modules.trainer -   	test_BLEU_3    : 0.1864266244196876
11/22/2021 10:50:33 - INFO - modules.trainer -   	test_BLEU_4    : 0.14180028359130084
11/22/2021 10:50:33 - INFO - modules.trainer -   	test_METEOR    : 0.17342165934387738
11/22/2021 10:50:33 - INFO - modules.trainer -   	test_ROUGE_L   : 0.3413291797146141
11/22/2021 10:50:37 - INFO - modules.trainer -   Saving checkpoint: results/iu_xray/current_checkpoint.pth ...
11/22/2021 10:50:41 - INFO - modules.trainer -   Saving current best: model_best.pth ...
11/22/2021 10:50:41 - INFO - modules.trainer -   [10/50] Start to train in the training set.
best performance in epoch:  9
11/22/2021 10:50:42 - INFO - modules.trainer -   [10/50] Step: 0/64, CE Loss: 1.11062, CON Loss: 0.17848.
11/22/2021 10:51:32 - INFO - modules.trainer -   [10/50] Step: 50/64, CE Loss: 1.12775, CON Loss: 0.16586.
11/22/2021 10:51:45 - INFO - modules.trainer -   [10/50] Start to evaluate in the validation set.
11/22/2021 10:51:59 - INFO - modules.trainer -   [10/50] Start to evaluate in the test set.
11/22/2021 10:52:20 - INFO - modules.trainer -   	epoch          : 10
11/22/2021 10:52:20 - INFO - modules.trainer -   	ce_loss        : 1.143130037933588
11/22/2021 10:52:20 - INFO - modules.trainer -   	con            : 0.16264238022267818
11/22/2021 10:52:20 - INFO - modules.trainer -   	val_BLEU_1     : 0.28807343710482
11/22/2021 10:52:20 - INFO - modules.trainer -   	val_BLEU_2     : 0.17608752241741293
11/22/2021 10:52:20 - INFO - modules.trainer -   	val_BLEU_3     : 0.12208642110294254
11/22/2021 10:52:20 - INFO - modules.trainer -   	val_BLEU_4     : 0.09038573089517056
11/22/2021 10:52:20 - INFO - modules.trainer -   	val_METEOR     : 0.1297844616087912
11/22/2021 10:52:20 - INFO - modules.trainer -   	val_ROUGE_L    : 0.3095276991802774
11/22/2021 10:52:20 - INFO - modules.trainer -   	test_BLEU_1    : 0.34161627802563727
11/22/2021 10:52:20 - INFO - modules.trainer -   	test_BLEU_2    : 0.21150046892920868
11/22/2021 10:52:20 - INFO - modules.trainer -   	test_BLEU_3    : 0.14820364581021384
11/22/2021 10:52:20 - INFO - modules.trainer -   	test_BLEU_4    : 0.10987488524191277
11/22/2021 10:52:20 - INFO - modules.trainer -   	test_METEOR    : 0.14917081206884755
11/22/2021 10:52:20 - INFO - modules.trainer -   	test_ROUGE_L   : 0.32972667988499127
11/22/2021 10:52:24 - INFO - modules.trainer -   Saving checkpoint: results/iu_xray/current_checkpoint.pth ...
11/22/2021 10:52:24 - INFO - modules.trainer -   [11/50] Start to train in the training set.
best performance in epoch:  9
11/22/2021 10:52:26 - INFO - modules.trainer -   [11/50] Step: 0/64, CE Loss: 0.98789, CON Loss: 0.14665.
11/22/2021 10:53:18 - INFO - modules.trainer -   [11/50] Step: 50/64, CE Loss: 1.01223, CON Loss: 0.13735.
11/22/2021 10:53:31 - INFO - modules.trainer -   [11/50] Start to evaluate in the validation set.
11/22/2021 10:53:46 - INFO - modules.trainer -   [11/50] Start to evaluate in the test set.
11/22/2021 10:54:09 - INFO - modules.trainer -   	epoch          : 11
11/22/2021 10:54:09 - INFO - modules.trainer -   	ce_loss        : 1.0237095123156905
11/22/2021 10:54:09 - INFO - modules.trainer -   	con            : 0.135034816339612
11/22/2021 10:54:09 - INFO - modules.trainer -   	val_BLEU_1     : 0.40755881593618054
11/22/2021 10:54:09 - INFO - modules.trainer -   	val_BLEU_2     : 0.24172869983570835
11/22/2021 10:54:09 - INFO - modules.trainer -   	val_BLEU_3     : 0.1642789131112686
11/22/2021 10:54:09 - INFO - modules.trainer -   	val_BLEU_4     : 0.12045655957025324
11/22/2021 10:54:09 - INFO - modules.trainer -   	val_METEOR     : 0.15439164728636667
11/22/2021 10:54:09 - INFO - modules.trainer -   	val_ROUGE_L    : 0.31684199031860666
11/22/2021 10:54:09 - INFO - modules.trainer -   	test_BLEU_1    : 0.4469923293849919
11/22/2021 10:54:09 - INFO - modules.trainer -   	test_BLEU_2    : 0.2740973499959576
11/22/2021 10:54:09 - INFO - modules.trainer -   	test_BLEU_3    : 0.19279308760024985
11/22/2021 10:54:09 - INFO - modules.trainer -   	test_BLEU_4    : 0.14412597319426004
11/22/2021 10:54:09 - INFO - modules.trainer -   	test_METEOR    : 0.1734569658575735
11/22/2021 10:54:09 - INFO - modules.trainer -   	test_ROUGE_L   : 0.3378751107412816
11/22/2021 10:54:13 - INFO - modules.trainer -   Saving checkpoint: results/iu_xray/current_checkpoint.pth ...
11/22/2021 10:54:17 - INFO - modules.trainer -   Saving current best: model_best.pth ...
11/22/2021 10:54:17 - INFO - modules.trainer -   [12/50] Start to train in the training set.
best performance in epoch:  11
11/22/2021 10:54:19 - INFO - modules.trainer -   [12/50] Step: 0/64, CE Loss: 0.73455, CON Loss: 0.12356.
11/22/2021 10:55:10 - INFO - modules.trainer -   [12/50] Step: 50/64, CE Loss: 0.91637, CON Loss: 0.11552.
11/22/2021 10:55:24 - INFO - modules.trainer -   [12/50] Start to evaluate in the validation set.
11/22/2021 10:55:39 - INFO - modules.trainer -   [12/50] Start to evaluate in the test set.
11/22/2021 10:56:01 - INFO - modules.trainer -   	epoch          : 12
11/22/2021 10:56:01 - INFO - modules.trainer -   	ce_loss        : 0.9291454693302512
11/22/2021 10:56:01 - INFO - modules.trainer -   	con            : 0.11354352172929794
11/22/2021 10:56:01 - INFO - modules.trainer -   	val_BLEU_1     : 0.31284987269466463
11/22/2021 10:56:01 - INFO - modules.trainer -   	val_BLEU_2     : 0.2036765816561221
11/22/2021 10:56:01 - INFO - modules.trainer -   	val_BLEU_3     : 0.1449680256230926
11/22/2021 10:56:01 - INFO - modules.trainer -   	val_BLEU_4     : 0.1074592429000157
11/22/2021 10:56:01 - INFO - modules.trainer -   	val_METEOR     : 0.14251552253019187
11/22/2021 10:56:01 - INFO - modules.trainer -   	val_ROUGE_L    : 0.3272685493961708
11/22/2021 10:56:01 - INFO - modules.trainer -   	test_BLEU_1    : 0.36230365035977713
11/22/2021 10:56:01 - INFO - modules.trainer -   	test_BLEU_2    : 0.24728178296523684
11/22/2021 10:56:01 - INFO - modules.trainer -   	test_BLEU_3    : 0.1808900319930495
11/22/2021 10:56:01 - INFO - modules.trainer -   	test_BLEU_4    : 0.1352600494641926
11/22/2021 10:56:01 - INFO - modules.trainer -   	test_METEOR    : 0.16367288301286495
11/22/2021 10:56:01 - INFO - modules.trainer -   	test_ROUGE_L   : 0.3527548423360174
11/22/2021 10:56:05 - INFO - modules.trainer -   Saving checkpoint: results/iu_xray/current_checkpoint.pth ...
11/22/2021 10:56:05 - INFO - modules.trainer -   [13/50] Start to train in the training set.
best performance in epoch:  11
11/22/2021 10:56:06 - INFO - modules.trainer -   [13/50] Step: 0/64, CE Loss: 0.71072, CON Loss: 0.10381.
11/22/2021 10:56:58 - INFO - modules.trainer -   [13/50] Step: 50/64, CE Loss: 0.85324, CON Loss: 0.09719.
11/22/2021 10:57:11 - INFO - modules.trainer -   [13/50] Start to evaluate in the validation set.
11/22/2021 10:57:26 - INFO - modules.trainer -   [13/50] Start to evaluate in the test set.
11/22/2021 10:57:48 - INFO - modules.trainer -   	epoch          : 13
11/22/2021 10:57:48 - INFO - modules.trainer -   	ce_loss        : 0.8710088012740016
11/22/2021 10:57:48 - INFO - modules.trainer -   	con            : 0.09559767693281174
11/22/2021 10:57:48 - INFO - modules.trainer -   	val_BLEU_1     : 0.4079170593779069
11/22/2021 10:57:48 - INFO - modules.trainer -   	val_BLEU_2     : 0.24839032158018842
11/22/2021 10:57:48 - INFO - modules.trainer -   	val_BLEU_3     : 0.16653921957800522
11/22/2021 10:57:48 - INFO - modules.trainer -   	val_BLEU_4     : 0.11506813686451695
11/22/2021 10:57:48 - INFO - modules.trainer -   	val_METEOR     : 0.16842427503176186
11/22/2021 10:57:48 - INFO - modules.trainer -   	val_ROUGE_L    : 0.31168361749056733
11/22/2021 10:57:48 - INFO - modules.trainer -   	test_BLEU_1    : 0.41173440719233884
11/22/2021 10:57:48 - INFO - modules.trainer -   	test_BLEU_2    : 0.2595636322542797
11/22/2021 10:57:48 - INFO - modules.trainer -   	test_BLEU_3    : 0.18124581465520914
11/22/2021 10:57:48 - INFO - modules.trainer -   	test_BLEU_4    : 0.13253514664865118
11/22/2021 10:57:48 - INFO - modules.trainer -   	test_METEOR    : 0.19028173800017498
11/22/2021 10:57:48 - INFO - modules.trainer -   	test_ROUGE_L   : 0.33633160698336956
11/22/2021 10:57:52 - INFO - modules.trainer -   Saving checkpoint: results/iu_xray/current_checkpoint.pth ...
11/22/2021 10:57:52 - INFO - modules.trainer -   [14/50] Start to train in the training set.
best performance in epoch:  11
11/22/2021 10:57:54 - INFO - modules.trainer -   [14/50] Step: 0/64, CE Loss: 0.79342, CON Loss: 0.08780.
11/22/2021 10:58:45 - INFO - modules.trainer -   [14/50] Step: 50/64, CE Loss: 0.80035, CON Loss: 0.08265.
11/22/2021 10:58:58 - INFO - modules.trainer -   [14/50] Start to evaluate in the validation set.
11/22/2021 10:59:14 - INFO - modules.trainer -   [14/50] Start to evaluate in the test set.
11/22/2021 10:59:37 - INFO - modules.trainer -   	epoch          : 14
11/22/2021 10:59:37 - INFO - modules.trainer -   	ce_loss        : 0.8176136109977961
11/22/2021 10:59:37 - INFO - modules.trainer -   	con            : 0.0814185228664428
11/22/2021 10:59:37 - INFO - modules.trainer -   	val_BLEU_1     : 0.40266046034941716
11/22/2021 10:59:37 - INFO - modules.trainer -   	val_BLEU_2     : 0.24760086399636505
11/22/2021 10:59:37 - INFO - modules.trainer -   	val_BLEU_3     : 0.16447142825339528
11/22/2021 10:59:37 - INFO - modules.trainer -   	val_BLEU_4     : 0.11483596967660259
11/22/2021 10:59:37 - INFO - modules.trainer -   	val_METEOR     : 0.1661299495018898
11/22/2021 10:59:37 - INFO - modules.trainer -   	val_ROUGE_L    : 0.32876346201106543
11/22/2021 10:59:37 - INFO - modules.trainer -   	test_BLEU_1    : 0.43799839981450556
11/22/2021 10:59:37 - INFO - modules.trainer -   	test_BLEU_2    : 0.2723742729689264
11/22/2021 10:59:37 - INFO - modules.trainer -   	test_BLEU_3    : 0.18639385691443497
11/22/2021 10:59:37 - INFO - modules.trainer -   	test_BLEU_4    : 0.1361541433774996
11/22/2021 10:59:37 - INFO - modules.trainer -   	test_METEOR    : 0.17908095542708413
11/22/2021 10:59:37 - INFO - modules.trainer -   	test_ROUGE_L   : 0.34270129025261004
11/22/2021 10:59:42 - INFO - modules.trainer -   Saving checkpoint: results/iu_xray/current_checkpoint.pth ...
11/22/2021 10:59:42 - INFO - modules.trainer -   [15/50] Start to train in the training set.
best performance in epoch:  11
11/22/2021 10:59:43 - INFO - modules.trainer -   [15/50] Step: 0/64, CE Loss: 0.66365, CON Loss: 0.07538.
11/22/2021 11:00:34 - INFO - modules.trainer -   [15/50] Step: 50/64, CE Loss: 0.74461, CON Loss: 0.07140.
11/22/2021 11:00:47 - INFO - modules.trainer -   [15/50] Start to evaluate in the validation set.
11/22/2021 11:01:03 - INFO - modules.trainer -   [15/50] Start to evaluate in the test set.
11/22/2021 11:01:25 - INFO - modules.trainer -   	epoch          : 15
11/22/2021 11:01:25 - INFO - modules.trainer -   	ce_loss        : 0.7635038904845715
11/22/2021 11:01:25 - INFO - modules.trainer -   	con            : 0.07045030372682959
11/22/2021 11:01:25 - INFO - modules.trainer -   	val_BLEU_1     : 0.23609904472139565
11/22/2021 11:01:25 - INFO - modules.trainer -   	val_BLEU_2     : 0.14249380048267676
11/22/2021 11:01:25 - INFO - modules.trainer -   	val_BLEU_3     : 0.09982652155786544
11/22/2021 11:01:25 - INFO - modules.trainer -   	val_BLEU_4     : 0.07546317381295177
11/22/2021 11:01:25 - INFO - modules.trainer -   	val_METEOR     : 0.11367776129248498
11/22/2021 11:01:25 - INFO - modules.trainer -   	val_ROUGE_L    : 0.3041185589813265
11/22/2021 11:01:25 - INFO - modules.trainer -   	test_BLEU_1    : 0.2774374095946147
11/22/2021 11:01:25 - INFO - modules.trainer -   	test_BLEU_2    : 0.16934292150078506
11/22/2021 11:01:25 - INFO - modules.trainer -   	test_BLEU_3    : 0.12084512023720213
11/22/2021 11:01:25 - INFO - modules.trainer -   	test_BLEU_4    : 0.09133735950474167
11/22/2021 11:01:25 - INFO - modules.trainer -   	test_METEOR    : 0.12880128228329366
11/22/2021 11:01:25 - INFO - modules.trainer -   	test_ROUGE_L   : 0.3180657882918294
11/22/2021 11:01:29 - INFO - modules.trainer -   Saving checkpoint: results/iu_xray/current_checkpoint.pth ...
11/22/2021 11:01:29 - INFO - modules.trainer -   [16/50] Start to train in the training set.
best performance in epoch:  11
11/22/2021 11:01:30 - INFO - modules.trainer -   [16/50] Step: 0/64, CE Loss: 0.62145, CON Loss: 0.06579.
11/22/2021 11:02:21 - INFO - modules.trainer -   [16/50] Step: 50/64, CE Loss: 0.71493, CON Loss: 0.06271.
11/22/2021 11:02:35 - INFO - modules.trainer -   [16/50] Start to evaluate in the validation set.
11/22/2021 11:02:49 - INFO - modules.trainer -   [16/50] Start to evaluate in the test set.
11/22/2021 11:03:12 - INFO - modules.trainer -   	epoch          : 16
11/22/2021 11:03:12 - INFO - modules.trainer -   	ce_loss        : 0.7246976131573319
11/22/2021 11:03:12 - INFO - modules.trainer -   	con            : 0.061971550749149173
11/22/2021 11:03:12 - INFO - modules.trainer -   	val_BLEU_1     : 0.2587015856177833
11/22/2021 11:03:12 - INFO - modules.trainer -   	val_BLEU_2     : 0.157979157471103
11/22/2021 11:03:12 - INFO - modules.trainer -   	val_BLEU_3     : 0.11063652525655818
11/22/2021 11:03:12 - INFO - modules.trainer -   	val_BLEU_4     : 0.08325492769325689
11/22/2021 11:03:12 - INFO - modules.trainer -   	val_METEOR     : 0.11781316071623281
11/22/2021 11:03:12 - INFO - modules.trainer -   	val_ROUGE_L    : 0.3059784392850945
11/22/2021 11:03:12 - INFO - modules.trainer -   	test_BLEU_1    : 0.2988642560206572
11/22/2021 11:03:12 - INFO - modules.trainer -   	test_BLEU_2    : 0.1843976751135903
11/22/2021 11:03:12 - INFO - modules.trainer -   	test_BLEU_3    : 0.1323812871525702
11/22/2021 11:03:12 - INFO - modules.trainer -   	test_BLEU_4    : 0.10045599875932813
11/22/2021 11:03:12 - INFO - modules.trainer -   	test_METEOR    : 0.13373801881511835
11/22/2021 11:03:12 - INFO - modules.trainer -   	test_ROUGE_L   : 0.32147186909880276
11/22/2021 11:03:16 - INFO - modules.trainer -   Saving checkpoint: results/iu_xray/current_checkpoint.pth ...
11/22/2021 11:03:16 - INFO - modules.trainer -   [17/50] Start to train in the training set.
best performance in epoch:  11
11/22/2021 11:03:17 - INFO - modules.trainer -   [17/50] Step: 0/64, CE Loss: 0.67115, CON Loss: 0.05832.
11/22/2021 11:04:09 - INFO - modules.trainer -   [17/50] Step: 50/64, CE Loss: 0.66798, CON Loss: 0.05587.
11/22/2021 11:04:22 - INFO - modules.trainer -   [17/50] Start to evaluate in the validation set.
11/22/2021 11:04:38 - INFO - modules.trainer -   [17/50] Start to evaluate in the test set.
11/22/2021 11:05:00 - INFO - modules.trainer -   	epoch          : 17
11/22/2021 11:05:00 - INFO - modules.trainer -   	ce_loss        : 0.6820738548412919
11/22/2021 11:05:00 - INFO - modules.trainer -   	con            : 0.05527117685414851
11/22/2021 11:05:00 - INFO - modules.trainer -   	val_BLEU_1     : 0.397183228571445
11/22/2021 11:05:00 - INFO - modules.trainer -   	val_BLEU_2     : 0.22515050222860644
11/22/2021 11:05:00 - INFO - modules.trainer -   	val_BLEU_3     : 0.1476564765278989
11/22/2021 11:05:00 - INFO - modules.trainer -   	val_BLEU_4     : 0.10433940566268989
11/22/2021 11:05:00 - INFO - modules.trainer -   	val_METEOR     : 0.1519356121928672
11/22/2021 11:05:00 - INFO - modules.trainer -   	val_ROUGE_L    : 0.31007110638673946
11/22/2021 11:05:00 - INFO - modules.trainer -   	test_BLEU_1    : 0.44235318858101874
11/22/2021 11:05:00 - INFO - modules.trainer -   	test_BLEU_2    : 0.27108951755436983
11/22/2021 11:05:00 - INFO - modules.trainer -   	test_BLEU_3    : 0.19335754602899194
11/22/2021 11:05:00 - INFO - modules.trainer -   	test_BLEU_4    : 0.14699026509652477
11/22/2021 11:05:00 - INFO - modules.trainer -   	test_METEOR    : 0.17564824191745662
11/22/2021 11:05:00 - INFO - modules.trainer -   	test_ROUGE_L   : 0.3418550834634279
11/22/2021 11:05:04 - INFO - modules.trainer -   Saving checkpoint: results/iu_xray/current_checkpoint.pth ...
11/22/2021 11:05:04 - INFO - modules.trainer -   [18/50] Start to train in the training set.
best performance in epoch:  11
11/22/2021 11:05:06 - INFO - modules.trainer -   [18/50] Step: 0/64, CE Loss: 0.59599, CON Loss: 0.05232.
11/22/2021 11:05:56 - INFO - modules.trainer -   [18/50] Step: 50/64, CE Loss: 0.64875, CON Loss: 0.05032.
11/22/2021 11:06:10 - INFO - modules.trainer -   [18/50] Start to evaluate in the validation set.
11/22/2021 11:06:25 - INFO - modules.trainer -   [18/50] Start to evaluate in the test set.
11/22/2021 11:06:48 - INFO - modules.trainer -   	epoch          : 18
11/22/2021 11:06:48 - INFO - modules.trainer -   	ce_loss        : 0.6508826911449432
11/22/2021 11:06:48 - INFO - modules.trainer -   	con            : 0.049825186433736235
11/22/2021 11:06:48 - INFO - modules.trainer -   	val_BLEU_1     : 0.28355373415381785
11/22/2021 11:06:48 - INFO - modules.trainer -   	val_BLEU_2     : 0.15914605192424683
11/22/2021 11:06:48 - INFO - modules.trainer -   	val_BLEU_3     : 0.10178005402901578
11/22/2021 11:06:48 - INFO - modules.trainer -   	val_BLEU_4     : 0.06972057480722817
11/22/2021 11:06:48 - INFO - modules.trainer -   	val_METEOR     : 0.12469217815550628
11/22/2021 11:06:48 - INFO - modules.trainer -   	val_ROUGE_L    : 0.30283901231700955
11/22/2021 11:06:48 - INFO - modules.trainer -   	test_BLEU_1    : 0.32511236190905235
11/22/2021 11:06:48 - INFO - modules.trainer -   	test_BLEU_2    : 0.18920721909415386
11/22/2021 11:06:48 - INFO - modules.trainer -   	test_BLEU_3    : 0.12688531582002474
11/22/2021 11:06:48 - INFO - modules.trainer -   	test_BLEU_4    : 0.09204133090895074
11/22/2021 11:06:48 - INFO - modules.trainer -   	test_METEOR    : 0.1397802055819222
11/22/2021 11:06:48 - INFO - modules.trainer -   	test_ROUGE_L   : 0.3264172320545208
11/22/2021 11:06:51 - INFO - modules.trainer -   Saving checkpoint: results/iu_xray/current_checkpoint.pth ...
11/22/2021 11:06:51 - INFO - modules.trainer -   [19/50] Start to train in the training set.
best performance in epoch:  11
11/22/2021 11:06:53 - INFO - modules.trainer -   [19/50] Step: 0/64, CE Loss: 0.50898, CON Loss: 0.04739.
11/22/2021 11:07:44 - INFO - modules.trainer -   [19/50] Step: 50/64, CE Loss: 0.60255, CON Loss: 0.04568.
11/22/2021 11:07:57 - INFO - modules.trainer -   [19/50] Start to evaluate in the validation set.
11/22/2021 11:08:12 - INFO - modules.trainer -   [19/50] Start to evaluate in the test set.
11/22/2021 11:08:35 - INFO - modules.trainer -   	epoch          : 19
11/22/2021 11:08:35 - INFO - modules.trainer -   	ce_loss        : 0.617871799506247
11/22/2021 11:08:35 - INFO - modules.trainer -   	con            : 0.04526392288971692
11/22/2021 11:08:35 - INFO - modules.trainer -   	val_BLEU_1     : 0.4171153301218081
11/22/2021 11:08:35 - INFO - modules.trainer -   	val_BLEU_2     : 0.2571143211026611
11/22/2021 11:08:35 - INFO - modules.trainer -   	val_BLEU_3     : 0.1747623020954577
11/22/2021 11:08:35 - INFO - modules.trainer -   	val_BLEU_4     : 0.12315389398842806
11/22/2021 11:08:35 - INFO - modules.trainer -   	val_METEOR     : 0.17193539424049537
11/22/2021 11:08:35 - INFO - modules.trainer -   	val_ROUGE_L    : 0.3175148368547904
11/22/2021 11:08:35 - INFO - modules.trainer -   	test_BLEU_1    : 0.40772309865785694
11/22/2021 11:08:35 - INFO - modules.trainer -   	test_BLEU_2    : 0.2566008036527272
11/22/2021 11:08:35 - INFO - modules.trainer -   	test_BLEU_3    : 0.1801238081356886
11/22/2021 11:08:35 - INFO - modules.trainer -   	test_BLEU_4    : 0.13289805500390423
11/22/2021 11:08:35 - INFO - modules.trainer -   	test_METEOR    : 0.1876805856760434
11/22/2021 11:08:35 - INFO - modules.trainer -   	test_ROUGE_L   : 0.33449485115741284
11/22/2021 11:08:39 - INFO - modules.trainer -   Saving checkpoint: results/iu_xray/current_checkpoint.pth ...
11/22/2021 11:08:42 - INFO - modules.trainer -   Saving current best: model_best.pth ...
11/22/2021 11:08:42 - INFO - modules.trainer -   [20/50] Start to train in the training set.
best performance in epoch:  19
11/22/2021 11:08:44 - INFO - modules.trainer -   [20/50] Step: 0/64, CE Loss: 0.49514, CON Loss: 0.04318.
11/22/2021 11:09:35 - INFO - modules.trainer -   [20/50] Step: 50/64, CE Loss: 0.58327, CON Loss: 0.04171.
11/22/2021 11:09:49 - INFO - modules.trainer -   [20/50] Start to evaluate in the validation set.
11/22/2021 11:10:03 - INFO - modules.trainer -   [20/50] Start to evaluate in the test set.
11/22/2021 11:10:26 - INFO - modules.trainer -   	epoch          : 20
11/22/2021 11:10:26 - INFO - modules.trainer -   	ce_loss        : 0.5910875052213669
11/22/2021 11:10:26 - INFO - modules.trainer -   	con            : 0.04133952548727393
11/22/2021 11:10:26 - INFO - modules.trainer -   	val_BLEU_1     : 0.4142926486655157
11/22/2021 11:10:26 - INFO - modules.trainer -   	val_BLEU_2     : 0.23601560597265014
11/22/2021 11:10:26 - INFO - modules.trainer -   	val_BLEU_3     : 0.1557923095314494
11/22/2021 11:10:26 - INFO - modules.trainer -   	val_BLEU_4     : 0.10999827062510383
11/22/2021 11:10:26 - INFO - modules.trainer -   	val_METEOR     : 0.15437161220462403
11/22/2021 11:10:26 - INFO - modules.trainer -   	val_ROUGE_L    : 0.3150176057637378
11/22/2021 11:10:26 - INFO - modules.trainer -   	test_BLEU_1    : 0.4421366510719016
11/22/2021 11:10:26 - INFO - modules.trainer -   	test_BLEU_2    : 0.2692686922745987
11/22/2021 11:10:26 - INFO - modules.trainer -   	test_BLEU_3    : 0.19056887131132028
11/22/2021 11:10:26 - INFO - modules.trainer -   	test_BLEU_4    : 0.14325682877990892
11/22/2021 11:10:26 - INFO - modules.trainer -   	test_METEOR    : 0.17551262495390502
11/22/2021 11:10:26 - INFO - modules.trainer -   	test_ROUGE_L   : 0.34533461597813897
11/22/2021 11:10:29 - INFO - modules.trainer -   Saving checkpoint: results/iu_xray/current_checkpoint.pth ...
11/22/2021 11:10:29 - INFO - modules.trainer -   [21/50] Start to train in the training set.
best performance in epoch:  19
11/22/2021 11:10:31 - INFO - modules.trainer -   [21/50] Step: 0/64, CE Loss: 0.52485, CON Loss: 0.03951.
11/22/2021 11:11:22 - INFO - modules.trainer -   [21/50] Step: 50/64, CE Loss: 0.52133, CON Loss: 0.03845.
11/22/2021 11:11:36 - INFO - modules.trainer -   [21/50] Start to evaluate in the validation set.
11/22/2021 11:11:50 - INFO - modules.trainer -   [21/50] Start to evaluate in the test set.
11/22/2021 11:12:14 - INFO - modules.trainer -   	epoch          : 21
11/22/2021 11:12:14 - INFO - modules.trainer -   	ce_loss        : 0.5266732377931476
11/22/2021 11:12:14 - INFO - modules.trainer -   	con            : 0.03818607778521255
11/22/2021 11:12:14 - INFO - modules.trainer -   	val_BLEU_1     : 0.2437657561073291
11/22/2021 11:12:14 - INFO - modules.trainer -   	val_BLEU_2     : 0.14661938637311778
11/22/2021 11:12:14 - INFO - modules.trainer -   	val_BLEU_3     : 0.10207899377704861
11/22/2021 11:12:14 - INFO - modules.trainer -   	val_BLEU_4     : 0.07655936608695889
11/22/2021 11:12:14 - INFO - modules.trainer -   	val_METEOR     : 0.11619459116179605
11/22/2021 11:12:14 - INFO - modules.trainer -   	val_ROUGE_L    : 0.3013673074232912
11/22/2021 11:12:14 - INFO - modules.trainer -   	test_BLEU_1    : 0.2867945734279752
11/22/2021 11:12:14 - INFO - modules.trainer -   	test_BLEU_2    : 0.17552248102780782
11/22/2021 11:12:14 - INFO - modules.trainer -   	test_BLEU_3    : 0.12503072648764788
11/22/2021 11:12:14 - INFO - modules.trainer -   	test_BLEU_4    : 0.09439603112412012
11/22/2021 11:12:14 - INFO - modules.trainer -   	test_METEOR    : 0.13133883788629344
11/22/2021 11:12:14 - INFO - modules.trainer -   	test_ROUGE_L   : 0.3184219776035995
11/22/2021 11:12:17 - INFO - modules.trainer -   Saving checkpoint: results/iu_xray/current_checkpoint.pth ...
11/22/2021 11:12:17 - INFO - modules.trainer -   [22/50] Start to train in the training set.
best performance in epoch:  19
11/22/2021 11:12:19 - INFO - modules.trainer -   [22/50] Step: 0/64, CE Loss: 0.43283, CON Loss: 0.03687.
11/22/2021 11:13:11 - INFO - modules.trainer -   [22/50] Step: 50/64, CE Loss: 0.48031, CON Loss: 0.03592.
11/22/2021 11:13:25 - INFO - modules.trainer -   [22/50] Start to evaluate in the validation set.
11/22/2021 11:13:41 - INFO - modules.trainer -   [22/50] Start to evaluate in the test set.
11/22/2021 11:14:05 - INFO - modules.trainer -   	epoch          : 22
11/22/2021 11:14:05 - INFO - modules.trainer -   	ce_loss        : 0.4859906486235559
11/22/2021 11:14:05 - INFO - modules.trainer -   	con            : 0.03568126168102026
11/22/2021 11:14:05 - INFO - modules.trainer -   	val_BLEU_1     : 0.394795492317783
11/22/2021 11:14:05 - INFO - modules.trainer -   	val_BLEU_2     : 0.2471496518338308
11/22/2021 11:14:05 - INFO - modules.trainer -   	val_BLEU_3     : 0.16866550821658824
11/22/2021 11:14:05 - INFO - modules.trainer -   	val_BLEU_4     : 0.12208827362842364
11/22/2021 11:14:05 - INFO - modules.trainer -   	val_METEOR     : 0.16871085519474066
11/22/2021 11:14:05 - INFO - modules.trainer -   	val_ROUGE_L    : 0.33342351277829013
11/22/2021 11:14:05 - INFO - modules.trainer -   	test_BLEU_1    : 0.4252509924943132
11/22/2021 11:14:05 - INFO - modules.trainer -   	test_BLEU_2    : 0.2709083475125036
11/22/2021 11:14:05 - INFO - modules.trainer -   	test_BLEU_3    : 0.19094974803313736
11/22/2021 11:14:05 - INFO - modules.trainer -   	test_BLEU_4    : 0.14334876008446942
11/22/2021 11:14:05 - INFO - modules.trainer -   	test_METEOR    : 0.18090796706109036
11/22/2021 11:14:05 - INFO - modules.trainer -   	test_ROUGE_L   : 0.3491882736185585
11/22/2021 11:14:08 - INFO - modules.trainer -   Saving checkpoint: results/iu_xray/current_checkpoint.pth ...
11/22/2021 11:14:08 - INFO - modules.trainer -   [23/50] Start to train in the training set.
best performance in epoch:  19
11/22/2021 11:14:10 - INFO - modules.trainer -   [23/50] Step: 0/64, CE Loss: 0.45204, CON Loss: 0.03450.
11/22/2021 11:15:02 - INFO - modules.trainer -   [23/50] Step: 50/64, CE Loss: 0.45649, CON Loss: 0.03364.
11/22/2021 11:15:15 - INFO - modules.trainer -   [23/50] Start to evaluate in the validation set.
11/22/2021 11:15:30 - INFO - modules.trainer -   [23/50] Start to evaluate in the test set.
11/22/2021 11:15:52 - INFO - modules.trainer -   	epoch          : 23
11/22/2021 11:15:52 - INFO - modules.trainer -   	ce_loss        : 0.46519604744389653
11/22/2021 11:15:52 - INFO - modules.trainer -   	con            : 0.0334265815326944
11/22/2021 11:15:52 - INFO - modules.trainer -   	val_BLEU_1     : 0.24848107765476884
11/22/2021 11:15:52 - INFO - modules.trainer -   	val_BLEU_2     : 0.14881771419522066
11/22/2021 11:15:52 - INFO - modules.trainer -   	val_BLEU_3     : 0.10340026928430997
11/22/2021 11:15:52 - INFO - modules.trainer -   	val_BLEU_4     : 0.07731761125935506
11/22/2021 11:15:52 - INFO - modules.trainer -   	val_METEOR     : 0.11696874336633625
11/22/2021 11:15:52 - INFO - modules.trainer -   	val_ROUGE_L    : 0.2987913304490553
11/22/2021 11:15:52 - INFO - modules.trainer -   	test_BLEU_1    : 0.28977185836847486
11/22/2021 11:15:52 - INFO - modules.trainer -   	test_BLEU_2    : 0.1783925790715133
11/22/2021 11:15:52 - INFO - modules.trainer -   	test_BLEU_3    : 0.12737972403454997
11/22/2021 11:15:52 - INFO - modules.trainer -   	test_BLEU_4    : 0.09625639965231969
11/22/2021 11:15:52 - INFO - modules.trainer -   	test_METEOR    : 0.13284643921730033
11/22/2021 11:15:52 - INFO - modules.trainer -   	test_ROUGE_L   : 0.31737160655585644
11/22/2021 11:15:56 - INFO - modules.trainer -   Saving checkpoint: results/iu_xray/current_checkpoint.pth ...
11/22/2021 11:15:56 - INFO - modules.trainer -   [24/50] Start to train in the training set.
best performance in epoch:  19
11/22/2021 11:15:58 - INFO - modules.trainer -   [24/50] Step: 0/64, CE Loss: 0.43965, CON Loss: 0.03235.
11/22/2021 11:16:49 - INFO - modules.trainer -   [24/50] Step: 50/64, CE Loss: 0.43923, CON Loss: 0.03157.
11/22/2021 11:17:02 - INFO - modules.trainer -   [24/50] Start to evaluate in the validation set.
11/22/2021 11:17:18 - INFO - modules.trainer -   [24/50] Start to evaluate in the test set.
11/22/2021 11:17:40 - INFO - modules.trainer -   	epoch          : 24
11/22/2021 11:17:40 - INFO - modules.trainer -   	ce_loss        : 0.44593642419204116
11/22/2021 11:17:40 - INFO - modules.trainer -   	con            : 0.03136866120621562
11/22/2021 11:17:40 - INFO - modules.trainer -   	val_BLEU_1     : 0.26979532891682445
11/22/2021 11:17:40 - INFO - modules.trainer -   	val_BLEU_2     : 0.14359725185856187
11/22/2021 11:17:40 - INFO - modules.trainer -   	val_BLEU_3     : 0.08535483873347095
11/22/2021 11:17:40 - INFO - modules.trainer -   	val_BLEU_4     : 0.05241544813983937
11/22/2021 11:17:40 - INFO - modules.trainer -   	val_METEOR     : 0.11723680218596706
11/22/2021 11:17:40 - INFO - modules.trainer -   	val_ROUGE_L    : 0.24769591206150315
11/22/2021 11:17:40 - INFO - modules.trainer -   	test_BLEU_1    : 0.3158013330239782
11/22/2021 11:17:40 - INFO - modules.trainer -   	test_BLEU_2    : 0.18611399504745346
11/22/2021 11:17:40 - INFO - modules.trainer -   	test_BLEU_3    : 0.12667207183041082
11/22/2021 11:17:40 - INFO - modules.trainer -   	test_BLEU_4    : 0.0933953326501963
11/22/2021 11:17:40 - INFO - modules.trainer -   	test_METEOR    : 0.13785859262316663
11/22/2021 11:17:40 - INFO - modules.trainer -   	test_ROUGE_L   : 0.28993578431966294
11/22/2021 11:17:44 - INFO - modules.trainer -   Saving checkpoint: results/iu_xray/current_checkpoint.pth ...
11/22/2021 11:17:44 - INFO - modules.trainer -   [25/50] Start to train in the training set.
best performance in epoch:  19
11/22/2021 11:17:45 - INFO - modules.trainer -   [25/50] Step: 0/64, CE Loss: 0.41738, CON Loss: 0.03039.
11/22/2021 11:18:36 - INFO - modules.trainer -   [25/50] Step: 50/64, CE Loss: 0.42834, CON Loss: 0.02968.
11/22/2021 11:18:49 - INFO - modules.trainer -   [25/50] Start to evaluate in the validation set.
11/22/2021 11:19:04 - INFO - modules.trainer -   [25/50] Start to evaluate in the test set.
11/22/2021 11:19:27 - INFO - modules.trainer -   	epoch          : 25
11/22/2021 11:19:27 - INFO - modules.trainer -   	ce_loss        : 0.4368842542171478
11/22/2021 11:19:27 - INFO - modules.trainer -   	con            : 0.02950024331221357
11/22/2021 11:19:27 - INFO - modules.trainer -   	val_BLEU_1     : 0.24812774476104604
11/22/2021 11:19:27 - INFO - modules.trainer -   	val_BLEU_2     : 0.1513741249220944
11/22/2021 11:19:27 - INFO - modules.trainer -   	val_BLEU_3     : 0.10597608555344996
11/22/2021 11:19:27 - INFO - modules.trainer -   	val_BLEU_4     : 0.0795807967555913
11/22/2021 11:19:27 - INFO - modules.trainer -   	val_METEOR     : 0.11717604185528262
11/22/2021 11:19:27 - INFO - modules.trainer -   	val_ROUGE_L    : 0.30380791274130137
11/22/2021 11:19:27 - INFO - modules.trainer -   	test_BLEU_1    : 0.28919011495717745
11/22/2021 11:19:27 - INFO - modules.trainer -   	test_BLEU_2    : 0.176899199720804
11/22/2021 11:19:27 - INFO - modules.trainer -   	test_BLEU_3    : 0.12496771061905669
11/22/2021 11:19:27 - INFO - modules.trainer -   	test_BLEU_4    : 0.09349412474576896
11/22/2021 11:19:27 - INFO - modules.trainer -   	test_METEOR    : 0.13124795014486038
11/22/2021 11:19:27 - INFO - modules.trainer -   	test_ROUGE_L   : 0.31718790280216413
11/22/2021 11:19:31 - INFO - modules.trainer -   Saving checkpoint: results/iu_xray/current_checkpoint.pth ...
11/22/2021 11:19:31 - INFO - modules.trainer -   [26/50] Start to train in the training set.
best performance in epoch:  19
11/22/2021 11:19:33 - INFO - modules.trainer -   [26/50] Step: 0/64, CE Loss: 0.37756, CON Loss: 0.02860.
11/22/2021 11:20:24 - INFO - modules.trainer -   [26/50] Step: 50/64, CE Loss: 0.41927, CON Loss: 0.02794.
11/22/2021 11:20:37 - INFO - modules.trainer -   [26/50] Start to evaluate in the validation set.
11/22/2021 11:20:53 - INFO - modules.trainer -   [26/50] Start to evaluate in the test set.
11/22/2021 11:21:15 - INFO - modules.trainer -   	epoch          : 26
11/22/2021 11:21:15 - INFO - modules.trainer -   	ce_loss        : 0.4262288473546505
11/22/2021 11:21:15 - INFO - modules.trainer -   	con            : 0.027775755093898624
11/22/2021 11:21:15 - INFO - modules.trainer -   	val_BLEU_1     : 0.4196312084092181
11/22/2021 11:21:15 - INFO - modules.trainer -   	val_BLEU_2     : 0.23655342905922364
11/22/2021 11:21:15 - INFO - modules.trainer -   	val_BLEU_3     : 0.1551135404147009
11/22/2021 11:21:15 - INFO - modules.trainer -   	val_BLEU_4     : 0.11002318419525997
11/22/2021 11:21:15 - INFO - modules.trainer -   	val_METEOR     : 0.1575234825690833
11/22/2021 11:21:15 - INFO - modules.trainer -   	val_ROUGE_L    : 0.31147411941482095
11/22/2021 11:21:15 - INFO - modules.trainer -   	test_BLEU_1    : 0.4346165294175794
11/22/2021 11:21:15 - INFO - modules.trainer -   	test_BLEU_2    : 0.26269422562833866
11/22/2021 11:21:15 - INFO - modules.trainer -   	test_BLEU_3    : 0.185096851066144
11/22/2021 11:21:15 - INFO - modules.trainer -   	test_BLEU_4    : 0.13959262650754298
11/22/2021 11:21:15 - INFO - modules.trainer -   	test_METEOR    : 0.18003257246563434
11/22/2021 11:21:15 - INFO - modules.trainer -   	test_ROUGE_L   : 0.34125563401944764
11/22/2021 11:21:19 - INFO - modules.trainer -   Saving checkpoint: results/iu_xray/current_checkpoint.pth ...
11/22/2021 11:21:19 - INFO - modules.trainer -   [27/50] Start to train in the training set.
best performance in epoch:  19
11/22/2021 11:21:21 - INFO - modules.trainer -   [27/50] Step: 0/64, CE Loss: 0.36848, CON Loss: 0.02695.
11/22/2021 11:22:11 - INFO - modules.trainer -   [27/50] Step: 50/64, CE Loss: 0.41403, CON Loss: 0.02635.
11/22/2021 11:22:24 - INFO - modules.trainer -   [27/50] Start to evaluate in the validation set.
11/22/2021 11:22:39 - INFO - modules.trainer -   [27/50] Start to evaluate in the test set.
11/22/2021 11:23:02 - INFO - modules.trainer -   	epoch          : 27
11/22/2021 11:23:02 - INFO - modules.trainer -   	ce_loss        : 0.41977675585076213
11/22/2021 11:23:02 - INFO - modules.trainer -   	con            : 0.026200286694802344
11/22/2021 11:23:02 - INFO - modules.trainer -   	val_BLEU_1     : 0.2628750406563547
11/22/2021 11:23:02 - INFO - modules.trainer -   	val_BLEU_2     : 0.158491905753928
11/22/2021 11:23:02 - INFO - modules.trainer -   	val_BLEU_3     : 0.11012945522477495
11/22/2021 11:23:02 - INFO - modules.trainer -   	val_BLEU_4     : 0.08201489696156185
11/22/2021 11:23:02 - INFO - modules.trainer -   	val_METEOR     : 0.12095660361883252
11/22/2021 11:23:02 - INFO - modules.trainer -   	val_ROUGE_L    : 0.300010330716346
11/22/2021 11:23:02 - INFO - modules.trainer -   	test_BLEU_1    : 0.31041321885193995
11/22/2021 11:23:02 - INFO - modules.trainer -   	test_BLEU_2    : 0.18925924120505774
11/22/2021 11:23:02 - INFO - modules.trainer -   	test_BLEU_3    : 0.13345446413887058
11/22/2021 11:23:02 - INFO - modules.trainer -   	test_BLEU_4    : 0.09976336880946464
11/22/2021 11:23:02 - INFO - modules.trainer -   	test_METEOR    : 0.13658461620912807
11/22/2021 11:23:02 - INFO - modules.trainer -   	test_ROUGE_L   : 0.3161877234970385
11/22/2021 11:23:06 - INFO - modules.trainer -   Saving checkpoint: results/iu_xray/current_checkpoint.pth ...
11/22/2021 11:23:06 - INFO - modules.trainer -   [28/50] Start to train in the training set.
best performance in epoch:  19
11/22/2021 11:23:08 - INFO - modules.trainer -   [28/50] Step: 0/64, CE Loss: 0.38806, CON Loss: 0.02544.
11/22/2021 11:23:59 - INFO - modules.trainer -   [28/50] Step: 50/64, CE Loss: 0.40305, CON Loss: 0.02488.
11/22/2021 11:24:12 - INFO - modules.trainer -   [28/50] Start to evaluate in the validation set.
11/22/2021 11:24:28 - INFO - modules.trainer -   [28/50] Start to evaluate in the test set.
11/22/2021 11:24:50 - INFO - modules.trainer -   	epoch          : 28
11/22/2021 11:24:50 - INFO - modules.trainer -   	ce_loss        : 0.4075797568075359
11/22/2021 11:24:50 - INFO - modules.trainer -   	con            : 0.024742321867961437
11/22/2021 11:24:50 - INFO - modules.trainer -   	val_BLEU_1     : 0.2705796922546003
11/22/2021 11:24:50 - INFO - modules.trainer -   	val_BLEU_2     : 0.16211483761873943
11/22/2021 11:24:50 - INFO - modules.trainer -   	val_BLEU_3     : 0.1127066886524623
11/22/2021 11:24:50 - INFO - modules.trainer -   	val_BLEU_4     : 0.08461983890448757
11/22/2021 11:24:50 - INFO - modules.trainer -   	val_METEOR     : 0.1239013090924818
11/22/2021 11:24:50 - INFO - modules.trainer -   	val_ROUGE_L    : 0.2999020876166939
11/22/2021 11:24:50 - INFO - modules.trainer -   	test_BLEU_1    : 0.31632964578977607
11/22/2021 11:24:50 - INFO - modules.trainer -   	test_BLEU_2    : 0.19081116090644482
11/22/2021 11:24:50 - INFO - modules.trainer -   	test_BLEU_3    : 0.1331455233377521
11/22/2021 11:24:50 - INFO - modules.trainer -   	test_BLEU_4    : 0.09879706612789937
11/22/2021 11:24:50 - INFO - modules.trainer -   	test_METEOR    : 0.1380464372692271
11/22/2021 11:24:50 - INFO - modules.trainer -   	test_ROUGE_L   : 0.3150611408051424
11/22/2021 11:24:54 - INFO - modules.trainer -   Saving checkpoint: results/iu_xray/current_checkpoint.pth ...
11/22/2021 11:24:54 - INFO - modules.trainer -   [29/50] Start to train in the training set.
best performance in epoch:  19
11/22/2021 11:24:56 - INFO - modules.trainer -   [29/50] Step: 0/64, CE Loss: 0.36598, CON Loss: 0.02404.
11/22/2021 11:25:47 - INFO - modules.trainer -   [29/50] Step: 50/64, CE Loss: 0.39625, CON Loss: 0.02353.
11/22/2021 11:26:01 - INFO - modules.trainer -   [29/50] Start to evaluate in the validation set.
11/22/2021 11:26:16 - INFO - modules.trainer -   [29/50] Start to evaluate in the test set.
11/22/2021 11:26:39 - INFO - modules.trainer -   	epoch          : 29
11/22/2021 11:26:39 - INFO - modules.trainer -   	ce_loss        : 0.40122658805921674
11/22/2021 11:26:39 - INFO - modules.trainer -   	con            : 0.02340678294422105
11/22/2021 11:26:39 - INFO - modules.trainer -   	val_BLEU_1     : 0.27633892898282303
11/22/2021 11:26:39 - INFO - modules.trainer -   	val_BLEU_2     : 0.16023939923147562
11/22/2021 11:26:39 - INFO - modules.trainer -   	val_BLEU_3     : 0.10804511659799815
11/22/2021 11:26:39 - INFO - modules.trainer -   	val_BLEU_4     : 0.07948458120887288
11/22/2021 11:26:39 - INFO - modules.trainer -   	val_METEOR     : 0.1180542716902469
11/22/2021 11:26:39 - INFO - modules.trainer -   	val_ROUGE_L    : 0.28667196734727446
11/22/2021 11:26:39 - INFO - modules.trainer -   	test_BLEU_1    : 0.31402874353638544
11/22/2021 11:26:39 - INFO - modules.trainer -   	test_BLEU_2    : 0.18634356018169237
11/22/2021 11:26:39 - INFO - modules.trainer -   	test_BLEU_3    : 0.12965499564892277
11/22/2021 11:26:39 - INFO - modules.trainer -   	test_BLEU_4    : 0.09698592787897334
11/22/2021 11:26:39 - INFO - modules.trainer -   	test_METEOR    : 0.13130157861315644
11/22/2021 11:26:39 - INFO - modules.trainer -   	test_ROUGE_L   : 0.3076623918922183
11/22/2021 11:26:42 - INFO - modules.trainer -   Saving checkpoint: results/iu_xray/current_checkpoint.pth ...
11/22/2021 11:26:42 - INFO - modules.trainer -   [30/50] Start to train in the training set.
best performance in epoch:  19
11/22/2021 11:26:44 - INFO - modules.trainer -   [30/50] Step: 0/64, CE Loss: 0.33042, CON Loss: 0.02277.
11/22/2021 11:27:35 - INFO - modules.trainer -   [30/50] Step: 50/64, CE Loss: 0.39002, CON Loss: 0.02230.
11/22/2021 11:27:48 - INFO - modules.trainer -   [30/50] Start to evaluate in the validation set.
11/22/2021 11:28:03 - INFO - modules.trainer -   [30/50] Start to evaluate in the test set.
11/22/2021 11:28:26 - INFO - modules.trainer -   	epoch          : 30
11/22/2021 11:28:26 - INFO - modules.trainer -   	ce_loss        : 0.3953503188677132
11/22/2021 11:28:26 - INFO - modules.trainer -   	con            : 0.022180982312420383
11/22/2021 11:28:26 - INFO - modules.trainer -   	val_BLEU_1     : 0.4411116424501682
11/22/2021 11:28:26 - INFO - modules.trainer -   	val_BLEU_2     : 0.2746049528855426
11/22/2021 11:28:26 - INFO - modules.trainer -   	val_BLEU_3     : 0.1898017901034303
11/22/2021 11:28:26 - INFO - modules.trainer -   	val_BLEU_4     : 0.1379874813598429
11/22/2021 11:28:26 - INFO - modules.trainer -   	val_METEOR     : 0.18141861706703513
11/22/2021 11:28:26 - INFO - modules.trainer -   	val_ROUGE_L    : 0.3432559915412279
11/22/2021 11:28:26 - INFO - modules.trainer -   	test_BLEU_1    : 0.4835081690331714
11/22/2021 11:28:26 - INFO - modules.trainer -   	test_BLEU_2    : 0.3045476123626166
11/22/2021 11:28:26 - INFO - modules.trainer -   	test_BLEU_3    : 0.21388522036194224
11/22/2021 11:28:26 - INFO - modules.trainer -   	test_BLEU_4    : 0.15566487554227462
11/22/2021 11:28:26 - INFO - modules.trainer -   	test_METEOR    : 0.19783435256295157
11/22/2021 11:28:26 - INFO - modules.trainer -   	test_ROUGE_L   : 0.36527110787331857
11/22/2021 11:28:29 - INFO - modules.trainer -   Saving checkpoint: results/iu_xray/current_checkpoint.pth ...
11/22/2021 11:28:33 - INFO - modules.trainer -   Saving current best: model_best.pth ...
11/22/2021 11:28:33 - INFO - modules.trainer -   [31/50] Start to train in the training set.
best performance in epoch:  30
11/22/2021 11:28:34 - INFO - modules.trainer -   [31/50] Step: 0/64, CE Loss: 0.32968, CON Loss: 0.02159.
11/22/2021 11:29:25 - INFO - modules.trainer -   [31/50] Step: 50/64, CE Loss: 0.36364, CON Loss: 0.02124.
11/22/2021 11:29:39 - INFO - modules.trainer -   [31/50] Start to evaluate in the validation set.
11/22/2021 11:29:53 - INFO - modules.trainer -   [31/50] Start to evaluate in the test set.
11/22/2021 11:30:16 - INFO - modules.trainer -   	epoch          : 31
11/22/2021 11:30:16 - INFO - modules.trainer -   	ce_loss        : 0.366495321970433
11/22/2021 11:30:16 - INFO - modules.trainer -   	con            : 0.021150680811842903
11/22/2021 11:30:16 - INFO - modules.trainer -   	val_BLEU_1     : 0.27718326011904576
11/22/2021 11:30:16 - INFO - modules.trainer -   	val_BLEU_2     : 0.16696710848492488
11/22/2021 11:30:16 - INFO - modules.trainer -   	val_BLEU_3     : 0.11654129081366192
11/22/2021 11:30:16 - INFO - modules.trainer -   	val_BLEU_4     : 0.08713708921235402
11/22/2021 11:30:16 - INFO - modules.trainer -   	val_METEOR     : 0.121607335451017
11/22/2021 11:30:16 - INFO - modules.trainer -   	val_ROUGE_L    : 0.2971153278581685
11/22/2021 11:30:16 - INFO - modules.trainer -   	test_BLEU_1    : 0.31946776072358085
11/22/2021 11:30:16 - INFO - modules.trainer -   	test_BLEU_2    : 0.19176145911907455
11/22/2021 11:30:16 - INFO - modules.trainer -   	test_BLEU_3    : 0.13343709970501857
11/22/2021 11:30:16 - INFO - modules.trainer -   	test_BLEU_4    : 0.09839671030109401
11/22/2021 11:30:16 - INFO - modules.trainer -   	test_METEOR    : 0.13657455253807388
11/22/2021 11:30:16 - INFO - modules.trainer -   	test_ROUGE_L   : 0.31701328472437934
11/22/2021 11:30:20 - INFO - modules.trainer -   Saving checkpoint: results/iu_xray/current_checkpoint.pth ...
11/22/2021 11:30:20 - INFO - modules.trainer -   [32/50] Start to train in the training set.
best performance in epoch:  30
11/22/2021 11:30:21 - INFO - modules.trainer -   [32/50] Step: 0/64, CE Loss: 0.32415, CON Loss: 0.02070.
11/22/2021 11:31:12 - INFO - modules.trainer -   [32/50] Step: 50/64, CE Loss: 0.33780, CON Loss: 0.02037.
11/22/2021 11:31:25 - INFO - modules.trainer -   [32/50] Start to evaluate in the validation set.
11/22/2021 11:31:40 - INFO - modules.trainer -   [32/50] Start to evaluate in the test set.
11/22/2021 11:32:02 - INFO - modules.trainer -   	epoch          : 32
11/22/2021 11:32:02 - INFO - modules.trainer -   	ce_loss        : 0.3433177014812827
11/22/2021 11:32:02 - INFO - modules.trainer -   	con            : 0.020287638675654307
11/22/2021 11:32:02 - INFO - modules.trainer -   	val_BLEU_1     : 0.29109836569168135
11/22/2021 11:32:02 - INFO - modules.trainer -   	val_BLEU_2     : 0.17694606218256606
11/22/2021 11:32:02 - INFO - modules.trainer -   	val_BLEU_3     : 0.12166160384318589
11/22/2021 11:32:02 - INFO - modules.trainer -   	val_BLEU_4     : 0.08922307067084458
11/22/2021 11:32:02 - INFO - modules.trainer -   	val_METEOR     : 0.1296534552583109
11/22/2021 11:32:02 - INFO - modules.trainer -   	val_ROUGE_L    : 0.3056251305659396
11/22/2021 11:32:02 - INFO - modules.trainer -   	test_BLEU_1    : 0.3225872396465655
11/22/2021 11:32:02 - INFO - modules.trainer -   	test_BLEU_2    : 0.19815448960776275
11/22/2021 11:32:02 - INFO - modules.trainer -   	test_BLEU_3    : 0.13974067280999325
11/22/2021 11:32:02 - INFO - modules.trainer -   	test_BLEU_4    : 0.10465483127108656
11/22/2021 11:32:02 - INFO - modules.trainer -   	test_METEOR    : 0.14042213995471267
11/22/2021 11:32:02 - INFO - modules.trainer -   	test_ROUGE_L   : 0.3192773086275803
11/22/2021 11:32:06 - INFO - modules.trainer -   Saving checkpoint: results/iu_xray/current_checkpoint.pth ...
11/22/2021 11:32:06 - INFO - modules.trainer -   [33/50] Start to train in the training set.
best performance in epoch:  30
11/22/2021 11:32:08 - INFO - modules.trainer -   [33/50] Step: 0/64, CE Loss: 0.31512, CON Loss: 0.01987.
11/22/2021 11:32:59 - INFO - modules.trainer -   [33/50] Step: 50/64, CE Loss: 0.33089, CON Loss: 0.01955.
11/22/2021 11:33:13 - INFO - modules.trainer -   [33/50] Start to evaluate in the validation set.
11/22/2021 11:33:28 - INFO - modules.trainer -   [33/50] Start to evaluate in the test set.
11/22/2021 11:33:51 - INFO - modules.trainer -   	epoch          : 33
11/22/2021 11:33:51 - INFO - modules.trainer -   	ce_loss        : 0.3379458128474653
11/22/2021 11:33:51 - INFO - modules.trainer -   	con            : 0.019472917512757704
11/22/2021 11:33:51 - INFO - modules.trainer -   	val_BLEU_1     : 0.34437403534399985
11/22/2021 11:33:51 - INFO - modules.trainer -   	val_BLEU_2     : 0.20730433117217967
11/22/2021 11:33:51 - INFO - modules.trainer -   	val_BLEU_3     : 0.1387125454945554
11/22/2021 11:33:51 - INFO - modules.trainer -   	val_BLEU_4     : 0.09854810149958135
11/22/2021 11:33:51 - INFO - modules.trainer -   	val_METEOR     : 0.14421426884832306
11/22/2021 11:33:51 - INFO - modules.trainer -   	val_ROUGE_L    : 0.3152156556337392
11/22/2021 11:33:51 - INFO - modules.trainer -   	test_BLEU_1    : 0.369899547772218
11/22/2021 11:33:51 - INFO - modules.trainer -   	test_BLEU_2    : 0.2201496055610371
11/22/2021 11:33:51 - INFO - modules.trainer -   	test_BLEU_3    : 0.14800395603386785
11/22/2021 11:33:51 - INFO - modules.trainer -   	test_BLEU_4    : 0.10644481466747606
11/22/2021 11:33:51 - INFO - modules.trainer -   	test_METEOR    : 0.15307198615242426
11/22/2021 11:33:51 - INFO - modules.trainer -   	test_ROUGE_L   : 0.3230953980809263
11/22/2021 11:33:55 - INFO - modules.trainer -   Saving checkpoint: results/iu_xray/current_checkpoint.pth ...
11/22/2021 11:33:55 - INFO - modules.trainer -   [34/50] Start to train in the training set.
best performance in epoch:  30
11/22/2021 11:33:57 - INFO - modules.trainer -   [34/50] Step: 0/64, CE Loss: 0.32059, CON Loss: 0.01908.
11/22/2021 11:34:48 - INFO - modules.trainer -   [34/50] Step: 50/64, CE Loss: 0.32968, CON Loss: 0.01878.
11/22/2021 11:35:01 - INFO - modules.trainer -   [34/50] Start to evaluate in the validation set.
11/22/2021 11:35:17 - INFO - modules.trainer -   [34/50] Start to evaluate in the test set.
11/22/2021 11:35:39 - INFO - modules.trainer -   	epoch          : 34
11/22/2021 11:35:39 - INFO - modules.trainer -   	ce_loss        : 0.3304979200474918
11/22/2021 11:35:39 - INFO - modules.trainer -   	con            : 0.018709899159148335
11/22/2021 11:35:39 - INFO - modules.trainer -   	val_BLEU_1     : 0.3940709780517863
11/22/2021 11:35:39 - INFO - modules.trainer -   	val_BLEU_2     : 0.23248316239556294
11/22/2021 11:35:39 - INFO - modules.trainer -   	val_BLEU_3     : 0.15135861937326053
11/22/2021 11:35:39 - INFO - modules.trainer -   	val_BLEU_4     : 0.10414806167327953
11/22/2021 11:35:39 - INFO - modules.trainer -   	val_METEOR     : 0.15932533767705087
11/22/2021 11:35:39 - INFO - modules.trainer -   	val_ROUGE_L    : 0.306776940003804
11/22/2021 11:35:39 - INFO - modules.trainer -   	test_BLEU_1    : 0.43439175691302523
11/22/2021 11:35:39 - INFO - modules.trainer -   	test_BLEU_2    : 0.264921315879161
11/22/2021 11:35:39 - INFO - modules.trainer -   	test_BLEU_3    : 0.1787115252866957
11/22/2021 11:35:39 - INFO - modules.trainer -   	test_BLEU_4    : 0.1289217457188334
11/22/2021 11:35:39 - INFO - modules.trainer -   	test_METEOR    : 0.17827168364844784
11/22/2021 11:35:39 - INFO - modules.trainer -   	test_ROUGE_L   : 0.3319721352417608
11/22/2021 11:35:43 - INFO - modules.trainer -   Saving checkpoint: results/iu_xray/current_checkpoint.pth ...
11/22/2021 11:35:43 - INFO - modules.trainer -   [35/50] Start to train in the training set.
best performance in epoch:  30
11/22/2021 11:35:44 - INFO - modules.trainer -   [35/50] Step: 0/64, CE Loss: 0.30049, CON Loss: 0.01834.
11/22/2021 11:36:36 - INFO - modules.trainer -   [35/50] Step: 50/64, CE Loss: 0.31818, CON Loss: 0.01806.
11/22/2021 11:36:49 - INFO - modules.trainer -   [35/50] Start to evaluate in the validation set.
11/22/2021 11:37:04 - INFO - modules.trainer -   [35/50] Start to evaluate in the test set.
11/22/2021 11:37:26 - INFO - modules.trainer -   	epoch          : 35
11/22/2021 11:37:26 - INFO - modules.trainer -   	ce_loss        : 0.3214450436644256
11/22/2021 11:37:26 - INFO - modules.trainer -   	con            : 0.017987679602811113
11/22/2021 11:37:26 - INFO - modules.trainer -   	val_BLEU_1     : 0.2726546514483436
11/22/2021 11:37:26 - INFO - modules.trainer -   	val_BLEU_2     : 0.16408704902526186
11/22/2021 11:37:26 - INFO - modules.trainer -   	val_BLEU_3     : 0.11296432685203564
11/22/2021 11:37:26 - INFO - modules.trainer -   	val_BLEU_4     : 0.08374250716237279
11/22/2021 11:37:26 - INFO - modules.trainer -   	val_METEOR     : 0.12358881147999735
11/22/2021 11:37:26 - INFO - modules.trainer -   	val_ROUGE_L    : 0.30106942467995434
11/22/2021 11:37:26 - INFO - modules.trainer -   	test_BLEU_1    : 0.3110128039307205
11/22/2021 11:37:26 - INFO - modules.trainer -   	test_BLEU_2    : 0.19103341881249258
11/22/2021 11:37:26 - INFO - modules.trainer -   	test_BLEU_3    : 0.1356955418351611
11/22/2021 11:37:26 - INFO - modules.trainer -   	test_BLEU_4    : 0.10183672309317439
11/22/2021 11:37:26 - INFO - modules.trainer -   	test_METEOR    : 0.13624776419775392
11/22/2021 11:37:26 - INFO - modules.trainer -   	test_ROUGE_L   : 0.31628068945512183
11/22/2021 11:37:30 - INFO - modules.trainer -   Saving checkpoint: results/iu_xray/current_checkpoint.pth ...
11/22/2021 11:37:30 - INFO - modules.trainer -   [36/50] Start to train in the training set.
best performance in epoch:  30
11/22/2021 11:37:31 - INFO - modules.trainer -   [36/50] Step: 0/64, CE Loss: 0.29073, CON Loss: 0.01763.
11/22/2021 11:38:23 - INFO - modules.trainer -   [36/50] Step: 50/64, CE Loss: 0.31974, CON Loss: 0.01736.
11/22/2021 11:38:36 - INFO - modules.trainer -   [36/50] Start to evaluate in the validation set.
11/22/2021 11:38:51 - INFO - modules.trainer -   [36/50] Start to evaluate in the test set.
11/22/2021 11:39:14 - INFO - modules.trainer -   	epoch          : 36
11/22/2021 11:39:14 - INFO - modules.trainer -   	ce_loss        : 0.3210703721269965
11/22/2021 11:39:14 - INFO - modules.trainer -   	con            : 0.017294485529419035
11/22/2021 11:39:14 - INFO - modules.trainer -   	val_BLEU_1     : 0.35441129217959416
11/22/2021 11:39:14 - INFO - modules.trainer -   	val_BLEU_2     : 0.22258542698843697
11/22/2021 11:39:14 - INFO - modules.trainer -   	val_BLEU_3     : 0.15517267490079215
11/22/2021 11:39:14 - INFO - modules.trainer -   	val_BLEU_4     : 0.11414642206826889
11/22/2021 11:39:14 - INFO - modules.trainer -   	val_METEOR     : 0.14554588688530293
11/22/2021 11:39:14 - INFO - modules.trainer -   	val_ROUGE_L    : 0.32718041652419305
11/22/2021 11:39:14 - INFO - modules.trainer -   	test_BLEU_1    : 0.39815849608535825
11/22/2021 11:39:14 - INFO - modules.trainer -   	test_BLEU_2    : 0.25061489907372314
11/22/2021 11:39:14 - INFO - modules.trainer -   	test_BLEU_3    : 0.1764938238535356
11/22/2021 11:39:14 - INFO - modules.trainer -   	test_BLEU_4    : 0.13056985387365608
11/22/2021 11:39:14 - INFO - modules.trainer -   	test_METEOR    : 0.16309210649480466
11/22/2021 11:39:14 - INFO - modules.trainer -   	test_ROUGE_L   : 0.3396966467471721
11/22/2021 11:39:17 - INFO - modules.trainer -   Saving checkpoint: results/iu_xray/current_checkpoint.pth ...
11/22/2021 11:39:17 - INFO - modules.trainer -   [37/50] Start to train in the training set.
best performance in epoch:  30
11/22/2021 11:39:19 - INFO - modules.trainer -   [37/50] Step: 0/64, CE Loss: 0.29693, CON Loss: 0.01695.
11/22/2021 11:40:11 - INFO - modules.trainer -   [37/50] Step: 50/64, CE Loss: 0.31595, CON Loss: 0.01670.
11/22/2021 11:40:24 - INFO - modules.trainer -   [37/50] Start to evaluate in the validation set.
11/22/2021 11:40:39 - INFO - modules.trainer -   [37/50] Start to evaluate in the test set.
11/22/2021 11:41:02 - INFO - modules.trainer -   	epoch          : 37
11/22/2021 11:41:02 - INFO - modules.trainer -   	ce_loss        : 0.3190950648859143
11/22/2021 11:41:02 - INFO - modules.trainer -   	con            : 0.01663404898135923
11/22/2021 11:41:02 - INFO - modules.trainer -   	val_BLEU_1     : 0.3817751473963984
11/22/2021 11:41:02 - INFO - modules.trainer -   	val_BLEU_2     : 0.24099391893090252
11/22/2021 11:41:02 - INFO - modules.trainer -   	val_BLEU_3     : 0.16711108618403395
11/22/2021 11:41:02 - INFO - modules.trainer -   	val_BLEU_4     : 0.12189332913554324
11/22/2021 11:41:02 - INFO - modules.trainer -   	val_METEOR     : 0.15278987991807824
11/22/2021 11:41:02 - INFO - modules.trainer -   	val_ROUGE_L    : 0.3301721226215743
11/22/2021 11:41:02 - INFO - modules.trainer -   	test_BLEU_1    : 0.4187630876723143
11/22/2021 11:41:02 - INFO - modules.trainer -   	test_BLEU_2    : 0.2620762604877582
11/22/2021 11:41:02 - INFO - modules.trainer -   	test_BLEU_3    : 0.1823832887281812
11/22/2021 11:41:02 - INFO - modules.trainer -   	test_BLEU_4    : 0.13289093061140572
11/22/2021 11:41:02 - INFO - modules.trainer -   	test_METEOR    : 0.1665781713605119
11/22/2021 11:41:02 - INFO - modules.trainer -   	test_ROUGE_L   : 0.3423006277151036
11/22/2021 11:41:05 - INFO - modules.trainer -   Saving checkpoint: results/iu_xray/current_checkpoint.pth ...
11/22/2021 11:41:05 - INFO - modules.trainer -   [38/50] Start to train in the training set.
best performance in epoch:  30
11/22/2021 11:41:07 - INFO - modules.trainer -   [38/50] Step: 0/64, CE Loss: 0.31249, CON Loss: 0.01631.
11/22/2021 11:41:58 - INFO - modules.trainer -   [38/50] Step: 50/64, CE Loss: 0.31882, CON Loss: 0.01607.
11/22/2021 11:42:11 - INFO - modules.trainer -   [38/50] Start to evaluate in the validation set.
11/22/2021 11:42:26 - INFO - modules.trainer -   [38/50] Start to evaluate in the test set.
11/22/2021 11:42:49 - INFO - modules.trainer -   	epoch          : 38
11/22/2021 11:42:49 - INFO - modules.trainer -   	ce_loss        : 0.32130029145628214
11/22/2021 11:42:49 - INFO - modules.trainer -   	con            : 0.01600930161657743
11/22/2021 11:42:49 - INFO - modules.trainer -   	val_BLEU_1     : 0.29428168839046176
11/22/2021 11:42:49 - INFO - modules.trainer -   	val_BLEU_2     : 0.16495029081146334
11/22/2021 11:42:49 - INFO - modules.trainer -   	val_BLEU_3     : 0.10567838252177009
11/22/2021 11:42:49 - INFO - modules.trainer -   	val_BLEU_4     : 0.07285942010757887
11/22/2021 11:42:49 - INFO - modules.trainer -   	val_METEOR     : 0.12284412348631403
11/22/2021 11:42:49 - INFO - modules.trainer -   	val_ROUGE_L    : 0.27055012092747116
11/22/2021 11:42:49 - INFO - modules.trainer -   	test_BLEU_1    : 0.340383809307306
11/22/2021 11:42:49 - INFO - modules.trainer -   	test_BLEU_2    : 0.2057646363138925
11/22/2021 11:42:49 - INFO - modules.trainer -   	test_BLEU_3    : 0.1429130190152979
11/22/2021 11:42:49 - INFO - modules.trainer -   	test_BLEU_4    : 0.10685676932141416
11/22/2021 11:42:49 - INFO - modules.trainer -   	test_METEOR    : 0.1447515668008686
11/22/2021 11:42:49 - INFO - modules.trainer -   	test_ROUGE_L   : 0.3056632309936779
11/22/2021 11:42:52 - INFO - modules.trainer -   Saving checkpoint: results/iu_xray/current_checkpoint.pth ...
11/22/2021 11:42:52 - INFO - modules.trainer -   [39/50] Start to train in the training set.
best performance in epoch:  30
11/22/2021 11:42:54 - INFO - modules.trainer -   [39/50] Step: 0/64, CE Loss: 0.28578, CON Loss: 0.01570.
11/22/2021 11:43:45 - INFO - modules.trainer -   [39/50] Step: 50/64, CE Loss: 0.31038, CON Loss: 0.01547.
11/22/2021 11:43:58 - INFO - modules.trainer -   [39/50] Start to evaluate in the validation set.
11/22/2021 11:44:13 - INFO - modules.trainer -   [39/50] Start to evaluate in the test set.
11/22/2021 11:44:36 - INFO - modules.trainer -   	epoch          : 39
11/22/2021 11:44:36 - INFO - modules.trainer -   	ce_loss        : 0.3120518974028528
11/22/2021 11:44:36 - INFO - modules.trainer -   	con            : 0.015415225658216514
11/22/2021 11:44:36 - INFO - modules.trainer -   	val_BLEU_1     : 0.42396506663088696
11/22/2021 11:44:36 - INFO - modules.trainer -   	val_BLEU_2     : 0.24392034176143024
11/22/2021 11:44:36 - INFO - modules.trainer -   	val_BLEU_3     : 0.15875809636182478
11/22/2021 11:44:36 - INFO - modules.trainer -   	val_BLEU_4     : 0.11028782413563236
11/22/2021 11:44:36 - INFO - modules.trainer -   	val_METEOR     : 0.16205794058298953
11/22/2021 11:44:36 - INFO - modules.trainer -   	val_ROUGE_L    : 0.32002424250911565
11/22/2021 11:44:36 - INFO - modules.trainer -   	test_BLEU_1    : 0.4401154401154174
11/22/2021 11:44:36 - INFO - modules.trainer -   	test_BLEU_2    : 0.266673293315723
11/22/2021 11:44:36 - INFO - modules.trainer -   	test_BLEU_3    : 0.18663658514961257
11/22/2021 11:44:36 - INFO - modules.trainer -   	test_BLEU_4    : 0.13956088645886564
11/22/2021 11:44:36 - INFO - modules.trainer -   	test_METEOR    : 0.17656369707189606
11/22/2021 11:44:36 - INFO - modules.trainer -   	test_ROUGE_L   : 0.3399180397071288
11/22/2021 11:44:39 - INFO - modules.trainer -   Saving checkpoint: results/iu_xray/current_checkpoint.pth ...
11/22/2021 11:44:39 - INFO - modules.trainer -   [40/50] Start to train in the training set.
best performance in epoch:  30
11/22/2021 11:44:41 - INFO - modules.trainer -   [40/50] Step: 0/64, CE Loss: 0.27421, CON Loss: 0.01512.
11/22/2021 11:45:33 - INFO - modules.trainer -   [40/50] Step: 50/64, CE Loss: 0.30788, CON Loss: 0.01490.
11/22/2021 11:45:46 - INFO - modules.trainer -   [40/50] Start to evaluate in the validation set.
11/22/2021 11:46:01 - INFO - modules.trainer -   [40/50] Start to evaluate in the test set.
11/22/2021 11:46:24 - INFO - modules.trainer -   	epoch          : 40
11/22/2021 11:46:24 - INFO - modules.trainer -   	ce_loss        : 0.3126817177981138
11/22/2021 11:46:24 - INFO - modules.trainer -   	con            : 0.014848003993392922
11/22/2021 11:46:24 - INFO - modules.trainer -   	val_BLEU_1     : 0.3437485882447765
11/22/2021 11:46:24 - INFO - modules.trainer -   	val_BLEU_2     : 0.20474674087848285
11/22/2021 11:46:24 - INFO - modules.trainer -   	val_BLEU_3     : 0.1375229729312368
11/22/2021 11:46:24 - INFO - modules.trainer -   	val_BLEU_4     : 0.09815293850494299
11/22/2021 11:46:24 - INFO - modules.trainer -   	val_METEOR     : 0.13995123135549956
11/22/2021 11:46:24 - INFO - modules.trainer -   	val_ROUGE_L    : 0.3017483280165907
11/22/2021 11:46:24 - INFO - modules.trainer -   	test_BLEU_1    : 0.377707502299609
11/22/2021 11:46:24 - INFO - modules.trainer -   	test_BLEU_2    : 0.2265987524345995
11/22/2021 11:46:24 - INFO - modules.trainer -   	test_BLEU_3    : 0.15367431442111212
11/22/2021 11:46:24 - INFO - modules.trainer -   	test_BLEU_4    : 0.10988922569284751
11/22/2021 11:46:24 - INFO - modules.trainer -   	test_METEOR    : 0.15325823418119525
11/22/2021 11:46:24 - INFO - modules.trainer -   	test_ROUGE_L   : 0.31705661400433516
11/22/2021 11:46:28 - INFO - modules.trainer -   Saving checkpoint: results/iu_xray/current_checkpoint.pth ...
11/22/2021 11:46:28 - INFO - modules.trainer -   [41/50] Start to train in the training set.
best performance in epoch:  30
11/22/2021 11:46:29 - INFO - modules.trainer -   [41/50] Step: 0/64, CE Loss: 0.30430, CON Loss: 0.01457.
11/22/2021 11:47:22 - INFO - modules.trainer -   [41/50] Step: 50/64, CE Loss: 0.29368, CON Loss: 0.01440.
11/22/2021 11:47:35 - INFO - modules.trainer -   [41/50] Start to evaluate in the validation set.
11/22/2021 11:47:50 - INFO - modules.trainer -   [41/50] Start to evaluate in the test set.
11/22/2021 11:48:12 - INFO - modules.trainer -   	epoch          : 41
11/22/2021 11:48:12 - INFO - modules.trainer -   	ce_loss        : 0.2972303058486432
11/22/2021 11:48:12 - INFO - modules.trainer -   	con            : 0.014353353471960872
11/22/2021 11:48:12 - INFO - modules.trainer -   	val_BLEU_1     : 0.4146267681445039
11/22/2021 11:48:12 - INFO - modules.trainer -   	val_BLEU_2     : 0.2555550220795284
11/22/2021 11:48:12 - INFO - modules.trainer -   	val_BLEU_3     : 0.1771837656297121
11/22/2021 11:48:12 - INFO - modules.trainer -   	val_BLEU_4     : 0.13151583370899525
11/22/2021 11:48:12 - INFO - modules.trainer -   	val_METEOR     : 0.17185409177161462
11/22/2021 11:48:12 - INFO - modules.trainer -   	val_ROUGE_L    : 0.3317697478040824
11/22/2021 11:48:12 - INFO - modules.trainer -   	test_BLEU_1    : 0.45605994285656737
11/22/2021 11:48:12 - INFO - modules.trainer -   	test_BLEU_2    : 0.28456656652822915
11/22/2021 11:48:12 - INFO - modules.trainer -   	test_BLEU_3    : 0.2003923609673498
11/22/2021 11:48:12 - INFO - modules.trainer -   	test_BLEU_4    : 0.14862137760456862
11/22/2021 11:48:12 - INFO - modules.trainer -   	test_METEOR    : 0.18775116489746757
11/22/2021 11:48:12 - INFO - modules.trainer -   	test_ROUGE_L   : 0.3482780133077354
11/22/2021 11:48:15 - INFO - modules.trainer -   Saving checkpoint: results/iu_xray/current_checkpoint.pth ...
11/22/2021 11:48:15 - INFO - modules.trainer -   [42/50] Start to train in the training set.
best performance in epoch:  30
11/22/2021 11:48:17 - INFO - modules.trainer -   [42/50] Step: 0/64, CE Loss: 0.27624, CON Loss: 0.01414.
11/22/2021 11:49:08 - INFO - modules.trainer -   [42/50] Step: 50/64, CE Loss: 0.27968, CON Loss: 0.01397.
11/22/2021 11:49:21 - INFO - modules.trainer -   [42/50] Start to evaluate in the validation set.
11/22/2021 11:49:36 - INFO - modules.trainer -   [42/50] Start to evaluate in the test set.
11/22/2021 11:49:58 - INFO - modules.trainer -   	epoch          : 42
11/22/2021 11:49:58 - INFO - modules.trainer -   	ce_loss        : 0.2840873170644045
11/22/2021 11:49:58 - INFO - modules.trainer -   	con            : 0.013927244406659156
11/22/2021 11:49:58 - INFO - modules.trainer -   	val_BLEU_1     : 0.3183223285161228
11/22/2021 11:49:58 - INFO - modules.trainer -   	val_BLEU_2     : 0.1857101505394451
11/22/2021 11:49:58 - INFO - modules.trainer -   	val_BLEU_3     : 0.12268260870915369
11/22/2021 11:49:58 - INFO - modules.trainer -   	val_BLEU_4     : 0.08674613612362989
11/22/2021 11:49:58 - INFO - modules.trainer -   	val_METEOR     : 0.1365595128759835
11/22/2021 11:49:58 - INFO - modules.trainer -   	val_ROUGE_L    : 0.3079129809766178
11/22/2021 11:49:58 - INFO - modules.trainer -   	test_BLEU_1    : 0.37898895267058613
11/22/2021 11:49:58 - INFO - modules.trainer -   	test_BLEU_2    : 0.23294290880104546
11/22/2021 11:49:58 - INFO - modules.trainer -   	test_BLEU_3    : 0.16321697480728956
11/22/2021 11:49:58 - INFO - modules.trainer -   	test_BLEU_4    : 0.12154712998905713
11/22/2021 11:49:58 - INFO - modules.trainer -   	test_METEOR    : 0.15904008045364354
11/22/2021 11:49:58 - INFO - modules.trainer -   	test_ROUGE_L   : 0.33736187954057545
11/22/2021 11:50:01 - INFO - modules.trainer -   Saving checkpoint: results/iu_xray/current_checkpoint.pth ...
11/22/2021 11:50:01 - INFO - modules.trainer -   [43/50] Start to train in the training set.
best performance in epoch:  30
11/22/2021 11:50:03 - INFO - modules.trainer -   [43/50] Step: 0/64, CE Loss: 0.26816, CON Loss: 0.01371.
11/22/2021 11:50:54 - INFO - modules.trainer -   [43/50] Step: 50/64, CE Loss: 0.27617, CON Loss: 0.01355.
11/22/2021 11:51:07 - INFO - modules.trainer -   [43/50] Start to evaluate in the validation set.
11/22/2021 11:51:22 - INFO - modules.trainer -   [43/50] Start to evaluate in the test set.
11/22/2021 11:51:44 - INFO - modules.trainer -   	epoch          : 43
11/22/2021 11:51:44 - INFO - modules.trainer -   	ce_loss        : 0.28019740292802453
11/22/2021 11:51:44 - INFO - modules.trainer -   	con            : 0.013511535100406036
11/22/2021 11:51:44 - INFO - modules.trainer -   	val_BLEU_1     : 0.380200935546011
11/22/2021 11:51:44 - INFO - modules.trainer -   	val_BLEU_2     : 0.22392570787001922
11/22/2021 11:51:44 - INFO - modules.trainer -   	val_BLEU_3     : 0.15032818139254686
11/22/2021 11:51:44 - INFO - modules.trainer -   	val_BLEU_4     : 0.10710224067264265
11/22/2021 11:51:44 - INFO - modules.trainer -   	val_METEOR     : 0.15362013475504865
11/22/2021 11:51:44 - INFO - modules.trainer -   	val_ROUGE_L    : 0.3162820120786535
11/22/2021 11:51:44 - INFO - modules.trainer -   	test_BLEU_1    : 0.42656312050951567
11/22/2021 11:51:44 - INFO - modules.trainer -   	test_BLEU_2    : 0.26134967341530346
11/22/2021 11:51:44 - INFO - modules.trainer -   	test_BLEU_3    : 0.18378207514652845
11/22/2021 11:51:44 - INFO - modules.trainer -   	test_BLEU_4    : 0.13722640814126216
11/22/2021 11:51:44 - INFO - modules.trainer -   	test_METEOR    : 0.17192584190897298
11/22/2021 11:51:44 - INFO - modules.trainer -   	test_ROUGE_L   : 0.33653263132888733
11/22/2021 11:51:48 - INFO - modules.trainer -   Saving checkpoint: results/iu_xray/current_checkpoint.pth ...
11/22/2021 11:51:48 - INFO - modules.trainer -   [44/50] Start to train in the training set.
best performance in epoch:  30
11/22/2021 11:51:50 - INFO - modules.trainer -   [44/50] Step: 0/64, CE Loss: 0.26302, CON Loss: 0.01331.
11/22/2021 11:52:40 - INFO - modules.trainer -   [44/50] Step: 50/64, CE Loss: 0.27324, CON Loss: 0.01315.
11/22/2021 11:52:53 - INFO - modules.trainer -   [44/50] Start to evaluate in the validation set.
11/22/2021 11:53:08 - INFO - modules.trainer -   [44/50] Start to evaluate in the test set.
11/22/2021 11:53:30 - INFO - modules.trainer -   	epoch          : 44
11/22/2021 11:53:30 - INFO - modules.trainer -   	ce_loss        : 0.2771481235977262
11/22/2021 11:53:30 - INFO - modules.trainer -   	con            : 0.013109866573358886
11/22/2021 11:53:30 - INFO - modules.trainer -   	val_BLEU_1     : 0.37954093964996516
11/22/2021 11:53:30 - INFO - modules.trainer -   	val_BLEU_2     : 0.23743798493612522
11/22/2021 11:53:30 - INFO - modules.trainer -   	val_BLEU_3     : 0.16660648553289342
11/22/2021 11:53:30 - INFO - modules.trainer -   	val_BLEU_4     : 0.1248979767838472
11/22/2021 11:53:30 - INFO - modules.trainer -   	val_METEOR     : 0.15869512072010997
11/22/2021 11:53:30 - INFO - modules.trainer -   	val_ROUGE_L    : 0.32875911070476904
11/22/2021 11:53:30 - INFO - modules.trainer -   	test_BLEU_1    : 0.42395676436907115
11/22/2021 11:53:30 - INFO - modules.trainer -   	test_BLEU_2    : 0.2674227603366558
11/22/2021 11:53:30 - INFO - modules.trainer -   	test_BLEU_3    : 0.19108012403690047
11/22/2021 11:53:30 - INFO - modules.trainer -   	test_BLEU_4    : 0.144703379833467
11/22/2021 11:53:30 - INFO - modules.trainer -   	test_METEOR    : 0.17679670583996446
11/22/2021 11:53:30 - INFO - modules.trainer -   	test_ROUGE_L   : 0.34662032182170904
11/22/2021 11:53:33 - INFO - modules.trainer -   Saving checkpoint: results/iu_xray/current_checkpoint.pth ...
11/22/2021 11:53:33 - INFO - modules.trainer -   [45/50] Start to train in the training set.
best performance in epoch:  30
11/22/2021 11:53:35 - INFO - modules.trainer -   [45/50] Step: 0/64, CE Loss: 0.27266, CON Loss: 0.01291.
11/22/2021 11:54:26 - INFO - modules.trainer -   [45/50] Step: 50/64, CE Loss: 0.27208, CON Loss: 0.01276.
11/22/2021 11:54:39 - INFO - modules.trainer -   [45/50] Start to evaluate in the validation set.
11/22/2021 11:54:54 - INFO - modules.trainer -   [45/50] Start to evaluate in the test set.
11/22/2021 11:55:16 - INFO - modules.trainer -   	epoch          : 45
11/22/2021 11:55:16 - INFO - modules.trainer -   	ce_loss        : 0.27795832557603717
11/22/2021 11:55:16 - INFO - modules.trainer -   	con            : 0.01272149695432745
11/22/2021 11:55:16 - INFO - modules.trainer -   	val_BLEU_1     : 0.4091232330989371
11/22/2021 11:55:16 - INFO - modules.trainer -   	val_BLEU_2     : 0.23279860387313736
11/22/2021 11:55:16 - INFO - modules.trainer -   	val_BLEU_3     : 0.15036018094643835
11/22/2021 11:55:16 - INFO - modules.trainer -   	val_BLEU_4     : 0.10386478450865257
11/22/2021 11:55:16 - INFO - modules.trainer -   	val_METEOR     : 0.15975922992764022
11/22/2021 11:55:16 - INFO - modules.trainer -   	val_ROUGE_L    : 0.309080605259828
11/22/2021 11:55:16 - INFO - modules.trainer -   	test_BLEU_1    : 0.44370860927149985
11/22/2021 11:55:16 - INFO - modules.trainer -   	test_BLEU_2    : 0.27049071991646767
11/22/2021 11:55:16 - INFO - modules.trainer -   	test_BLEU_3    : 0.18996198890579222
11/22/2021 11:55:16 - INFO - modules.trainer -   	test_BLEU_4    : 0.14368615669759377
11/22/2021 11:55:16 - INFO - modules.trainer -   	test_METEOR    : 0.17846069292830757
11/22/2021 11:55:16 - INFO - modules.trainer -   	test_ROUGE_L   : 0.33960412105849286
11/22/2021 11:55:19 - INFO - modules.trainer -   Saving checkpoint: results/iu_xray/current_checkpoint.pth ...
11/22/2021 11:55:19 - INFO - modules.trainer -   [46/50] Start to train in the training set.
best performance in epoch:  30
11/22/2021 11:55:21 - INFO - modules.trainer -   [46/50] Step: 0/64, CE Loss: 0.27451, CON Loss: 0.01253.
11/22/2021 11:56:11 - INFO - modules.trainer -   [46/50] Step: 50/64, CE Loss: 0.27241, CON Loss: 0.01239.
11/22/2021 11:56:24 - INFO - modules.trainer -   [46/50] Start to evaluate in the validation set.
11/22/2021 11:56:39 - INFO - modules.trainer -   [46/50] Start to evaluate in the test set.
11/22/2021 11:57:01 - INFO - modules.trainer -   	epoch          : 46
11/22/2021 11:57:01 - INFO - modules.trainer -   	ce_loss        : 0.2752515624742955
11/22/2021 11:57:01 - INFO - modules.trainer -   	con            : 0.012348984251730144
11/22/2021 11:57:01 - INFO - modules.trainer -   	val_BLEU_1     : 0.3386818151611839
11/22/2021 11:57:01 - INFO - modules.trainer -   	val_BLEU_2     : 0.20474249590741553
11/22/2021 11:57:01 - INFO - modules.trainer -   	val_BLEU_3     : 0.13858661437397332
11/22/2021 11:57:01 - INFO - modules.trainer -   	val_BLEU_4     : 0.09982497848195188
11/22/2021 11:57:01 - INFO - modules.trainer -   	val_METEOR     : 0.14145190635751015
11/22/2021 11:57:01 - INFO - modules.trainer -   	val_ROUGE_L    : 0.3014837314116532
11/22/2021 11:57:01 - INFO - modules.trainer -   	test_BLEU_1    : 0.3682740465230929
11/22/2021 11:57:01 - INFO - modules.trainer -   	test_BLEU_2    : 0.22481575760378733
11/22/2021 11:57:01 - INFO - modules.trainer -   	test_BLEU_3    : 0.15316246389298493
11/22/2021 11:57:01 - INFO - modules.trainer -   	test_BLEU_4    : 0.11033668995180666
11/22/2021 11:57:01 - INFO - modules.trainer -   	test_METEOR    : 0.15165560947093576
11/22/2021 11:57:01 - INFO - modules.trainer -   	test_ROUGE_L   : 0.3181498800817219
11/22/2021 11:57:05 - INFO - modules.trainer -   Saving checkpoint: results/iu_xray/current_checkpoint.pth ...
11/22/2021 11:57:05 - INFO - modules.trainer -   [47/50] Start to train in the training set.
best performance in epoch:  30
11/22/2021 11:57:06 - INFO - modules.trainer -   [47/50] Step: 0/64, CE Loss: 0.27087, CON Loss: 0.01216.
11/22/2021 11:57:57 - INFO - modules.trainer -   [47/50] Step: 50/64, CE Loss: 0.27094, CON Loss: 0.01202.
11/22/2021 11:58:10 - INFO - modules.trainer -   [47/50] Start to evaluate in the validation set.
11/22/2021 11:58:25 - INFO - modules.trainer -   [47/50] Start to evaluate in the test set.
11/22/2021 11:58:47 - INFO - modules.trainer -   	epoch          : 47
11/22/2021 11:58:47 - INFO - modules.trainer -   	ce_loss        : 0.2726338757202029
11/22/2021 11:58:47 - INFO - modules.trainer -   	con            : 0.011987229925580323
11/22/2021 11:58:47 - INFO - modules.trainer -   	val_BLEU_1     : 0.36531974133285705
11/22/2021 11:58:47 - INFO - modules.trainer -   	val_BLEU_2     : 0.22531313701047437
11/22/2021 11:58:47 - INFO - modules.trainer -   	val_BLEU_3     : 0.15314753436876338
11/22/2021 11:58:47 - INFO - modules.trainer -   	val_BLEU_4     : 0.10900873754446158
11/22/2021 11:58:47 - INFO - modules.trainer -   	val_METEOR     : 0.140411024894636
11/22/2021 11:58:47 - INFO - modules.trainer -   	val_ROUGE_L    : 0.3038544183387854
11/22/2021 11:58:47 - INFO - modules.trainer -   	test_BLEU_1    : 0.4025181001370024
11/22/2021 11:58:47 - INFO - modules.trainer -   	test_BLEU_2    : 0.25429270561881806
11/22/2021 11:58:47 - INFO - modules.trainer -   	test_BLEU_3    : 0.17905222567676793
11/22/2021 11:58:47 - INFO - modules.trainer -   	test_BLEU_4    : 0.13251082845626075
11/22/2021 11:58:47 - INFO - modules.trainer -   	test_METEOR    : 0.15403493552691933
11/22/2021 11:58:47 - INFO - modules.trainer -   	test_ROUGE_L   : 0.3227520072153662
11/22/2021 11:58:51 - INFO - modules.trainer -   Saving checkpoint: results/iu_xray/current_checkpoint.pth ...
11/22/2021 11:58:51 - INFO - modules.trainer -   [48/50] Start to train in the training set.
best performance in epoch:  30
11/22/2021 11:58:53 - INFO - modules.trainer -   [48/50] Step: 0/64, CE Loss: 0.23357, CON Loss: 0.01181.
11/22/2021 11:59:44 - INFO - modules.trainer -   [48/50] Step: 50/64, CE Loss: 0.26704, CON Loss: 0.01167.
11/22/2021 11:59:57 - INFO - modules.trainer -   [48/50] Start to evaluate in the validation set.
11/22/2021 12:00:12 - INFO - modules.trainer -   [48/50] Start to evaluate in the test set.
11/22/2021 12:00:34 - INFO - modules.trainer -   	epoch          : 48
11/22/2021 12:00:34 - INFO - modules.trainer -   	ce_loss        : 0.26833411888219416
11/22/2021 12:00:34 - INFO - modules.trainer -   	con            : 0.01163738792820368
11/22/2021 12:00:34 - INFO - modules.trainer -   	val_BLEU_1     : 0.4141588070822166
11/22/2021 12:00:34 - INFO - modules.trainer -   	val_BLEU_2     : 0.254661172872911
11/22/2021 12:00:34 - INFO - modules.trainer -   	val_BLEU_3     : 0.17693855921032225
11/22/2021 12:00:34 - INFO - modules.trainer -   	val_BLEU_4     : 0.13037383391030646
11/22/2021 12:00:34 - INFO - modules.trainer -   	val_METEOR     : 0.16797789139101268
11/22/2021 12:00:34 - INFO - modules.trainer -   	val_ROUGE_L    : 0.33328737816470194
11/22/2021 12:00:34 - INFO - modules.trainer -   	test_BLEU_1    : 0.458890222169852
11/22/2021 12:00:34 - INFO - modules.trainer -   	test_BLEU_2    : 0.2897957914165011
11/22/2021 12:00:34 - INFO - modules.trainer -   	test_BLEU_3    : 0.20548522112930406
11/22/2021 12:00:34 - INFO - modules.trainer -   	test_BLEU_4    : 0.15161119208985055
11/22/2021 12:00:34 - INFO - modules.trainer -   	test_METEOR    : 0.18713505104604877
11/22/2021 12:00:34 - INFO - modules.trainer -   	test_ROUGE_L   : 0.35716174685274343
11/22/2021 12:00:37 - INFO - modules.trainer -   Saving checkpoint: results/iu_xray/current_checkpoint.pth ...
11/22/2021 12:00:37 - INFO - modules.trainer -   [49/50] Start to train in the training set.
best performance in epoch:  30
11/22/2021 12:00:39 - INFO - modules.trainer -   [49/50] Step: 0/64, CE Loss: 0.25679, CON Loss: 0.01146.
11/22/2021 12:01:29 - INFO - modules.trainer -   [49/50] Step: 50/64, CE Loss: 0.26813, CON Loss: 0.01133.
11/22/2021 12:01:43 - INFO - modules.trainer -   [49/50] Start to evaluate in the validation set.
11/22/2021 12:01:57 - INFO - modules.trainer -   [49/50] Start to evaluate in the test set.
11/22/2021 12:02:19 - INFO - modules.trainer -   	epoch          : 49
11/22/2021 12:02:19 - INFO - modules.trainer -   	ce_loss        : 0.2719935302156955
11/22/2021 12:02:19 - INFO - modules.trainer -   	con            : 0.011291902337688953
11/22/2021 12:02:19 - INFO - modules.trainer -   	val_BLEU_1     : 0.34844549832535426
11/22/2021 12:02:19 - INFO - modules.trainer -   	val_BLEU_2     : 0.21066580338431112
11/22/2021 12:02:19 - INFO - modules.trainer -   	val_BLEU_3     : 0.1450483863641456
11/22/2021 12:02:19 - INFO - modules.trainer -   	val_BLEU_4     : 0.10795646212817563
11/22/2021 12:02:19 - INFO - modules.trainer -   	val_METEOR     : 0.14657822903717044
11/22/2021 12:02:19 - INFO - modules.trainer -   	val_ROUGE_L    : 0.3217285010962003
11/22/2021 12:02:19 - INFO - modules.trainer -   	test_BLEU_1    : 0.3929465842478906
11/22/2021 12:02:19 - INFO - modules.trainer -   	test_BLEU_2    : 0.24916728875160354
11/22/2021 12:02:19 - INFO - modules.trainer -   	test_BLEU_3    : 0.17865214207109986
11/22/2021 12:02:19 - INFO - modules.trainer -   	test_BLEU_4    : 0.13599349362813387
11/22/2021 12:02:19 - INFO - modules.trainer -   	test_METEOR    : 0.1653138841960041
11/22/2021 12:02:19 - INFO - modules.trainer -   	test_ROUGE_L   : 0.3440738904796152
11/22/2021 12:02:22 - INFO - modules.trainer -   Saving checkpoint: results/iu_xray/current_checkpoint.pth ...
11/22/2021 12:02:22 - INFO - modules.trainer -   [50/50] Start to train in the training set.
best performance in epoch:  30
11/22/2021 12:02:24 - INFO - modules.trainer -   [50/50] Step: 0/64, CE Loss: 0.24814, CON Loss: 0.01112.
11/22/2021 12:03:13 - INFO - modules.trainer -   [50/50] Step: 50/64, CE Loss: 0.26371, CON Loss: 0.01099.
11/22/2021 12:03:27 - INFO - modules.trainer -   [50/50] Start to evaluate in the validation set.
11/22/2021 12:03:41 - INFO - modules.trainer -   [50/50] Start to evaluate in the test set.
11/22/2021 12:04:03 - INFO - modules.trainer -   	epoch          : 50
11/22/2021 12:04:03 - INFO - modules.trainer -   	ce_loss        : 0.26686755660921335
11/22/2021 12:04:03 - INFO - modules.trainer -   	con            : 0.010959544641082175
11/22/2021 12:04:03 - INFO - modules.trainer -   	val_BLEU_1     : 0.381225363086539
11/22/2021 12:04:03 - INFO - modules.trainer -   	val_BLEU_2     : 0.2235999018200042
11/22/2021 12:04:03 - INFO - modules.trainer -   	val_BLEU_3     : 0.14447579642395242
11/22/2021 12:04:03 - INFO - modules.trainer -   	val_BLEU_4     : 0.0980896359420921
11/22/2021 12:04:03 - INFO - modules.trainer -   	val_METEOR     : 0.15790401036151325
11/22/2021 12:04:03 - INFO - modules.trainer -   	val_ROUGE_L    : 0.32222817134264126
11/22/2021 12:04:03 - INFO - modules.trainer -   	test_BLEU_1    : 0.40448818419669796
11/22/2021 12:04:03 - INFO - modules.trainer -   	test_BLEU_2    : 0.2334544466691772
11/22/2021 12:04:03 - INFO - modules.trainer -   	test_BLEU_3    : 0.14974752025478433
11/22/2021 12:04:03 - INFO - modules.trainer -   	test_BLEU_4    : 0.10334323854518453
11/22/2021 12:04:03 - INFO - modules.trainer -   	test_METEOR    : 0.1647530514054879
11/22/2021 12:04:03 - INFO - modules.trainer -   	test_ROUGE_L   : 0.3246493934178153
11/22/2021 12:04:07 - INFO - modules.trainer -   Saving checkpoint: results/iu_xray/current_checkpoint.pth ...
best performance in epoch:  30
