nohup: ignoring input
11/21/2021 17:45:36 - INFO - modules.trainer -   [1/30] Start to train in the training set.
[W TensorIterator.cpp:918] Warning: Mixed memory format inputs detected while calling the operator. The operator will output contiguous tensor even if some of the inputs are in channels_last format. (function operator())
11/21/2021 17:45:40 - INFO - modules.trainer -   [1/30] Step: 0/64, CE Loss: 6.82523, CON Loss: 0.34984.
11/21/2021 17:46:49 - INFO - modules.trainer -   [1/30] Step: 50/64, CE Loss: 4.51674, CON Loss: 0.34421.
11/21/2021 17:47:07 - INFO - modules.trainer -   [1/30] Start to evaluate in the validation set.
11/21/2021 17:47:23 - INFO - modules.trainer -   [1/30] Start to evaluate in the test set.
11/21/2021 17:47:47 - INFO - modules.trainer -   	epoch          : 1
11/21/2021 17:47:47 - INFO - modules.trainer -   	ce_loss        : 4.266703654080629
11/21/2021 17:47:47 - INFO - modules.trainer -   	con            : 0.34337162133306265
11/21/2021 17:47:47 - INFO - modules.trainer -   	val_BLEU_1     : 0.0016705180144899517
11/21/2021 17:47:47 - INFO - modules.trainer -   	val_BLEU_2     : 0.001168098551472339
11/21/2021 17:47:47 - INFO - modules.trainer -   	val_BLEU_3     : 0.0009636574226446861
11/21/2021 17:47:47 - INFO - modules.trainer -   	val_BLEU_4     : 0.0008045915169646518
11/21/2021 17:47:47 - INFO - modules.trainer -   	val_METEOR     : 0.03586414658877436
11/21/2021 17:47:47 - INFO - modules.trainer -   	val_ROUGE_L    : 0.16164809266018973
11/21/2021 17:47:47 - INFO - modules.trainer -   	test_BLEU_1    : 0.0030960053748014813
11/21/2021 17:47:47 - INFO - modules.trainer -   	test_BLEU_2    : 0.002280547364690059
11/21/2021 17:47:47 - INFO - modules.trainer -   	test_BLEU_3    : 0.0019037405915903148
11/21/2021 17:47:47 - INFO - modules.trainer -   	test_BLEU_4    : 0.001581958675866675
11/21/2021 17:47:47 - INFO - modules.trainer -   	test_METEOR    : 0.044100148756017095
11/21/2021 17:47:47 - INFO - modules.trainer -   	test_ROUGE_L   : 0.18559270854007134
11/21/2021 17:47:51 - INFO - modules.trainer -   Saving checkpoint: results/iu_xray/current_checkpoint.pth ...
11/21/2021 17:47:57 - INFO - modules.trainer -   Saving current best: model_best.pth ...
11/21/2021 17:47:57 - INFO - modules.trainer -   [2/30] Start to train in the training set.
best performance in epoch:  1
11/21/2021 17:47:59 - INFO - modules.trainer -   [2/30] Step: 0/64, CE Loss: 2.91508, CON Loss: 0.33923.
11/21/2021 17:49:10 - INFO - modules.trainer -   [2/30] Step: 50/64, CE Loss: 2.73033, CON Loss: 0.33619.
11/21/2021 17:49:28 - INFO - modules.trainer -   [2/30] Start to evaluate in the validation set.
11/21/2021 17:49:44 - INFO - modules.trainer -   [2/30] Start to evaluate in the test set.
11/21/2021 17:50:08 - INFO - modules.trainer -   	epoch          : 2
11/21/2021 17:50:08 - INFO - modules.trainer -   	ce_loss        : 2.6681158915162086
11/21/2021 17:50:08 - INFO - modules.trainer -   	con            : 0.33541602781042457
11/21/2021 17:50:08 - INFO - modules.trainer -   	val_BLEU_1     : 0.17285021070337067
11/21/2021 17:50:08 - INFO - modules.trainer -   	val_BLEU_2     : 0.10550542393213391
11/21/2021 17:50:08 - INFO - modules.trainer -   	val_BLEU_3     : 0.07312641254580719
11/21/2021 17:50:08 - INFO - modules.trainer -   	val_BLEU_4     : 0.054455327928150776
11/21/2021 17:50:08 - INFO - modules.trainer -   	val_METEOR     : 0.09978560617818273
11/21/2021 17:50:08 - INFO - modules.trainer -   	val_ROUGE_L    : 0.2777789491681279
11/21/2021 17:50:08 - INFO - modules.trainer -   	test_BLEU_1    : 0.2141980433509325
11/21/2021 17:50:08 - INFO - modules.trainer -   	test_BLEU_2    : 0.13556380523776634
11/21/2021 17:50:08 - INFO - modules.trainer -   	test_BLEU_3    : 0.095418246796606
11/21/2021 17:50:08 - INFO - modules.trainer -   	test_BLEU_4    : 0.07136765521481754
11/21/2021 17:50:08 - INFO - modules.trainer -   	test_METEOR    : 0.11637616317063225
11/21/2021 17:50:08 - INFO - modules.trainer -   	test_ROUGE_L   : 0.2993184985322297
11/21/2021 17:50:11 - INFO - modules.trainer -   Saving checkpoint: results/iu_xray/current_checkpoint.pth ...
11/21/2021 17:50:16 - INFO - modules.trainer -   Saving current best: model_best.pth ...
11/21/2021 17:50:16 - INFO - modules.trainer -   [3/30] Start to train in the training set.
best performance in epoch:  2
11/21/2021 17:50:18 - INFO - modules.trainer -   [3/30] Step: 0/64, CE Loss: 2.62644, CON Loss: 0.33154.
11/21/2021 17:51:27 - INFO - modules.trainer -   [3/30] Step: 50/64, CE Loss: 2.19582, CON Loss: 0.32849.
11/21/2021 17:51:45 - INFO - modules.trainer -   [3/30] Start to evaluate in the validation set.
11/21/2021 17:52:01 - INFO - modules.trainer -   [3/30] Start to evaluate in the test set.
11/21/2021 17:52:25 - INFO - modules.trainer -   	epoch          : 3
11/21/2021 17:52:25 - INFO - modules.trainer -   	ce_loss        : 2.1574300695210695
11/21/2021 17:52:25 - INFO - modules.trainer -   	con            : 0.3276700503192842
11/21/2021 17:52:25 - INFO - modules.trainer -   	val_BLEU_1     : 0.1988625889127359
11/21/2021 17:52:25 - INFO - modules.trainer -   	val_BLEU_2     : 0.1180353903908086
11/21/2021 17:52:25 - INFO - modules.trainer -   	val_BLEU_3     : 0.0835544869652126
11/21/2021 17:52:25 - INFO - modules.trainer -   	val_BLEU_4     : 0.06400886298630389
11/21/2021 17:52:25 - INFO - modules.trainer -   	val_METEOR     : 0.1034722429799017
11/21/2021 17:52:25 - INFO - modules.trainer -   	val_ROUGE_L    : 0.29474007494202537
11/21/2021 17:52:25 - INFO - modules.trainer -   	test_BLEU_1    : 0.24228376484943445
11/21/2021 17:52:25 - INFO - modules.trainer -   	test_BLEU_2    : 0.1467749765468658
11/21/2021 17:52:25 - INFO - modules.trainer -   	test_BLEU_3    : 0.10532104101554013
11/21/2021 17:52:25 - INFO - modules.trainer -   	test_BLEU_4    : 0.08073870046425943
11/21/2021 17:52:25 - INFO - modules.trainer -   	test_METEOR    : 0.11981423124823423
11/21/2021 17:52:25 - INFO - modules.trainer -   	test_ROUGE_L   : 0.31215307989895613
11/21/2021 17:52:29 - INFO - modules.trainer -   Saving checkpoint: results/iu_xray/current_checkpoint.pth ...
11/21/2021 17:52:32 - INFO - modules.trainer -   Saving current best: model_best.pth ...
11/21/2021 17:52:32 - INFO - modules.trainer -   [4/30] Start to train in the training set.
best performance in epoch:  3
11/21/2021 17:52:34 - INFO - modules.trainer -   [4/30] Step: 0/64, CE Loss: 1.96996, CON Loss: 0.32354.
11/21/2021 17:53:43 - INFO - modules.trainer -   [4/30] Step: 50/64, CE Loss: 1.90864, CON Loss: 0.32015.
11/21/2021 17:54:01 - INFO - modules.trainer -   [4/30] Start to evaluate in the validation set.
11/21/2021 17:54:17 - INFO - modules.trainer -   [4/30] Start to evaluate in the test set.
11/21/2021 17:54:40 - INFO - modules.trainer -   	epoch          : 4
11/21/2021 17:54:40 - INFO - modules.trainer -   	ce_loss        : 1.9077698346227407
11/21/2021 17:54:40 - INFO - modules.trainer -   	con            : 0.3192226029932499
11/21/2021 17:54:40 - INFO - modules.trainer -   	val_BLEU_1     : 0.09049496925238036
11/21/2021 17:54:40 - INFO - modules.trainer -   	val_BLEU_2     : 0.04800469957715185
11/21/2021 17:54:40 - INFO - modules.trainer -   	val_BLEU_3     : 0.030412182158296136
11/21/2021 17:54:40 - INFO - modules.trainer -   	val_BLEU_4     : 0.022522687791177113
11/21/2021 17:54:40 - INFO - modules.trainer -   	val_METEOR     : 0.07465248419335957
11/21/2021 17:54:40 - INFO - modules.trainer -   	val_ROUGE_L    : 0.24626381160603414
11/21/2021 17:54:40 - INFO - modules.trainer -   	test_BLEU_1    : 0.11559182675894626
11/21/2021 17:54:40 - INFO - modules.trainer -   	test_BLEU_2    : 0.061086256709449414
11/21/2021 17:54:40 - INFO - modules.trainer -   	test_BLEU_3    : 0.038978265036984816
11/21/2021 17:54:40 - INFO - modules.trainer -   	test_BLEU_4    : 0.02910580893736048
11/21/2021 17:54:40 - INFO - modules.trainer -   	test_METEOR    : 0.08339565910183773
11/21/2021 17:54:40 - INFO - modules.trainer -   	test_ROUGE_L   : 0.26100739280269913
11/21/2021 17:54:44 - INFO - modules.trainer -   Saving checkpoint: results/iu_xray/current_checkpoint.pth ...
11/21/2021 17:54:44 - INFO - modules.trainer -   [5/30] Start to train in the training set.
best performance in epoch:  3
11/21/2021 17:54:46 - INFO - modules.trainer -   [5/30] Step: 0/64, CE Loss: 1.88937, CON Loss: 0.31454.
11/21/2021 17:55:56 - INFO - modules.trainer -   [5/30] Step: 50/64, CE Loss: 1.73017, CON Loss: 0.31062.
11/21/2021 17:56:14 - INFO - modules.trainer -   [5/30] Start to evaluate in the validation set.
11/21/2021 17:56:30 - INFO - modules.trainer -   [5/30] Start to evaluate in the test set.
11/21/2021 17:56:54 - INFO - modules.trainer -   	epoch          : 5
11/21/2021 17:56:54 - INFO - modules.trainer -   	ce_loss        : 1.7388901393860579
11/21/2021 17:56:54 - INFO - modules.trainer -   	con            : 0.30954516446217895
11/21/2021 17:56:54 - INFO - modules.trainer -   	val_BLEU_1     : 0.4178403529007098
11/21/2021 17:56:54 - INFO - modules.trainer -   	val_BLEU_2     : 0.26924871764418995
11/21/2021 17:56:54 - INFO - modules.trainer -   	val_BLEU_3     : 0.18468031405623614
11/21/2021 17:56:54 - INFO - modules.trainer -   	val_BLEU_4     : 0.13379071415030508
11/21/2021 17:56:54 - INFO - modules.trainer -   	val_METEOR     : 0.17897307788921302
11/21/2021 17:56:54 - INFO - modules.trainer -   	val_ROUGE_L    : 0.3505961918491365
11/21/2021 17:56:54 - INFO - modules.trainer -   	test_BLEU_1    : 0.46134885996144287
11/21/2021 17:56:54 - INFO - modules.trainer -   	test_BLEU_2    : 0.29904204829517667
11/21/2021 17:56:54 - INFO - modules.trainer -   	test_BLEU_3    : 0.20752158125652856
11/21/2021 17:56:54 - INFO - modules.trainer -   	test_BLEU_4    : 0.15337922304987217
11/21/2021 17:56:54 - INFO - modules.trainer -   	test_METEOR    : 0.19504053563541743
11/21/2021 17:56:54 - INFO - modules.trainer -   	test_ROUGE_L   : 0.3695703462537677
11/21/2021 17:56:58 - INFO - modules.trainer -   Saving checkpoint: results/iu_xray/current_checkpoint.pth ...
11/21/2021 17:57:01 - INFO - modules.trainer -   Saving current best: model_best.pth ...
11/21/2021 17:57:01 - INFO - modules.trainer -   [6/30] Start to train in the training set.
best performance in epoch:  5
11/21/2021 17:57:03 - INFO - modules.trainer -   [6/30] Step: 0/64, CE Loss: 1.72128, CON Loss: 0.30410.
11/21/2021 17:58:13 - INFO - modules.trainer -   [6/30] Step: 50/64, CE Loss: 1.58208, CON Loss: 0.29953.
11/21/2021 17:58:31 - INFO - modules.trainer -   [6/30] Start to evaluate in the validation set.
11/21/2021 17:58:47 - INFO - modules.trainer -   [6/30] Start to evaluate in the test set.
11/21/2021 17:59:10 - INFO - modules.trainer -   	epoch          : 6
11/21/2021 17:59:10 - INFO - modules.trainer -   	ce_loss        : 1.6031454410403967
11/21/2021 17:59:10 - INFO - modules.trainer -   	con            : 0.29827867122367024
11/21/2021 17:59:10 - INFO - modules.trainer -   	val_BLEU_1     : 0.25020700818589214
11/21/2021 17:59:10 - INFO - modules.trainer -   	val_BLEU_2     : 0.14659786435174765
11/21/2021 17:59:10 - INFO - modules.trainer -   	val_BLEU_3     : 0.10152522056097912
11/21/2021 17:59:10 - INFO - modules.trainer -   	val_BLEU_4     : 0.0758842234435148
11/21/2021 17:59:10 - INFO - modules.trainer -   	val_METEOR     : 0.11372563516518243
11/21/2021 17:59:10 - INFO - modules.trainer -   	val_ROUGE_L    : 0.29920465074547764
11/21/2021 17:59:10 - INFO - modules.trainer -   	test_BLEU_1    : 0.2997806490498335
11/21/2021 17:59:10 - INFO - modules.trainer -   	test_BLEU_2    : 0.18512351876370015
11/21/2021 17:59:10 - INFO - modules.trainer -   	test_BLEU_3    : 0.13542439430255088
11/21/2021 17:59:10 - INFO - modules.trainer -   	test_BLEU_4    : 0.10607141336568131
11/21/2021 17:59:10 - INFO - modules.trainer -   	test_METEOR    : 0.133579132548727
11/21/2021 17:59:10 - INFO - modules.trainer -   	test_ROUGE_L   : 0.32379127962659626
11/21/2021 17:59:14 - INFO - modules.trainer -   Saving checkpoint: results/iu_xray/current_checkpoint.pth ...
11/21/2021 17:59:14 - INFO - modules.trainer -   [7/30] Start to train in the training set.
best performance in epoch:  5
11/21/2021 17:59:16 - INFO - modules.trainer -   [7/30] Step: 0/64, CE Loss: 1.45567, CON Loss: 0.29196.
11/21/2021 18:00:26 - INFO - modules.trainer -   [7/30] Step: 50/64, CE Loss: 1.48462, CON Loss: 0.28665.
11/21/2021 18:00:44 - INFO - modules.trainer -   [7/30] Start to evaluate in the validation set.
11/21/2021 18:00:59 - INFO - modules.trainer -   [7/30] Start to evaluate in the test set.
11/21/2021 18:01:23 - INFO - modules.trainer -   	epoch          : 7
11/21/2021 18:01:23 - INFO - modules.trainer -   	ce_loss        : 1.5070428978651762
11/21/2021 18:01:23 - INFO - modules.trainer -   	con            : 0.28519711503759027
11/21/2021 18:01:23 - INFO - modules.trainer -   	val_BLEU_1     : 0.1988625889127359
11/21/2021 18:01:23 - INFO - modules.trainer -   	val_BLEU_2     : 0.1180353903908086
11/21/2021 18:01:23 - INFO - modules.trainer -   	val_BLEU_3     : 0.0835544869652126
11/21/2021 18:01:23 - INFO - modules.trainer -   	val_BLEU_4     : 0.06400886298630389
11/21/2021 18:01:23 - INFO - modules.trainer -   	val_METEOR     : 0.1034722429799017
11/21/2021 18:01:23 - INFO - modules.trainer -   	val_ROUGE_L    : 0.29474007494202537
11/21/2021 18:01:23 - INFO - modules.trainer -   	test_BLEU_1    : 0.2414891728040812
11/21/2021 18:01:23 - INFO - modules.trainer -   	test_BLEU_2    : 0.14657508017251872
11/21/2021 18:01:23 - INFO - modules.trainer -   	test_BLEU_3    : 0.10545486468993152
11/21/2021 18:01:23 - INFO - modules.trainer -   	test_BLEU_4    : 0.08101704657824713
11/21/2021 18:01:23 - INFO - modules.trainer -   	test_METEOR    : 0.11945841070409312
11/21/2021 18:01:23 - INFO - modules.trainer -   	test_ROUGE_L   : 0.3121804906222145
11/21/2021 18:01:27 - INFO - modules.trainer -   Saving checkpoint: results/iu_xray/current_checkpoint.pth ...
11/21/2021 18:01:27 - INFO - modules.trainer -   [8/30] Start to train in the training set.
best performance in epoch:  5
11/21/2021 18:01:29 - INFO - modules.trainer -   [8/30] Step: 0/64, CE Loss: 1.30704, CON Loss: 0.27789.
11/21/2021 18:02:39 - INFO - modules.trainer -   [8/30] Step: 50/64, CE Loss: 1.37446, CON Loss: 0.27170.
11/21/2021 18:02:58 - INFO - modules.trainer -   [8/30] Start to evaluate in the validation set.
11/21/2021 18:03:14 - INFO - modules.trainer -   [8/30] Start to evaluate in the test set.
11/21/2021 18:03:38 - INFO - modules.trainer -   	epoch          : 8
11/21/2021 18:03:38 - INFO - modules.trainer -   	ce_loss        : 1.3881320971995592
11/21/2021 18:03:38 - INFO - modules.trainer -   	con            : 0.27001065481454134
11/21/2021 18:03:38 - INFO - modules.trainer -   	val_BLEU_1     : 0.37694398597325185
11/21/2021 18:03:38 - INFO - modules.trainer -   	val_BLEU_2     : 0.20837728391242896
11/21/2021 18:03:38 - INFO - modules.trainer -   	val_BLEU_3     : 0.1363709055448564
11/21/2021 18:03:38 - INFO - modules.trainer -   	val_BLEU_4     : 0.09704278072363699
11/21/2021 18:03:38 - INFO - modules.trainer -   	val_METEOR     : 0.1413107525538221
11/21/2021 18:03:38 - INFO - modules.trainer -   	val_ROUGE_L    : 0.3028574776200633
11/21/2021 18:03:38 - INFO - modules.trainer -   	test_BLEU_1    : 0.43127233019068495
11/21/2021 18:03:38 - INFO - modules.trainer -   	test_BLEU_2    : 0.2593920432305465
11/21/2021 18:03:38 - INFO - modules.trainer -   	test_BLEU_3    : 0.18412696029229858
11/21/2021 18:03:38 - INFO - modules.trainer -   	test_BLEU_4    : 0.14059655224209522
11/21/2021 18:03:38 - INFO - modules.trainer -   	test_METEOR    : 0.16626078539603276
11/21/2021 18:03:38 - INFO - modules.trainer -   	test_ROUGE_L   : 0.3336007138151035
11/21/2021 18:03:43 - INFO - modules.trainer -   Saving checkpoint: results/iu_xray/current_checkpoint.pth ...
11/21/2021 18:03:43 - INFO - modules.trainer -   [9/30] Start to train in the training set.
best performance in epoch:  5
11/21/2021 18:03:45 - INFO - modules.trainer -   [9/30] Step: 0/64, CE Loss: 1.34013, CON Loss: 0.26145.
11/21/2021 18:04:55 - INFO - modules.trainer -   [9/30] Step: 50/64, CE Loss: 1.28781, CON Loss: 0.25423.
11/21/2021 18:05:13 - INFO - modules.trainer -   [9/30] Start to evaluate in the validation set.
11/21/2021 18:05:29 - INFO - modules.trainer -   [9/30] Start to evaluate in the test set.
11/21/2021 18:05:53 - INFO - modules.trainer -   	epoch          : 9
11/21/2021 18:05:53 - INFO - modules.trainer -   	ce_loss        : 1.2976740635931492
11/21/2021 18:05:53 - INFO - modules.trainer -   	con            : 0.25226860819384456
11/21/2021 18:05:53 - INFO - modules.trainer -   	val_BLEU_1     : 0.41707759402329203
11/21/2021 18:05:53 - INFO - modules.trainer -   	val_BLEU_2     : 0.23272073438922253
11/21/2021 18:05:53 - INFO - modules.trainer -   	val_BLEU_3     : 0.1512060954317649
11/21/2021 18:05:53 - INFO - modules.trainer -   	val_BLEU_4     : 0.10615796648651987
11/21/2021 18:05:53 - INFO - modules.trainer -   	val_METEOR     : 0.15483225155470176
11/21/2021 18:05:53 - INFO - modules.trainer -   	val_ROUGE_L    : 0.31142758607241167
11/21/2021 18:05:53 - INFO - modules.trainer -   	test_BLEU_1    : 0.4331727874774015
11/21/2021 18:05:53 - INFO - modules.trainer -   	test_BLEU_2    : 0.2609255966565004
11/21/2021 18:05:53 - INFO - modules.trainer -   	test_BLEU_3    : 0.18425686790712228
11/21/2021 18:05:53 - INFO - modules.trainer -   	test_BLEU_4    : 0.139516321422704
11/21/2021 18:05:53 - INFO - modules.trainer -   	test_METEOR    : 0.17727012241879406
11/21/2021 18:05:53 - INFO - modules.trainer -   	test_ROUGE_L   : 0.34163227874711727
11/21/2021 18:05:57 - INFO - modules.trainer -   Saving checkpoint: results/iu_xray/current_checkpoint.pth ...
11/21/2021 18:05:57 - INFO - modules.trainer -   [10/30] Start to train in the training set.
best performance in epoch:  5
11/21/2021 18:05:59 - INFO - modules.trainer -   [10/30] Step: 0/64, CE Loss: 1.22858, CON Loss: 0.24237.
11/21/2021 18:07:09 - INFO - modules.trainer -   [10/30] Step: 50/64, CE Loss: 1.19673, CON Loss: 0.23418.
11/21/2021 18:07:26 - INFO - modules.trainer -   [10/30] Start to evaluate in the validation set.
11/21/2021 18:07:42 - INFO - modules.trainer -   [10/30] Start to evaluate in the test set.
11/21/2021 18:08:04 - INFO - modules.trainer -   	epoch          : 10
11/21/2021 18:08:04 - INFO - modules.trainer -   	ce_loss        : 1.2109390832483768
11/21/2021 18:08:04 - INFO - modules.trainer -   	con            : 0.23197875288315117
11/21/2021 18:08:04 - INFO - modules.trainer -   	val_BLEU_1     : 0.2702642423018511
11/21/2021 18:08:04 - INFO - modules.trainer -   	val_BLEU_2     : 0.16739435764359517
11/21/2021 18:08:04 - INFO - modules.trainer -   	val_BLEU_3     : 0.11729038130908755
11/21/2021 18:08:04 - INFO - modules.trainer -   	val_BLEU_4     : 0.08751508856891932
11/21/2021 18:08:04 - INFO - modules.trainer -   	val_METEOR     : 0.12394665335642248
11/21/2021 18:08:04 - INFO - modules.trainer -   	val_ROUGE_L    : 0.3086203475452298
11/21/2021 18:08:04 - INFO - modules.trainer -   	test_BLEU_1    : 0.3090063685068132
11/21/2021 18:08:04 - INFO - modules.trainer -   	test_BLEU_2    : 0.19626873941174736
11/21/2021 18:08:04 - INFO - modules.trainer -   	test_BLEU_3    : 0.1419440408631983
11/21/2021 18:08:04 - INFO - modules.trainer -   	test_BLEU_4    : 0.10778902647571488
11/21/2021 18:08:04 - INFO - modules.trainer -   	test_METEOR    : 0.13879928714523565
11/21/2021 18:08:04 - INFO - modules.trainer -   	test_ROUGE_L   : 0.32735631576294416
11/21/2021 18:08:08 - INFO - modules.trainer -   Saving checkpoint: results/iu_xray/current_checkpoint.pth ...
11/21/2021 18:08:08 - INFO - modules.trainer -   [11/30] Start to train in the training set.
best performance in epoch:  5
11/21/2021 18:08:10 - INFO - modules.trainer -   [11/30] Step: 0/64, CE Loss: 1.06168, CON Loss: 0.22089.
11/21/2021 18:09:16 - INFO - modules.trainer -   [11/30] Step: 50/64, CE Loss: 1.06113, CON Loss: 0.21377.
11/21/2021 18:09:34 - INFO - modules.trainer -   [11/30] Start to evaluate in the validation set.
11/21/2021 18:09:48 - INFO - modules.trainer -   [11/30] Start to evaluate in the test set.
11/21/2021 18:10:10 - INFO - modules.trainer -   	epoch          : 11
11/21/2021 18:10:10 - INFO - modules.trainer -   	ce_loss        : 1.0751572120934725
11/21/2021 18:10:10 - INFO - modules.trainer -   	con            : 0.2118823640048504
11/21/2021 18:10:10 - INFO - modules.trainer -   	val_BLEU_1     : 0.254793985313108
11/21/2021 18:10:10 - INFO - modules.trainer -   	val_BLEU_2     : 0.1522037907073167
11/21/2021 18:10:10 - INFO - modules.trainer -   	val_BLEU_3     : 0.10546796802812146
11/21/2021 18:10:10 - INFO - modules.trainer -   	val_BLEU_4     : 0.07868637962509825
11/21/2021 18:10:10 - INFO - modules.trainer -   	val_METEOR     : 0.11516719578259509
11/21/2021 18:10:10 - INFO - modules.trainer -   	val_ROUGE_L    : 0.2953943316834148
11/21/2021 18:10:10 - INFO - modules.trainer -   	test_BLEU_1    : 0.2900908946422523
11/21/2021 18:10:10 - INFO - modules.trainer -   	test_BLEU_2    : 0.17764496849129355
11/21/2021 18:10:10 - INFO - modules.trainer -   	test_BLEU_3    : 0.12632273856052878
11/21/2021 18:10:10 - INFO - modules.trainer -   	test_BLEU_4    : 0.09525638606061812
11/21/2021 18:10:10 - INFO - modules.trainer -   	test_METEOR    : 0.13046691176411812
11/21/2021 18:10:10 - INFO - modules.trainer -   	test_ROUGE_L   : 0.3143873922940316
11/21/2021 18:10:13 - INFO - modules.trainer -   Saving checkpoint: results/iu_xray/current_checkpoint.pth ...
11/21/2021 18:10:13 - INFO - modules.trainer -   [12/30] Start to train in the training set.
best performance in epoch:  5
11/21/2021 18:10:15 - INFO - modules.trainer -   [12/30] Step: 0/64, CE Loss: 0.80864, CON Loss: 0.20242.
11/21/2021 18:11:20 - INFO - modules.trainer -   [12/30] Step: 50/64, CE Loss: 0.97281, CON Loss: 0.19495.
11/21/2021 18:11:38 - INFO - modules.trainer -   [12/30] Start to evaluate in the validation set.
11/21/2021 18:11:52 - INFO - modules.trainer -   [12/30] Start to evaluate in the test set.
11/21/2021 18:12:15 - INFO - modules.trainer -   	epoch          : 12
11/21/2021 18:12:15 - INFO - modules.trainer -   	ce_loss        : 0.9847688870504498
11/21/2021 18:12:15 - INFO - modules.trainer -   	con            : 0.19299628864973783
11/21/2021 18:12:15 - INFO - modules.trainer -   	val_BLEU_1     : 0.3134962944785678
11/21/2021 18:12:15 - INFO - modules.trainer -   	val_BLEU_2     : 0.17588554172406026
11/21/2021 18:12:15 - INFO - modules.trainer -   	val_BLEU_3     : 0.10903257891782055
11/21/2021 18:12:15 - INFO - modules.trainer -   	val_BLEU_4     : 0.07237508533626656
11/21/2021 18:12:15 - INFO - modules.trainer -   	val_METEOR     : 0.13704308835340948
11/21/2021 18:12:15 - INFO - modules.trainer -   	val_ROUGE_L    : 0.2811313304625858
11/21/2021 18:12:15 - INFO - modules.trainer -   	test_BLEU_1    : 0.3501387910181389
11/21/2021 18:12:15 - INFO - modules.trainer -   	test_BLEU_2    : 0.20431169422197437
11/21/2021 18:12:15 - INFO - modules.trainer -   	test_BLEU_3    : 0.1338121556573976
11/21/2021 18:12:15 - INFO - modules.trainer -   	test_BLEU_4    : 0.09306481909465197
11/21/2021 18:12:15 - INFO - modules.trainer -   	test_METEOR    : 0.15035578557786258
11/21/2021 18:12:15 - INFO - modules.trainer -   	test_ROUGE_L   : 0.29747622406233093
11/21/2021 18:12:20 - INFO - modules.trainer -   Saving checkpoint: results/iu_xray/current_checkpoint.pth ...
11/21/2021 18:12:20 - INFO - modules.trainer -   [13/30] Start to train in the training set.
best performance in epoch:  5
11/21/2021 18:12:22 - INFO - modules.trainer -   [13/30] Step: 0/64, CE Loss: 0.74211, CON Loss: 0.18322.
11/21/2021 18:13:27 - INFO - modules.trainer -   [13/30] Step: 50/64, CE Loss: 0.89410, CON Loss: 0.17573.
11/21/2021 18:13:44 - INFO - modules.trainer -   [13/30] Start to evaluate in the validation set.
11/21/2021 18:13:59 - INFO - modules.trainer -   [13/30] Start to evaluate in the test set.
11/21/2021 18:14:22 - INFO - modules.trainer -   	epoch          : 13
11/21/2021 18:14:22 - INFO - modules.trainer -   	ce_loss        : 0.9133518422022462
11/21/2021 18:14:22 - INFO - modules.trainer -   	con            : 0.1737892183009535
11/21/2021 18:14:22 - INFO - modules.trainer -   	val_BLEU_1     : 0.23261540870621594
11/21/2021 18:14:22 - INFO - modules.trainer -   	val_BLEU_2     : 0.1380394915900015
11/21/2021 18:14:22 - INFO - modules.trainer -   	val_BLEU_3     : 0.09677318179735808
11/21/2021 18:14:22 - INFO - modules.trainer -   	val_BLEU_4     : 0.07313468035014141
11/21/2021 18:14:22 - INFO - modules.trainer -   	val_METEOR     : 0.10993229542691711
11/21/2021 18:14:22 - INFO - modules.trainer -   	val_ROUGE_L    : 0.2961403185820359
11/21/2021 18:14:22 - INFO - modules.trainer -   	test_BLEU_1    : 0.2636786603434391
11/21/2021 18:14:22 - INFO - modules.trainer -   	test_BLEU_2    : 0.16089452995884265
11/21/2021 18:14:22 - INFO - modules.trainer -   	test_BLEU_3    : 0.11585341275442551
11/21/2021 18:14:22 - INFO - modules.trainer -   	test_BLEU_4    : 0.08892815054354969
11/21/2021 18:14:22 - INFO - modules.trainer -   	test_METEOR    : 0.12361379542967131
11/21/2021 18:14:22 - INFO - modules.trainer -   	test_ROUGE_L   : 0.3131850299692326
11/21/2021 18:14:25 - INFO - modules.trainer -   Saving checkpoint: results/iu_xray/current_checkpoint.pth ...
11/21/2021 18:14:25 - INFO - modules.trainer -   [14/30] Start to train in the training set.
best performance in epoch:  5
11/21/2021 18:14:27 - INFO - modules.trainer -   [14/30] Step: 0/64, CE Loss: 0.78572, CON Loss: 0.16411.
11/21/2021 18:15:33 - INFO - modules.trainer -   [14/30] Step: 50/64, CE Loss: 0.83920, CON Loss: 0.15680.
11/21/2021 18:15:49 - INFO - modules.trainer -   [14/30] Start to evaluate in the validation set.
11/21/2021 18:16:05 - INFO - modules.trainer -   [14/30] Start to evaluate in the test set.
11/21/2021 18:16:27 - INFO - modules.trainer -   	epoch          : 14
11/21/2021 18:16:27 - INFO - modules.trainer -   	ce_loss        : 0.8529037535190582
11/21/2021 18:16:27 - INFO - modules.trainer -   	con            : 0.15493488893844187
11/21/2021 18:16:27 - INFO - modules.trainer -   	val_BLEU_1     : 0.22003063008666018
11/21/2021 18:16:27 - INFO - modules.trainer -   	val_BLEU_2     : 0.13242570554631186
11/21/2021 18:16:27 - INFO - modules.trainer -   	val_BLEU_3     : 0.0935322723281898
11/21/2021 18:16:27 - INFO - modules.trainer -   	val_BLEU_4     : 0.07097110836741867
11/21/2021 18:16:27 - INFO - modules.trainer -   	val_METEOR     : 0.10821651437781618
11/21/2021 18:16:27 - INFO - modules.trainer -   	val_ROUGE_L    : 0.29762755609390573
11/21/2021 18:16:27 - INFO - modules.trainer -   	test_BLEU_1    : 0.2531421339320031
11/21/2021 18:16:27 - INFO - modules.trainer -   	test_BLEU_2    : 0.15394552594834424
11/21/2021 18:16:27 - INFO - modules.trainer -   	test_BLEU_3    : 0.11064060648872942
11/21/2021 18:16:27 - INFO - modules.trainer -   	test_BLEU_4    : 0.08453067835782185
11/21/2021 18:16:27 - INFO - modules.trainer -   	test_METEOR    : 0.12165258859401919
11/21/2021 18:16:27 - INFO - modules.trainer -   	test_ROUGE_L   : 0.31282850705839316
11/21/2021 18:16:31 - INFO - modules.trainer -   Saving checkpoint: results/iu_xray/current_checkpoint.pth ...
11/21/2021 18:16:31 - INFO - modules.trainer -   [15/30] Start to train in the training set.
best performance in epoch:  5
11/21/2021 18:16:34 - INFO - modules.trainer -   [15/30] Step: 0/64, CE Loss: 0.67982, CON Loss: 0.14569.
11/21/2021 18:17:39 - INFO - modules.trainer -   [15/30] Step: 50/64, CE Loss: 0.76949, CON Loss: 0.13890.
11/21/2021 18:17:56 - INFO - modules.trainer -   [15/30] Start to evaluate in the validation set.
11/21/2021 18:18:11 - INFO - modules.trainer -   [15/30] Start to evaluate in the test set.
11/21/2021 18:18:33 - INFO - modules.trainer -   	epoch          : 15
11/21/2021 18:18:33 - INFO - modules.trainer -   	ce_loss        : 0.7899639494717121
11/21/2021 18:18:33 - INFO - modules.trainer -   	con            : 0.1371907158754766
11/21/2021 18:18:33 - INFO - modules.trainer -   	val_BLEU_1     : 0.3030388280673258
11/21/2021 18:18:33 - INFO - modules.trainer -   	val_BLEU_2     : 0.18154999865246277
11/21/2021 18:18:33 - INFO - modules.trainer -   	val_BLEU_3     : 0.12596900870115244
11/21/2021 18:18:33 - INFO - modules.trainer -   	val_BLEU_4     : 0.09417925386249028
11/21/2021 18:18:33 - INFO - modules.trainer -   	val_METEOR     : 0.12982610790562818
11/21/2021 18:18:33 - INFO - modules.trainer -   	val_ROUGE_L    : 0.31100807358433835
11/21/2021 18:18:33 - INFO - modules.trainer -   	test_BLEU_1    : 0.34733067198680245
11/21/2021 18:18:33 - INFO - modules.trainer -   	test_BLEU_2    : 0.21754682027538555
11/21/2021 18:18:33 - INFO - modules.trainer -   	test_BLEU_3    : 0.1590494527764655
11/21/2021 18:18:33 - INFO - modules.trainer -   	test_BLEU_4    : 0.1237469685201522
11/21/2021 18:18:33 - INFO - modules.trainer -   	test_METEOR    : 0.14896788344878661
11/21/2021 18:18:33 - INFO - modules.trainer -   	test_ROUGE_L   : 0.33179831726031694
11/21/2021 18:18:36 - INFO - modules.trainer -   Saving checkpoint: results/iu_xray/current_checkpoint.pth ...
11/21/2021 18:18:36 - INFO - modules.trainer -   [16/30] Start to train in the training set.
best performance in epoch:  5
11/21/2021 18:18:38 - INFO - modules.trainer -   [16/30] Step: 0/64, CE Loss: 0.63051, CON Loss: 0.12868.
11/21/2021 18:19:44 - INFO - modules.trainer -   [16/30] Step: 50/64, CE Loss: 0.73926, CON Loss: 0.12256.
11/21/2021 18:20:01 - INFO - modules.trainer -   [16/30] Start to evaluate in the validation set.
11/21/2021 18:20:16 - INFO - modules.trainer -   [16/30] Start to evaluate in the test set.
11/21/2021 18:20:38 - INFO - modules.trainer -   	epoch          : 16
11/21/2021 18:20:38 - INFO - modules.trainer -   	ce_loss        : 0.7464770684018731
11/21/2021 18:20:38 - INFO - modules.trainer -   	con            : 0.12103322660550475
11/21/2021 18:20:38 - INFO - modules.trainer -   	val_BLEU_1     : 0.25381978199782385
11/21/2021 18:20:38 - INFO - modules.trainer -   	val_BLEU_2     : 0.15149125354138415
11/21/2021 18:20:38 - INFO - modules.trainer -   	val_BLEU_3     : 0.10531087430878061
11/21/2021 18:20:38 - INFO - modules.trainer -   	val_BLEU_4     : 0.07897371149691586
11/21/2021 18:20:38 - INFO - modules.trainer -   	val_METEOR     : 0.11562627920108566
11/21/2021 18:20:38 - INFO - modules.trainer -   	val_ROUGE_L    : 0.29863266652031883
11/21/2021 18:20:38 - INFO - modules.trainer -   	test_BLEU_1    : 0.28520289430448975
11/21/2021 18:20:38 - INFO - modules.trainer -   	test_BLEU_2    : 0.17480846192150776
11/21/2021 18:20:38 - INFO - modules.trainer -   	test_BLEU_3    : 0.12483036666573846
11/21/2021 18:20:38 - INFO - modules.trainer -   	test_BLEU_4    : 0.09442437545435907
11/21/2021 18:20:38 - INFO - modules.trainer -   	test_METEOR    : 0.1288147410470827
11/21/2021 18:20:38 - INFO - modules.trainer -   	test_ROUGE_L   : 0.31730561746641084
11/21/2021 18:20:41 - INFO - modules.trainer -   Saving checkpoint: results/iu_xray/current_checkpoint.pth ...
11/21/2021 18:20:41 - INFO - modules.trainer -   [17/30] Start to train in the training set.
best performance in epoch:  5
11/21/2021 18:20:43 - INFO - modules.trainer -   [17/30] Step: 0/64, CE Loss: 0.67711, CON Loss: 0.11348.
11/21/2021 18:21:49 - INFO - modules.trainer -   [17/30] Step: 50/64, CE Loss: 0.68089, CON Loss: 0.10817.
11/21/2021 18:22:06 - INFO - modules.trainer -   [17/30] Start to evaluate in the validation set.
11/21/2021 18:22:21 - INFO - modules.trainer -   [17/30] Start to evaluate in the test set.
11/21/2021 18:22:44 - INFO - modules.trainer -   	epoch          : 17
11/21/2021 18:22:44 - INFO - modules.trainer -   	ce_loss        : 0.696807237342
11/21/2021 18:22:44 - INFO - modules.trainer -   	con            : 0.10686148819513619
11/21/2021 18:22:44 - INFO - modules.trainer -   	val_BLEU_1     : 0.3346607699236444
11/21/2021 18:22:44 - INFO - modules.trainer -   	val_BLEU_2     : 0.19080291202970354
11/21/2021 18:22:44 - INFO - modules.trainer -   	val_BLEU_3     : 0.1139286915055288
11/21/2021 18:22:44 - INFO - modules.trainer -   	val_BLEU_4     : 0.07031387238881248
11/21/2021 18:22:44 - INFO - modules.trainer -   	val_METEOR     : 0.14385824111586934
11/21/2021 18:22:44 - INFO - modules.trainer -   	val_ROUGE_L    : 0.28321312258549386
11/21/2021 18:22:44 - INFO - modules.trainer -   	test_BLEU_1    : 0.3713821123989944
11/21/2021 18:22:44 - INFO - modules.trainer -   	test_BLEU_2    : 0.22367308674095834
11/21/2021 18:22:44 - INFO - modules.trainer -   	test_BLEU_3    : 0.15018154842333495
11/21/2021 18:22:44 - INFO - modules.trainer -   	test_BLEU_4    : 0.10834409995210653
11/21/2021 18:22:44 - INFO - modules.trainer -   	test_METEOR    : 0.16177528256416143
11/21/2021 18:22:44 - INFO - modules.trainer -   	test_ROUGE_L   : 0.30710344417210295
11/21/2021 18:22:47 - INFO - modules.trainer -   Saving checkpoint: results/iu_xray/current_checkpoint.pth ...
11/21/2021 18:22:47 - INFO - modules.trainer -   [18/30] Start to train in the training set.
best performance in epoch:  5
11/21/2021 18:22:49 - INFO - modules.trainer -   [18/30] Step: 0/64, CE Loss: 0.60843, CON Loss: 0.10043.
11/21/2021 18:23:50 - INFO - modules.trainer -   [18/30] Step: 50/64, CE Loss: 0.65867, CON Loss: 0.09601.
11/21/2021 18:24:06 - INFO - modules.trainer -   [18/30] Start to evaluate in the validation set.
11/21/2021 18:24:20 - INFO - modules.trainer -   [18/30] Start to evaluate in the test set.
11/21/2021 18:24:41 - INFO - modules.trainer -   	epoch          : 18
11/21/2021 18:24:41 - INFO - modules.trainer -   	ce_loss        : 0.6639491468667984
11/21/2021 18:24:41 - INFO - modules.trainer -   	con            : 0.09493646246846765
11/21/2021 18:24:41 - INFO - modules.trainer -   	val_BLEU_1     : 0.1998251956251443
11/21/2021 18:24:41 - INFO - modules.trainer -   	val_BLEU_2     : 0.12022269355704909
11/21/2021 18:24:41 - INFO - modules.trainer -   	val_BLEU_3     : 0.08475978596714294
11/21/2021 18:24:41 - INFO - modules.trainer -   	val_BLEU_4     : 0.06468134135281857
11/21/2021 18:24:41 - INFO - modules.trainer -   	val_METEOR     : 0.10662072846779137
11/21/2021 18:24:41 - INFO - modules.trainer -   	val_ROUGE_L    : 0.2949483074428846
11/21/2021 18:24:41 - INFO - modules.trainer -   	test_BLEU_1    : 0.24461916121535876
11/21/2021 18:24:41 - INFO - modules.trainer -   	test_BLEU_2    : 0.14966883105993725
11/21/2021 18:24:41 - INFO - modules.trainer -   	test_BLEU_3    : 0.10767508306069717
11/21/2021 18:24:41 - INFO - modules.trainer -   	test_BLEU_4    : 0.08254621933448482
11/21/2021 18:24:41 - INFO - modules.trainer -   	test_METEOR    : 0.12111114476541711
11/21/2021 18:24:41 - INFO - modules.trainer -   	test_ROUGE_L   : 0.3130747526784385
11/21/2021 18:24:45 - INFO - modules.trainer -   Saving checkpoint: results/iu_xray/current_checkpoint.pth ...
11/21/2021 18:24:45 - INFO - modules.trainer -   [19/30] Start to train in the training set.
best performance in epoch:  5
11/21/2021 18:24:47 - INFO - modules.trainer -   [19/30] Step: 0/64, CE Loss: 0.53410, CON Loss: 0.08965.
11/21/2021 18:25:47 - INFO - modules.trainer -   [19/30] Step: 50/64, CE Loss: 0.61857, CON Loss: 0.08594.
11/21/2021 18:26:03 - INFO - modules.trainer -   [19/30] Start to evaluate in the validation set.
11/21/2021 18:26:17 - INFO - modules.trainer -   [19/30] Start to evaluate in the test set.
11/21/2021 18:26:39 - INFO - modules.trainer -   	epoch          : 19
11/21/2021 18:26:39 - INFO - modules.trainer -   	ce_loss        : 0.6331414179876447
11/21/2021 18:26:39 - INFO - modules.trainer -   	con            : 0.08503195503726602
11/21/2021 18:26:39 - INFO - modules.trainer -   	val_BLEU_1     : 0.3069994641028742
11/21/2021 18:26:39 - INFO - modules.trainer -   	val_BLEU_2     : 0.1835561964277709
11/21/2021 18:26:39 - INFO - modules.trainer -   	val_BLEU_3     : 0.1253230922219696
11/21/2021 18:26:39 - INFO - modules.trainer -   	val_BLEU_4     : 0.09244586643192973
11/21/2021 18:26:39 - INFO - modules.trainer -   	val_METEOR     : 0.12826373655387807
11/21/2021 18:26:39 - INFO - modules.trainer -   	val_ROUGE_L    : 0.30327900912662276
11/21/2021 18:26:39 - INFO - modules.trainer -   	test_BLEU_1    : 0.3425793074618478
11/21/2021 18:26:39 - INFO - modules.trainer -   	test_BLEU_2    : 0.21231653474638992
11/21/2021 18:26:39 - INFO - modules.trainer -   	test_BLEU_3    : 0.15173050397427404
11/21/2021 18:26:39 - INFO - modules.trainer -   	test_BLEU_4    : 0.11566911988259082
11/21/2021 18:26:39 - INFO - modules.trainer -   	test_METEOR    : 0.14546517992179991
11/21/2021 18:26:39 - INFO - modules.trainer -   	test_ROUGE_L   : 0.3264143927473763
11/21/2021 18:26:44 - INFO - modules.trainer -   Saving checkpoint: results/iu_xray/current_checkpoint.pth ...
11/21/2021 18:26:44 - INFO - modules.trainer -   [20/30] Start to train in the training set.
best performance in epoch:  5
11/21/2021 18:26:46 - INFO - modules.trainer -   [20/30] Step: 0/64, CE Loss: 0.48690, CON Loss: 0.08057.
11/21/2021 18:27:46 - INFO - modules.trainer -   [20/30] Step: 50/64, CE Loss: 0.59382, CON Loss: 0.07749.
11/21/2021 18:28:01 - INFO - modules.trainer -   [20/30] Start to evaluate in the validation set.
11/21/2021 18:28:16 - INFO - modules.trainer -   [20/30] Start to evaluate in the test set.
11/21/2021 18:28:37 - INFO - modules.trainer -   	epoch          : 20
11/21/2021 18:28:37 - INFO - modules.trainer -   	ce_loss        : 0.6049054828472435
11/21/2021 18:28:37 - INFO - modules.trainer -   	con            : 0.07673262234311551
11/21/2021 18:28:37 - INFO - modules.trainer -   	val_BLEU_1     : 0.41061390718323915
11/21/2021 18:28:37 - INFO - modules.trainer -   	val_BLEU_2     : 0.23332470900023872
11/21/2021 18:28:37 - INFO - modules.trainer -   	val_BLEU_3     : 0.15365334108620105
11/21/2021 18:28:37 - INFO - modules.trainer -   	val_BLEU_4     : 0.1099069444754421
11/21/2021 18:28:37 - INFO - modules.trainer -   	val_METEOR     : 0.15506270906620373
11/21/2021 18:28:37 - INFO - modules.trainer -   	val_ROUGE_L    : 0.3152275920756256
11/21/2021 18:28:37 - INFO - modules.trainer -   	test_BLEU_1    : 0.4448304469563183
11/21/2021 18:28:37 - INFO - modules.trainer -   	test_BLEU_2    : 0.2700902944121538
11/21/2021 18:28:37 - INFO - modules.trainer -   	test_BLEU_3    : 0.1914613853766661
11/21/2021 18:28:37 - INFO - modules.trainer -   	test_BLEU_4    : 0.1460008644887861
11/21/2021 18:28:37 - INFO - modules.trainer -   	test_METEOR    : 0.17673785250107094
11/21/2021 18:28:37 - INFO - modules.trainer -   	test_ROUGE_L   : 0.3459399869648848
11/21/2021 18:28:41 - INFO - modules.trainer -   Saving checkpoint: results/iu_xray/current_checkpoint.pth ...
11/21/2021 18:28:41 - INFO - modules.trainer -   [21/30] Start to train in the training set.
best performance in epoch:  5
11/21/2021 18:28:43 - INFO - modules.trainer -   [21/30] Step: 0/64, CE Loss: 0.53785, CON Loss: 0.07298.
11/21/2021 18:29:42 - INFO - modules.trainer -   [21/30] Step: 50/64, CE Loss: 0.53654, CON Loss: 0.07088.
11/21/2021 18:29:58 - INFO - modules.trainer -   [21/30] Start to evaluate in the validation set.
11/21/2021 18:30:12 - INFO - modules.trainer -   [21/30] Start to evaluate in the test set.
11/21/2021 18:30:34 - INFO - modules.trainer -   	epoch          : 21
11/21/2021 18:30:34 - INFO - modules.trainer -   	ce_loss        : 0.5429961984045804
11/21/2021 18:30:34 - INFO - modules.trainer -   	con            : 0.07035633781924844
11/21/2021 18:30:34 - INFO - modules.trainer -   	val_BLEU_1     : 0.24831315270776116
11/21/2021 18:30:34 - INFO - modules.trainer -   	val_BLEU_2     : 0.14951392626383608
11/21/2021 18:30:34 - INFO - modules.trainer -   	val_BLEU_3     : 0.10489717956627699
11/21/2021 18:30:34 - INFO - modules.trainer -   	val_BLEU_4     : 0.07919313895629802
11/21/2021 18:30:34 - INFO - modules.trainer -   	val_METEOR     : 0.11494696213016609
11/21/2021 18:30:34 - INFO - modules.trainer -   	val_ROUGE_L    : 0.3013597624957748
11/21/2021 18:30:34 - INFO - modules.trainer -   	test_BLEU_1    : 0.27593303541566094
11/21/2021 18:30:34 - INFO - modules.trainer -   	test_BLEU_2    : 0.16749863229496625
11/21/2021 18:30:34 - INFO - modules.trainer -   	test_BLEU_3    : 0.1190014410284134
11/21/2021 18:30:34 - INFO - modules.trainer -   	test_BLEU_4    : 0.09015372682787386
11/21/2021 18:30:34 - INFO - modules.trainer -   	test_METEOR    : 0.12685259710497987
11/21/2021 18:30:34 - INFO - modules.trainer -   	test_ROUGE_L   : 0.3154500770417822
11/21/2021 18:30:37 - INFO - modules.trainer -   Saving checkpoint: results/iu_xray/current_checkpoint.pth ...
11/21/2021 18:30:37 - INFO - modules.trainer -   [22/30] Start to train in the training set.
best performance in epoch:  5
11/21/2021 18:30:39 - INFO - modules.trainer -   [22/30] Step: 0/64, CE Loss: 0.49726, CON Loss: 0.06778.
11/21/2021 18:31:39 - INFO - modules.trainer -   [22/30] Step: 50/64, CE Loss: 0.49449, CON Loss: 0.06593.
11/21/2021 18:31:55 - INFO - modules.trainer -   [22/30] Start to evaluate in the validation set.
11/21/2021 18:32:09 - INFO - modules.trainer -   [22/30] Start to evaluate in the test set.
11/21/2021 18:32:31 - INFO - modules.trainer -   	epoch          : 22
11/21/2021 18:32:31 - INFO - modules.trainer -   	ce_loss        : 0.49963434552773833
11/21/2021 18:32:31 - INFO - modules.trainer -   	con            : 0.0654657632112503
11/21/2021 18:32:31 - INFO - modules.trainer -   	val_BLEU_1     : 0.4327837148356817
11/21/2021 18:32:31 - INFO - modules.trainer -   	val_BLEU_2     : 0.2720082711066255
11/21/2021 18:32:31 - INFO - modules.trainer -   	val_BLEU_3     : 0.19009243435162843
11/21/2021 18:32:31 - INFO - modules.trainer -   	val_BLEU_4     : 0.14022512574467866
11/21/2021 18:32:31 - INFO - modules.trainer -   	val_METEOR     : 0.17527839890773014
11/21/2021 18:32:31 - INFO - modules.trainer -   	val_ROUGE_L    : 0.3432257241344852
11/21/2021 18:32:31 - INFO - modules.trainer -   	test_BLEU_1    : 0.46752601072765204
11/21/2021 18:32:31 - INFO - modules.trainer -   	test_BLEU_2    : 0.2922314065440761
11/21/2021 18:32:31 - INFO - modules.trainer -   	test_BLEU_3    : 0.20568740203972982
11/21/2021 18:32:31 - INFO - modules.trainer -   	test_BLEU_4    : 0.1534417922379631
11/21/2021 18:32:31 - INFO - modules.trainer -   	test_METEOR    : 0.19000285778133738
11/21/2021 18:32:31 - INFO - modules.trainer -   	test_ROUGE_L   : 0.35542545875848913
11/21/2021 18:32:34 - INFO - modules.trainer -   Saving checkpoint: results/iu_xray/current_checkpoint.pth ...
11/21/2021 18:32:39 - INFO - modules.trainer -   Saving current best: model_best.pth ...
11/21/2021 18:32:39 - INFO - modules.trainer -   [23/30] Start to train in the training set.
best performance in epoch:  22
11/21/2021 18:32:41 - INFO - modules.trainer -   [23/30] Step: 0/64, CE Loss: 0.43519, CON Loss: 0.06317.
11/21/2021 18:33:41 - INFO - modules.trainer -   [23/30] Step: 50/64, CE Loss: 0.46810, CON Loss: 0.06150.
11/21/2021 18:33:57 - INFO - modules.trainer -   [23/30] Start to evaluate in the validation set.
11/21/2021 18:34:12 - INFO - modules.trainer -   [23/30] Start to evaluate in the test set.
11/21/2021 18:34:34 - INFO - modules.trainer -   	epoch          : 23
11/21/2021 18:34:34 - INFO - modules.trainer -   	ce_loss        : 0.4772398145869374
11/21/2021 18:34:34 - INFO - modules.trainer -   	con            : 0.061087282083462924
11/21/2021 18:34:34 - INFO - modules.trainer -   	val_BLEU_1     : 0.2843085653112455
11/21/2021 18:34:34 - INFO - modules.trainer -   	val_BLEU_2     : 0.17121339573587138
11/21/2021 18:34:34 - INFO - modules.trainer -   	val_BLEU_3     : 0.11944766308141734
11/21/2021 18:34:34 - INFO - modules.trainer -   	val_BLEU_4     : 0.09017581157792016
11/21/2021 18:34:34 - INFO - modules.trainer -   	val_METEOR     : 0.12714269736629932
11/21/2021 18:34:34 - INFO - modules.trainer -   	val_ROUGE_L    : 0.30475279923732274
11/21/2021 18:34:34 - INFO - modules.trainer -   	test_BLEU_1    : 0.31448994531791574
11/21/2021 18:34:34 - INFO - modules.trainer -   	test_BLEU_2    : 0.19222134269007451
11/21/2021 18:34:34 - INFO - modules.trainer -   	test_BLEU_3    : 0.13603884003189104
11/21/2021 18:34:34 - INFO - modules.trainer -   	test_BLEU_4    : 0.10234512952978002
11/21/2021 18:34:34 - INFO - modules.trainer -   	test_METEOR    : 0.1385995083406955
11/21/2021 18:34:34 - INFO - modules.trainer -   	test_ROUGE_L   : 0.3174638118722435
11/21/2021 18:34:37 - INFO - modules.trainer -   Saving checkpoint: results/iu_xray/current_checkpoint.pth ...
11/21/2021 18:34:37 - INFO - modules.trainer -   [24/30] Start to train in the training set.
best performance in epoch:  22
11/21/2021 18:34:39 - INFO - modules.trainer -   [24/30] Step: 0/64, CE Loss: 0.45108, CON Loss: 0.05903.
11/21/2021 18:35:39 - INFO - modules.trainer -   [24/30] Step: 50/64, CE Loss: 0.45400, CON Loss: 0.05753.
11/21/2021 18:35:55 - INFO - modules.trainer -   [24/30] Start to evaluate in the validation set.
11/21/2021 18:36:09 - INFO - modules.trainer -   [24/30] Start to evaluate in the test set.
11/21/2021 18:36:31 - INFO - modules.trainer -   	epoch          : 24
11/21/2021 18:36:31 - INFO - modules.trainer -   	ce_loss        : 0.46257457649335265
11/21/2021 18:36:31 - INFO - modules.trainer -   	con            : 0.057157615723554045
11/21/2021 18:36:31 - INFO - modules.trainer -   	val_BLEU_1     : 0.298370481328115
11/21/2021 18:36:31 - INFO - modules.trainer -   	val_BLEU_2     : 0.17487341991070282
11/21/2021 18:36:31 - INFO - modules.trainer -   	val_BLEU_3     : 0.11508952143585438
11/21/2021 18:36:31 - INFO - modules.trainer -   	val_BLEU_4     : 0.08141969201709799
11/21/2021 18:36:31 - INFO - modules.trainer -   	val_METEOR     : 0.12820855866992936
11/21/2021 18:36:31 - INFO - modules.trainer -   	val_ROUGE_L    : 0.29007553282697157
11/21/2021 18:36:31 - INFO - modules.trainer -   	test_BLEU_1    : 0.3357240767906319
11/21/2021 18:36:31 - INFO - modules.trainer -   	test_BLEU_2    : 0.19927313137119806
11/21/2021 18:36:31 - INFO - modules.trainer -   	test_BLEU_3    : 0.13269760490584093
11/21/2021 18:36:31 - INFO - modules.trainer -   	test_BLEU_4    : 0.09347336781321165
11/21/2021 18:36:31 - INFO - modules.trainer -   	test_METEOR    : 0.13842930540910173
11/21/2021 18:36:31 - INFO - modules.trainer -   	test_ROUGE_L   : 0.3087489561442633
11/21/2021 18:36:36 - INFO - modules.trainer -   Saving checkpoint: results/iu_xray/current_checkpoint.pth ...
11/21/2021 18:36:36 - INFO - modules.trainer -   [25/30] Start to train in the training set.
best performance in epoch:  22
11/21/2021 18:36:38 - INFO - modules.trainer -   [25/30] Step: 0/64, CE Loss: 0.43343, CON Loss: 0.05530.
11/21/2021 18:37:38 - INFO - modules.trainer -   [25/30] Step: 50/64, CE Loss: 0.43856, CON Loss: 0.05396.
11/21/2021 18:37:53 - INFO - modules.trainer -   [25/30] Start to evaluate in the validation set.
11/21/2021 18:38:08 - INFO - modules.trainer -   [25/30] Start to evaluate in the test set.
11/21/2021 18:38:30 - INFO - modules.trainer -   	epoch          : 25
11/21/2021 18:38:30 - INFO - modules.trainer -   	ce_loss        : 0.4471079236827791
11/21/2021 18:38:30 - INFO - modules.trainer -   	con            : 0.05362836777931079
11/21/2021 18:38:30 - INFO - modules.trainer -   	val_BLEU_1     : 0.3132865192559469
11/21/2021 18:38:30 - INFO - modules.trainer -   	val_BLEU_2     : 0.18498607646759851
11/21/2021 18:38:30 - INFO - modules.trainer -   	val_BLEU_3     : 0.12570533699264008
11/21/2021 18:38:30 - INFO - modules.trainer -   	val_BLEU_4     : 0.09227826548274666
11/21/2021 18:38:30 - INFO - modules.trainer -   	val_METEOR     : 0.12969387744953462
11/21/2021 18:38:30 - INFO - modules.trainer -   	val_ROUGE_L    : 0.30659036751036184
11/21/2021 18:38:30 - INFO - modules.trainer -   	test_BLEU_1    : 0.3452975529886405
11/21/2021 18:38:30 - INFO - modules.trainer -   	test_BLEU_2    : 0.2142425068881298
11/21/2021 18:38:30 - INFO - modules.trainer -   	test_BLEU_3    : 0.1539780428006682
11/21/2021 18:38:30 - INFO - modules.trainer -   	test_BLEU_4    : 0.11802849726721533
11/21/2021 18:38:30 - INFO - modules.trainer -   	test_METEOR    : 0.14576729172789843
11/21/2021 18:38:30 - INFO - modules.trainer -   	test_ROUGE_L   : 0.3269461938918839
11/21/2021 18:38:34 - INFO - modules.trainer -   Saving checkpoint: results/iu_xray/current_checkpoint.pth ...
11/21/2021 18:38:34 - INFO - modules.trainer -   [26/30] Start to train in the training set.
best performance in epoch:  22
11/21/2021 18:38:36 - INFO - modules.trainer -   [26/30] Step: 0/64, CE Loss: 0.37293, CON Loss: 0.05197.
11/21/2021 18:39:36 - INFO - modules.trainer -   [26/30] Step: 50/64, CE Loss: 0.42568, CON Loss: 0.05074.
11/21/2021 18:39:51 - INFO - modules.trainer -   [26/30] Start to evaluate in the validation set.
11/21/2021 18:40:05 - INFO - modules.trainer -   [26/30] Start to evaluate in the test set.
11/21/2021 18:40:28 - INFO - modules.trainer -   	epoch          : 26
11/21/2021 18:40:28 - INFO - modules.trainer -   	ce_loss        : 0.4338910607621074
11/21/2021 18:40:28 - INFO - modules.trainer -   	con            : 0.0504362762439996
11/21/2021 18:40:28 - INFO - modules.trainer -   	val_BLEU_1     : 0.4190971867981835
11/21/2021 18:40:28 - INFO - modules.trainer -   	val_BLEU_2     : 0.2367501025927575
11/21/2021 18:40:28 - INFO - modules.trainer -   	val_BLEU_3     : 0.1533258272424385
11/21/2021 18:40:28 - INFO - modules.trainer -   	val_BLEU_4     : 0.10739562309485734
11/21/2021 18:40:28 - INFO - modules.trainer -   	val_METEOR     : 0.15723714337837918
11/21/2021 18:40:28 - INFO - modules.trainer -   	val_ROUGE_L    : 0.310390159746244
11/21/2021 18:40:28 - INFO - modules.trainer -   	test_BLEU_1    : 0.4336845214651224
11/21/2021 18:40:28 - INFO - modules.trainer -   	test_BLEU_2    : 0.2633137081942427
11/21/2021 18:40:28 - INFO - modules.trainer -   	test_BLEU_3    : 0.18513601187388573
11/21/2021 18:40:28 - INFO - modules.trainer -   	test_BLEU_4    : 0.13935560224828672
11/21/2021 18:40:28 - INFO - modules.trainer -   	test_METEOR    : 0.18079151081747186
11/21/2021 18:40:28 - INFO - modules.trainer -   	test_ROUGE_L   : 0.34487596932635073
11/21/2021 18:40:32 - INFO - modules.trainer -   Saving checkpoint: results/iu_xray/current_checkpoint.pth ...
11/21/2021 18:40:32 - INFO - modules.trainer -   [27/30] Start to train in the training set.
best performance in epoch:  22
11/21/2021 18:40:34 - INFO - modules.trainer -   [27/30] Step: 0/64, CE Loss: 0.36085, CON Loss: 0.04892.
11/21/2021 18:41:33 - INFO - modules.trainer -   [27/30] Step: 50/64, CE Loss: 0.42648, CON Loss: 0.04782.
11/21/2021 18:41:48 - INFO - modules.trainer -   [27/30] Start to evaluate in the validation set.
11/21/2021 18:42:03 - INFO - modules.trainer -   [27/30] Start to evaluate in the test set.
11/21/2021 18:42:25 - INFO - modules.trainer -   	epoch          : 27
11/21/2021 18:42:25 - INFO - modules.trainer -   	ce_loss        : 0.4328627777285874
11/21/2021 18:42:25 - INFO - modules.trainer -   	con            : 0.047541052219457924
11/21/2021 18:42:25 - INFO - modules.trainer -   	val_BLEU_1     : 0.28198589794079215
11/21/2021 18:42:25 - INFO - modules.trainer -   	val_BLEU_2     : 0.17044944207495233
11/21/2021 18:42:25 - INFO - modules.trainer -   	val_BLEU_3     : 0.11793111564751112
11/21/2021 18:42:25 - INFO - modules.trainer -   	val_BLEU_4     : 0.08814875369727594
11/21/2021 18:42:25 - INFO - modules.trainer -   	val_METEOR     : 0.1258718351781499
11/21/2021 18:42:25 - INFO - modules.trainer -   	val_ROUGE_L    : 0.30152329281569423
11/21/2021 18:42:25 - INFO - modules.trainer -   	test_BLEU_1    : 0.3086135862241357
11/21/2021 18:42:25 - INFO - modules.trainer -   	test_BLEU_2    : 0.1867687711844475
11/21/2021 18:42:25 - INFO - modules.trainer -   	test_BLEU_3    : 0.13112270625128816
11/21/2021 18:42:25 - INFO - modules.trainer -   	test_BLEU_4    : 0.09806207042013429
11/21/2021 18:42:25 - INFO - modules.trainer -   	test_METEOR    : 0.13621523457859613
11/21/2021 18:42:25 - INFO - modules.trainer -   	test_ROUGE_L   : 0.3146008643414007
11/21/2021 18:42:28 - INFO - modules.trainer -   Saving checkpoint: results/iu_xray/current_checkpoint.pth ...
11/21/2021 18:42:28 - INFO - modules.trainer -   [28/30] Start to train in the training set.
best performance in epoch:  22
11/21/2021 18:42:30 - INFO - modules.trainer -   [28/30] Step: 0/64, CE Loss: 0.40258, CON Loss: 0.04615.
11/21/2021 18:43:30 - INFO - modules.trainer -   [28/30] Step: 50/64, CE Loss: 0.41339, CON Loss: 0.04513.
11/21/2021 18:43:46 - INFO - modules.trainer -   [28/30] Start to evaluate in the validation set.
11/21/2021 18:44:00 - INFO - modules.trainer -   [28/30] Start to evaluate in the test set.
11/21/2021 18:44:22 - INFO - modules.trainer -   	epoch          : 28
11/21/2021 18:44:22 - INFO - modules.trainer -   	ce_loss        : 0.4219405045732856
11/21/2021 18:44:22 - INFO - modules.trainer -   	con            : 0.044873662176541984
11/21/2021 18:44:22 - INFO - modules.trainer -   	val_BLEU_1     : 0.35297286373804027
11/21/2021 18:44:22 - INFO - modules.trainer -   	val_BLEU_2     : 0.21696827453008957
11/21/2021 18:44:22 - INFO - modules.trainer -   	val_BLEU_3     : 0.1495508932203952
11/21/2021 18:44:22 - INFO - modules.trainer -   	val_BLEU_4     : 0.10818817900091764
11/21/2021 18:44:22 - INFO - modules.trainer -   	val_METEOR     : 0.13460040219064556
11/21/2021 18:44:22 - INFO - modules.trainer -   	val_ROUGE_L    : 0.3009677629971515
11/21/2021 18:44:22 - INFO - modules.trainer -   	test_BLEU_1    : 0.3946014849838416
11/21/2021 18:44:22 - INFO - modules.trainer -   	test_BLEU_2    : 0.24436523909053337
11/21/2021 18:44:22 - INFO - modules.trainer -   	test_BLEU_3    : 0.1708490716902448
11/21/2021 18:44:22 - INFO - modules.trainer -   	test_BLEU_4    : 0.12512198992936788
11/21/2021 18:44:22 - INFO - modules.trainer -   	test_METEOR    : 0.14773950034540406
11/21/2021 18:44:22 - INFO - modules.trainer -   	test_ROUGE_L   : 0.3139466627260495
11/21/2021 18:44:25 - INFO - modules.trainer -   Saving checkpoint: results/iu_xray/current_checkpoint.pth ...
11/21/2021 18:44:25 - INFO - modules.trainer -   [29/30] Start to train in the training set.
best performance in epoch:  22
11/21/2021 18:44:27 - INFO - modules.trainer -   [29/30] Step: 0/64, CE Loss: 0.37951, CON Loss: 0.04359.
11/21/2021 18:45:27 - INFO - modules.trainer -   [29/30] Step: 50/64, CE Loss: 0.40719, CON Loss: 0.04266.
11/21/2021 18:45:42 - INFO - modules.trainer -   [29/30] Start to evaluate in the validation set.
11/21/2021 18:45:57 - INFO - modules.trainer -   [29/30] Start to evaluate in the test set.
11/21/2021 18:46:19 - INFO - modules.trainer -   	epoch          : 29
11/21/2021 18:46:19 - INFO - modules.trainer -   	ce_loss        : 0.41317696310579777
11/21/2021 18:46:19 - INFO - modules.trainer -   	con            : 0.04242151492508128
11/21/2021 18:46:19 - INFO - modules.trainer -   	val_BLEU_1     : 0.2958515018597402
11/21/2021 18:46:19 - INFO - modules.trainer -   	val_BLEU_2     : 0.16906736998781094
11/21/2021 18:46:19 - INFO - modules.trainer -   	val_BLEU_3     : 0.11135098682485184
11/21/2021 18:46:19 - INFO - modules.trainer -   	val_BLEU_4     : 0.07884234638933708
11/21/2021 18:46:19 - INFO - modules.trainer -   	val_METEOR     : 0.12449729479512996
11/21/2021 18:46:19 - INFO - modules.trainer -   	val_ROUGE_L    : 0.29767634162084844
11/21/2021 18:46:19 - INFO - modules.trainer -   	test_BLEU_1    : 0.3484313657162903
11/21/2021 18:46:19 - INFO - modules.trainer -   	test_BLEU_2    : 0.21411461498234932
11/21/2021 18:46:19 - INFO - modules.trainer -   	test_BLEU_3    : 0.15303420886516383
11/21/2021 18:46:19 - INFO - modules.trainer -   	test_BLEU_4    : 0.1164571463386867
11/21/2021 18:46:19 - INFO - modules.trainer -   	test_METEOR    : 0.14434441107133483
11/21/2021 18:46:19 - INFO - modules.trainer -   	test_ROUGE_L   : 0.3265887093136912
11/21/2021 18:46:23 - INFO - modules.trainer -   Saving checkpoint: results/iu_xray/current_checkpoint.pth ...
11/21/2021 18:46:23 - INFO - modules.trainer -   [30/30] Start to train in the training set.
best performance in epoch:  22
11/21/2021 18:46:25 - INFO - modules.trainer -   [30/30] Step: 0/64, CE Loss: 0.36989, CON Loss: 0.04125.
11/21/2021 18:47:25 - INFO - modules.trainer -   [30/30] Step: 50/64, CE Loss: 0.40206, CON Loss: 0.04038.
11/21/2021 18:47:41 - INFO - modules.trainer -   [30/30] Start to evaluate in the validation set.
11/21/2021 18:47:56 - INFO - modules.trainer -   [30/30] Start to evaluate in the test set.
11/21/2021 18:48:19 - INFO - modules.trainer -   	epoch          : 30
11/21/2021 18:48:19 - INFO - modules.trainer -   	ce_loss        : 0.4070461494848132
11/21/2021 18:48:19 - INFO - modules.trainer -   	con            : 0.04015984991565347
11/21/2021 18:48:19 - INFO - modules.trainer -   	val_BLEU_1     : 0.24440522315427832
11/21/2021 18:48:19 - INFO - modules.trainer -   	val_BLEU_2     : 0.14547991615074193
11/21/2021 18:48:19 - INFO - modules.trainer -   	val_BLEU_3     : 0.10047143209297671
11/21/2021 18:48:19 - INFO - modules.trainer -   	val_BLEU_4     : 0.07483984840977781
11/21/2021 18:48:19 - INFO - modules.trainer -   	val_METEOR     : 0.11499186288968027
11/21/2021 18:48:19 - INFO - modules.trainer -   	val_ROUGE_L    : 0.29593182050370237
11/21/2021 18:48:19 - INFO - modules.trainer -   	test_BLEU_1    : 0.28458012184095455
11/21/2021 18:48:19 - INFO - modules.trainer -   	test_BLEU_2    : 0.17193896978475032
11/21/2021 18:48:19 - INFO - modules.trainer -   	test_BLEU_3    : 0.12185977653297238
11/21/2021 18:48:19 - INFO - modules.trainer -   	test_BLEU_4    : 0.09160715556593325
11/21/2021 18:48:19 - INFO - modules.trainer -   	test_METEOR    : 0.13005295017405677
11/21/2021 18:48:19 - INFO - modules.trainer -   	test_ROUGE_L   : 0.31425930630879506
11/21/2021 18:48:22 - INFO - modules.trainer -   Saving checkpoint: results/iu_xray/current_checkpoint.pth ...
best performance in epoch:  22
