nohup: ignoring input
11/21/2021 10:39:49 - INFO - modules.trainer -   [1/30] Start to train in the training set.
[W TensorIterator.cpp:918] Warning: Mixed memory format inputs detected while calling the operator. The operator will output contiguous tensor even if some of the inputs are in channels_last format. (function operator())
11/21/2021 10:39:52 - INFO - modules.trainer -   [1/30] Step: 0/64, CE Loss: 6.82581, CON Loss: 0.34984.
11/21/2021 10:40:53 - INFO - modules.trainer -   [1/30] Step: 50/64, CE Loss: 4.52475, CON Loss: 0.34416.
11/21/2021 10:41:08 - INFO - modules.trainer -   [1/30] Start to evaluate in the validation set.
11/21/2021 10:41:22 - INFO - modules.trainer -   [1/30] Start to evaluate in the test set.
11/21/2021 10:41:44 - INFO - modules.trainer -   	epoch          : 1
11/21/2021 10:41:44 - INFO - modules.trainer -   	ce_loss        : 4.264802977442741
11/21/2021 10:41:44 - INFO - modules.trainer -   	con            : 0.3433120618574321
11/21/2021 10:41:44 - INFO - modules.trainer -   	val_BLEU_1     : 0.058852221225230726
11/21/2021 10:41:44 - INFO - modules.trainer -   	val_BLEU_2     : 0.03787405145034972
11/21/2021 10:41:44 - INFO - modules.trainer -   	val_BLEU_3     : 0.027195024082802416
11/21/2021 10:41:44 - INFO - modules.trainer -   	val_BLEU_4     : 0.02020921423469459
11/21/2021 10:41:44 - INFO - modules.trainer -   	val_METEOR     : 0.08135942768805629
11/21/2021 10:41:44 - INFO - modules.trainer -   	val_ROUGE_L    : 0.22528233633036487
11/21/2021 10:41:44 - INFO - modules.trainer -   	test_BLEU_1    : 0.08025134493107669
11/21/2021 10:41:44 - INFO - modules.trainer -   	test_BLEU_2    : 0.05330472702291649
11/21/2021 10:41:44 - INFO - modules.trainer -   	test_BLEU_3    : 0.03960046614115749
11/21/2021 10:41:44 - INFO - modules.trainer -   	test_BLEU_4    : 0.03044645439704893
11/21/2021 10:41:44 - INFO - modules.trainer -   	test_METEOR    : 0.09238839466068116
11/21/2021 10:41:44 - INFO - modules.trainer -   	test_ROUGE_L   : 0.25680520389845884
11/21/2021 10:41:48 - INFO - modules.trainer -   Saving checkpoint: results/iu_xray/current_checkpoint.pth ...
11/21/2021 10:41:53 - INFO - modules.trainer -   Saving current best: model_best.pth ...
11/21/2021 10:41:53 - INFO - modules.trainer -   [2/30] Start to train in the training set.
best performance in epoch:  1
11/21/2021 10:41:55 - INFO - modules.trainer -   [2/30] Step: 0/64, CE Loss: 2.87109, CON Loss: 0.33910.
11/21/2021 10:42:54 - INFO - modules.trainer -   [2/30] Step: 50/64, CE Loss: 2.73120, CON Loss: 0.33592.
11/21/2021 10:43:09 - INFO - modules.trainer -   [2/30] Start to evaluate in the validation set.
11/21/2021 10:43:24 - INFO - modules.trainer -   [2/30] Start to evaluate in the test set.
11/21/2021 10:43:46 - INFO - modules.trainer -   	epoch          : 2
11/21/2021 10:43:46 - INFO - modules.trainer -   	ce_loss        : 2.668825823813677
11/21/2021 10:43:46 - INFO - modules.trainer -   	con            : 0.3350973939523101
11/21/2021 10:43:46 - INFO - modules.trainer -   	val_BLEU_1     : 0.19909118707772133
11/21/2021 10:43:46 - INFO - modules.trainer -   	val_BLEU_2     : 0.11807683627496969
11/21/2021 10:43:46 - INFO - modules.trainer -   	val_BLEU_3     : 0.08359200157890083
11/21/2021 10:43:46 - INFO - modules.trainer -   	val_BLEU_4     : 0.06406738169535475
11/21/2021 10:43:46 - INFO - modules.trainer -   	val_METEOR     : 0.1032284347198968
11/21/2021 10:43:46 - INFO - modules.trainer -   	val_ROUGE_L    : 0.2940453587371264
11/21/2021 10:43:46 - INFO - modules.trainer -   	test_BLEU_1    : 0.24121713130691252
11/21/2021 10:43:46 - INFO - modules.trainer -   	test_BLEU_2    : 0.14627857758696888
11/21/2021 10:43:46 - INFO - modules.trainer -   	test_BLEU_3    : 0.10516245438555692
11/21/2021 10:43:46 - INFO - modules.trainer -   	test_BLEU_4    : 0.08076581974413635
11/21/2021 10:43:46 - INFO - modules.trainer -   	test_METEOR    : 0.11927693741782386
11/21/2021 10:43:46 - INFO - modules.trainer -   	test_ROUGE_L   : 0.31178621447822846
11/21/2021 10:43:50 - INFO - modules.trainer -   Saving checkpoint: results/iu_xray/current_checkpoint.pth ...
11/21/2021 10:43:53 - INFO - modules.trainer -   Saving current best: model_best.pth ...
11/21/2021 10:43:53 - INFO - modules.trainer -   [3/30] Start to train in the training set.
best performance in epoch:  2
11/21/2021 10:43:55 - INFO - modules.trainer -   [3/30] Step: 0/64, CE Loss: 2.59289, CON Loss: 0.33097.
11/21/2021 10:44:55 - INFO - modules.trainer -   [3/30] Step: 50/64, CE Loss: 2.18434, CON Loss: 0.32767.
11/21/2021 10:45:11 - INFO - modules.trainer -   [3/30] Start to evaluate in the validation set.
11/21/2021 10:45:25 - INFO - modules.trainer -   [3/30] Start to evaluate in the test set.
11/21/2021 10:45:48 - INFO - modules.trainer -   	epoch          : 3
11/21/2021 10:45:48 - INFO - modules.trainer -   	ce_loss        : 2.1486181132495403
11/21/2021 10:45:48 - INFO - modules.trainer -   	con            : 0.3267805203795433
11/21/2021 10:45:48 - INFO - modules.trainer -   	val_BLEU_1     : 0.1327330392972941
11/21/2021 10:45:48 - INFO - modules.trainer -   	val_BLEU_2     : 0.0773787520512476
11/21/2021 10:45:48 - INFO - modules.trainer -   	val_BLEU_3     : 0.05387855073349389
11/21/2021 10:45:48 - INFO - modules.trainer -   	val_BLEU_4     : 0.040428290466560976
11/21/2021 10:45:48 - INFO - modules.trainer -   	val_METEOR     : 0.09067042462037639
11/21/2021 10:45:48 - INFO - modules.trainer -   	val_ROUGE_L    : 0.261364074283006
11/21/2021 10:45:48 - INFO - modules.trainer -   	test_BLEU_1    : 0.1737750928099092
11/21/2021 10:45:48 - INFO - modules.trainer -   	test_BLEU_2    : 0.10636337531239555
11/21/2021 10:45:48 - INFO - modules.trainer -   	test_BLEU_3    : 0.07684522621696194
11/21/2021 10:45:48 - INFO - modules.trainer -   	test_BLEU_4    : 0.05848744554847685
11/21/2021 10:45:48 - INFO - modules.trainer -   	test_METEOR    : 0.10757574997010706
11/21/2021 10:45:48 - INFO - modules.trainer -   	test_ROUGE_L   : 0.2907616701298493
11/21/2021 10:45:51 - INFO - modules.trainer -   Saving checkpoint: results/iu_xray/current_checkpoint.pth ...
11/21/2021 10:45:51 - INFO - modules.trainer -   [4/30] Start to train in the training set.
best performance in epoch:  2
11/21/2021 10:45:53 - INFO - modules.trainer -   [4/30] Step: 0/64, CE Loss: 2.00580, CON Loss: 0.32228.
11/21/2021 10:46:52 - INFO - modules.trainer -   [4/30] Step: 50/64, CE Loss: 1.91162, CON Loss: 0.31857.
11/21/2021 10:47:08 - INFO - modules.trainer -   [4/30] Start to evaluate in the validation set.
11/21/2021 10:47:22 - INFO - modules.trainer -   [4/30] Start to evaluate in the test set.
11/21/2021 10:47:44 - INFO - modules.trainer -   	epoch          : 4
11/21/2021 10:47:44 - INFO - modules.trainer -   	ce_loss        : 1.9108818508684635
11/21/2021 10:47:44 - INFO - modules.trainer -   	con            : 0.3175589023157954
11/21/2021 10:47:44 - INFO - modules.trainer -   	val_BLEU_1     : 0.19991732752631208
11/21/2021 10:47:44 - INFO - modules.trainer -   	val_BLEU_2     : 0.11873684230951084
11/21/2021 10:47:44 - INFO - modules.trainer -   	val_BLEU_3     : 0.08399872056140366
11/21/2021 10:47:44 - INFO - modules.trainer -   	val_BLEU_4     : 0.06429574934980219
11/21/2021 10:47:44 - INFO - modules.trainer -   	val_METEOR     : 0.10382538300345627
11/21/2021 10:47:44 - INFO - modules.trainer -   	val_ROUGE_L    : 0.2952804757082612
11/21/2021 10:47:44 - INFO - modules.trainer -   	test_BLEU_1    : 0.2414891728040812
11/21/2021 10:47:44 - INFO - modules.trainer -   	test_BLEU_2    : 0.14657508017251872
11/21/2021 10:47:44 - INFO - modules.trainer -   	test_BLEU_3    : 0.10545486468993152
11/21/2021 10:47:44 - INFO - modules.trainer -   	test_BLEU_4    : 0.08101704657824713
11/21/2021 10:47:44 - INFO - modules.trainer -   	test_METEOR    : 0.11945841070409312
11/21/2021 10:47:44 - INFO - modules.trainer -   	test_ROUGE_L   : 0.3121804906222145
11/21/2021 10:47:48 - INFO - modules.trainer -   Saving checkpoint: results/iu_xray/current_checkpoint.pth ...
11/21/2021 10:47:52 - INFO - modules.trainer -   Saving current best: model_best.pth ...
11/21/2021 10:47:52 - INFO - modules.trainer -   [5/30] Start to train in the training set.
best performance in epoch:  4
11/21/2021 10:47:54 - INFO - modules.trainer -   [5/30] Step: 0/64, CE Loss: 1.89457, CON Loss: 0.31247.
11/21/2021 10:48:53 - INFO - modules.trainer -   [5/30] Step: 50/64, CE Loss: 1.72645, CON Loss: 0.30821.
11/21/2021 10:49:08 - INFO - modules.trainer -   [5/30] Start to evaluate in the validation set.
11/21/2021 10:49:22 - INFO - modules.trainer -   [5/30] Start to evaluate in the test set.
11/21/2021 10:49:44 - INFO - modules.trainer -   	epoch          : 5
11/21/2021 10:49:44 - INFO - modules.trainer -   	ce_loss        : 1.7351970691233873
11/21/2021 10:49:44 - INFO - modules.trainer -   	con            : 0.3070523841306567
11/21/2021 10:49:44 - INFO - modules.trainer -   	val_BLEU_1     : 0.20110009270474974
11/21/2021 10:49:44 - INFO - modules.trainer -   	val_BLEU_2     : 0.11995351785792281
11/21/2021 10:49:44 - INFO - modules.trainer -   	val_BLEU_3     : 0.08499249665477605
11/21/2021 10:49:44 - INFO - modules.trainer -   	val_BLEU_4     : 0.06503466716247787
11/21/2021 10:49:44 - INFO - modules.trainer -   	val_METEOR     : 0.10455208985456699
11/21/2021 10:49:44 - INFO - modules.trainer -   	val_ROUGE_L    : 0.29591454891475927
11/21/2021 10:49:44 - INFO - modules.trainer -   	test_BLEU_1    : 0.24167693589527042
11/21/2021 10:49:44 - INFO - modules.trainer -   	test_BLEU_2    : 0.14666007383452748
11/21/2021 10:49:44 - INFO - modules.trainer -   	test_BLEU_3    : 0.10552391981296934
11/21/2021 10:49:44 - INFO - modules.trainer -   	test_BLEU_4    : 0.08107133891039531
11/21/2021 10:49:44 - INFO - modules.trainer -   	test_METEOR    : 0.11943878587662479
11/21/2021 10:49:44 - INFO - modules.trainer -   	test_ROUGE_L   : 0.3120083272005411
11/21/2021 10:49:48 - INFO - modules.trainer -   Saving checkpoint: results/iu_xray/current_checkpoint.pth ...
11/21/2021 10:49:51 - INFO - modules.trainer -   Saving current best: model_best.pth ...
11/21/2021 10:49:51 - INFO - modules.trainer -   [6/30] Start to train in the training set.
best performance in epoch:  5
11/21/2021 10:49:53 - INFO - modules.trainer -   [6/30] Step: 0/64, CE Loss: 1.69765, CON Loss: 0.30120.
11/21/2021 10:50:53 - INFO - modules.trainer -   [6/30] Step: 50/64, CE Loss: 1.58267, CON Loss: 0.29631.
11/21/2021 10:51:08 - INFO - modules.trainer -   [6/30] Start to evaluate in the validation set.
11/21/2021 10:51:22 - INFO - modules.trainer -   [6/30] Start to evaluate in the test set.
11/21/2021 10:51:45 - INFO - modules.trainer -   	epoch          : 6
11/21/2021 10:51:45 - INFO - modules.trainer -   	ce_loss        : 1.6047931909561157
11/21/2021 10:51:45 - INFO - modules.trainer -   	con            : 0.2949794358573854
11/21/2021 10:51:45 - INFO - modules.trainer -   	val_BLEU_1     : 0.25271699724359925
11/21/2021 10:51:45 - INFO - modules.trainer -   	val_BLEU_2     : 0.14726641571139346
11/21/2021 10:51:45 - INFO - modules.trainer -   	val_BLEU_3     : 0.10069799363081473
11/21/2021 10:51:45 - INFO - modules.trainer -   	val_BLEU_4     : 0.07400789516311901
11/21/2021 10:51:45 - INFO - modules.trainer -   	val_METEOR     : 0.11423203628519434
11/21/2021 10:51:45 - INFO - modules.trainer -   	val_ROUGE_L    : 0.29734984112726787
11/21/2021 10:51:45 - INFO - modules.trainer -   	test_BLEU_1    : 0.2806572739624845
11/21/2021 10:51:45 - INFO - modules.trainer -   	test_BLEU_2    : 0.1686167644387007
11/21/2021 10:51:45 - INFO - modules.trainer -   	test_BLEU_3    : 0.11952114382286318
11/21/2021 10:51:45 - INFO - modules.trainer -   	test_BLEU_4    : 0.08991096583215201
11/21/2021 10:51:45 - INFO - modules.trainer -   	test_METEOR    : 0.1262067417885034
11/21/2021 10:51:45 - INFO - modules.trainer -   	test_ROUGE_L   : 0.3130575337894795
11/21/2021 10:51:48 - INFO - modules.trainer -   Saving checkpoint: results/iu_xray/current_checkpoint.pth ...
11/21/2021 10:51:53 - INFO - modules.trainer -   Saving current best: model_best.pth ...
11/21/2021 10:51:53 - INFO - modules.trainer -   [7/30] Start to train in the training set.
best performance in epoch:  6
11/21/2021 10:51:55 - INFO - modules.trainer -   [7/30] Step: 0/64, CE Loss: 1.46831, CON Loss: 0.28827.
11/21/2021 10:52:55 - INFO - modules.trainer -   [7/30] Step: 50/64, CE Loss: 1.47761, CON Loss: 0.28258.
11/21/2021 10:53:11 - INFO - modules.trainer -   [7/30] Start to evaluate in the validation set.
11/21/2021 10:53:26 - INFO - modules.trainer -   [7/30] Start to evaluate in the test set.
11/21/2021 10:53:48 - INFO - modules.trainer -   	epoch          : 7
11/21/2021 10:53:48 - INFO - modules.trainer -   	ce_loss        : 1.49847281165421
11/21/2021 10:53:48 - INFO - modules.trainer -   	con            : 0.28103378135710955
11/21/2021 10:53:48 - INFO - modules.trainer -   	val_BLEU_1     : 0.20293699109168525
11/21/2021 10:53:48 - INFO - modules.trainer -   	val_BLEU_2     : 0.1211586774481111
11/21/2021 10:53:48 - INFO - modules.trainer -   	val_BLEU_3     : 0.08571050518050712
11/21/2021 10:53:48 - INFO - modules.trainer -   	val_BLEU_4     : 0.06549679206235823
11/21/2021 10:53:48 - INFO - modules.trainer -   	val_METEOR     : 0.105268303983484
11/21/2021 10:53:48 - INFO - modules.trainer -   	val_ROUGE_L    : 0.29656415081219994
11/21/2021 10:53:48 - INFO - modules.trainer -   	test_BLEU_1    : 0.24169812096124266
11/21/2021 10:53:48 - INFO - modules.trainer -   	test_BLEU_2    : 0.14668554222213626
11/21/2021 10:53:48 - INFO - modules.trainer -   	test_BLEU_3    : 0.10555898098048372
11/21/2021 10:53:48 - INFO - modules.trainer -   	test_BLEU_4    : 0.08108758849322734
11/21/2021 10:53:48 - INFO - modules.trainer -   	test_METEOR    : 0.1194613067472366
11/21/2021 10:53:48 - INFO - modules.trainer -   	test_ROUGE_L   : 0.31212477049920406
11/21/2021 10:53:51 - INFO - modules.trainer -   Saving checkpoint: results/iu_xray/current_checkpoint.pth ...
11/21/2021 10:53:51 - INFO - modules.trainer -   [8/30] Start to train in the training set.
best performance in epoch:  6
11/21/2021 10:53:53 - INFO - modules.trainer -   [8/30] Step: 0/64, CE Loss: 1.28669, CON Loss: 0.27323.
11/21/2021 10:54:52 - INFO - modules.trainer -   [8/30] Step: 50/64, CE Loss: 1.36936, CON Loss: 0.26672.
11/21/2021 10:55:07 - INFO - modules.trainer -   [8/30] Start to evaluate in the validation set.
11/21/2021 10:55:21 - INFO - modules.trainer -   [8/30] Start to evaluate in the test set.
11/21/2021 10:55:43 - INFO - modules.trainer -   	epoch          : 8
11/21/2021 10:55:43 - INFO - modules.trainer -   	ce_loss        : 1.38410912360996
11/21/2021 10:55:43 - INFO - modules.trainer -   	con            : 0.2649485436268151
11/21/2021 10:55:43 - INFO - modules.trainer -   	val_BLEU_1     : 0.35721310122077504
11/21/2021 10:55:43 - INFO - modules.trainer -   	val_BLEU_2     : 0.2082570024989895
11/21/2021 10:55:43 - INFO - modules.trainer -   	val_BLEU_3     : 0.1409415663415497
11/21/2021 10:55:43 - INFO - modules.trainer -   	val_BLEU_4     : 0.10303944991261578
11/21/2021 10:55:43 - INFO - modules.trainer -   	val_METEOR     : 0.1405767527877432
11/21/2021 10:55:43 - INFO - modules.trainer -   	val_ROUGE_L    : 0.3148095154951699
11/21/2021 10:55:43 - INFO - modules.trainer -   	test_BLEU_1    : 0.38917725212325177
11/21/2021 10:55:43 - INFO - modules.trainer -   	test_BLEU_2    : 0.23903537313449746
11/21/2021 10:55:43 - INFO - modules.trainer -   	test_BLEU_3    : 0.1715713284252355
11/21/2021 10:55:43 - INFO - modules.trainer -   	test_BLEU_4    : 0.1305770741707307
11/21/2021 10:55:43 - INFO - modules.trainer -   	test_METEOR    : 0.15651794035975145
11/21/2021 10:55:43 - INFO - modules.trainer -   	test_ROUGE_L   : 0.33630339759945455
11/21/2021 10:55:46 - INFO - modules.trainer -   Saving checkpoint: results/iu_xray/current_checkpoint.pth ...
11/21/2021 10:55:50 - INFO - modules.trainer -   Saving current best: model_best.pth ...
11/21/2021 10:55:50 - INFO - modules.trainer -   [9/30] Start to train in the training set.
best performance in epoch:  8
11/21/2021 10:55:51 - INFO - modules.trainer -   [9/30] Step: 0/64, CE Loss: 1.34927, CON Loss: 0.25597.
11/21/2021 10:56:51 - INFO - modules.trainer -   [9/30] Step: 50/64, CE Loss: 1.27673, CON Loss: 0.24847.
11/21/2021 10:57:06 - INFO - modules.trainer -   [9/30] Start to evaluate in the validation set.
11/21/2021 10:57:20 - INFO - modules.trainer -   [9/30] Start to evaluate in the test set.
11/21/2021 10:57:42 - INFO - modules.trainer -   	epoch          : 9
11/21/2021 10:57:42 - INFO - modules.trainer -   	ce_loss        : 1.2865105960518122
11/21/2021 10:57:42 - INFO - modules.trainer -   	con            : 0.24645579047501087
11/21/2021 10:57:42 - INFO - modules.trainer -   	val_BLEU_1     : 0.32497403722335005
11/21/2021 10:57:42 - INFO - modules.trainer -   	val_BLEU_2     : 0.1878176456681
11/21/2021 10:57:42 - INFO - modules.trainer -   	val_BLEU_3     : 0.12235922346784048
11/21/2021 10:57:42 - INFO - modules.trainer -   	val_BLEU_4     : 0.085060731101029
11/21/2021 10:57:42 - INFO - modules.trainer -   	val_METEOR     : 0.13941751106984365
11/21/2021 10:57:42 - INFO - modules.trainer -   	val_ROUGE_L    : 0.2767159356857258
11/21/2021 10:57:42 - INFO - modules.trainer -   	test_BLEU_1    : 0.36443121154226027
11/21/2021 10:57:42 - INFO - modules.trainer -   	test_BLEU_2    : 0.22373087024392554
11/21/2021 10:57:42 - INFO - modules.trainer -   	test_BLEU_3    : 0.1575609815014083
11/21/2021 10:57:42 - INFO - modules.trainer -   	test_BLEU_4    : 0.11963322809308645
11/21/2021 10:57:42 - INFO - modules.trainer -   	test_METEOR    : 0.15963897823485224
11/21/2021 10:57:42 - INFO - modules.trainer -   	test_ROUGE_L   : 0.3047033311818558
11/21/2021 10:57:46 - INFO - modules.trainer -   Saving checkpoint: results/iu_xray/current_checkpoint.pth ...
11/21/2021 10:57:46 - INFO - modules.trainer -   [10/30] Start to train in the training set.
best performance in epoch:  8
11/21/2021 10:57:48 - INFO - modules.trainer -   [10/30] Step: 0/64, CE Loss: 1.19177, CON Loss: 0.23627.
11/21/2021 10:58:47 - INFO - modules.trainer -   [10/30] Step: 50/64, CE Loss: 1.19892, CON Loss: 0.22792.
11/21/2021 10:59:03 - INFO - modules.trainer -   [10/30] Start to evaluate in the validation set.
11/21/2021 10:59:17 - INFO - modules.trainer -   [10/30] Start to evaluate in the test set.
11/21/2021 10:59:39 - INFO - modules.trainer -   	epoch          : 10
11/21/2021 10:59:39 - INFO - modules.trainer -   	ce_loss        : 1.210692822933197
11/21/2021 10:59:39 - INFO - modules.trainer -   	con            : 0.2256823170464486
11/21/2021 10:59:39 - INFO - modules.trainer -   	val_BLEU_1     : 0.21118050418382153
11/21/2021 10:59:39 - INFO - modules.trainer -   	val_BLEU_2     : 0.12660155312772753
11/21/2021 10:59:39 - INFO - modules.trainer -   	val_BLEU_3     : 0.08939547257566563
11/21/2021 10:59:39 - INFO - modules.trainer -   	val_BLEU_4     : 0.06795555046963093
11/21/2021 10:59:39 - INFO - modules.trainer -   	val_METEOR     : 0.10768982575797897
11/21/2021 10:59:39 - INFO - modules.trainer -   	val_ROUGE_L    : 0.29729294320423366
11/21/2021 10:59:39 - INFO - modules.trainer -   	test_BLEU_1    : 0.25726513243235566
11/21/2021 10:59:39 - INFO - modules.trainer -   	test_BLEU_2    : 0.15788994255931996
11/21/2021 10:59:39 - INFO - modules.trainer -   	test_BLEU_3    : 0.11336117225060666
11/21/2021 10:59:39 - INFO - modules.trainer -   	test_BLEU_4    : 0.0865073548275495
11/21/2021 10:59:39 - INFO - modules.trainer -   	test_METEOR    : 0.12429721934800447
11/21/2021 10:59:39 - INFO - modules.trainer -   	test_ROUGE_L   : 0.3162421718364027
11/21/2021 10:59:42 - INFO - modules.trainer -   Saving checkpoint: results/iu_xray/current_checkpoint.pth ...
11/21/2021 10:59:42 - INFO - modules.trainer -   [11/30] Start to train in the training set.
best performance in epoch:  8
11/21/2021 10:59:44 - INFO - modules.trainer -   [11/30] Step: 0/64, CE Loss: 1.06474, CON Loss: 0.21442.
11/21/2021 11:00:44 - INFO - modules.trainer -   [11/30] Step: 50/64, CE Loss: 1.07319, CON Loss: 0.20718.
11/21/2021 11:00:59 - INFO - modules.trainer -   [11/30] Start to evaluate in the validation set.
11/21/2021 11:01:14 - INFO - modules.trainer -   [11/30] Start to evaluate in the test set.
11/21/2021 11:01:36 - INFO - modules.trainer -   	epoch          : 11
11/21/2021 11:01:36 - INFO - modules.trainer -   	ce_loss        : 1.0845491457730532
11/21/2021 11:01:36 - INFO - modules.trainer -   	con            : 0.20526814716868103
11/21/2021 11:01:36 - INFO - modules.trainer -   	val_BLEU_1     : 0.378554686010461
11/21/2021 11:01:36 - INFO - modules.trainer -   	val_BLEU_2     : 0.23168293869810513
11/21/2021 11:01:36 - INFO - modules.trainer -   	val_BLEU_3     : 0.1588826752578623
11/21/2021 11:01:36 - INFO - modules.trainer -   	val_BLEU_4     : 0.11444438650030746
11/21/2021 11:01:36 - INFO - modules.trainer -   	val_METEOR     : 0.1535502676291398
11/21/2021 11:01:36 - INFO - modules.trainer -   	val_ROUGE_L    : 0.31167444469394584
11/21/2021 11:01:36 - INFO - modules.trainer -   	test_BLEU_1    : 0.4075983692590639
11/21/2021 11:01:36 - INFO - modules.trainer -   	test_BLEU_2    : 0.2563930918192873
11/21/2021 11:01:36 - INFO - modules.trainer -   	test_BLEU_3    : 0.18355868658976712
11/21/2021 11:01:36 - INFO - modules.trainer -   	test_BLEU_4    : 0.14014187596588426
11/21/2021 11:01:36 - INFO - modules.trainer -   	test_METEOR    : 0.16693912527087112
11/21/2021 11:01:36 - INFO - modules.trainer -   	test_ROUGE_L   : 0.32717378930325247
11/21/2021 11:01:39 - INFO - modules.trainer -   Saving checkpoint: results/iu_xray/current_checkpoint.pth ...
11/21/2021 11:01:44 - INFO - modules.trainer -   Saving current best: model_best.pth ...
11/21/2021 11:01:44 - INFO - modules.trainer -   [12/30] Start to train in the training set.
best performance in epoch:  11
11/21/2021 11:01:46 - INFO - modules.trainer -   [12/30] Step: 0/64, CE Loss: 0.80089, CON Loss: 0.19569.
11/21/2021 11:02:46 - INFO - modules.trainer -   [12/30] Step: 50/64, CE Loss: 0.97339, CON Loss: 0.18820.
11/21/2021 11:03:02 - INFO - modules.trainer -   [12/30] Start to evaluate in the validation set.
11/21/2021 11:03:16 - INFO - modules.trainer -   [12/30] Start to evaluate in the test set.
11/21/2021 11:03:38 - INFO - modules.trainer -   	epoch          : 12
11/21/2021 11:03:38 - INFO - modules.trainer -   	ce_loss        : 0.9857707610353827
11/21/2021 11:03:38 - INFO - modules.trainer -   	con            : 0.1862520717550069
11/21/2021 11:03:38 - INFO - modules.trainer -   	val_BLEU_1     : 0.31364875745154913
11/21/2021 11:03:38 - INFO - modules.trainer -   	val_BLEU_2     : 0.21418375697265468
11/21/2021 11:03:38 - INFO - modules.trainer -   	val_BLEU_3     : 0.15504391767997502
11/21/2021 11:03:38 - INFO - modules.trainer -   	val_BLEU_4     : 0.11621989399080049
11/21/2021 11:03:38 - INFO - modules.trainer -   	val_METEOR     : 0.1543214556905615
11/21/2021 11:03:38 - INFO - modules.trainer -   	val_ROUGE_L    : 0.3419989427748715
11/21/2021 11:03:38 - INFO - modules.trainer -   	test_BLEU_1    : 0.3596146638053724
11/21/2021 11:03:38 - INFO - modules.trainer -   	test_BLEU_2    : 0.2508234495399837
11/21/2021 11:03:38 - INFO - modules.trainer -   	test_BLEU_3    : 0.18369775002944802
11/21/2021 11:03:38 - INFO - modules.trainer -   	test_BLEU_4    : 0.1367368346805949
11/21/2021 11:03:38 - INFO - modules.trainer -   	test_METEOR    : 0.17159630935502485
11/21/2021 11:03:38 - INFO - modules.trainer -   	test_ROUGE_L   : 0.3646049844312174
11/21/2021 11:03:42 - INFO - modules.trainer -   Saving checkpoint: results/iu_xray/current_checkpoint.pth ...
11/21/2021 11:03:48 - INFO - modules.trainer -   Saving current best: model_best.pth ...
11/21/2021 11:03:48 - INFO - modules.trainer -   [13/30] Start to train in the training set.
best performance in epoch:  12
11/21/2021 11:03:50 - INFO - modules.trainer -   [13/30] Step: 0/64, CE Loss: 0.78512, CON Loss: 0.17650.
11/21/2021 11:04:50 - INFO - modules.trainer -   [13/30] Step: 50/64, CE Loss: 0.90239, CON Loss: 0.16905.
11/21/2021 11:05:06 - INFO - modules.trainer -   [13/30] Start to evaluate in the validation set.
11/21/2021 11:05:20 - INFO - modules.trainer -   [13/30] Start to evaluate in the test set.
11/21/2021 11:05:42 - INFO - modules.trainer -   	epoch          : 13
11/21/2021 11:05:42 - INFO - modules.trainer -   	ce_loss        : 0.9203260783106089
11/21/2021 11:05:42 - INFO - modules.trainer -   	con            : 0.16712694172747433
11/21/2021 11:05:42 - INFO - modules.trainer -   	val_BLEU_1     : 0.2975031280930391
11/21/2021 11:05:42 - INFO - modules.trainer -   	val_BLEU_2     : 0.17522850340162618
11/21/2021 11:05:42 - INFO - modules.trainer -   	val_BLEU_3     : 0.11956701528629277
11/21/2021 11:05:42 - INFO - modules.trainer -   	val_BLEU_4     : 0.0885448591538604
11/21/2021 11:05:42 - INFO - modules.trainer -   	val_METEOR     : 0.12313392148747593
11/21/2021 11:05:42 - INFO - modules.trainer -   	val_ROUGE_L    : 0.3019933569696697
11/21/2021 11:05:42 - INFO - modules.trainer -   	test_BLEU_1    : 0.32564292625334057
11/21/2021 11:05:42 - INFO - modules.trainer -   	test_BLEU_2    : 0.19704662837858342
11/21/2021 11:05:42 - INFO - modules.trainer -   	test_BLEU_3    : 0.1394196506006102
11/21/2021 11:05:42 - INFO - modules.trainer -   	test_BLEU_4    : 0.10527504190887875
11/21/2021 11:05:42 - INFO - modules.trainer -   	test_METEOR    : 0.1372131808304311
11/21/2021 11:05:42 - INFO - modules.trainer -   	test_ROUGE_L   : 0.3177478723864582
11/21/2021 11:05:46 - INFO - modules.trainer -   Saving checkpoint: results/iu_xray/current_checkpoint.pth ...
11/21/2021 11:05:46 - INFO - modules.trainer -   [14/30] Start to train in the training set.
best performance in epoch:  12
11/21/2021 11:05:48 - INFO - modules.trainer -   [14/30] Step: 0/64, CE Loss: 0.80550, CON Loss: 0.15755.
11/21/2021 11:06:47 - INFO - modules.trainer -   [14/30] Step: 50/64, CE Loss: 0.85366, CON Loss: 0.15038.
11/21/2021 11:07:03 - INFO - modules.trainer -   [14/30] Start to evaluate in the validation set.
11/21/2021 11:07:17 - INFO - modules.trainer -   [14/30] Start to evaluate in the test set.
11/21/2021 11:07:40 - INFO - modules.trainer -   	epoch          : 14
11/21/2021 11:07:40 - INFO - modules.trainer -   	ce_loss        : 0.865660909563303
11/21/2021 11:07:40 - INFO - modules.trainer -   	con            : 0.1485569989308715
11/21/2021 11:07:40 - INFO - modules.trainer -   	val_BLEU_1     : 0.3365695779061782
11/21/2021 11:07:40 - INFO - modules.trainer -   	val_BLEU_2     : 0.19946414284491026
11/21/2021 11:07:40 - INFO - modules.trainer -   	val_BLEU_3     : 0.13518856801746185
11/21/2021 11:07:40 - INFO - modules.trainer -   	val_BLEU_4     : 0.09834236639749398
11/21/2021 11:07:40 - INFO - modules.trainer -   	val_METEOR     : 0.134225048596502
11/21/2021 11:07:40 - INFO - modules.trainer -   	val_ROUGE_L    : 0.31964020401322096
11/21/2021 11:07:40 - INFO - modules.trainer -   	test_BLEU_1    : 0.38899349724313975
11/21/2021 11:07:40 - INFO - modules.trainer -   	test_BLEU_2    : 0.2370903468001049
11/21/2021 11:07:40 - INFO - modules.trainer -   	test_BLEU_3    : 0.16445623176841034
11/21/2021 11:07:40 - INFO - modules.trainer -   	test_BLEU_4    : 0.12158902887736306
11/21/2021 11:07:40 - INFO - modules.trainer -   	test_METEOR    : 0.1540340697116184
11/21/2021 11:07:40 - INFO - modules.trainer -   	test_ROUGE_L   : 0.34524056790131336
11/21/2021 11:07:43 - INFO - modules.trainer -   Saving checkpoint: results/iu_xray/current_checkpoint.pth ...
11/21/2021 11:07:43 - INFO - modules.trainer -   [15/30] Start to train in the training set.
best performance in epoch:  12
11/21/2021 11:07:45 - INFO - modules.trainer -   [15/30] Step: 0/64, CE Loss: 0.70737, CON Loss: 0.13949.
11/21/2021 11:08:44 - INFO - modules.trainer -   [15/30] Step: 50/64, CE Loss: 0.78985, CON Loss: 0.13287.
11/21/2021 11:09:01 - INFO - modules.trainer -   [15/30] Start to evaluate in the validation set.
11/21/2021 11:09:15 - INFO - modules.trainer -   [15/30] Start to evaluate in the test set.
11/21/2021 11:09:37 - INFO - modules.trainer -   	epoch          : 15
11/21/2021 11:09:37 - INFO - modules.trainer -   	ce_loss        : 0.808377674780786
11/21/2021 11:09:37 - INFO - modules.trainer -   	con            : 0.1312082273652777
11/21/2021 11:09:37 - INFO - modules.trainer -   	val_BLEU_1     : 0.26976774573561746
11/21/2021 11:09:37 - INFO - modules.trainer -   	val_BLEU_2     : 0.15239201707308694
11/21/2021 11:09:37 - INFO - modules.trainer -   	val_BLEU_3     : 0.09771583184243841
11/21/2021 11:09:37 - INFO - modules.trainer -   	val_BLEU_4     : 0.06682935449380183
11/21/2021 11:09:37 - INFO - modules.trainer -   	val_METEOR     : 0.11467853845047658
11/21/2021 11:09:37 - INFO - modules.trainer -   	val_ROUGE_L    : 0.2826850544516658
11/21/2021 11:09:37 - INFO - modules.trainer -   	test_BLEU_1    : 0.3073557954272214
11/21/2021 11:09:37 - INFO - modules.trainer -   	test_BLEU_2    : 0.17893986907531317
11/21/2021 11:09:37 - INFO - modules.trainer -   	test_BLEU_3    : 0.12005025967468735
11/21/2021 11:09:37 - INFO - modules.trainer -   	test_BLEU_4    : 0.08540933492062226
11/21/2021 11:09:37 - INFO - modules.trainer -   	test_METEOR    : 0.12782018140672982
11/21/2021 11:09:37 - INFO - modules.trainer -   	test_ROUGE_L   : 0.3043329825627837
11/21/2021 11:09:40 - INFO - modules.trainer -   Saving checkpoint: results/iu_xray/current_checkpoint.pth ...
11/21/2021 11:09:40 - INFO - modules.trainer -   [16/30] Start to train in the training set.
best performance in epoch:  12
11/21/2021 11:09:42 - INFO - modules.trainer -   [16/30] Step: 0/64, CE Loss: 0.64128, CON Loss: 0.12295.
11/21/2021 11:10:42 - INFO - modules.trainer -   [16/30] Step: 50/64, CE Loss: 0.76027, CON Loss: 0.11701.
11/21/2021 11:10:57 - INFO - modules.trainer -   [16/30] Start to evaluate in the validation set.
11/21/2021 11:11:12 - INFO - modules.trainer -   [16/30] Start to evaluate in the test set.
11/21/2021 11:11:34 - INFO - modules.trainer -   	epoch          : 16
11/21/2021 11:11:34 - INFO - modules.trainer -   	ce_loss        : 0.766610941849649
11/21/2021 11:11:34 - INFO - modules.trainer -   	con            : 0.11552927817683667
11/21/2021 11:11:34 - INFO - modules.trainer -   	val_BLEU_1     : 0.40569194233536326
11/21/2021 11:11:34 - INFO - modules.trainer -   	val_BLEU_2     : 0.24513662268339817
11/21/2021 11:11:34 - INFO - modules.trainer -   	val_BLEU_3     : 0.16595103982894274
11/21/2021 11:11:34 - INFO - modules.trainer -   	val_BLEU_4     : 0.11990961079908442
11/21/2021 11:11:34 - INFO - modules.trainer -   	val_METEOR     : 0.1570689177476177
11/21/2021 11:11:34 - INFO - modules.trainer -   	val_ROUGE_L    : 0.346449988327576
11/21/2021 11:11:34 - INFO - modules.trainer -   	test_BLEU_1    : 0.4401266718836997
11/21/2021 11:11:34 - INFO - modules.trainer -   	test_BLEU_2    : 0.2700780800645372
11/21/2021 11:11:34 - INFO - modules.trainer -   	test_BLEU_3    : 0.18611949654511292
11/21/2021 11:11:34 - INFO - modules.trainer -   	test_BLEU_4    : 0.1358676473948786
11/21/2021 11:11:34 - INFO - modules.trainer -   	test_METEOR    : 0.17134682740181856
11/21/2021 11:11:34 - INFO - modules.trainer -   	test_ROUGE_L   : 0.36424262373067573
11/21/2021 11:11:37 - INFO - modules.trainer -   Saving checkpoint: results/iu_xray/current_checkpoint.pth ...
11/21/2021 11:11:42 - INFO - modules.trainer -   Saving current best: model_best.pth ...
11/21/2021 11:11:42 - INFO - modules.trainer -   [17/30] Start to train in the training set.
best performance in epoch:  16
11/21/2021 11:11:44 - INFO - modules.trainer -   [17/30] Step: 0/64, CE Loss: 0.68938, CON Loss: 0.10822.
11/21/2021 11:12:45 - INFO - modules.trainer -   [17/30] Step: 50/64, CE Loss: 0.70289, CON Loss: 0.10308.
11/21/2021 11:13:00 - INFO - modules.trainer -   [17/30] Start to evaluate in the validation set.
11/21/2021 11:13:15 - INFO - modules.trainer -   [17/30] Start to evaluate in the test set.
11/21/2021 11:13:37 - INFO - modules.trainer -   	epoch          : 17
11/21/2021 11:13:37 - INFO - modules.trainer -   	ce_loss        : 0.7165091913193464
11/21/2021 11:13:37 - INFO - modules.trainer -   	con            : 0.10181952838320285
11/21/2021 11:13:37 - INFO - modules.trainer -   	val_BLEU_1     : 0.33610565508652135
11/21/2021 11:13:37 - INFO - modules.trainer -   	val_BLEU_2     : 0.22051639268468154
11/21/2021 11:13:37 - INFO - modules.trainer -   	val_BLEU_3     : 0.154401454612274
11/21/2021 11:13:37 - INFO - modules.trainer -   	val_BLEU_4     : 0.1119181830628881
11/21/2021 11:13:37 - INFO - modules.trainer -   	val_METEOR     : 0.1524340419063764
11/21/2021 11:13:37 - INFO - modules.trainer -   	val_ROUGE_L    : 0.3307865460670405
11/21/2021 11:13:37 - INFO - modules.trainer -   	test_BLEU_1    : 0.3890293554705816
11/21/2021 11:13:37 - INFO - modules.trainer -   	test_BLEU_2    : 0.26336970166546747
11/21/2021 11:13:37 - INFO - modules.trainer -   	test_BLEU_3    : 0.1899128928076405
11/21/2021 11:13:37 - INFO - modules.trainer -   	test_BLEU_4    : 0.1402183207675136
11/21/2021 11:13:37 - INFO - modules.trainer -   	test_METEOR    : 0.1745519391162126
11/21/2021 11:13:37 - INFO - modules.trainer -   	test_ROUGE_L   : 0.35891918986215166
11/21/2021 11:13:41 - INFO - modules.trainer -   Saving checkpoint: results/iu_xray/current_checkpoint.pth ...
11/21/2021 11:13:41 - INFO - modules.trainer -   [18/30] Start to train in the training set.
best performance in epoch:  16
11/21/2021 11:13:43 - INFO - modules.trainer -   [18/30] Step: 0/64, CE Loss: 0.61368, CON Loss: 0.09558.
11/21/2021 11:14:42 - INFO - modules.trainer -   [18/30] Step: 50/64, CE Loss: 0.68158, CON Loss: 0.09127.
11/21/2021 11:14:57 - INFO - modules.trainer -   [18/30] Start to evaluate in the validation set.
11/21/2021 11:15:12 - INFO - modules.trainer -   [18/30] Start to evaluate in the test set.
11/21/2021 11:15:33 - INFO - modules.trainer -   	epoch          : 18
11/21/2021 11:15:33 - INFO - modules.trainer -   	ce_loss        : 0.6840678714215755
11/21/2021 11:15:33 - INFO - modules.trainer -   	con            : 0.0902137114899233
11/21/2021 11:15:33 - INFO - modules.trainer -   	val_BLEU_1     : 0.27332154000338077
11/21/2021 11:15:33 - INFO - modules.trainer -   	val_BLEU_2     : 0.14956820476619898
11/21/2021 11:15:33 - INFO - modules.trainer -   	val_BLEU_3     : 0.09289553221271071
11/21/2021 11:15:33 - INFO - modules.trainer -   	val_BLEU_4     : 0.06253899071454988
11/21/2021 11:15:33 - INFO - modules.trainer -   	val_METEOR     : 0.12050259951699106
11/21/2021 11:15:33 - INFO - modules.trainer -   	val_ROUGE_L    : 0.3005990736860581
11/21/2021 11:15:33 - INFO - modules.trainer -   	test_BLEU_1    : 0.31776642938910776
11/21/2021 11:15:33 - INFO - modules.trainer -   	test_BLEU_2    : 0.17812626257009923
11/21/2021 11:15:33 - INFO - modules.trainer -   	test_BLEU_3    : 0.1147904137013326
11/21/2021 11:15:33 - INFO - modules.trainer -   	test_BLEU_4    : 0.08066404628820595
11/21/2021 11:15:33 - INFO - modules.trainer -   	test_METEOR    : 0.13451001235024854
11/21/2021 11:15:33 - INFO - modules.trainer -   	test_ROUGE_L   : 0.323214952374487
11/21/2021 11:15:37 - INFO - modules.trainer -   Saving checkpoint: results/iu_xray/current_checkpoint.pth ...
11/21/2021 11:15:37 - INFO - modules.trainer -   [19/30] Start to train in the training set.
best performance in epoch:  16
11/21/2021 11:15:39 - INFO - modules.trainer -   [19/30] Step: 0/64, CE Loss: 0.57172, CON Loss: 0.08498.
11/21/2021 11:16:38 - INFO - modules.trainer -   [19/30] Step: 50/64, CE Loss: 0.63934, CON Loss: 0.08137.
11/21/2021 11:16:53 - INFO - modules.trainer -   [19/30] Start to evaluate in the validation set.
11/21/2021 11:17:08 - INFO - modules.trainer -   [19/30] Start to evaluate in the test set.
11/21/2021 11:17:30 - INFO - modules.trainer -   	epoch          : 19
11/21/2021 11:17:30 - INFO - modules.trainer -   	ce_loss        : 0.6530967941507697
11/21/2021 11:17:30 - INFO - modules.trainer -   	con            : 0.08049237390514463
11/21/2021 11:17:30 - INFO - modules.trainer -   	val_BLEU_1     : 0.42028174090482256
11/21/2021 11:17:30 - INFO - modules.trainer -   	val_BLEU_2     : 0.26894241102370325
11/21/2021 11:17:30 - INFO - modules.trainer -   	val_BLEU_3     : 0.1820724943860413
11/21/2021 11:17:30 - INFO - modules.trainer -   	val_BLEU_4     : 0.12988588929564449
11/21/2021 11:17:30 - INFO - modules.trainer -   	val_METEOR     : 0.1779976314575998
11/21/2021 11:17:30 - INFO - modules.trainer -   	val_ROUGE_L    : 0.3495281614929057
11/21/2021 11:17:30 - INFO - modules.trainer -   	test_BLEU_1    : 0.4705949854380306
11/21/2021 11:17:30 - INFO - modules.trainer -   	test_BLEU_2    : 0.3054997120223958
11/21/2021 11:17:30 - INFO - modules.trainer -   	test_BLEU_3    : 0.21201332552378163
11/21/2021 11:17:30 - INFO - modules.trainer -   	test_BLEU_4    : 0.15621333585793892
11/21/2021 11:17:30 - INFO - modules.trainer -   	test_METEOR    : 0.19686575320144117
11/21/2021 11:17:30 - INFO - modules.trainer -   	test_ROUGE_L   : 0.3712482117770716
11/21/2021 11:17:33 - INFO - modules.trainer -   Saving checkpoint: results/iu_xray/current_checkpoint.pth ...
11/21/2021 11:17:36 - INFO - modules.trainer -   Saving current best: model_best.pth ...
11/21/2021 11:17:36 - INFO - modules.trainer -   [20/30] Start to train in the training set.
best performance in epoch:  19
11/21/2021 11:17:38 - INFO - modules.trainer -   [20/30] Step: 0/64, CE Loss: 0.51628, CON Loss: 0.07614.
11/21/2021 11:18:38 - INFO - modules.trainer -   [20/30] Step: 50/64, CE Loss: 0.61049, CON Loss: 0.07313.
11/21/2021 11:18:53 - INFO - modules.trainer -   [20/30] Start to evaluate in the validation set.
11/21/2021 11:19:07 - INFO - modules.trainer -   [20/30] Start to evaluate in the test set.
11/21/2021 11:19:29 - INFO - modules.trainer -   	epoch          : 20
11/21/2021 11:19:29 - INFO - modules.trainer -   	ce_loss        : 0.6203529955819249
11/21/2021 11:19:29 - INFO - modules.trainer -   	con            : 0.07239472307264805
11/21/2021 11:19:29 - INFO - modules.trainer -   	val_BLEU_1     : 0.40835297524234837
11/21/2021 11:19:29 - INFO - modules.trainer -   	val_BLEU_2     : 0.2300319647042272
11/21/2021 11:19:29 - INFO - modules.trainer -   	val_BLEU_3     : 0.15093627203618323
11/21/2021 11:19:29 - INFO - modules.trainer -   	val_BLEU_4     : 0.10667787084737597
11/21/2021 11:19:29 - INFO - modules.trainer -   	val_METEOR     : 0.15290675323999595
11/21/2021 11:19:29 - INFO - modules.trainer -   	val_ROUGE_L    : 0.3108133670176176
11/21/2021 11:19:29 - INFO - modules.trainer -   	test_BLEU_1    : 0.4483754133641043
11/21/2021 11:19:29 - INFO - modules.trainer -   	test_BLEU_2    : 0.27235026378455485
11/21/2021 11:19:29 - INFO - modules.trainer -   	test_BLEU_3    : 0.1929231227141102
11/21/2021 11:19:29 - INFO - modules.trainer -   	test_BLEU_4    : 0.1467445711198229
11/21/2021 11:19:29 - INFO - modules.trainer -   	test_METEOR    : 0.1765851320483531
11/21/2021 11:19:29 - INFO - modules.trainer -   	test_ROUGE_L   : 0.34473783203030517
11/21/2021 11:19:33 - INFO - modules.trainer -   Saving checkpoint: results/iu_xray/current_checkpoint.pth ...
11/21/2021 11:19:33 - INFO - modules.trainer -   [21/30] Start to train in the training set.
best performance in epoch:  19
11/21/2021 11:19:35 - INFO - modules.trainer -   [21/30] Step: 0/64, CE Loss: 0.52593, CON Loss: 0.06874.
11/21/2021 11:20:34 - INFO - modules.trainer -   [21/30] Step: 50/64, CE Loss: 0.54700, CON Loss: 0.06670.
11/21/2021 11:20:49 - INFO - modules.trainer -   [21/30] Start to evaluate in the validation set.
11/21/2021 11:21:03 - INFO - modules.trainer -   [21/30] Start to evaluate in the test set.
11/21/2021 11:21:25 - INFO - modules.trainer -   	epoch          : 21
11/21/2021 11:21:25 - INFO - modules.trainer -   	ce_loss        : 0.555697672534734
11/21/2021 11:21:25 - INFO - modules.trainer -   	con            : 0.0661970004439354
11/21/2021 11:21:25 - INFO - modules.trainer -   	val_BLEU_1     : 0.23510018680598646
11/21/2021 11:21:25 - INFO - modules.trainer -   	val_BLEU_2     : 0.1400288293867472
11/21/2021 11:21:25 - INFO - modules.trainer -   	val_BLEU_3     : 0.09699593116706803
11/21/2021 11:21:25 - INFO - modules.trainer -   	val_BLEU_4     : 0.07205423013081627
11/21/2021 11:21:25 - INFO - modules.trainer -   	val_METEOR     : 0.11259434492680813
11/21/2021 11:21:25 - INFO - modules.trainer -   	val_ROUGE_L    : 0.3010143718589752
11/21/2021 11:21:25 - INFO - modules.trainer -   	test_BLEU_1    : 0.2715971893425911
11/21/2021 11:21:25 - INFO - modules.trainer -   	test_BLEU_2    : 0.1668005364660196
11/21/2021 11:21:25 - INFO - modules.trainer -   	test_BLEU_3    : 0.11978280702029577
11/21/2021 11:21:25 - INFO - modules.trainer -   	test_BLEU_4    : 0.0908763440637055
11/21/2021 11:21:25 - INFO - modules.trainer -   	test_METEOR    : 0.1276748429757609
11/21/2021 11:21:25 - INFO - modules.trainer -   	test_ROUGE_L   : 0.31893847619265225
11/21/2021 11:21:28 - INFO - modules.trainer -   Saving checkpoint: results/iu_xray/current_checkpoint.pth ...
11/21/2021 11:21:28 - INFO - modules.trainer -   [22/30] Start to train in the training set.
best performance in epoch:  19
11/21/2021 11:21:30 - INFO - modules.trainer -   [22/30] Step: 0/64, CE Loss: 0.47646, CON Loss: 0.06369.
11/21/2021 11:22:30 - INFO - modules.trainer -   [22/30] Step: 50/64, CE Loss: 0.51461, CON Loss: 0.06189.
11/21/2021 11:22:45 - INFO - modules.trainer -   [22/30] Start to evaluate in the validation set.
11/21/2021 11:23:00 - INFO - modules.trainer -   [22/30] Start to evaluate in the test set.
11/21/2021 11:23:21 - INFO - modules.trainer -   	epoch          : 22
11/21/2021 11:23:21 - INFO - modules.trainer -   	ce_loss        : 0.5186884067952633
11/21/2021 11:23:21 - INFO - modules.trainer -   	con            : 0.061440713005140424
11/21/2021 11:23:21 - INFO - modules.trainer -   	val_BLEU_1     : 0.3631332165870426
11/21/2021 11:23:21 - INFO - modules.trainer -   	val_BLEU_2     : 0.22931666588086044
11/21/2021 11:23:21 - INFO - modules.trainer -   	val_BLEU_3     : 0.15864086323503654
11/21/2021 11:23:21 - INFO - modules.trainer -   	val_BLEU_4     : 0.11700500672765525
11/21/2021 11:23:21 - INFO - modules.trainer -   	val_METEOR     : 0.15620481355084184
11/21/2021 11:23:21 - INFO - modules.trainer -   	val_ROUGE_L    : 0.3321078466446139
11/21/2021 11:23:21 - INFO - modules.trainer -   	test_BLEU_1    : 0.4119716093589354
11/21/2021 11:23:21 - INFO - modules.trainer -   	test_BLEU_2    : 0.264658702368395
11/21/2021 11:23:21 - INFO - modules.trainer -   	test_BLEU_3    : 0.18722986315748338
11/21/2021 11:23:21 - INFO - modules.trainer -   	test_BLEU_4    : 0.140488447772895
11/21/2021 11:23:21 - INFO - modules.trainer -   	test_METEOR    : 0.17523993453268152
11/21/2021 11:23:21 - INFO - modules.trainer -   	test_ROUGE_L   : 0.3534444980109206
11/21/2021 11:23:25 - INFO - modules.trainer -   Saving checkpoint: results/iu_xray/current_checkpoint.pth ...
11/21/2021 11:23:25 - INFO - modules.trainer -   [23/30] Start to train in the training set.
best performance in epoch:  19
11/21/2021 11:23:27 - INFO - modules.trainer -   [23/30] Step: 0/64, CE Loss: 0.46104, CON Loss: 0.05920.
11/21/2021 11:24:27 - INFO - modules.trainer -   [23/30] Step: 50/64, CE Loss: 0.48662, CON Loss: 0.05759.
11/21/2021 11:24:42 - INFO - modules.trainer -   [23/30] Start to evaluate in the validation set.
11/21/2021 11:24:57 - INFO - modules.trainer -   [23/30] Start to evaluate in the test set.
11/21/2021 11:25:18 - INFO - modules.trainer -   	epoch          : 23
11/21/2021 11:25:18 - INFO - modules.trainer -   	ce_loss        : 0.49598202761262655
11/21/2021 11:25:18 - INFO - modules.trainer -   	con            : 0.05718261143192649
11/21/2021 11:25:18 - INFO - modules.trainer -   	val_BLEU_1     : 0.4416871001303714
11/21/2021 11:25:18 - INFO - modules.trainer -   	val_BLEU_2     : 0.2752173388585488
11/21/2021 11:25:18 - INFO - modules.trainer -   	val_BLEU_3     : 0.19121778985408133
11/21/2021 11:25:18 - INFO - modules.trainer -   	val_BLEU_4     : 0.13952531487702038
11/21/2021 11:25:18 - INFO - modules.trainer -   	val_METEOR     : 0.18189511139069303
11/21/2021 11:25:18 - INFO - modules.trainer -   	val_ROUGE_L    : 0.3464454942170353
11/21/2021 11:25:18 - INFO - modules.trainer -   	test_BLEU_1    : 0.49164481363274704
11/21/2021 11:25:18 - INFO - modules.trainer -   	test_BLEU_2    : 0.3118623808026815
11/21/2021 11:25:18 - INFO - modules.trainer -   	test_BLEU_3    : 0.22076201790164832
11/21/2021 11:25:18 - INFO - modules.trainer -   	test_BLEU_4    : 0.16166180633926736
11/21/2021 11:25:18 - INFO - modules.trainer -   	test_METEOR    : 0.20346461406416802
11/21/2021 11:25:18 - INFO - modules.trainer -   	test_ROUGE_L   : 0.3723163375788056
11/21/2021 11:25:22 - INFO - modules.trainer -   Saving checkpoint: results/iu_xray/current_checkpoint.pth ...
11/21/2021 11:25:25 - INFO - modules.trainer -   Saving current best: model_best.pth ...
11/21/2021 11:25:25 - INFO - modules.trainer -   [24/30] Start to train in the training set.
best performance in epoch:  23
11/21/2021 11:25:27 - INFO - modules.trainer -   [24/30] Step: 0/64, CE Loss: 0.45473, CON Loss: 0.05517.
11/21/2021 11:26:27 - INFO - modules.trainer -   [24/30] Step: 50/64, CE Loss: 0.46761, CON Loss: 0.05371.
11/21/2021 11:26:43 - INFO - modules.trainer -   [24/30] Start to evaluate in the validation set.
11/21/2021 11:26:57 - INFO - modules.trainer -   [24/30] Start to evaluate in the test set.
11/21/2021 11:27:19 - INFO - modules.trainer -   	epoch          : 24
11/21/2021 11:27:19 - INFO - modules.trainer -   	ce_loss        : 0.4760967269539833
11/21/2021 11:27:19 - INFO - modules.trainer -   	con            : 0.05333662679186091
11/21/2021 11:27:19 - INFO - modules.trainer -   	val_BLEU_1     : 0.33930823253624015
11/21/2021 11:27:19 - INFO - modules.trainer -   	val_BLEU_2     : 0.20248072702536826
11/21/2021 11:27:19 - INFO - modules.trainer -   	val_BLEU_3     : 0.13171658018730936
11/21/2021 11:27:19 - INFO - modules.trainer -   	val_BLEU_4     : 0.08993043108184787
11/21/2021 11:27:19 - INFO - modules.trainer -   	val_METEOR     : 0.13920514619941005
11/21/2021 11:27:19 - INFO - modules.trainer -   	val_ROUGE_L    : 0.29533373989038875
11/21/2021 11:27:19 - INFO - modules.trainer -   	test_BLEU_1    : 0.3853954453242873
11/21/2021 11:27:19 - INFO - modules.trainer -   	test_BLEU_2    : 0.23335724952164766
11/21/2021 11:27:19 - INFO - modules.trainer -   	test_BLEU_3    : 0.15789292058924215
11/21/2021 11:27:19 - INFO - modules.trainer -   	test_BLEU_4    : 0.11395719546105307
11/21/2021 11:27:19 - INFO - modules.trainer -   	test_METEOR    : 0.15836248293246533
11/21/2021 11:27:19 - INFO - modules.trainer -   	test_ROUGE_L   : 0.3243006655549993
11/21/2021 11:27:23 - INFO - modules.trainer -   Saving checkpoint: results/iu_xray/current_checkpoint.pth ...
11/21/2021 11:27:23 - INFO - modules.trainer -   [25/30] Start to train in the training set.
best performance in epoch:  23
11/21/2021 11:27:24 - INFO - modules.trainer -   [25/30] Step: 0/64, CE Loss: 0.45223, CON Loss: 0.05151.
11/21/2021 11:28:26 - INFO - modules.trainer -   [25/30] Step: 50/64, CE Loss: 0.46135, CON Loss: 0.05017.
11/21/2021 11:28:41 - INFO - modules.trainer -   [25/30] Start to evaluate in the validation set.
11/21/2021 11:28:56 - INFO - modules.trainer -   [25/30] Start to evaluate in the test set.
11/21/2021 11:29:17 - INFO - modules.trainer -   	epoch          : 25
11/21/2021 11:29:17 - INFO - modules.trainer -   	ce_loss        : 0.46792442072182894
11/21/2021 11:29:17 - INFO - modules.trainer -   	con            : 0.049833240860607475
11/21/2021 11:29:17 - INFO - modules.trainer -   	val_BLEU_1     : 0.2605504356779932
11/21/2021 11:29:17 - INFO - modules.trainer -   	val_BLEU_2     : 0.15483374113011203
11/21/2021 11:29:17 - INFO - modules.trainer -   	val_BLEU_3     : 0.10668051917219443
11/21/2021 11:29:17 - INFO - modules.trainer -   	val_BLEU_4     : 0.07900361339855078
11/21/2021 11:29:17 - INFO - modules.trainer -   	val_METEOR     : 0.11931163662959166
11/21/2021 11:29:17 - INFO - modules.trainer -   	val_ROUGE_L    : 0.30533409313438126
11/21/2021 11:29:17 - INFO - modules.trainer -   	test_BLEU_1    : 0.3100569662458566
11/21/2021 11:29:17 - INFO - modules.trainer -   	test_BLEU_2    : 0.1936237911800553
11/21/2021 11:29:17 - INFO - modules.trainer -   	test_BLEU_3    : 0.139407916727758
11/21/2021 11:29:17 - INFO - modules.trainer -   	test_BLEU_4    : 0.10673281688922129
11/21/2021 11:29:17 - INFO - modules.trainer -   	test_METEOR    : 0.13868006662416507
11/21/2021 11:29:17 - INFO - modules.trainer -   	test_ROUGE_L   : 0.3238376429177965
11/21/2021 11:29:21 - INFO - modules.trainer -   Saving checkpoint: results/iu_xray/current_checkpoint.pth ...
11/21/2021 11:29:21 - INFO - modules.trainer -   [26/30] Start to train in the training set.
best performance in epoch:  23
11/21/2021 11:29:23 - INFO - modules.trainer -   [26/30] Step: 0/64, CE Loss: 0.40091, CON Loss: 0.04815.
11/21/2021 11:30:23 - INFO - modules.trainer -   [26/30] Step: 50/64, CE Loss: 0.44088, CON Loss: 0.04691.
11/21/2021 11:30:38 - INFO - modules.trainer -   [26/30] Start to evaluate in the validation set.
11/21/2021 11:30:53 - INFO - modules.trainer -   [26/30] Start to evaluate in the test set.
11/21/2021 11:31:14 - INFO - modules.trainer -   	epoch          : 26
11/21/2021 11:31:14 - INFO - modules.trainer -   	ce_loss        : 0.44985421700403094
11/21/2021 11:31:14 - INFO - modules.trainer -   	con            : 0.04659680608892813
11/21/2021 11:31:14 - INFO - modules.trainer -   	val_BLEU_1     : 0.4264069629646239
11/21/2021 11:31:14 - INFO - modules.trainer -   	val_BLEU_2     : 0.2402196667622549
11/21/2021 11:31:14 - INFO - modules.trainer -   	val_BLEU_3     : 0.1571693724624388
11/21/2021 11:31:14 - INFO - modules.trainer -   	val_BLEU_4     : 0.11056042760183228
11/21/2021 11:31:14 - INFO - modules.trainer -   	val_METEOR     : 0.15817452536549292
11/21/2021 11:31:14 - INFO - modules.trainer -   	val_ROUGE_L    : 0.3119487448052575
11/21/2021 11:31:14 - INFO - modules.trainer -   	test_BLEU_1    : 0.43634091477128534
11/21/2021 11:31:14 - INFO - modules.trainer -   	test_BLEU_2    : 0.2653532852718267
11/21/2021 11:31:14 - INFO - modules.trainer -   	test_BLEU_3    : 0.18734593511331094
11/21/2021 11:31:14 - INFO - modules.trainer -   	test_BLEU_4    : 0.14160398678106964
11/21/2021 11:31:14 - INFO - modules.trainer -   	test_METEOR    : 0.17885089895813996
11/21/2021 11:31:14 - INFO - modules.trainer -   	test_ROUGE_L   : 0.34361014812409946
11/21/2021 11:31:17 - INFO - modules.trainer -   Saving checkpoint: results/iu_xray/current_checkpoint.pth ...
11/21/2021 11:31:17 - INFO - modules.trainer -   [27/30] Start to train in the training set.
best performance in epoch:  23
11/21/2021 11:31:19 - INFO - modules.trainer -   [27/30] Step: 0/64, CE Loss: 0.38939, CON Loss: 0.04505.
11/21/2021 11:32:19 - INFO - modules.trainer -   [27/30] Step: 50/64, CE Loss: 0.43345, CON Loss: 0.04392.
11/21/2021 11:32:35 - INFO - modules.trainer -   [27/30] Start to evaluate in the validation set.
11/21/2021 11:32:49 - INFO - modules.trainer -   [27/30] Start to evaluate in the test set.
11/21/2021 11:33:11 - INFO - modules.trainer -   	epoch          : 27
11/21/2021 11:33:11 - INFO - modules.trainer -   	ce_loss        : 0.44064308935776353
11/21/2021 11:33:11 - INFO - modules.trainer -   	con            : 0.04363416542764753
11/21/2021 11:33:11 - INFO - modules.trainer -   	val_BLEU_1     : 0.29009773506295083
11/21/2021 11:33:11 - INFO - modules.trainer -   	val_BLEU_2     : 0.17208146053936288
11/21/2021 11:33:11 - INFO - modules.trainer -   	val_BLEU_3     : 0.11769587313623962
11/21/2021 11:33:11 - INFO - modules.trainer -   	val_BLEU_4     : 0.08645195132895839
11/21/2021 11:33:11 - INFO - modules.trainer -   	val_METEOR     : 0.12341772290533418
11/21/2021 11:33:11 - INFO - modules.trainer -   	val_ROUGE_L    : 0.2979129341892428
11/21/2021 11:33:11 - INFO - modules.trainer -   	test_BLEU_1    : 0.31911166280038616
11/21/2021 11:33:11 - INFO - modules.trainer -   	test_BLEU_2    : 0.19372567773843535
11/21/2021 11:33:11 - INFO - modules.trainer -   	test_BLEU_3    : 0.13674077381533556
11/21/2021 11:33:11 - INFO - modules.trainer -   	test_BLEU_4    : 0.10185843632606147
11/21/2021 11:33:11 - INFO - modules.trainer -   	test_METEOR    : 0.13662653470929353
11/21/2021 11:33:11 - INFO - modules.trainer -   	test_ROUGE_L   : 0.31725224921342343
11/21/2021 11:33:14 - INFO - modules.trainer -   Saving checkpoint: results/iu_xray/current_checkpoint.pth ...
11/21/2021 11:33:14 - INFO - modules.trainer -   [28/30] Start to train in the training set.
best performance in epoch:  23
11/21/2021 11:33:16 - INFO - modules.trainer -   [28/30] Step: 0/64, CE Loss: 0.40869, CON Loss: 0.04222.
11/21/2021 11:34:15 - INFO - modules.trainer -   [28/30] Step: 50/64, CE Loss: 0.42586, CON Loss: 0.04118.
11/21/2021 11:34:31 - INFO - modules.trainer -   [28/30] Start to evaluate in the validation set.
11/21/2021 11:34:45 - INFO - modules.trainer -   [28/30] Start to evaluate in the test set.
11/21/2021 11:35:07 - INFO - modules.trainer -   	epoch          : 28
11/21/2021 11:35:07 - INFO - modules.trainer -   	ce_loss        : 0.43357802741229534
11/21/2021 11:35:07 - INFO - modules.trainer -   	con            : 0.04091456887545064
11/21/2021 11:35:07 - INFO - modules.trainer -   	val_BLEU_1     : 0.22313943175244924
11/21/2021 11:35:07 - INFO - modules.trainer -   	val_BLEU_2     : 0.13441835076263015
11/21/2021 11:35:07 - INFO - modules.trainer -   	val_BLEU_3     : 0.09410469213600162
11/21/2021 11:35:07 - INFO - modules.trainer -   	val_BLEU_4     : 0.07104680644290348
11/21/2021 11:35:07 - INFO - modules.trainer -   	val_METEOR     : 0.110573719658071
11/21/2021 11:35:07 - INFO - modules.trainer -   	val_ROUGE_L    : 0.2972452351413266
11/21/2021 11:35:07 - INFO - modules.trainer -   	test_BLEU_1    : 0.2692891214899013
11/21/2021 11:35:07 - INFO - modules.trainer -   	test_BLEU_2    : 0.16485616862480848
11/21/2021 11:35:07 - INFO - modules.trainer -   	test_BLEU_3    : 0.11756457506672251
11/21/2021 11:35:07 - INFO - modules.trainer -   	test_BLEU_4    : 0.08929658574413393
11/21/2021 11:35:07 - INFO - modules.trainer -   	test_METEOR    : 0.12726377737960648
11/21/2021 11:35:07 - INFO - modules.trainer -   	test_ROUGE_L   : 0.31615807387909145
11/21/2021 11:35:10 - INFO - modules.trainer -   Saving checkpoint: results/iu_xray/current_checkpoint.pth ...
11/21/2021 11:35:10 - INFO - modules.trainer -   [29/30] Start to train in the training set.
best performance in epoch:  23
11/21/2021 11:35:12 - INFO - modules.trainer -   [29/30] Step: 0/64, CE Loss: 0.39798, CON Loss: 0.03961.
11/21/2021 11:36:12 - INFO - modules.trainer -   [29/30] Step: 50/64, CE Loss: 0.42171, CON Loss: 0.03865.
11/21/2021 11:36:27 - INFO - modules.trainer -   [29/30] Start to evaluate in the validation set.
11/21/2021 11:36:41 - INFO - modules.trainer -   [29/30] Start to evaluate in the test set.
11/21/2021 11:37:03 - INFO - modules.trainer -   	epoch          : 29
11/21/2021 11:37:03 - INFO - modules.trainer -   	ce_loss        : 0.42670809710398316
11/21/2021 11:37:03 - INFO - modules.trainer -   	con            : 0.038400644378270954
11/21/2021 11:37:03 - INFO - modules.trainer -   	val_BLEU_1     : 0.2456164079208272
11/21/2021 11:37:03 - INFO - modules.trainer -   	val_BLEU_2     : 0.14574660955454913
11/21/2021 11:37:03 - INFO - modules.trainer -   	val_BLEU_3     : 0.10063945364191246
11/21/2021 11:37:03 - INFO - modules.trainer -   	val_BLEU_4     : 0.07541335160174314
11/21/2021 11:37:03 - INFO - modules.trainer -   	val_METEOR     : 0.1160311488677641
11/21/2021 11:37:03 - INFO - modules.trainer -   	val_ROUGE_L    : 0.29119112518633755
11/21/2021 11:37:03 - INFO - modules.trainer -   	test_BLEU_1    : 0.2809488138328882
11/21/2021 11:37:03 - INFO - modules.trainer -   	test_BLEU_2    : 0.1692532581164528
11/21/2021 11:37:03 - INFO - modules.trainer -   	test_BLEU_3    : 0.1187847360863492
11/21/2021 11:37:03 - INFO - modules.trainer -   	test_BLEU_4    : 0.08916943494010883
11/21/2021 11:37:03 - INFO - modules.trainer -   	test_METEOR    : 0.1309073994494558
11/21/2021 11:37:03 - INFO - modules.trainer -   	test_ROUGE_L   : 0.3085867924911739
11/21/2021 11:37:06 - INFO - modules.trainer -   Saving checkpoint: results/iu_xray/current_checkpoint.pth ...
11/21/2021 11:37:06 - INFO - modules.trainer -   [30/30] Start to train in the training set.
best performance in epoch:  23
11/21/2021 11:37:08 - INFO - modules.trainer -   [30/30] Step: 0/64, CE Loss: 0.35089, CON Loss: 0.03718.
11/21/2021 11:38:08 - INFO - modules.trainer -   [30/30] Step: 50/64, CE Loss: 0.41259, CON Loss: 0.03628.
11/21/2021 11:38:23 - INFO - modules.trainer -   [30/30] Start to evaluate in the validation set.
11/21/2021 11:38:38 - INFO - modules.trainer -   [30/30] Start to evaluate in the test set.
11/21/2021 11:39:00 - INFO - modules.trainer -   	epoch          : 30
11/21/2021 11:39:00 - INFO - modules.trainer -   	ce_loss        : 0.4170631808228791
11/21/2021 11:39:00 - INFO - modules.trainer -   	con            : 0.03605117101687938
11/21/2021 11:39:00 - INFO - modules.trainer -   	val_BLEU_1     : 0.2875353469342048
11/21/2021 11:39:00 - INFO - modules.trainer -   	val_BLEU_2     : 0.17042707638948115
11/21/2021 11:39:00 - INFO - modules.trainer -   	val_BLEU_3     : 0.11630915353753152
11/21/2021 11:39:00 - INFO - modules.trainer -   	val_BLEU_4     : 0.08522866385003067
11/21/2021 11:39:00 - INFO - modules.trainer -   	val_METEOR     : 0.1268307039739663
11/21/2021 11:39:00 - INFO - modules.trainer -   	val_ROUGE_L    : 0.2989962988388942
11/21/2021 11:39:00 - INFO - modules.trainer -   	test_BLEU_1    : 0.31460505359966784
11/21/2021 11:39:00 - INFO - modules.trainer -   	test_BLEU_2    : 0.19121941802853093
11/21/2021 11:39:00 - INFO - modules.trainer -   	test_BLEU_3    : 0.13494463197120027
11/21/2021 11:39:00 - INFO - modules.trainer -   	test_BLEU_4    : 0.10088539548156987
11/21/2021 11:39:00 - INFO - modules.trainer -   	test_METEOR    : 0.13927065506472816
11/21/2021 11:39:00 - INFO - modules.trainer -   	test_ROUGE_L   : 0.31671886186343684
11/21/2021 11:39:05 - INFO - modules.trainer -   Saving checkpoint: results/iu_xray/current_checkpoint.pth ...
best performance in epoch:  23
