nohup: ignoring input
11/20/2021 10:23:33 - INFO - modules.trainer -   [1/30] Start to train in the training set.
[W TensorIterator.cpp:918] Warning: Mixed memory format inputs detected while calling the operator. The operator will output contiguous tensor even if some of the inputs are in channels_last format. (function operator())
/mnt/Data3/wangjun/anaconda3/envs/torch16/lib/python3.7/site-packages/torch/nn/parallel/_functions.py:61: UserWarning: Was asked to gather along dimension 0, but all input tensors were scalars; will instead unsqueeze and return a vector.
  warnings.warn('Was asked to gather along dimension 0, but all '
11/20/2021 10:23:37 - INFO - modules.trainer -   [1/30] Step: 0/64, CE Loss: 6.82308, CON Loss: 0.37640.
11/20/2021 10:24:37 - INFO - modules.trainer -   [1/30] Step: 50/64, CE Loss: 4.58760, CON Loss: 0.37021.
11/20/2021 10:24:53 - INFO - modules.trainer -   [1/30] Start to evaluate in the validation set.
11/20/2021 10:25:07 - INFO - modules.trainer -   [1/30] Start to evaluate in the test set.
11/20/2021 10:25:30 - INFO - modules.trainer -   	epoch          : 1
11/20/2021 10:25:30 - INFO - modules.trainer -   	ce_loss        : 4.330551106482744
11/20/2021 10:25:30 - INFO - modules.trainer -   	con            : 0.3692455105483532
11/20/2021 10:25:30 - INFO - modules.trainer -   	val_BLEU_1     : 0.048891635959301134
11/20/2021 10:25:30 - INFO - modules.trainer -   	val_BLEU_2     : 0.029866087237159156
11/20/2021 10:25:30 - INFO - modules.trainer -   	val_BLEU_3     : 0.0191250554995361
11/20/2021 10:25:30 - INFO - modules.trainer -   	val_BLEU_4     : 0.011503302937924563
11/20/2021 10:25:30 - INFO - modules.trainer -   	val_METEOR     : 0.07693681461066437
11/20/2021 10:25:30 - INFO - modules.trainer -   	val_ROUGE_L    : 0.21944635586579586
11/20/2021 10:25:30 - INFO - modules.trainer -   	test_BLEU_1    : 0.06640846264946192
11/20/2021 10:25:30 - INFO - modules.trainer -   	test_BLEU_2    : 0.041099852088736115
11/20/2021 10:25:30 - INFO - modules.trainer -   	test_BLEU_3    : 0.026322663813071807
11/20/2021 10:25:30 - INFO - modules.trainer -   	test_BLEU_4    : 0.015392725809002477
11/20/2021 10:25:30 - INFO - modules.trainer -   	test_METEOR    : 0.08446619534978668
11/20/2021 10:25:30 - INFO - modules.trainer -   	test_ROUGE_L   : 0.24540485505519719
11/20/2021 10:25:34 - INFO - modules.trainer -   Saving checkpoint: results/iu_xray/current_checkpoint.pth ...
11/20/2021 10:25:37 - INFO - modules.trainer -   Saving current best: model_best.pth ...
11/20/2021 10:25:37 - INFO - modules.trainer -   [2/30] Start to train in the training set.
best performance in epoch:  1
/mnt/Data3/wangjun/anaconda3/envs/torch16/lib/python3.7/site-packages/torch/nn/parallel/_functions.py:61: UserWarning: Was asked to gather along dimension 0, but all input tensors were scalars; will instead unsqueeze and return a vector.
  warnings.warn('Was asked to gather along dimension 0, but all '
11/20/2021 10:25:39 - INFO - modules.trainer -   [2/30] Step: 0/64, CE Loss: 3.00992, CON Loss: 0.36444.
11/20/2021 10:26:40 - INFO - modules.trainer -   [2/30] Step: 50/64, CE Loss: 2.77954, CON Loss: 0.36078.
11/20/2021 10:26:56 - INFO - modules.trainer -   [2/30] Start to evaluate in the validation set.
11/20/2021 10:27:11 - INFO - modules.trainer -   [2/30] Start to evaluate in the test set.
11/20/2021 10:27:33 - INFO - modules.trainer -   	epoch          : 2
11/20/2021 10:27:33 - INFO - modules.trainer -   	ce_loss        : 2.7140508517622948
11/20/2021 10:27:33 - INFO - modules.trainer -   	con            : 0.35983382165431976
11/20/2021 10:27:33 - INFO - modules.trainer -   	val_BLEU_1     : 0.27749479992751497
11/20/2021 10:27:33 - INFO - modules.trainer -   	val_BLEU_2     : 0.17776098156697154
11/20/2021 10:27:33 - INFO - modules.trainer -   	val_BLEU_3     : 0.12071524658529716
11/20/2021 10:27:33 - INFO - modules.trainer -   	val_BLEU_4     : 0.08235890032807444
11/20/2021 10:27:33 - INFO - modules.trainer -   	val_METEOR     : 0.15566169506847166
11/20/2021 10:27:33 - INFO - modules.trainer -   	val_ROUGE_L    : 0.3339444447079096
11/20/2021 10:27:33 - INFO - modules.trainer -   	test_BLEU_1    : 0.32641368577851193
11/20/2021 10:27:33 - INFO - modules.trainer -   	test_BLEU_2    : 0.21293441751961031
11/20/2021 10:27:33 - INFO - modules.trainer -   	test_BLEU_3    : 0.14802611771692126
11/20/2021 10:27:33 - INFO - modules.trainer -   	test_BLEU_4    : 0.10342054679207387
11/20/2021 10:27:33 - INFO - modules.trainer -   	test_METEOR    : 0.17453862781253537
11/20/2021 10:27:33 - INFO - modules.trainer -   	test_ROUGE_L   : 0.3577235041439932
11/20/2021 10:27:37 - INFO - modules.trainer -   Saving checkpoint: results/iu_xray/current_checkpoint.pth ...
11/20/2021 10:27:42 - INFO - modules.trainer -   Saving current best: model_best.pth ...
11/20/2021 10:27:42 - INFO - modules.trainer -   [3/30] Start to train in the training set.
best performance in epoch:  2
/mnt/Data3/wangjun/anaconda3/envs/torch16/lib/python3.7/site-packages/torch/nn/parallel/_functions.py:61: UserWarning: Was asked to gather along dimension 0, but all input tensors were scalars; will instead unsqueeze and return a vector.
  warnings.warn('Was asked to gather along dimension 0, but all '
11/20/2021 10:27:44 - INFO - modules.trainer -   [3/30] Step: 0/64, CE Loss: 2.64387, CON Loss: 0.35513.
11/20/2021 10:28:45 - INFO - modules.trainer -   [3/30] Step: 50/64, CE Loss: 2.20390, CON Loss: 0.35137.
11/20/2021 10:29:01 - INFO - modules.trainer -   [3/30] Start to evaluate in the validation set.
11/20/2021 10:29:16 - INFO - modules.trainer -   [3/30] Start to evaluate in the test set.
11/20/2021 10:29:38 - INFO - modules.trainer -   	epoch          : 3
11/20/2021 10:29:38 - INFO - modules.trainer -   	ce_loss        : 2.163955118507147
11/20/2021 10:29:38 - INFO - modules.trainer -   	con            : 0.3503634282387793
11/20/2021 10:29:38 - INFO - modules.trainer -   	val_BLEU_1     : 0.07892798629769665
11/20/2021 10:29:38 - INFO - modules.trainer -   	val_BLEU_2     : 0.051889619572470284
11/20/2021 10:29:38 - INFO - modules.trainer -   	val_BLEU_3     : 0.036466646267885816
11/20/2021 10:29:38 - INFO - modules.trainer -   	val_BLEU_4     : 0.02719078538133635
11/20/2021 10:29:38 - INFO - modules.trainer -   	val_METEOR     : 0.08944364158589932
11/20/2021 10:29:38 - INFO - modules.trainer -   	val_ROUGE_L    : 0.2747648653584673
11/20/2021 10:29:38 - INFO - modules.trainer -   	test_BLEU_1    : 0.10692366446377671
11/20/2021 10:29:38 - INFO - modules.trainer -   	test_BLEU_2    : 0.07162936847627575
11/20/2021 10:29:38 - INFO - modules.trainer -   	test_BLEU_3    : 0.05091543126526786
11/20/2021 10:29:38 - INFO - modules.trainer -   	test_BLEU_4    : 0.0380023555454376
11/20/2021 10:29:38 - INFO - modules.trainer -   	test_METEOR    : 0.10299516321962976
11/20/2021 10:29:38 - INFO - modules.trainer -   	test_ROUGE_L   : 0.29805066790520274
11/20/2021 10:29:43 - INFO - modules.trainer -   Saving checkpoint: results/iu_xray/current_checkpoint.pth ...
11/20/2021 10:29:43 - INFO - modules.trainer -   [4/30] Start to train in the training set.
best performance in epoch:  2
/mnt/Data3/wangjun/anaconda3/envs/torch16/lib/python3.7/site-packages/torch/nn/parallel/_functions.py:61: UserWarning: Was asked to gather along dimension 0, but all input tensors were scalars; will instead unsqueeze and return a vector.
  warnings.warn('Was asked to gather along dimension 0, but all '
11/20/2021 10:29:45 - INFO - modules.trainer -   [4/30] Step: 0/64, CE Loss: 1.95857, CON Loss: 0.34527.
11/20/2021 10:30:46 - INFO - modules.trainer -   [4/30] Step: 50/64, CE Loss: 1.91005, CON Loss: 0.34100.
11/20/2021 10:31:02 - INFO - modules.trainer -   [4/30] Start to evaluate in the validation set.
11/20/2021 10:31:16 - INFO - modules.trainer -   [4/30] Start to evaluate in the test set.
11/20/2021 10:31:39 - INFO - modules.trainer -   	epoch          : 4
11/20/2021 10:31:39 - INFO - modules.trainer -   	ce_loss        : 1.9059825614094734
11/20/2021 10:31:39 - INFO - modules.trainer -   	con            : 0.33983521815389395
11/20/2021 10:31:39 - INFO - modules.trainer -   	val_BLEU_1     : 0.1988625889127359
11/20/2021 10:31:39 - INFO - modules.trainer -   	val_BLEU_2     : 0.1180353903908086
11/20/2021 10:31:39 - INFO - modules.trainer -   	val_BLEU_3     : 0.0835544869652126
11/20/2021 10:31:39 - INFO - modules.trainer -   	val_BLEU_4     : 0.06400886298630389
11/20/2021 10:31:39 - INFO - modules.trainer -   	val_METEOR     : 0.1034722429799017
11/20/2021 10:31:39 - INFO - modules.trainer -   	val_ROUGE_L    : 0.29474007494202537
11/20/2021 10:31:39 - INFO - modules.trainer -   	test_BLEU_1    : 0.24373301527049998
11/20/2021 10:31:39 - INFO - modules.trainer -   	test_BLEU_2    : 0.14797833128862994
11/20/2021 10:31:39 - INFO - modules.trainer -   	test_BLEU_3    : 0.10640837990403329
11/20/2021 10:31:39 - INFO - modules.trainer -   	test_BLEU_4    : 0.08167857008592927
11/20/2021 10:31:39 - INFO - modules.trainer -   	test_METEOR    : 0.11969305426943268
11/20/2021 10:31:39 - INFO - modules.trainer -   	test_ROUGE_L   : 0.31219242420813237
11/20/2021 10:31:42 - INFO - modules.trainer -   Saving checkpoint: results/iu_xray/current_checkpoint.pth ...
11/20/2021 10:31:42 - INFO - modules.trainer -   [5/30] Start to train in the training set.
best performance in epoch:  2
/mnt/Data3/wangjun/anaconda3/envs/torch16/lib/python3.7/site-packages/torch/nn/parallel/_functions.py:61: UserWarning: Was asked to gather along dimension 0, but all input tensors were scalars; will instead unsqueeze and return a vector.
  warnings.warn('Was asked to gather along dimension 0, but all '
11/20/2021 10:31:44 - INFO - modules.trainer -   [5/30] Step: 0/64, CE Loss: 1.88381, CON Loss: 0.33395.
11/20/2021 10:32:44 - INFO - modules.trainer -   [5/30] Step: 50/64, CE Loss: 1.71738, CON Loss: 0.32905.
11/20/2021 10:32:59 - INFO - modules.trainer -   [5/30] Start to evaluate in the validation set.
11/20/2021 10:33:14 - INFO - modules.trainer -   [5/30] Start to evaluate in the test set.
11/20/2021 10:33:36 - INFO - modules.trainer -   	epoch          : 5
11/20/2021 10:33:36 - INFO - modules.trainer -   	ce_loss        : 1.7285270038992167
11/20/2021 10:33:36 - INFO - modules.trainer -   	con            : 0.3277094392105937
11/20/2021 10:33:36 - INFO - modules.trainer -   	val_BLEU_1     : 0.24010359956744767
11/20/2021 10:33:36 - INFO - modules.trainer -   	val_BLEU_2     : 0.14227941765330385
11/20/2021 10:33:36 - INFO - modules.trainer -   	val_BLEU_3     : 0.09904116743196396
11/20/2021 10:33:36 - INFO - modules.trainer -   	val_BLEU_4     : 0.07421238111487177
11/20/2021 10:33:36 - INFO - modules.trainer -   	val_METEOR     : 0.10812486499151361
11/20/2021 10:33:36 - INFO - modules.trainer -   	val_ROUGE_L    : 0.29426525186505076
11/20/2021 10:33:36 - INFO - modules.trainer -   	test_BLEU_1    : 0.28171593053499283
11/20/2021 10:33:36 - INFO - modules.trainer -   	test_BLEU_2    : 0.17213811564056267
11/20/2021 10:33:36 - INFO - modules.trainer -   	test_BLEU_3    : 0.12352249186732506
11/20/2021 10:33:36 - INFO - modules.trainer -   	test_BLEU_4    : 0.0941721377973366
11/20/2021 10:33:36 - INFO - modules.trainer -   	test_METEOR    : 0.12524354404005303
11/20/2021 10:33:36 - INFO - modules.trainer -   	test_ROUGE_L   : 0.31377994881606747
11/20/2021 10:33:41 - INFO - modules.trainer -   Saving checkpoint: results/iu_xray/current_checkpoint.pth ...
11/20/2021 10:33:41 - INFO - modules.trainer -   [6/30] Start to train in the training set.
best performance in epoch:  2
/mnt/Data3/wangjun/anaconda3/envs/torch16/lib/python3.7/site-packages/torch/nn/parallel/_functions.py:61: UserWarning: Was asked to gather along dimension 0, but all input tensors were scalars; will instead unsqueeze and return a vector.
  warnings.warn('Was asked to gather along dimension 0, but all '
11/20/2021 10:33:43 - INFO - modules.trainer -   [6/30] Step: 0/64, CE Loss: 1.70670, CON Loss: 0.32095.
11/20/2021 10:34:43 - INFO - modules.trainer -   [6/30] Step: 50/64, CE Loss: 1.58532, CON Loss: 0.31528.
11/20/2021 10:35:00 - INFO - modules.trainer -   [6/30] Start to evaluate in the validation set.
11/20/2021 10:35:14 - INFO - modules.trainer -   [6/30] Start to evaluate in the test set.
11/20/2021 10:35:37 - INFO - modules.trainer -   	epoch          : 6
11/20/2021 10:35:37 - INFO - modules.trainer -   	ce_loss        : 1.6052436828613281
11/20/2021 10:35:37 - INFO - modules.trainer -   	con            : 0.31374085880815983
11/20/2021 10:35:37 - INFO - modules.trainer -   	val_BLEU_1     : 0.2467198715178232
11/20/2021 10:35:37 - INFO - modules.trainer -   	val_BLEU_2     : 0.14543635957523846
11/20/2021 10:35:37 - INFO - modules.trainer -   	val_BLEU_3     : 0.10129549037045223
11/20/2021 10:35:37 - INFO - modules.trainer -   	val_BLEU_4     : 0.07633382892295612
11/20/2021 10:35:37 - INFO - modules.trainer -   	val_METEOR     : 0.10973857693464076
11/20/2021 10:35:37 - INFO - modules.trainer -   	val_ROUGE_L    : 0.29499600410963245
11/20/2021 10:35:37 - INFO - modules.trainer -   	test_BLEU_1    : 0.28474837933757524
11/20/2021 10:35:37 - INFO - modules.trainer -   	test_BLEU_2    : 0.17380257244395253
11/20/2021 10:35:37 - INFO - modules.trainer -   	test_BLEU_3    : 0.12496692616001852
11/20/2021 10:35:37 - INFO - modules.trainer -   	test_BLEU_4    : 0.09536564737972088
11/20/2021 10:35:37 - INFO - modules.trainer -   	test_METEOR    : 0.12617204201715534
11/20/2021 10:35:37 - INFO - modules.trainer -   	test_ROUGE_L   : 0.3136701050639159
11/20/2021 10:35:40 - INFO - modules.trainer -   Saving checkpoint: results/iu_xray/current_checkpoint.pth ...
11/20/2021 10:35:40 - INFO - modules.trainer -   [7/30] Start to train in the training set.
best performance in epoch:  2
/mnt/Data3/wangjun/anaconda3/envs/torch16/lib/python3.7/site-packages/torch/nn/parallel/_functions.py:61: UserWarning: Was asked to gather along dimension 0, but all input tensors were scalars; will instead unsqueeze and return a vector.
  warnings.warn('Was asked to gather along dimension 0, but all '
11/20/2021 10:35:42 - INFO - modules.trainer -   [7/30] Step: 0/64, CE Loss: 1.50843, CON Loss: 0.30594.
11/20/2021 10:36:42 - INFO - modules.trainer -   [7/30] Step: 50/64, CE Loss: 1.47549, CON Loss: 0.29938.
11/20/2021 10:36:58 - INFO - modules.trainer -   [7/30] Start to evaluate in the validation set.
11/20/2021 10:37:13 - INFO - modules.trainer -   [7/30] Start to evaluate in the test set.
11/20/2021 10:37:35 - INFO - modules.trainer -   	epoch          : 7
11/20/2021 10:37:35 - INFO - modules.trainer -   	ce_loss        : 1.4949166420847178
11/20/2021 10:37:35 - INFO - modules.trainer -   	con            : 0.29760393081232905
11/20/2021 10:37:35 - INFO - modules.trainer -   	val_BLEU_1     : 0.22677496425748236
11/20/2021 10:37:35 - INFO - modules.trainer -   	val_BLEU_2     : 0.13853895920234136
11/20/2021 10:37:35 - INFO - modules.trainer -   	val_BLEU_3     : 0.09737664397920544
11/20/2021 10:37:35 - INFO - modules.trainer -   	val_BLEU_4     : 0.07340824223320916
11/20/2021 10:37:35 - INFO - modules.trainer -   	val_METEOR     : 0.11151906674443986
11/20/2021 10:37:35 - INFO - modules.trainer -   	val_ROUGE_L    : 0.29991909371657904
11/20/2021 10:37:35 - INFO - modules.trainer -   	test_BLEU_1    : 0.26957664786532975
11/20/2021 10:37:35 - INFO - modules.trainer -   	test_BLEU_2    : 0.1672022767469245
11/20/2021 10:37:35 - INFO - modules.trainer -   	test_BLEU_3    : 0.12076366977424093
11/20/2021 10:37:35 - INFO - modules.trainer -   	test_BLEU_4    : 0.09217055275556217
11/20/2021 10:37:35 - INFO - modules.trainer -   	test_METEOR    : 0.12745829907605405
11/20/2021 10:37:35 - INFO - modules.trainer -   	test_ROUGE_L   : 0.32017161111103304
11/20/2021 10:37:39 - INFO - modules.trainer -   Saving checkpoint: results/iu_xray/current_checkpoint.pth ...
11/20/2021 10:37:39 - INFO - modules.trainer -   [8/30] Start to train in the training set.
best performance in epoch:  2
/mnt/Data3/wangjun/anaconda3/envs/torch16/lib/python3.7/site-packages/torch/nn/parallel/_functions.py:61: UserWarning: Was asked to gather along dimension 0, but all input tensors were scalars; will instead unsqueeze and return a vector.
  warnings.warn('Was asked to gather along dimension 0, but all '
11/20/2021 10:37:41 - INFO - modules.trainer -   [8/30] Step: 0/64, CE Loss: 1.28757, CON Loss: 0.28863.
11/20/2021 10:38:41 - INFO - modules.trainer -   [8/30] Step: 50/64, CE Loss: 1.36713, CON Loss: 0.28111.
11/20/2021 10:38:57 - INFO - modules.trainer -   [8/30] Start to evaluate in the validation set.
11/20/2021 10:39:12 - INFO - modules.trainer -   [8/30] Start to evaluate in the test set.
11/20/2021 10:39:34 - INFO - modules.trainer -   	epoch          : 8
11/20/2021 10:39:34 - INFO - modules.trainer -   	ce_loss        : 1.3835725095123053
11/20/2021 10:39:34 - INFO - modules.trainer -   	con            : 0.2790669337846339
11/20/2021 10:39:34 - INFO - modules.trainer -   	val_BLEU_1     : 0.2600200261321547
11/20/2021 10:39:34 - INFO - modules.trainer -   	val_BLEU_2     : 0.14781641069268484
11/20/2021 10:39:34 - INFO - modules.trainer -   	val_BLEU_3     : 0.09682146356361085
11/20/2021 10:39:34 - INFO - modules.trainer -   	val_BLEU_4     : 0.06801293199974877
11/20/2021 10:39:34 - INFO - modules.trainer -   	val_METEOR     : 0.11862813357296688
11/20/2021 10:39:34 - INFO - modules.trainer -   	val_ROUGE_L    : 0.26951684173162443
11/20/2021 10:39:34 - INFO - modules.trainer -   	test_BLEU_1    : 0.2995559739556113
11/20/2021 10:39:34 - INFO - modules.trainer -   	test_BLEU_2    : 0.17965941306095384
11/20/2021 10:39:34 - INFO - modules.trainer -   	test_BLEU_3    : 0.12344891590762273
11/20/2021 10:39:34 - INFO - modules.trainer -   	test_BLEU_4    : 0.09036829209886546
11/20/2021 10:39:34 - INFO - modules.trainer -   	test_METEOR    : 0.1373705253923878
11/20/2021 10:39:34 - INFO - modules.trainer -   	test_ROUGE_L   : 0.2964077726134775
11/20/2021 10:39:38 - INFO - modules.trainer -   Saving checkpoint: results/iu_xray/current_checkpoint.pth ...
11/20/2021 10:39:38 - INFO - modules.trainer -   [9/30] Start to train in the training set.
best performance in epoch:  2
/mnt/Data3/wangjun/anaconda3/envs/torch16/lib/python3.7/site-packages/torch/nn/parallel/_functions.py:61: UserWarning: Was asked to gather along dimension 0, but all input tensors were scalars; will instead unsqueeze and return a vector.
  warnings.warn('Was asked to gather along dimension 0, but all '
11/20/2021 10:39:40 - INFO - modules.trainer -   [9/30] Step: 0/64, CE Loss: 1.34302, CON Loss: 0.26875.
11/20/2021 10:40:40 - INFO - modules.trainer -   [9/30] Step: 50/64, CE Loss: 1.28709, CON Loss: 0.26017.
11/20/2021 10:40:56 - INFO - modules.trainer -   [9/30] Start to evaluate in the validation set.
11/20/2021 10:41:11 - INFO - modules.trainer -   [9/30] Start to evaluate in the test set.
11/20/2021 10:41:33 - INFO - modules.trainer -   	epoch          : 9
11/20/2021 10:41:33 - INFO - modules.trainer -   	ce_loss        : 1.2973508536815643
11/20/2021 10:41:33 - INFO - modules.trainer -   	con            : 0.2578516658395529
11/20/2021 10:41:33 - INFO - modules.trainer -   	val_BLEU_1     : 0.4522637836275202
11/20/2021 10:41:33 - INFO - modules.trainer -   	val_BLEU_2     : 0.2832734904775121
11/20/2021 10:41:33 - INFO - modules.trainer -   	val_BLEU_3     : 0.19103892902788838
11/20/2021 10:41:33 - INFO - modules.trainer -   	val_BLEU_4     : 0.1345580743365021
11/20/2021 10:41:33 - INFO - modules.trainer -   	val_METEOR     : 0.1807186394013609
11/20/2021 10:41:33 - INFO - modules.trainer -   	val_ROUGE_L    : 0.33593250337882585
11/20/2021 10:41:33 - INFO - modules.trainer -   	test_BLEU_1    : 0.46538226921510445
11/20/2021 10:41:33 - INFO - modules.trainer -   	test_BLEU_2    : 0.2949887092216465
11/20/2021 10:41:33 - INFO - modules.trainer -   	test_BLEU_3    : 0.20437200001224962
11/20/2021 10:41:33 - INFO - modules.trainer -   	test_BLEU_4    : 0.1494065820840913
11/20/2021 10:41:33 - INFO - modules.trainer -   	test_METEOR    : 0.19497134100243851
11/20/2021 10:41:33 - INFO - modules.trainer -   	test_ROUGE_L   : 0.3566459888259327
11/20/2021 10:41:37 - INFO - modules.trainer -   Saving checkpoint: results/iu_xray/current_checkpoint.pth ...
11/20/2021 10:41:41 - INFO - modules.trainer -   Saving current best: model_best.pth ...
11/20/2021 10:41:41 - INFO - modules.trainer -   [10/30] Start to train in the training set.
best performance in epoch:  9
/mnt/Data3/wangjun/anaconda3/envs/torch16/lib/python3.7/site-packages/torch/nn/parallel/_functions.py:61: UserWarning: Was asked to gather along dimension 0, but all input tensors were scalars; will instead unsqueeze and return a vector.
  warnings.warn('Was asked to gather along dimension 0, but all '
11/20/2021 10:41:43 - INFO - modules.trainer -   [10/30] Step: 0/64, CE Loss: 1.18550, CON Loss: 0.24617.
11/20/2021 10:42:44 - INFO - modules.trainer -   [10/30] Step: 50/64, CE Loss: 1.20185, CON Loss: 0.23656.
11/20/2021 10:42:59 - INFO - modules.trainer -   [10/30] Start to evaluate in the validation set.
11/20/2021 10:43:14 - INFO - modules.trainer -   [10/30] Start to evaluate in the test set.
11/20/2021 10:43:36 - INFO - modules.trainer -   	epoch          : 10
11/20/2021 10:43:36 - INFO - modules.trainer -   	ce_loss        : 1.2173060728237033
11/20/2021 10:43:36 - INFO - modules.trainer -   	con            : 0.23399804043583572
11/20/2021 10:43:36 - INFO - modules.trainer -   	val_BLEU_1     : 0.36888294434444524
11/20/2021 10:43:36 - INFO - modules.trainer -   	val_BLEU_2     : 0.2288469039570123
11/20/2021 10:43:36 - INFO - modules.trainer -   	val_BLEU_3     : 0.1584801330599294
11/20/2021 10:43:36 - INFO - modules.trainer -   	val_BLEU_4     : 0.1154125378384378
11/20/2021 10:43:36 - INFO - modules.trainer -   	val_METEOR     : 0.14513194086991782
11/20/2021 10:43:36 - INFO - modules.trainer -   	val_ROUGE_L    : 0.3200657197641981
11/20/2021 10:43:36 - INFO - modules.trainer -   	test_BLEU_1    : 0.41562045965367783
11/20/2021 10:43:36 - INFO - modules.trainer -   	test_BLEU_2    : 0.2621779721026059
11/20/2021 10:43:36 - INFO - modules.trainer -   	test_BLEU_3    : 0.18254265499354375
11/20/2021 10:43:36 - INFO - modules.trainer -   	test_BLEU_4    : 0.13294103339764599
11/20/2021 10:43:36 - INFO - modules.trainer -   	test_METEOR    : 0.16416751553493805
11/20/2021 10:43:36 - INFO - modules.trainer -   	test_ROUGE_L   : 0.3422541421759132
11/20/2021 10:43:40 - INFO - modules.trainer -   Saving checkpoint: results/iu_xray/current_checkpoint.pth ...
11/20/2021 10:43:40 - INFO - modules.trainer -   [11/30] Start to train in the training set.
best performance in epoch:  9
/mnt/Data3/wangjun/anaconda3/envs/torch16/lib/python3.7/site-packages/torch/nn/parallel/_functions.py:61: UserWarning: Was asked to gather along dimension 0, but all input tensors were scalars; will instead unsqueeze and return a vector.
  warnings.warn('Was asked to gather along dimension 0, but all '
11/20/2021 10:43:42 - INFO - modules.trainer -   [11/30] Step: 0/64, CE Loss: 1.08379, CON Loss: 0.22112.
11/20/2021 10:44:42 - INFO - modules.trainer -   [11/30] Step: 50/64, CE Loss: 1.07865, CON Loss: 0.21295.
11/20/2021 10:44:58 - INFO - modules.trainer -   [11/30] Start to evaluate in the validation set.
11/20/2021 10:45:13 - INFO - modules.trainer -   [11/30] Start to evaluate in the test set.
11/20/2021 10:45:35 - INFO - modules.trainer -   	epoch          : 11
11/20/2021 10:45:35 - INFO - modules.trainer -   	ce_loss        : 1.089412184432149
11/20/2021 10:45:35 - INFO - modules.trainer -   	con            : 0.21081987116485834
11/20/2021 10:45:35 - INFO - modules.trainer -   	val_BLEU_1     : 0.3189810349275501
11/20/2021 10:45:35 - INFO - modules.trainer -   	val_BLEU_2     : 0.1960806247081008
11/20/2021 10:45:35 - INFO - modules.trainer -   	val_BLEU_3     : 0.13605662411378658
11/20/2021 10:45:35 - INFO - modules.trainer -   	val_BLEU_4     : 0.10015587327277119
11/20/2021 10:45:35 - INFO - modules.trainer -   	val_METEOR     : 0.13714584423326082
11/20/2021 10:45:35 - INFO - modules.trainer -   	val_ROUGE_L    : 0.3113873276200428
11/20/2021 10:45:35 - INFO - modules.trainer -   	test_BLEU_1    : 0.38212614142050894
11/20/2021 10:45:35 - INFO - modules.trainer -   	test_BLEU_2    : 0.23987707236422307
11/20/2021 10:45:35 - INFO - modules.trainer -   	test_BLEU_3    : 0.168915524412087
11/20/2021 10:45:35 - INFO - modules.trainer -   	test_BLEU_4    : 0.12687368987965247
11/20/2021 10:45:35 - INFO - modules.trainer -   	test_METEOR    : 0.16179960491397238
11/20/2021 10:45:35 - INFO - modules.trainer -   	test_ROUGE_L   : 0.3388100288393431
11/20/2021 10:45:38 - INFO - modules.trainer -   Saving checkpoint: results/iu_xray/current_checkpoint.pth ...
11/20/2021 10:45:38 - INFO - modules.trainer -   [12/30] Start to train in the training set.
best performance in epoch:  9
/mnt/Data3/wangjun/anaconda3/envs/torch16/lib/python3.7/site-packages/torch/nn/parallel/_functions.py:61: UserWarning: Was asked to gather along dimension 0, but all input tensors were scalars; will instead unsqueeze and return a vector.
  warnings.warn('Was asked to gather along dimension 0, but all '
11/20/2021 10:45:40 - INFO - modules.trainer -   [12/30] Step: 0/64, CE Loss: 0.82445, CON Loss: 0.20013.
11/20/2021 10:46:41 - INFO - modules.trainer -   [12/30] Step: 50/64, CE Loss: 0.98124, CON Loss: 0.19183.
11/20/2021 10:46:56 - INFO - modules.trainer -   [12/30] Start to evaluate in the validation set.
11/20/2021 10:47:11 - INFO - modules.trainer -   [12/30] Start to evaluate in the test set.
11/20/2021 10:47:34 - INFO - modules.trainer -   	epoch          : 12
11/20/2021 10:47:34 - INFO - modules.trainer -   	ce_loss        : 0.9955927189439535
11/20/2021 10:47:34 - INFO - modules.trainer -   	con            : 0.18968537054024637
11/20/2021 10:47:34 - INFO - modules.trainer -   	val_BLEU_1     : 0.2450159291929026
11/20/2021 10:47:34 - INFO - modules.trainer -   	val_BLEU_2     : 0.14083946488609309
11/20/2021 10:47:34 - INFO - modules.trainer -   	val_BLEU_3     : 0.09405262282909521
11/20/2021 10:47:34 - INFO - modules.trainer -   	val_BLEU_4     : 0.0674374481506554
11/20/2021 10:47:34 - INFO - modules.trainer -   	val_METEOR     : 0.11189543594551671
11/20/2021 10:47:34 - INFO - modules.trainer -   	val_ROUGE_L    : 0.2773409038737453
11/20/2021 10:47:34 - INFO - modules.trainer -   	test_BLEU_1    : 0.28232376545201504
11/20/2021 10:47:34 - INFO - modules.trainer -   	test_BLEU_2    : 0.1645029403884444
11/20/2021 10:47:34 - INFO - modules.trainer -   	test_BLEU_3    : 0.11144547178438367
11/20/2021 10:47:34 - INFO - modules.trainer -   	test_BLEU_4    : 0.08010980166755444
11/20/2021 10:47:34 - INFO - modules.trainer -   	test_METEOR    : 0.12626653013137565
11/20/2021 10:47:34 - INFO - modules.trainer -   	test_ROUGE_L   : 0.29229611330279975
11/20/2021 10:47:37 - INFO - modules.trainer -   Saving checkpoint: results/iu_xray/current_checkpoint.pth ...
11/20/2021 10:47:37 - INFO - modules.trainer -   [13/30] Start to train in the training set.
best performance in epoch:  9
/mnt/Data3/wangjun/anaconda3/envs/torch16/lib/python3.7/site-packages/torch/nn/parallel/_functions.py:61: UserWarning: Was asked to gather along dimension 0, but all input tensors were scalars; will instead unsqueeze and return a vector.
  warnings.warn('Was asked to gather along dimension 0, but all '
11/20/2021 10:47:39 - INFO - modules.trainer -   [13/30] Step: 0/64, CE Loss: 0.77911, CON Loss: 0.17896.
11/20/2021 10:48:40 - INFO - modules.trainer -   [13/30] Step: 50/64, CE Loss: 0.91310, CON Loss: 0.17088.
11/20/2021 10:48:56 - INFO - modules.trainer -   [13/30] Start to evaluate in the validation set.
11/20/2021 10:49:11 - INFO - modules.trainer -   [13/30] Start to evaluate in the test set.
11/20/2021 10:49:33 - INFO - modules.trainer -   	epoch          : 13
11/20/2021 10:49:33 - INFO - modules.trainer -   	ce_loss        : 0.9317354951053858
11/20/2021 10:49:33 - INFO - modules.trainer -   	con            : 0.16881363815627992
11/20/2021 10:49:33 - INFO - modules.trainer -   	val_BLEU_1     : 0.28292508271445915
11/20/2021 10:49:33 - INFO - modules.trainer -   	val_BLEU_2     : 0.16863082080673436
11/20/2021 10:49:33 - INFO - modules.trainer -   	val_BLEU_3     : 0.11622326584970238
11/20/2021 10:49:33 - INFO - modules.trainer -   	val_BLEU_4     : 0.08662671000664789
11/20/2021 10:49:33 - INFO - modules.trainer -   	val_METEOR     : 0.12097605032679853
11/20/2021 10:49:33 - INFO - modules.trainer -   	val_ROUGE_L    : 0.3031581263750933
11/20/2021 10:49:33 - INFO - modules.trainer -   	test_BLEU_1    : 0.32585305866764364
11/20/2021 10:49:33 - INFO - modules.trainer -   	test_BLEU_2    : 0.19854955296348298
11/20/2021 10:49:33 - INFO - modules.trainer -   	test_BLEU_3    : 0.14056486094478485
11/20/2021 10:49:33 - INFO - modules.trainer -   	test_BLEU_4    : 0.10603871483695039
11/20/2021 10:49:33 - INFO - modules.trainer -   	test_METEOR    : 0.13802843290949854
11/20/2021 10:49:33 - INFO - modules.trainer -   	test_ROUGE_L   : 0.32023356469049
11/20/2021 10:49:36 - INFO - modules.trainer -   Saving checkpoint: results/iu_xray/current_checkpoint.pth ...
11/20/2021 10:49:36 - INFO - modules.trainer -   [14/30] Start to train in the training set.
best performance in epoch:  9
/mnt/Data3/wangjun/anaconda3/envs/torch16/lib/python3.7/site-packages/torch/nn/parallel/_functions.py:61: UserWarning: Was asked to gather along dimension 0, but all input tensors were scalars; will instead unsqueeze and return a vector.
  warnings.warn('Was asked to gather along dimension 0, but all '
11/20/2021 10:49:38 - INFO - modules.trainer -   [14/30] Step: 0/64, CE Loss: 0.84009, CON Loss: 0.15855.
11/20/2021 10:50:39 - INFO - modules.trainer -   [14/30] Step: 50/64, CE Loss: 0.85688, CON Loss: 0.15100.
11/20/2021 10:50:55 - INFO - modules.trainer -   [14/30] Start to evaluate in the validation set.
11/20/2021 10:51:10 - INFO - modules.trainer -   [14/30] Start to evaluate in the test set.
11/20/2021 10:51:33 - INFO - modules.trainer -   	epoch          : 14
11/20/2021 10:51:33 - INFO - modules.trainer -   	ce_loss        : 0.8696307484060526
11/20/2021 10:51:33 - INFO - modules.trainer -   	con            : 0.1490958733484149
11/20/2021 10:51:33 - INFO - modules.trainer -   	val_BLEU_1     : 0.28278223394322827
11/20/2021 10:51:33 - INFO - modules.trainer -   	val_BLEU_2     : 0.16967512870790047
11/20/2021 10:51:33 - INFO - modules.trainer -   	val_BLEU_3     : 0.11841970361460916
11/20/2021 10:51:33 - INFO - modules.trainer -   	val_BLEU_4     : 0.08914733791246456
11/20/2021 10:51:33 - INFO - modules.trainer -   	val_METEOR     : 0.11958717187276083
11/20/2021 10:51:33 - INFO - modules.trainer -   	val_ROUGE_L    : 0.3005434868463047
11/20/2021 10:51:33 - INFO - modules.trainer -   	test_BLEU_1    : 0.3112903501602194
11/20/2021 10:51:33 - INFO - modules.trainer -   	test_BLEU_2    : 0.19144513796691404
11/20/2021 10:51:33 - INFO - modules.trainer -   	test_BLEU_3    : 0.13671139213391353
11/20/2021 10:51:33 - INFO - modules.trainer -   	test_BLEU_4    : 0.10311313639282353
11/20/2021 10:51:33 - INFO - modules.trainer -   	test_METEOR    : 0.13325756750812032
11/20/2021 10:51:33 - INFO - modules.trainer -   	test_ROUGE_L   : 0.3178865293357212
11/20/2021 10:51:36 - INFO - modules.trainer -   Saving checkpoint: results/iu_xray/current_checkpoint.pth ...
11/20/2021 10:51:36 - INFO - modules.trainer -   [15/30] Start to train in the training set.
best performance in epoch:  9
/mnt/Data3/wangjun/anaconda3/envs/torch16/lib/python3.7/site-packages/torch/nn/parallel/_functions.py:61: UserWarning: Was asked to gather along dimension 0, but all input tensors were scalars; will instead unsqueeze and return a vector.
  warnings.warn('Was asked to gather along dimension 0, but all '
11/20/2021 10:51:38 - INFO - modules.trainer -   [15/30] Step: 0/64, CE Loss: 0.70838, CON Loss: 0.13965.
11/20/2021 10:52:40 - INFO - modules.trainer -   [15/30] Step: 50/64, CE Loss: 0.79397, CON Loss: 0.13288.
11/20/2021 10:52:55 - INFO - modules.trainer -   [15/30] Start to evaluate in the validation set.
11/20/2021 10:53:10 - INFO - modules.trainer -   [15/30] Start to evaluate in the test set.
11/20/2021 10:53:32 - INFO - modules.trainer -   	epoch          : 15
11/20/2021 10:53:32 - INFO - modules.trainer -   	ce_loss        : 0.8117254078388214
11/20/2021 10:53:32 - INFO - modules.trainer -   	con            : 0.13118379283696413
11/20/2021 10:53:32 - INFO - modules.trainer -   	val_BLEU_1     : 0.2635345211906471
11/20/2021 10:53:32 - INFO - modules.trainer -   	val_BLEU_2     : 0.15367907726141541
11/20/2021 10:53:32 - INFO - modules.trainer -   	val_BLEU_3     : 0.10325163355705005
11/20/2021 10:53:32 - INFO - modules.trainer -   	val_BLEU_4     : 0.07401832706854805
11/20/2021 10:53:32 - INFO - modules.trainer -   	val_METEOR     : 0.11593031904122168
11/20/2021 10:53:32 - INFO - modules.trainer -   	val_ROUGE_L    : 0.29185419137235036
11/20/2021 10:53:32 - INFO - modules.trainer -   	test_BLEU_1    : 0.2987356545169748
11/20/2021 10:53:32 - INFO - modules.trainer -   	test_BLEU_2    : 0.17614409216691448
11/20/2021 10:53:32 - INFO - modules.trainer -   	test_BLEU_3    : 0.12022325646373334
11/20/2021 10:53:32 - INFO - modules.trainer -   	test_BLEU_4    : 0.08636312787312972
11/20/2021 10:53:32 - INFO - modules.trainer -   	test_METEOR    : 0.12826574007967084
11/20/2021 10:53:32 - INFO - modules.trainer -   	test_ROUGE_L   : 0.3080684562723088
11/20/2021 10:53:36 - INFO - modules.trainer -   Saving checkpoint: results/iu_xray/current_checkpoint.pth ...
11/20/2021 10:53:36 - INFO - modules.trainer -   [16/30] Start to train in the training set.
best performance in epoch:  9
/mnt/Data3/wangjun/anaconda3/envs/torch16/lib/python3.7/site-packages/torch/nn/parallel/_functions.py:61: UserWarning: Was asked to gather along dimension 0, but all input tensors were scalars; will instead unsqueeze and return a vector.
  warnings.warn('Was asked to gather along dimension 0, but all '
11/20/2021 10:53:38 - INFO - modules.trainer -   [16/30] Step: 0/64, CE Loss: 0.65667, CON Loss: 0.12278.
11/20/2021 10:54:39 - INFO - modules.trainer -   [16/30] Step: 50/64, CE Loss: 0.76618, CON Loss: 0.11684.
11/20/2021 10:54:55 - INFO - modules.trainer -   [16/30] Start to evaluate in the validation set.
11/20/2021 10:55:10 - INFO - modules.trainer -   [16/30] Start to evaluate in the test set.
11/20/2021 10:55:31 - INFO - modules.trainer -   	epoch          : 16
11/20/2021 10:55:31 - INFO - modules.trainer -   	ce_loss        : 0.7759161703288555
11/20/2021 10:55:31 - INFO - modules.trainer -   	con            : 0.11537096800748259
11/20/2021 10:55:31 - INFO - modules.trainer -   	val_BLEU_1     : 0.38502390050255775
11/20/2021 10:55:31 - INFO - modules.trainer -   	val_BLEU_2     : 0.2345091040580535
11/20/2021 10:55:31 - INFO - modules.trainer -   	val_BLEU_3     : 0.15976087249533272
11/20/2021 10:55:31 - INFO - modules.trainer -   	val_BLEU_4     : 0.1166251265522027
11/20/2021 10:55:31 - INFO - modules.trainer -   	val_METEOR     : 0.15080050730065966
11/20/2021 10:55:31 - INFO - modules.trainer -   	val_ROUGE_L    : 0.3394683633158859
11/20/2021 10:55:31 - INFO - modules.trainer -   	test_BLEU_1    : 0.41805437811646556
11/20/2021 10:55:31 - INFO - modules.trainer -   	test_BLEU_2    : 0.25611478712854163
11/20/2021 10:55:31 - INFO - modules.trainer -   	test_BLEU_3    : 0.17638950175151985
11/20/2021 10:55:31 - INFO - modules.trainer -   	test_BLEU_4    : 0.12872203541355648
11/20/2021 10:55:31 - INFO - modules.trainer -   	test_METEOR    : 0.16330078635706843
11/20/2021 10:55:31 - INFO - modules.trainer -   	test_ROUGE_L   : 0.3525673480131523
11/20/2021 10:55:36 - INFO - modules.trainer -   Saving checkpoint: results/iu_xray/current_checkpoint.pth ...
11/20/2021 10:55:36 - INFO - modules.trainer -   [17/30] Start to train in the training set.
best performance in epoch:  9
/mnt/Data3/wangjun/anaconda3/envs/torch16/lib/python3.7/site-packages/torch/nn/parallel/_functions.py:61: UserWarning: Was asked to gather along dimension 0, but all input tensors were scalars; will instead unsqueeze and return a vector.
  warnings.warn('Was asked to gather along dimension 0, but all '
11/20/2021 10:55:38 - INFO - modules.trainer -   [17/30] Step: 0/64, CE Loss: 0.70678, CON Loss: 0.10812.
11/20/2021 10:56:39 - INFO - modules.trainer -   [17/30] Step: 50/64, CE Loss: 0.71110, CON Loss: 0.10307.
11/20/2021 10:56:55 - INFO - modules.trainer -   [17/30] Start to evaluate in the validation set.
11/20/2021 10:57:10 - INFO - modules.trainer -   [17/30] Start to evaluate in the test set.
11/20/2021 10:57:33 - INFO - modules.trainer -   	epoch          : 17
11/20/2021 10:57:33 - INFO - modules.trainer -   	ce_loss        : 0.7241637799888849
11/20/2021 10:57:33 - INFO - modules.trainer -   	con            : 0.10183626122307032
11/20/2021 10:57:33 - INFO - modules.trainer -   	val_BLEU_1     : 0.42200587370418596
11/20/2021 10:57:33 - INFO - modules.trainer -   	val_BLEU_2     : 0.26646496367994055
11/20/2021 10:57:33 - INFO - modules.trainer -   	val_BLEU_3     : 0.18229330178701253
11/20/2021 10:57:33 - INFO - modules.trainer -   	val_BLEU_4     : 0.13088442818075868
11/20/2021 10:57:33 - INFO - modules.trainer -   	val_METEOR     : 0.17398269265404043
11/20/2021 10:57:33 - INFO - modules.trainer -   	val_ROUGE_L    : 0.3382436973874696
11/20/2021 10:57:33 - INFO - modules.trainer -   	test_BLEU_1    : 0.4594948052006894
11/20/2021 10:57:33 - INFO - modules.trainer -   	test_BLEU_2    : 0.2883295530122027
11/20/2021 10:57:33 - INFO - modules.trainer -   	test_BLEU_3    : 0.1973551211227563
11/20/2021 10:57:33 - INFO - modules.trainer -   	test_BLEU_4    : 0.14079484340404777
11/20/2021 10:57:33 - INFO - modules.trainer -   	test_METEOR    : 0.18767370277170234
11/20/2021 10:57:33 - INFO - modules.trainer -   	test_ROUGE_L   : 0.3506866413477457
11/20/2021 10:57:36 - INFO - modules.trainer -   Saving checkpoint: results/iu_xray/current_checkpoint.pth ...
11/20/2021 10:57:36 - INFO - modules.trainer -   [18/30] Start to train in the training set.
best performance in epoch:  9
/mnt/Data3/wangjun/anaconda3/envs/torch16/lib/python3.7/site-packages/torch/nn/parallel/_functions.py:61: UserWarning: Was asked to gather along dimension 0, but all input tensors were scalars; will instead unsqueeze and return a vector.
  warnings.warn('Was asked to gather along dimension 0, but all '
11/20/2021 10:57:38 - INFO - modules.trainer -   [18/30] Step: 0/64, CE Loss: 0.61628, CON Loss: 0.09573.
11/20/2021 10:58:39 - INFO - modules.trainer -   [18/30] Step: 50/64, CE Loss: 0.68192, CON Loss: 0.09154.
11/20/2021 10:58:55 - INFO - modules.trainer -   [18/30] Start to evaluate in the validation set.
11/20/2021 10:59:10 - INFO - modules.trainer -   [18/30] Start to evaluate in the test set.
11/20/2021 10:59:32 - INFO - modules.trainer -   	epoch          : 18
11/20/2021 10:59:32 - INFO - modules.trainer -   	ce_loss        : 0.687845716252923
11/20/2021 10:59:32 - INFO - modules.trainer -   	con            : 0.09052068425808102
11/20/2021 10:59:32 - INFO - modules.trainer -   	val_BLEU_1     : 0.3880401271756441
11/20/2021 10:59:32 - INFO - modules.trainer -   	val_BLEU_2     : 0.23389606830217408
11/20/2021 10:59:32 - INFO - modules.trainer -   	val_BLEU_3     : 0.15836683769528848
11/20/2021 10:59:32 - INFO - modules.trainer -   	val_BLEU_4     : 0.11346455266404716
11/20/2021 10:59:32 - INFO - modules.trainer -   	val_METEOR     : 0.16001912788886632
11/20/2021 10:59:32 - INFO - modules.trainer -   	val_ROUGE_L    : 0.3287473341345768
11/20/2021 10:59:32 - INFO - modules.trainer -   	test_BLEU_1    : 0.44424033214745073
11/20/2021 10:59:32 - INFO - modules.trainer -   	test_BLEU_2    : 0.27610949770409016
11/20/2021 10:59:32 - INFO - modules.trainer -   	test_BLEU_3    : 0.19498175871922993
11/20/2021 10:59:32 - INFO - modules.trainer -   	test_BLEU_4    : 0.1442760539391058
11/20/2021 10:59:32 - INFO - modules.trainer -   	test_METEOR    : 0.18044269405216884
11/20/2021 10:59:32 - INFO - modules.trainer -   	test_ROUGE_L   : 0.35597503454225443
11/20/2021 10:59:36 - INFO - modules.trainer -   Saving checkpoint: results/iu_xray/current_checkpoint.pth ...
11/20/2021 10:59:36 - INFO - modules.trainer -   [19/30] Start to train in the training set.
best performance in epoch:  9
/mnt/Data3/wangjun/anaconda3/envs/torch16/lib/python3.7/site-packages/torch/nn/parallel/_functions.py:61: UserWarning: Was asked to gather along dimension 0, but all input tensors were scalars; will instead unsqueeze and return a vector.
  warnings.warn('Was asked to gather along dimension 0, but all '
11/20/2021 10:59:38 - INFO - modules.trainer -   [19/30] Step: 0/64, CE Loss: 0.58343, CON Loss: 0.08549.
11/20/2021 11:00:40 - INFO - modules.trainer -   [19/30] Step: 50/64, CE Loss: 0.63878, CON Loss: 0.08204.
11/20/2021 11:00:56 - INFO - modules.trainer -   [19/30] Start to evaluate in the validation set.
11/20/2021 11:01:10 - INFO - modules.trainer -   [19/30] Start to evaluate in the test set.
11/20/2021 11:01:33 - INFO - modules.trainer -   	epoch          : 19
11/20/2021 11:01:33 - INFO - modules.trainer -   	ce_loss        : 0.6549995392560959
11/20/2021 11:01:33 - INFO - modules.trainer -   	con            : 0.0811922742286697
11/20/2021 11:01:33 - INFO - modules.trainer -   	val_BLEU_1     : 0.43560362364831146
11/20/2021 11:01:33 - INFO - modules.trainer -   	val_BLEU_2     : 0.2790642490393557
11/20/2021 11:01:33 - INFO - modules.trainer -   	val_BLEU_3     : 0.1908507450131904
11/20/2021 11:01:33 - INFO - modules.trainer -   	val_BLEU_4     : 0.13820653669722288
11/20/2021 11:01:33 - INFO - modules.trainer -   	val_METEOR     : 0.1806180523071321
11/20/2021 11:01:33 - INFO - modules.trainer -   	val_ROUGE_L    : 0.34510164980245117
11/20/2021 11:01:33 - INFO - modules.trainer -   	test_BLEU_1    : 0.47688485005821274
11/20/2021 11:01:33 - INFO - modules.trainer -   	test_BLEU_2    : 0.30943572145921616
11/20/2021 11:01:33 - INFO - modules.trainer -   	test_BLEU_3    : 0.21665093097828556
11/20/2021 11:01:33 - INFO - modules.trainer -   	test_BLEU_4    : 0.16196141770044986
11/20/2021 11:01:33 - INFO - modules.trainer -   	test_METEOR    : 0.19869721426456888
11/20/2021 11:01:33 - INFO - modules.trainer -   	test_ROUGE_L   : 0.3654318350490706
11/20/2021 11:01:36 - INFO - modules.trainer -   Saving checkpoint: results/iu_xray/current_checkpoint.pth ...
11/20/2021 11:01:39 - INFO - modules.trainer -   Saving current best: model_best.pth ...
11/20/2021 11:01:39 - INFO - modules.trainer -   [20/30] Start to train in the training set.
best performance in epoch:  19
/mnt/Data3/wangjun/anaconda3/envs/torch16/lib/python3.7/site-packages/torch/nn/parallel/_functions.py:61: UserWarning: Was asked to gather along dimension 0, but all input tensors were scalars; will instead unsqueeze and return a vector.
  warnings.warn('Was asked to gather along dimension 0, but all '
11/20/2021 11:01:41 - INFO - modules.trainer -   [20/30] Step: 0/64, CE Loss: 0.50067, CON Loss: 0.07700.
11/20/2021 11:02:42 - INFO - modules.trainer -   [20/30] Step: 50/64, CE Loss: 0.61934, CON Loss: 0.07408.
11/20/2021 11:02:58 - INFO - modules.trainer -   [20/30] Start to evaluate in the validation set.
11/20/2021 11:03:12 - INFO - modules.trainer -   [20/30] Start to evaluate in the test set.
11/20/2021 11:03:35 - INFO - modules.trainer -   	epoch          : 20
11/20/2021 11:03:35 - INFO - modules.trainer -   	ce_loss        : 0.6308402940630913
11/20/2021 11:03:35 - INFO - modules.trainer -   	con            : 0.0733538584318012
11/20/2021 11:03:35 - INFO - modules.trainer -   	val_BLEU_1     : 0.4034691848706295
11/20/2021 11:03:35 - INFO - modules.trainer -   	val_BLEU_2     : 0.23178727500455118
11/20/2021 11:03:35 - INFO - modules.trainer -   	val_BLEU_3     : 0.15570516412368726
11/20/2021 11:03:35 - INFO - modules.trainer -   	val_BLEU_4     : 0.1132923000361905
11/20/2021 11:03:35 - INFO - modules.trainer -   	val_METEOR     : 0.15176239610263323
11/20/2021 11:03:35 - INFO - modules.trainer -   	val_ROUGE_L    : 0.3179342552108462
11/20/2021 11:03:35 - INFO - modules.trainer -   	test_BLEU_1    : 0.4527402592449784
11/20/2021 11:03:35 - INFO - modules.trainer -   	test_BLEU_2    : 0.2773915113454294
11/20/2021 11:03:35 - INFO - modules.trainer -   	test_BLEU_3    : 0.19693866225624576
11/20/2021 11:03:35 - INFO - modules.trainer -   	test_BLEU_4    : 0.1500481288232139
11/20/2021 11:03:35 - INFO - modules.trainer -   	test_METEOR    : 0.17520179684286652
11/20/2021 11:03:35 - INFO - modules.trainer -   	test_ROUGE_L   : 0.35161142247105154
11/20/2021 11:03:39 - INFO - modules.trainer -   Saving checkpoint: results/iu_xray/current_checkpoint.pth ...
11/20/2021 11:03:39 - INFO - modules.trainer -   [21/30] Start to train in the training set.
best performance in epoch:  19
/mnt/Data3/wangjun/anaconda3/envs/torch16/lib/python3.7/site-packages/torch/nn/parallel/_functions.py:61: UserWarning: Was asked to gather along dimension 0, but all input tensors were scalars; will instead unsqueeze and return a vector.
  warnings.warn('Was asked to gather along dimension 0, but all '
11/20/2021 11:03:41 - INFO - modules.trainer -   [21/30] Step: 0/64, CE Loss: 0.55581, CON Loss: 0.06978.
11/20/2021 11:04:42 - INFO - modules.trainer -   [21/30] Step: 50/64, CE Loss: 0.55531, CON Loss: 0.06778.
11/20/2021 11:04:58 - INFO - modules.trainer -   [21/30] Start to evaluate in the validation set.
11/20/2021 11:05:12 - INFO - modules.trainer -   [21/30] Start to evaluate in the test set.
11/20/2021 11:05:34 - INFO - modules.trainer -   	epoch          : 21
11/20/2021 11:05:34 - INFO - modules.trainer -   	ce_loss        : 0.5624077278189361
11/20/2021 11:05:34 - INFO - modules.trainer -   	con            : 0.067279311013408
11/20/2021 11:05:34 - INFO - modules.trainer -   	val_BLEU_1     : 0.2428283060551942
11/20/2021 11:05:34 - INFO - modules.trainer -   	val_BLEU_2     : 0.14680725316081852
11/20/2021 11:05:34 - INFO - modules.trainer -   	val_BLEU_3     : 0.10341471403257022
11/20/2021 11:05:34 - INFO - modules.trainer -   	val_BLEU_4     : 0.07789391899271322
11/20/2021 11:05:34 - INFO - modules.trainer -   	val_METEOR     : 0.11331174746482121
11/20/2021 11:05:34 - INFO - modules.trainer -   	val_ROUGE_L    : 0.2996595067330052
11/20/2021 11:05:34 - INFO - modules.trainer -   	test_BLEU_1    : 0.2856112347811938
11/20/2021 11:05:34 - INFO - modules.trainer -   	test_BLEU_2    : 0.17510408357016008
11/20/2021 11:05:34 - INFO - modules.trainer -   	test_BLEU_3    : 0.12469004545728941
11/20/2021 11:05:34 - INFO - modules.trainer -   	test_BLEU_4    : 0.09408639980637805
11/20/2021 11:05:34 - INFO - modules.trainer -   	test_METEOR    : 0.13045678877705336
11/20/2021 11:05:34 - INFO - modules.trainer -   	test_ROUGE_L   : 0.3174292928567757
11/20/2021 11:05:40 - INFO - modules.trainer -   Saving checkpoint: results/iu_xray/current_checkpoint.pth ...
11/20/2021 11:05:40 - INFO - modules.trainer -   [22/30] Start to train in the training set.
best performance in epoch:  19
/mnt/Data3/wangjun/anaconda3/envs/torch16/lib/python3.7/site-packages/torch/nn/parallel/_functions.py:61: UserWarning: Was asked to gather along dimension 0, but all input tensors were scalars; will instead unsqueeze and return a vector.
  warnings.warn('Was asked to gather along dimension 0, but all '
11/20/2021 11:05:41 - INFO - modules.trainer -   [22/30] Step: 0/64, CE Loss: 0.46802, CON Loss: 0.06481.
11/20/2021 11:06:42 - INFO - modules.trainer -   [22/30] Step: 50/64, CE Loss: 0.51419, CON Loss: 0.06301.
11/20/2021 11:06:58 - INFO - modules.trainer -   [22/30] Start to evaluate in the validation set.
11/20/2021 11:07:12 - INFO - modules.trainer -   [22/30] Start to evaluate in the test set.
11/20/2021 11:07:35 - INFO - modules.trainer -   	epoch          : 22
11/20/2021 11:07:35 - INFO - modules.trainer -   	ce_loss        : 0.5183323342353106
11/20/2021 11:07:35 - INFO - modules.trainer -   	con            : 0.06256501073949039
11/20/2021 11:07:35 - INFO - modules.trainer -   	val_BLEU_1     : 0.3996122560198406
11/20/2021 11:07:35 - INFO - modules.trainer -   	val_BLEU_2     : 0.25207509566476455
11/20/2021 11:07:35 - INFO - modules.trainer -   	val_BLEU_3     : 0.17277635293903215
11/20/2021 11:07:35 - INFO - modules.trainer -   	val_BLEU_4     : 0.12491002235791203
11/20/2021 11:07:35 - INFO - modules.trainer -   	val_METEOR     : 0.1680585145125329
11/20/2021 11:07:35 - INFO - modules.trainer -   	val_ROUGE_L    : 0.3372420039312832
11/20/2021 11:07:35 - INFO - modules.trainer -   	test_BLEU_1    : 0.4412773820958953
11/20/2021 11:07:35 - INFO - modules.trainer -   	test_BLEU_2    : 0.284740053773269
11/20/2021 11:07:35 - INFO - modules.trainer -   	test_BLEU_3    : 0.20029421709261552
11/20/2021 11:07:35 - INFO - modules.trainer -   	test_BLEU_4    : 0.1485376187780138
11/20/2021 11:07:35 - INFO - modules.trainer -   	test_METEOR    : 0.18606972830085428
11/20/2021 11:07:35 - INFO - modules.trainer -   	test_ROUGE_L   : 0.35600495629579487
11/20/2021 11:07:40 - INFO - modules.trainer -   Saving checkpoint: results/iu_xray/current_checkpoint.pth ...
11/20/2021 11:07:40 - INFO - modules.trainer -   [23/30] Start to train in the training set.
best performance in epoch:  19
/mnt/Data3/wangjun/anaconda3/envs/torch16/lib/python3.7/site-packages/torch/nn/parallel/_functions.py:61: UserWarning: Was asked to gather along dimension 0, but all input tensors were scalars; will instead unsqueeze and return a vector.
  warnings.warn('Was asked to gather along dimension 0, but all '
11/20/2021 11:07:42 - INFO - modules.trainer -   [23/30] Step: 0/64, CE Loss: 0.45894, CON Loss: 0.06034.
11/20/2021 11:08:42 - INFO - modules.trainer -   [23/30] Step: 50/64, CE Loss: 0.49255, CON Loss: 0.05876.
11/20/2021 11:08:58 - INFO - modules.trainer -   [23/30] Start to evaluate in the validation set.
11/20/2021 11:09:13 - INFO - modules.trainer -   [23/30] Start to evaluate in the test set.
11/20/2021 11:09:35 - INFO - modules.trainer -   	epoch          : 23
11/20/2021 11:09:35 - INFO - modules.trainer -   	ce_loss        : 0.5014446317218244
11/20/2021 11:09:35 - INFO - modules.trainer -   	con            : 0.05836517718853429
11/20/2021 11:09:35 - INFO - modules.trainer -   	val_BLEU_1     : 0.2647711834535968
11/20/2021 11:09:35 - INFO - modules.trainer -   	val_BLEU_2     : 0.1618055620451759
11/20/2021 11:09:35 - INFO - modules.trainer -   	val_BLEU_3     : 0.11440980664562612
11/20/2021 11:09:35 - INFO - modules.trainer -   	val_BLEU_4     : 0.08687891313087645
11/20/2021 11:09:35 - INFO - modules.trainer -   	val_METEOR     : 0.12279644308815364
11/20/2021 11:09:35 - INFO - modules.trainer -   	val_ROUGE_L    : 0.30789933285201854
11/20/2021 11:09:35 - INFO - modules.trainer -   	test_BLEU_1    : 0.29943790895415645
11/20/2021 11:09:35 - INFO - modules.trainer -   	test_BLEU_2    : 0.18342496033425543
11/20/2021 11:09:35 - INFO - modules.trainer -   	test_BLEU_3    : 0.12992622668859324
11/20/2021 11:09:35 - INFO - modules.trainer -   	test_BLEU_4    : 0.09747123680263425
11/20/2021 11:09:35 - INFO - modules.trainer -   	test_METEOR    : 0.13533653897968764
11/20/2021 11:09:35 - INFO - modules.trainer -   	test_ROUGE_L   : 0.31917494506335625
11/20/2021 11:09:39 - INFO - modules.trainer -   Saving checkpoint: results/iu_xray/current_checkpoint.pth ...
11/20/2021 11:09:39 - INFO - modules.trainer -   [24/30] Start to train in the training set.
best performance in epoch:  19
/mnt/Data3/wangjun/anaconda3/envs/torch16/lib/python3.7/site-packages/torch/nn/parallel/_functions.py:61: UserWarning: Was asked to gather along dimension 0, but all input tensors were scalars; will instead unsqueeze and return a vector.
  warnings.warn('Was asked to gather along dimension 0, but all '
11/20/2021 11:09:41 - INFO - modules.trainer -   [24/30] Step: 0/64, CE Loss: 0.45806, CON Loss: 0.05639.
11/20/2021 11:10:42 - INFO - modules.trainer -   [24/30] Step: 50/64, CE Loss: 0.46753, CON Loss: 0.05494.
11/20/2021 11:10:57 - INFO - modules.trainer -   [24/30] Start to evaluate in the validation set.
11/20/2021 11:11:12 - INFO - modules.trainer -   [24/30] Start to evaluate in the test set.
11/20/2021 11:11:34 - INFO - modules.trainer -   	epoch          : 24
11/20/2021 11:11:34 - INFO - modules.trainer -   	ce_loss        : 0.47644760785624385
11/20/2021 11:11:34 - INFO - modules.trainer -   	con            : 0.05458191590150818
11/20/2021 11:11:34 - INFO - modules.trainer -   	val_BLEU_1     : 0.34615175339450976
11/20/2021 11:11:34 - INFO - modules.trainer -   	val_BLEU_2     : 0.20726504676296714
11/20/2021 11:11:34 - INFO - modules.trainer -   	val_BLEU_3     : 0.1375855408679511
11/20/2021 11:11:34 - INFO - modules.trainer -   	val_BLEU_4     : 0.0971814841170104
11/20/2021 11:11:34 - INFO - modules.trainer -   	val_METEOR     : 0.14218469533079395
11/20/2021 11:11:34 - INFO - modules.trainer -   	val_ROUGE_L    : 0.29670466594846207
11/20/2021 11:11:34 - INFO - modules.trainer -   	test_BLEU_1    : 0.40152814392222885
11/20/2021 11:11:34 - INFO - modules.trainer -   	test_BLEU_2    : 0.251595776496558
11/20/2021 11:11:34 - INFO - modules.trainer -   	test_BLEU_3    : 0.17618483236737945
11/20/2021 11:11:34 - INFO - modules.trainer -   	test_BLEU_4    : 0.13186913789840957
11/20/2021 11:11:34 - INFO - modules.trainer -   	test_METEOR    : 0.16680866935064384
11/20/2021 11:11:34 - INFO - modules.trainer -   	test_ROUGE_L   : 0.33642189488064517
11/20/2021 11:11:38 - INFO - modules.trainer -   Saving checkpoint: results/iu_xray/current_checkpoint.pth ...
11/20/2021 11:11:38 - INFO - modules.trainer -   [25/30] Start to train in the training set.
best performance in epoch:  19
/mnt/Data3/wangjun/anaconda3/envs/torch16/lib/python3.7/site-packages/torch/nn/parallel/_functions.py:61: UserWarning: Was asked to gather along dimension 0, but all input tensors were scalars; will instead unsqueeze and return a vector.
  warnings.warn('Was asked to gather along dimension 0, but all '
11/20/2021 11:11:40 - INFO - modules.trainer -   [25/30] Step: 0/64, CE Loss: 0.43560, CON Loss: 0.05280.
11/20/2021 11:12:41 - INFO - modules.trainer -   [25/30] Step: 50/64, CE Loss: 0.46211, CON Loss: 0.05152.
11/20/2021 11:12:56 - INFO - modules.trainer -   [25/30] Start to evaluate in the validation set.
11/20/2021 11:13:11 - INFO - modules.trainer -   [25/30] Start to evaluate in the test set.
11/20/2021 11:13:34 - INFO - modules.trainer -   	epoch          : 25
11/20/2021 11:13:34 - INFO - modules.trainer -   	ce_loss        : 0.4686892726458609
11/20/2021 11:13:34 - INFO - modules.trainer -   	con            : 0.05119465937605128
11/20/2021 11:13:34 - INFO - modules.trainer -   	val_BLEU_1     : 0.2520130396086357
11/20/2021 11:13:34 - INFO - modules.trainer -   	val_BLEU_2     : 0.1507086110397259
11/20/2021 11:13:34 - INFO - modules.trainer -   	val_BLEU_3     : 0.10426632225169213
11/20/2021 11:13:34 - INFO - modules.trainer -   	val_BLEU_4     : 0.07803015324772576
11/20/2021 11:13:34 - INFO - modules.trainer -   	val_METEOR     : 0.11786734350628757
11/20/2021 11:13:34 - INFO - modules.trainer -   	val_ROUGE_L    : 0.30007832743597707
11/20/2021 11:13:34 - INFO - modules.trainer -   	test_BLEU_1    : 0.2930306034936481
11/20/2021 11:13:34 - INFO - modules.trainer -   	test_BLEU_2    : 0.17996820541772326
11/20/2021 11:13:34 - INFO - modules.trainer -   	test_BLEU_3    : 0.1276417085046016
11/20/2021 11:13:34 - INFO - modules.trainer -   	test_BLEU_4    : 0.09604851176408848
11/20/2021 11:13:34 - INFO - modules.trainer -   	test_METEOR    : 0.13553352600985605
11/20/2021 11:13:34 - INFO - modules.trainer -   	test_ROUGE_L   : 0.3165094971762247
11/20/2021 11:13:39 - INFO - modules.trainer -   Saving checkpoint: results/iu_xray/current_checkpoint.pth ...
11/20/2021 11:13:39 - INFO - modules.trainer -   [26/30] Start to train in the training set.
best performance in epoch:  19
/mnt/Data3/wangjun/anaconda3/envs/torch16/lib/python3.7/site-packages/torch/nn/parallel/_functions.py:61: UserWarning: Was asked to gather along dimension 0, but all input tensors were scalars; will instead unsqueeze and return a vector.
  warnings.warn('Was asked to gather along dimension 0, but all '
11/20/2021 11:13:41 - INFO - modules.trainer -   [26/30] Step: 0/64, CE Loss: 0.40229, CON Loss: 0.04959.
11/20/2021 11:14:42 - INFO - modules.trainer -   [26/30] Step: 50/64, CE Loss: 0.44931, CON Loss: 0.04843.
11/20/2021 11:14:58 - INFO - modules.trainer -   [26/30] Start to evaluate in the validation set.
11/20/2021 11:15:13 - INFO - modules.trainer -   [26/30] Start to evaluate in the test set.
11/20/2021 11:15:35 - INFO - modules.trainer -   	epoch          : 26
11/20/2021 11:15:35 - INFO - modules.trainer -   	ce_loss        : 0.4586158962920308
11/20/2021 11:15:35 - INFO - modules.trainer -   	con            : 0.04813138005556539
11/20/2021 11:15:35 - INFO - modules.trainer -   	val_BLEU_1     : 0.42599592307420825
11/20/2021 11:15:35 - INFO - modules.trainer -   	val_BLEU_2     : 0.24065452179225116
11/20/2021 11:15:35 - INFO - modules.trainer -   	val_BLEU_3     : 0.1564219109981129
11/20/2021 11:15:35 - INFO - modules.trainer -   	val_BLEU_4     : 0.10950551511316975
11/20/2021 11:15:35 - INFO - modules.trainer -   	val_METEOR     : 0.15895896576834273
11/20/2021 11:15:35 - INFO - modules.trainer -   	val_ROUGE_L    : 0.3156501831005116
11/20/2021 11:15:35 - INFO - modules.trainer -   	test_BLEU_1    : 0.43926306855057967
11/20/2021 11:15:35 - INFO - modules.trainer -   	test_BLEU_2    : 0.266966169496364
11/20/2021 11:15:35 - INFO - modules.trainer -   	test_BLEU_3    : 0.18741642051988475
11/20/2021 11:15:35 - INFO - modules.trainer -   	test_BLEU_4    : 0.1409258985536443
11/20/2021 11:15:35 - INFO - modules.trainer -   	test_METEOR    : 0.18054741577190137
11/20/2021 11:15:35 - INFO - modules.trainer -   	test_ROUGE_L   : 0.3447414945865427
11/20/2021 11:15:38 - INFO - modules.trainer -   Saving checkpoint: results/iu_xray/current_checkpoint.pth ...
11/20/2021 11:15:38 - INFO - modules.trainer -   [27/30] Start to train in the training set.
best performance in epoch:  19
/mnt/Data3/wangjun/anaconda3/envs/torch16/lib/python3.7/site-packages/torch/nn/parallel/_functions.py:61: UserWarning: Was asked to gather along dimension 0, but all input tensors were scalars; will instead unsqueeze and return a vector.
  warnings.warn('Was asked to gather along dimension 0, but all '
11/20/2021 11:15:40 - INFO - modules.trainer -   [27/30] Step: 0/64, CE Loss: 0.39780, CON Loss: 0.04667.
11/20/2021 11:16:40 - INFO - modules.trainer -   [27/30] Step: 50/64, CE Loss: 0.43908, CON Loss: 0.04559.
11/20/2021 11:16:56 - INFO - modules.trainer -   [27/30] Start to evaluate in the validation set.
11/20/2021 11:17:11 - INFO - modules.trainer -   [27/30] Start to evaluate in the test set.
11/20/2021 11:17:33 - INFO - modules.trainer -   	epoch          : 27
11/20/2021 11:17:33 - INFO - modules.trainer -   	ce_loss        : 0.4484350197017193
11/20/2021 11:17:33 - INFO - modules.trainer -   	con            : 0.045311902940738946
11/20/2021 11:17:33 - INFO - modules.trainer -   	val_BLEU_1     : 0.242881788708172
11/20/2021 11:17:33 - INFO - modules.trainer -   	val_BLEU_2     : 0.14417529591264935
11/20/2021 11:17:33 - INFO - modules.trainer -   	val_BLEU_3     : 0.09956329754568831
11/20/2021 11:17:33 - INFO - modules.trainer -   	val_BLEU_4     : 0.07455034775971477
11/20/2021 11:17:33 - INFO - modules.trainer -   	val_METEOR     : 0.11314167032717014
11/20/2021 11:17:33 - INFO - modules.trainer -   	val_ROUGE_L    : 0.297226265839034
11/20/2021 11:17:33 - INFO - modules.trainer -   	test_BLEU_1    : 0.2835529040739364
11/20/2021 11:17:33 - INFO - modules.trainer -   	test_BLEU_2    : 0.17430695723902542
11/20/2021 11:17:33 - INFO - modules.trainer -   	test_BLEU_3    : 0.12457623073523598
11/20/2021 11:17:33 - INFO - modules.trainer -   	test_BLEU_4    : 0.09470721730069535
11/20/2021 11:17:33 - INFO - modules.trainer -   	test_METEOR    : 0.12992039815201403
11/20/2021 11:17:33 - INFO - modules.trainer -   	test_ROUGE_L   : 0.31635193333393513
11/20/2021 11:17:36 - INFO - modules.trainer -   Saving checkpoint: results/iu_xray/current_checkpoint.pth ...
11/20/2021 11:17:36 - INFO - modules.trainer -   [28/30] Start to train in the training set.
best performance in epoch:  19
/mnt/Data3/wangjun/anaconda3/envs/torch16/lib/python3.7/site-packages/torch/nn/parallel/_functions.py:61: UserWarning: Was asked to gather along dimension 0, but all input tensors were scalars; will instead unsqueeze and return a vector.
  warnings.warn('Was asked to gather along dimension 0, but all '
11/20/2021 11:17:38 - INFO - modules.trainer -   [28/30] Step: 0/64, CE Loss: 0.42138, CON Loss: 0.04395.
11/20/2021 11:18:38 - INFO - modules.trainer -   [28/30] Step: 50/64, CE Loss: 0.43182, CON Loss: 0.04294.
11/20/2021 11:18:54 - INFO - modules.trainer -   [28/30] Start to evaluate in the validation set.
11/20/2021 11:19:08 - INFO - modules.trainer -   [28/30] Start to evaluate in the test set.
11/20/2021 11:19:30 - INFO - modules.trainer -   	epoch          : 28
11/20/2021 11:19:30 - INFO - modules.trainer -   	ce_loss        : 0.43872897839173675
11/20/2021 11:19:30 - INFO - modules.trainer -   	con            : 0.04268627328565344
11/20/2021 11:19:30 - INFO - modules.trainer -   	val_BLEU_1     : 0.2246295200027069
11/20/2021 11:19:30 - INFO - modules.trainer -   	val_BLEU_2     : 0.13352396912894832
11/20/2021 11:19:30 - INFO - modules.trainer -   	val_BLEU_3     : 0.09257913437502252
11/20/2021 11:19:30 - INFO - modules.trainer -   	val_BLEU_4     : 0.06940263819259397
11/20/2021 11:19:30 - INFO - modules.trainer -   	val_METEOR     : 0.11078475345191358
11/20/2021 11:19:30 - INFO - modules.trainer -   	val_ROUGE_L    : 0.2949918663719987
11/20/2021 11:19:30 - INFO - modules.trainer -   	test_BLEU_1    : 0.272489114824958
11/20/2021 11:19:30 - INFO - modules.trainer -   	test_BLEU_2    : 0.16731317868546094
11/20/2021 11:19:30 - INFO - modules.trainer -   	test_BLEU_3    : 0.11962612130284826
11/20/2021 11:19:30 - INFO - modules.trainer -   	test_BLEU_4    : 0.09093839647610609
11/20/2021 11:19:30 - INFO - modules.trainer -   	test_METEOR    : 0.12757677566756448
11/20/2021 11:19:30 - INFO - modules.trainer -   	test_ROUGE_L   : 0.31587573396545654
11/20/2021 11:19:34 - INFO - modules.trainer -   Saving checkpoint: results/iu_xray/current_checkpoint.pth ...
11/20/2021 11:19:34 - INFO - modules.trainer -   [29/30] Start to train in the training set.
best performance in epoch:  19
/mnt/Data3/wangjun/anaconda3/envs/torch16/lib/python3.7/site-packages/torch/nn/parallel/_functions.py:61: UserWarning: Was asked to gather along dimension 0, but all input tensors were scalars; will instead unsqueeze and return a vector.
  warnings.warn('Was asked to gather along dimension 0, but all '
11/20/2021 11:19:36 - INFO - modules.trainer -   [29/30] Step: 0/64, CE Loss: 0.38223, CON Loss: 0.04141.
11/20/2021 11:20:36 - INFO - modules.trainer -   [29/30] Step: 50/64, CE Loss: 0.42104, CON Loss: 0.04049.
11/20/2021 11:20:52 - INFO - modules.trainer -   [29/30] Start to evaluate in the validation set.
11/20/2021 11:21:07 - INFO - modules.trainer -   [29/30] Start to evaluate in the test set.
11/20/2021 11:21:29 - INFO - modules.trainer -   	epoch          : 29
11/20/2021 11:21:29 - INFO - modules.trainer -   	ce_loss        : 0.42706650169566274
11/20/2021 11:21:29 - INFO - modules.trainer -   	con            : 0.040248307632282376
11/20/2021 11:21:29 - INFO - modules.trainer -   	val_BLEU_1     : 0.27741319145754906
11/20/2021 11:21:29 - INFO - modules.trainer -   	val_BLEU_2     : 0.16837409752166516
11/20/2021 11:21:29 - INFO - modules.trainer -   	val_BLEU_3     : 0.11759343379488961
11/20/2021 11:21:29 - INFO - modules.trainer -   	val_BLEU_4     : 0.08790182018394001
11/20/2021 11:21:29 - INFO - modules.trainer -   	val_METEOR     : 0.12495402046692122
11/20/2021 11:21:29 - INFO - modules.trainer -   	val_ROUGE_L    : 0.3042059316963122
11/20/2021 11:21:29 - INFO - modules.trainer -   	test_BLEU_1    : 0.31104683298399266
11/20/2021 11:21:29 - INFO - modules.trainer -   	test_BLEU_2    : 0.19026870341426946
11/20/2021 11:21:29 - INFO - modules.trainer -   	test_BLEU_3    : 0.13509748684620632
11/20/2021 11:21:29 - INFO - modules.trainer -   	test_BLEU_4    : 0.10160054306317044
11/20/2021 11:21:29 - INFO - modules.trainer -   	test_METEOR    : 0.1383487576411201
11/20/2021 11:21:29 - INFO - modules.trainer -   	test_ROUGE_L   : 0.3194743446399111
11/20/2021 11:21:33 - INFO - modules.trainer -   Saving checkpoint: results/iu_xray/current_checkpoint.pth ...
11/20/2021 11:21:33 - INFO - modules.trainer -   [30/30] Start to train in the training set.
best performance in epoch:  19
/mnt/Data3/wangjun/anaconda3/envs/torch16/lib/python3.7/site-packages/torch/nn/parallel/_functions.py:61: UserWarning: Was asked to gather along dimension 0, but all input tensors were scalars; will instead unsqueeze and return a vector.
  warnings.warn('Was asked to gather along dimension 0, but all '
11/20/2021 11:21:35 - INFO - modules.trainer -   [30/30] Step: 0/64, CE Loss: 0.37671, CON Loss: 0.03906.
11/20/2021 11:22:35 - INFO - modules.trainer -   [30/30] Step: 50/64, CE Loss: 0.41482, CON Loss: 0.03819.
11/20/2021 11:22:50 - INFO - modules.trainer -   [30/30] Start to evaluate in the validation set.
11/20/2021 11:23:05 - INFO - modules.trainer -   [30/30] Start to evaluate in the test set.
11/20/2021 11:23:27 - INFO - modules.trainer -   	epoch          : 30
11/20/2021 11:23:27 - INFO - modules.trainer -   	ce_loss        : 0.4199589565396309
11/20/2021 11:23:27 - INFO - modules.trainer -   	con            : 0.037969619676005095
11/20/2021 11:23:27 - INFO - modules.trainer -   	val_BLEU_1     : 0.30105859665267387
11/20/2021 11:23:27 - INFO - modules.trainer -   	val_BLEU_2     : 0.17761163175264955
11/20/2021 11:23:27 - INFO - modules.trainer -   	val_BLEU_3     : 0.12034455867872797
11/20/2021 11:23:27 - INFO - modules.trainer -   	val_BLEU_4     : 0.08836059214708986
11/20/2021 11:23:27 - INFO - modules.trainer -   	val_METEOR     : 0.1293494983724712
11/20/2021 11:23:27 - INFO - modules.trainer -   	val_ROUGE_L    : 0.30408684109635503
11/20/2021 11:23:27 - INFO - modules.trainer -   	test_BLEU_1    : 0.3390699649335974
11/20/2021 11:23:27 - INFO - modules.trainer -   	test_BLEU_2    : 0.2031955841211588
11/20/2021 11:23:27 - INFO - modules.trainer -   	test_BLEU_3    : 0.1425164773217498
11/20/2021 11:23:27 - INFO - modules.trainer -   	test_BLEU_4    : 0.10650705556888324
11/20/2021 11:23:27 - INFO - modules.trainer -   	test_METEOR    : 0.14459472192107056
11/20/2021 11:23:27 - INFO - modules.trainer -   	test_ROUGE_L   : 0.3223915510104083
11/20/2021 11:23:31 - INFO - modules.trainer -   Saving checkpoint: results/iu_xray/current_checkpoint.pth ...
best performance in epoch:  19
