nohup: ignoring input
11/20/2021 17:04:01 - INFO - modules.trainer -   [1/30] Start to train in the training set.
[W TensorIterator.cpp:918] Warning: Mixed memory format inputs detected while calling the operator. The operator will output contiguous tensor even if some of the inputs are in channels_last format. (function operator())
/mnt/Data3/wangjun/anaconda3/envs/torch16/lib/python3.7/site-packages/torch/nn/parallel/_functions.py:61: UserWarning: Was asked to gather along dimension 0, but all input tensors were scalars; will instead unsqueeze and return a vector.
  warnings.warn('Was asked to gather along dimension 0, but all '
11/20/2021 17:04:05 - INFO - modules.trainer -   [1/30] Step: 0/64, CE Loss: 6.82308, CON Loss: 0.37640.
11/20/2021 17:05:05 - INFO - modules.trainer -   [1/30] Step: 50/64, CE Loss: 4.58961, CON Loss: 0.36978.
11/20/2021 17:05:20 - INFO - modules.trainer -   [1/30] Start to evaluate in the validation set.
11/20/2021 17:05:35 - INFO - modules.trainer -   [1/30] Start to evaluate in the test set.
11/20/2021 17:05:56 - INFO - modules.trainer -   	epoch          : 1
11/20/2021 17:05:56 - INFO - modules.trainer -   	ce_loss        : 4.326730076223612
11/20/2021 17:05:56 - INFO - modules.trainer -   	con            : 0.368665415327996
11/20/2021 17:05:56 - INFO - modules.trainer -   	val_BLEU_1     : 0.010614838661442777
11/20/2021 17:05:56 - INFO - modules.trainer -   	val_BLEU_2     : 0.006538810770087494
11/20/2021 17:05:56 - INFO - modules.trainer -   	val_BLEU_3     : 0.004101883001579778
11/20/2021 17:05:56 - INFO - modules.trainer -   	val_BLEU_4     : 0.002304881504482211
11/20/2021 17:05:56 - INFO - modules.trainer -   	val_METEOR     : 0.0605209723027561
11/20/2021 17:05:56 - INFO - modules.trainer -   	val_ROUGE_L    : 0.18782951039498386
11/20/2021 17:05:56 - INFO - modules.trainer -   	test_BLEU_1    : 0.017156347955042988
11/20/2021 17:05:56 - INFO - modules.trainer -   	test_BLEU_2    : 0.010824493680382363
11/20/2021 17:05:56 - INFO - modules.trainer -   	test_BLEU_3    : 0.006864302587856797
11/20/2021 17:05:56 - INFO - modules.trainer -   	test_BLEU_4    : 0.003817815912335319
11/20/2021 17:05:56 - INFO - modules.trainer -   	test_METEOR    : 0.0680116387255332
11/20/2021 17:05:56 - INFO - modules.trainer -   	test_ROUGE_L   : 0.209328369346842
11/20/2021 17:06:00 - INFO - modules.trainer -   Saving checkpoint: results/iu_xray/current_checkpoint.pth ...
11/20/2021 17:06:05 - INFO - modules.trainer -   Saving current best: model_best.pth ...
11/20/2021 17:06:05 - INFO - modules.trainer -   [2/30] Start to train in the training set.
best performance in epoch:  1
/mnt/Data3/wangjun/anaconda3/envs/torch16/lib/python3.7/site-packages/torch/nn/parallel/_functions.py:61: UserWarning: Was asked to gather along dimension 0, but all input tensors were scalars; will instead unsqueeze and return a vector.
  warnings.warn('Was asked to gather along dimension 0, but all '
11/20/2021 17:06:06 - INFO - modules.trainer -   [2/30] Step: 0/64, CE Loss: 2.94213, CON Loss: 0.36294.
11/20/2021 17:07:06 - INFO - modules.trainer -   [2/30] Step: 50/64, CE Loss: 2.77603, CON Loss: 0.35752.
11/20/2021 17:07:21 - INFO - modules.trainer -   [2/30] Start to evaluate in the validation set.
11/20/2021 17:07:36 - INFO - modules.trainer -   [2/30] Start to evaluate in the test set.
11/20/2021 17:07:58 - INFO - modules.trainer -   	epoch          : 2
11/20/2021 17:07:58 - INFO - modules.trainer -   	ce_loss        : 2.7145304903388023
11/20/2021 17:07:58 - INFO - modules.trainer -   	con            : 0.35591087490320206
11/20/2021 17:07:58 - INFO - modules.trainer -   	val_BLEU_1     : 0.16981390898098436
11/20/2021 17:07:58 - INFO - modules.trainer -   	val_BLEU_2     : 0.1177157201296573
11/20/2021 17:07:58 - INFO - modules.trainer -   	val_BLEU_3     : 0.08694935904269198
11/20/2021 17:07:58 - INFO - modules.trainer -   	val_BLEU_4     : 0.06636752359386697
11/20/2021 17:07:58 - INFO - modules.trainer -   	val_METEOR     : 0.11451341657258729
11/20/2021 17:07:58 - INFO - modules.trainer -   	val_ROUGE_L    : 0.29168423852655706
11/20/2021 17:07:58 - INFO - modules.trainer -   	test_BLEU_1    : 0.20959373517244556
11/20/2021 17:07:58 - INFO - modules.trainer -   	test_BLEU_2    : 0.14946976620907673
11/20/2021 17:07:58 - INFO - modules.trainer -   	test_BLEU_3    : 0.11317199384420554
11/20/2021 17:07:58 - INFO - modules.trainer -   	test_BLEU_4    : 0.08803337639055436
11/20/2021 17:07:58 - INFO - modules.trainer -   	test_METEOR    : 0.13177119105038348
11/20/2021 17:07:58 - INFO - modules.trainer -   	test_ROUGE_L   : 0.31945993236573467
11/20/2021 17:08:01 - INFO - modules.trainer -   Saving checkpoint: results/iu_xray/current_checkpoint.pth ...
11/20/2021 17:08:04 - INFO - modules.trainer -   Saving current best: model_best.pth ...
11/20/2021 17:08:04 - INFO - modules.trainer -   [3/30] Start to train in the training set.
best performance in epoch:  2
/mnt/Data3/wangjun/anaconda3/envs/torch16/lib/python3.7/site-packages/torch/nn/parallel/_functions.py:61: UserWarning: Was asked to gather along dimension 0, but all input tensors were scalars; will instead unsqueeze and return a vector.
  warnings.warn('Was asked to gather along dimension 0, but all '
11/20/2021 17:08:06 - INFO - modules.trainer -   [3/30] Step: 0/64, CE Loss: 2.63769, CON Loss: 0.34762.
11/20/2021 17:09:05 - INFO - modules.trainer -   [3/30] Step: 50/64, CE Loss: 2.24101, CON Loss: 0.33928.
11/20/2021 17:09:21 - INFO - modules.trainer -   [3/30] Start to evaluate in the validation set.
11/20/2021 17:09:35 - INFO - modules.trainer -   [3/30] Start to evaluate in the test set.
11/20/2021 17:09:57 - INFO - modules.trainer -   	epoch          : 3
11/20/2021 17:09:57 - INFO - modules.trainer -   	ce_loss        : 2.204409509897232
11/20/2021 17:09:57 - INFO - modules.trainer -   	con            : 0.3367470824159682
11/20/2021 17:09:57 - INFO - modules.trainer -   	val_BLEU_1     : 0.1988625889127359
11/20/2021 17:09:57 - INFO - modules.trainer -   	val_BLEU_2     : 0.1180353903908086
11/20/2021 17:09:57 - INFO - modules.trainer -   	val_BLEU_3     : 0.0835544869652126
11/20/2021 17:09:57 - INFO - modules.trainer -   	val_BLEU_4     : 0.06400886298630389
11/20/2021 17:09:57 - INFO - modules.trainer -   	val_METEOR     : 0.1034722429799017
11/20/2021 17:09:57 - INFO - modules.trainer -   	val_ROUGE_L    : 0.29474007494202537
11/20/2021 17:09:57 - INFO - modules.trainer -   	test_BLEU_1    : 0.2414891728040812
11/20/2021 17:09:57 - INFO - modules.trainer -   	test_BLEU_2    : 0.14657508017251872
11/20/2021 17:09:57 - INFO - modules.trainer -   	test_BLEU_3    : 0.10545486468993152
11/20/2021 17:09:57 - INFO - modules.trainer -   	test_BLEU_4    : 0.08101704657824713
11/20/2021 17:09:57 - INFO - modules.trainer -   	test_METEOR    : 0.11945841070409312
11/20/2021 17:09:57 - INFO - modules.trainer -   	test_ROUGE_L   : 0.3121804906222145
11/20/2021 17:10:00 - INFO - modules.trainer -   Saving checkpoint: results/iu_xray/current_checkpoint.pth ...
11/20/2021 17:10:00 - INFO - modules.trainer -   [4/30] Start to train in the training set.
best performance in epoch:  2
/mnt/Data3/wangjun/anaconda3/envs/torch16/lib/python3.7/site-packages/torch/nn/parallel/_functions.py:61: UserWarning: Was asked to gather along dimension 0, but all input tensors were scalars; will instead unsqueeze and return a vector.
  warnings.warn('Was asked to gather along dimension 0, but all '
11/20/2021 17:10:02 - INFO - modules.trainer -   [4/30] Step: 0/64, CE Loss: 2.04408, CON Loss: 0.32366.
11/20/2021 17:11:02 - INFO - modules.trainer -   [4/30] Step: 50/64, CE Loss: 1.96725, CON Loss: 0.31064.
11/20/2021 17:11:18 - INFO - modules.trainer -   [4/30] Start to evaluate in the validation set.
11/20/2021 17:11:32 - INFO - modules.trainer -   [4/30] Start to evaluate in the test set.
11/20/2021 17:11:53 - INFO - modules.trainer -   	epoch          : 4
11/20/2021 17:11:53 - INFO - modules.trainer -   	ce_loss        : 1.964032419025898
11/20/2021 17:11:53 - INFO - modules.trainer -   	con            : 0.30678724916651845
11/20/2021 17:11:53 - INFO - modules.trainer -   	val_BLEU_1     : 0.1988625889127359
11/20/2021 17:11:53 - INFO - modules.trainer -   	val_BLEU_2     : 0.1180353903908086
11/20/2021 17:11:53 - INFO - modules.trainer -   	val_BLEU_3     : 0.0835544869652126
11/20/2021 17:11:53 - INFO - modules.trainer -   	val_BLEU_4     : 0.06400886298630389
11/20/2021 17:11:53 - INFO - modules.trainer -   	val_METEOR     : 0.1034722429799017
11/20/2021 17:11:53 - INFO - modules.trainer -   	val_ROUGE_L    : 0.29474007494202537
11/20/2021 17:11:53 - INFO - modules.trainer -   	test_BLEU_1    : 0.2414891728040812
11/20/2021 17:11:53 - INFO - modules.trainer -   	test_BLEU_2    : 0.14657508017251872
11/20/2021 17:11:53 - INFO - modules.trainer -   	test_BLEU_3    : 0.10545486468993152
11/20/2021 17:11:53 - INFO - modules.trainer -   	test_BLEU_4    : 0.08101704657824713
11/20/2021 17:11:53 - INFO - modules.trainer -   	test_METEOR    : 0.11945841070409312
11/20/2021 17:11:53 - INFO - modules.trainer -   	test_ROUGE_L   : 0.3121804906222145
11/20/2021 17:11:58 - INFO - modules.trainer -   Saving checkpoint: results/iu_xray/current_checkpoint.pth ...
11/20/2021 17:11:58 - INFO - modules.trainer -   [5/30] Start to train in the training set.
best performance in epoch:  2
/mnt/Data3/wangjun/anaconda3/envs/torch16/lib/python3.7/site-packages/torch/nn/parallel/_functions.py:61: UserWarning: Was asked to gather along dimension 0, but all input tensors were scalars; will instead unsqueeze and return a vector.
  warnings.warn('Was asked to gather along dimension 0, but all '
11/20/2021 17:11:59 - INFO - modules.trainer -   [5/30] Step: 0/64, CE Loss: 1.95671, CON Loss: 0.28701.
11/20/2021 17:12:59 - INFO - modules.trainer -   [5/30] Step: 50/64, CE Loss: 1.78405, CON Loss: 0.26856.
11/20/2021 17:13:14 - INFO - modules.trainer -   [5/30] Start to evaluate in the validation set.
11/20/2021 17:13:28 - INFO - modules.trainer -   [5/30] Start to evaluate in the test set.
11/20/2021 17:13:50 - INFO - modules.trainer -   	epoch          : 5
11/20/2021 17:13:50 - INFO - modules.trainer -   	ce_loss        : 1.7924618497490883
11/20/2021 17:13:50 - INFO - modules.trainer -   	con            : 0.2633378519676626
11/20/2021 17:13:50 - INFO - modules.trainer -   	val_BLEU_1     : 0.1995518124456873
11/20/2021 17:13:50 - INFO - modules.trainer -   	val_BLEU_2     : 0.11847530050221786
11/20/2021 17:13:50 - INFO - modules.trainer -   	val_BLEU_3     : 0.08383774797278784
11/20/2021 17:13:50 - INFO - modules.trainer -   	val_BLEU_4     : 0.06421122498865012
11/20/2021 17:13:50 - INFO - modules.trainer -   	val_METEOR     : 0.10352455659602947
11/20/2021 17:13:50 - INFO - modules.trainer -   	val_ROUGE_L    : 0.2948279391220106
11/20/2021 17:13:50 - INFO - modules.trainer -   	test_BLEU_1    : 0.2419065716503954
11/20/2021 17:13:50 - INFO - modules.trainer -   	test_BLEU_2    : 0.14680748816093075
11/20/2021 17:13:50 - INFO - modules.trainer -   	test_BLEU_3    : 0.10561258564178586
11/20/2021 17:13:50 - INFO - modules.trainer -   	test_BLEU_4    : 0.08113163308712833
11/20/2021 17:13:50 - INFO - modules.trainer -   	test_METEOR    : 0.1194360879578408
11/20/2021 17:13:50 - INFO - modules.trainer -   	test_ROUGE_L   : 0.3121507794217168
11/20/2021 17:13:54 - INFO - modules.trainer -   Saving checkpoint: results/iu_xray/current_checkpoint.pth ...
11/20/2021 17:13:54 - INFO - modules.trainer -   [6/30] Start to train in the training set.
best performance in epoch:  2
/mnt/Data3/wangjun/anaconda3/envs/torch16/lib/python3.7/site-packages/torch/nn/parallel/_functions.py:61: UserWarning: Was asked to gather along dimension 0, but all input tensors were scalars; will instead unsqueeze and return a vector.
  warnings.warn('Was asked to gather along dimension 0, but all '
11/20/2021 17:13:56 - INFO - modules.trainer -   [6/30] Step: 0/64, CE Loss: 1.80688, CON Loss: 0.23682.
11/20/2021 17:14:55 - INFO - modules.trainer -   [6/30] Step: 50/64, CE Loss: 1.64332, CON Loss: 0.21410.
11/20/2021 17:15:11 - INFO - modules.trainer -   [6/30] Start to evaluate in the validation set.
11/20/2021 17:15:26 - INFO - modules.trainer -   [6/30] Start to evaluate in the test set.
11/20/2021 17:15:47 - INFO - modules.trainer -   	epoch          : 6
11/20/2021 17:15:47 - INFO - modules.trainer -   	ce_loss        : 1.660840479657054
11/20/2021 17:15:47 - INFO - modules.trainer -   	con            : 0.2080297591164708
11/20/2021 17:15:47 - INFO - modules.trainer -   	val_BLEU_1     : 0.23485830330994495
11/20/2021 17:15:47 - INFO - modules.trainer -   	val_BLEU_2     : 0.13727630389303602
11/20/2021 17:15:47 - INFO - modules.trainer -   	val_BLEU_3     : 0.0946997992021626
11/20/2021 17:15:47 - INFO - modules.trainer -   	val_BLEU_4     : 0.07056379708028035
11/20/2021 17:15:47 - INFO - modules.trainer -   	val_METEOR     : 0.10947416635097015
11/20/2021 17:15:47 - INFO - modules.trainer -   	val_ROUGE_L    : 0.29299939886838955
11/20/2021 17:15:47 - INFO - modules.trainer -   	test_BLEU_1    : 0.28723167618583323
11/20/2021 17:15:47 - INFO - modules.trainer -   	test_BLEU_2    : 0.17344422135735527
11/20/2021 17:15:47 - INFO - modules.trainer -   	test_BLEU_3    : 0.12261150815925177
11/20/2021 17:15:47 - INFO - modules.trainer -   	test_BLEU_4    : 0.09213520982473014
11/20/2021 17:15:47 - INFO - modules.trainer -   	test_METEOR    : 0.12871023770505174
11/20/2021 17:15:47 - INFO - modules.trainer -   	test_ROUGE_L   : 0.31385521403225897
11/20/2021 17:15:50 - INFO - modules.trainer -   Saving checkpoint: results/iu_xray/current_checkpoint.pth ...
11/20/2021 17:15:53 - INFO - modules.trainer -   Saving current best: model_best.pth ...
11/20/2021 17:15:53 - INFO - modules.trainer -   [7/30] Start to train in the training set.
best performance in epoch:  6
/mnt/Data3/wangjun/anaconda3/envs/torch16/lib/python3.7/site-packages/torch/nn/parallel/_functions.py:61: UserWarning: Was asked to gather along dimension 0, but all input tensors were scalars; will instead unsqueeze and return a vector.
  warnings.warn('Was asked to gather along dimension 0, but all '
11/20/2021 17:15:55 - INFO - modules.trainer -   [7/30] Step: 0/64, CE Loss: 1.53862, CON Loss: 0.17766.
11/20/2021 17:16:54 - INFO - modules.trainer -   [7/30] Step: 50/64, CE Loss: 1.52914, CON Loss: 0.15490.
11/20/2021 17:17:10 - INFO - modules.trainer -   [7/30] Start to evaluate in the validation set.
11/20/2021 17:17:24 - INFO - modules.trainer -   [7/30] Start to evaluate in the test set.
11/20/2021 17:17:45 - INFO - modules.trainer -   	epoch          : 7
11/20/2021 17:17:45 - INFO - modules.trainer -   	ce_loss        : 1.5502079501748085
11/20/2021 17:17:45 - INFO - modules.trainer -   	con            : 0.14932570466771722
11/20/2021 17:17:45 - INFO - modules.trainer -   	val_BLEU_1     : 0.21464922092645458
11/20/2021 17:17:45 - INFO - modules.trainer -   	val_BLEU_2     : 0.12832763741038983
11/20/2021 17:17:45 - INFO - modules.trainer -   	val_BLEU_3     : 0.09059808438749475
11/20/2021 17:17:45 - INFO - modules.trainer -   	val_BLEU_4     : 0.06908628637449692
11/20/2021 17:17:45 - INFO - modules.trainer -   	val_METEOR     : 0.10553943770753466
11/20/2021 17:17:45 - INFO - modules.trainer -   	val_ROUGE_L    : 0.2952180472785772
11/20/2021 17:17:45 - INFO - modules.trainer -   	test_BLEU_1    : 0.2508648488324794
11/20/2021 17:17:45 - INFO - modules.trainer -   	test_BLEU_2    : 0.15298598816322753
11/20/2021 17:17:45 - INFO - modules.trainer -   	test_BLEU_3    : 0.1099084576830708
11/20/2021 17:17:45 - INFO - modules.trainer -   	test_BLEU_4    : 0.08399414341467364
11/20/2021 17:17:45 - INFO - modules.trainer -   	test_METEOR    : 0.12090004980366988
11/20/2021 17:17:45 - INFO - modules.trainer -   	test_ROUGE_L   : 0.3131923185016749
11/20/2021 17:17:48 - INFO - modules.trainer -   Saving checkpoint: results/iu_xray/current_checkpoint.pth ...
11/20/2021 17:17:48 - INFO - modules.trainer -   [8/30] Start to train in the training set.
best performance in epoch:  6
/mnt/Data3/wangjun/anaconda3/envs/torch16/lib/python3.7/site-packages/torch/nn/parallel/_functions.py:61: UserWarning: Was asked to gather along dimension 0, but all input tensors were scalars; will instead unsqueeze and return a vector.
  warnings.warn('Was asked to gather along dimension 0, but all '
11/20/2021 17:17:50 - INFO - modules.trainer -   [8/30] Step: 0/64, CE Loss: 1.32526, CON Loss: 0.12201.
11/20/2021 17:18:49 - INFO - modules.trainer -   [8/30] Step: 50/64, CE Loss: 1.41827, CON Loss: 0.10492.
11/20/2021 17:19:05 - INFO - modules.trainer -   [8/30] Start to evaluate in the validation set.
11/20/2021 17:19:19 - INFO - modules.trainer -   [8/30] Start to evaluate in the test set.
11/20/2021 17:19:41 - INFO - modules.trainer -   	epoch          : 8
11/20/2021 17:19:41 - INFO - modules.trainer -   	ce_loss        : 1.4327984899282455
11/20/2021 17:19:41 - INFO - modules.trainer -   	con            : 0.10110542573966086
11/20/2021 17:19:41 - INFO - modules.trainer -   	val_BLEU_1     : 0.24335072382881723
11/20/2021 17:19:41 - INFO - modules.trainer -   	val_BLEU_2     : 0.14591565342444499
11/20/2021 17:19:41 - INFO - modules.trainer -   	val_BLEU_3     : 0.10230797530540624
11/20/2021 17:19:41 - INFO - modules.trainer -   	val_BLEU_4     : 0.07687863586887242
11/20/2021 17:19:41 - INFO - modules.trainer -   	val_METEOR     : 0.11047806374781934
11/20/2021 17:19:41 - INFO - modules.trainer -   	val_ROUGE_L    : 0.2985780168236095
11/20/2021 17:19:41 - INFO - modules.trainer -   	test_BLEU_1    : 0.28658231608258744
11/20/2021 17:19:41 - INFO - modules.trainer -   	test_BLEU_2    : 0.17722712680839903
11/20/2021 17:19:41 - INFO - modules.trainer -   	test_BLEU_3    : 0.12748292127899677
11/20/2021 17:19:41 - INFO - modules.trainer -   	test_BLEU_4    : 0.09717053060692235
11/20/2021 17:19:41 - INFO - modules.trainer -   	test_METEOR    : 0.1289103992865339
11/20/2021 17:19:41 - INFO - modules.trainer -   	test_ROUGE_L   : 0.31732716277224976
11/20/2021 17:19:45 - INFO - modules.trainer -   Saving checkpoint: results/iu_xray/current_checkpoint.pth ...
11/20/2021 17:19:50 - INFO - modules.trainer -   Saving current best: model_best.pth ...
11/20/2021 17:19:50 - INFO - modules.trainer -   [9/30] Start to train in the training set.
best performance in epoch:  8
/mnt/Data3/wangjun/anaconda3/envs/torch16/lib/python3.7/site-packages/torch/nn/parallel/_functions.py:61: UserWarning: Was asked to gather along dimension 0, but all input tensors were scalars; will instead unsqueeze and return a vector.
  warnings.warn('Was asked to gather along dimension 0, but all '
11/20/2021 17:19:52 - INFO - modules.trainer -   [9/30] Step: 0/64, CE Loss: 1.43256, CON Loss: 0.08271.
11/20/2021 17:20:51 - INFO - modules.trainer -   [9/30] Step: 50/64, CE Loss: 1.33658, CON Loss: 0.07269.
11/20/2021 17:21:07 - INFO - modules.trainer -   [9/30] Start to evaluate in the validation set.
11/20/2021 17:21:21 - INFO - modules.trainer -   [9/30] Start to evaluate in the test set.
11/20/2021 17:21:43 - INFO - modules.trainer -   	epoch          : 9
11/20/2021 17:21:43 - INFO - modules.trainer -   	ce_loss        : 1.343190047889948
11/20/2021 17:21:43 - INFO - modules.trainer -   	con            : 0.07056878675939515
11/20/2021 17:21:43 - INFO - modules.trainer -   	val_BLEU_1     : 0.40916647406749435
11/20/2021 17:21:43 - INFO - modules.trainer -   	val_BLEU_2     : 0.2280955976971828
11/20/2021 17:21:43 - INFO - modules.trainer -   	val_BLEU_3     : 0.148545599834684
11/20/2021 17:21:43 - INFO - modules.trainer -   	val_BLEU_4     : 0.10351229377485212
11/20/2021 17:21:43 - INFO - modules.trainer -   	val_METEOR     : 0.15112576042200188
11/20/2021 17:21:43 - INFO - modules.trainer -   	val_ROUGE_L    : 0.3088873010490249
11/20/2021 17:21:43 - INFO - modules.trainer -   	test_BLEU_1    : 0.4269076305220669
11/20/2021 17:21:43 - INFO - modules.trainer -   	test_BLEU_2    : 0.2587710155254855
11/20/2021 17:21:43 - INFO - modules.trainer -   	test_BLEU_3    : 0.18306724941866642
11/20/2021 17:21:43 - INFO - modules.trainer -   	test_BLEU_4    : 0.1381635632233902
11/20/2021 17:21:43 - INFO - modules.trainer -   	test_METEOR    : 0.1744187106364256
11/20/2021 17:21:43 - INFO - modules.trainer -   	test_ROUGE_L   : 0.34112008783771924
11/20/2021 17:21:46 - INFO - modules.trainer -   Saving checkpoint: results/iu_xray/current_checkpoint.pth ...
11/20/2021 17:21:50 - INFO - modules.trainer -   Saving current best: model_best.pth ...
11/20/2021 17:21:50 - INFO - modules.trainer -   [10/30] Start to train in the training set.
best performance in epoch:  9
/mnt/Data3/wangjun/anaconda3/envs/torch16/lib/python3.7/site-packages/torch/nn/parallel/_functions.py:61: UserWarning: Was asked to gather along dimension 0, but all input tensors were scalars; will instead unsqueeze and return a vector.
  warnings.warn('Was asked to gather along dimension 0, but all '
11/20/2021 17:21:52 - INFO - modules.trainer -   [10/30] Step: 0/64, CE Loss: 1.22898, CON Loss: 0.06040.
11/20/2021 17:22:51 - INFO - modules.trainer -   [10/30] Step: 50/64, CE Loss: 1.24541, CON Loss: 0.05495.
11/20/2021 17:23:06 - INFO - modules.trainer -   [10/30] Start to evaluate in the validation set.
11/20/2021 17:23:21 - INFO - modules.trainer -   [10/30] Start to evaluate in the test set.
11/20/2021 17:23:43 - INFO - modules.trainer -   	epoch          : 10
11/20/2021 17:23:43 - INFO - modules.trainer -   	ce_loss        : 1.2592300437390804
11/20/2021 17:23:43 - INFO - modules.trainer -   	con            : 0.05375423713121563
11/20/2021 17:23:43 - INFO - modules.trainer -   	val_BLEU_1     : 0.25560175467152296
11/20/2021 17:23:43 - INFO - modules.trainer -   	val_BLEU_2     : 0.153185147028613
11/20/2021 17:23:43 - INFO - modules.trainer -   	val_BLEU_3     : 0.10685135937715193
11/20/2021 17:23:43 - INFO - modules.trainer -   	val_BLEU_4     : 0.07980916902304132
11/20/2021 17:23:43 - INFO - modules.trainer -   	val_METEOR     : 0.11668881255467006
11/20/2021 17:23:43 - INFO - modules.trainer -   	val_ROUGE_L    : 0.3015569458698713
11/20/2021 17:23:43 - INFO - modules.trainer -   	test_BLEU_1    : 0.2858031118486455
11/20/2021 17:23:43 - INFO - modules.trainer -   	test_BLEU_2    : 0.174622182758853
11/20/2021 17:23:43 - INFO - modules.trainer -   	test_BLEU_3    : 0.12336690889123736
11/20/2021 17:23:43 - INFO - modules.trainer -   	test_BLEU_4    : 0.09302776981389106
11/20/2021 17:23:43 - INFO - modules.trainer -   	test_METEOR    : 0.13147701114423144
11/20/2021 17:23:43 - INFO - modules.trainer -   	test_ROUGE_L   : 0.31886857092289234
11/20/2021 17:23:46 - INFO - modules.trainer -   Saving checkpoint: results/iu_xray/current_checkpoint.pth ...
11/20/2021 17:23:46 - INFO - modules.trainer -   [11/30] Start to train in the training set.
best performance in epoch:  9
/mnt/Data3/wangjun/anaconda3/envs/torch16/lib/python3.7/site-packages/torch/nn/parallel/_functions.py:61: UserWarning: Was asked to gather along dimension 0, but all input tensors were scalars; will instead unsqueeze and return a vector.
  warnings.warn('Was asked to gather along dimension 0, but all '
11/20/2021 17:23:48 - INFO - modules.trainer -   [11/30] Step: 0/64, CE Loss: 1.12083, CON Loss: 0.04798.
11/20/2021 17:24:49 - INFO - modules.trainer -   [11/30] Step: 50/64, CE Loss: 1.11422, CON Loss: 0.04521.
11/20/2021 17:25:04 - INFO - modules.trainer -   [11/30] Start to evaluate in the validation set.
11/20/2021 17:25:19 - INFO - modules.trainer -   [11/30] Start to evaluate in the test set.
11/20/2021 17:25:40 - INFO - modules.trainer -   	epoch          : 11
11/20/2021 17:25:40 - INFO - modules.trainer -   	ce_loss        : 1.1263822382315993
11/20/2021 17:25:40 - INFO - modules.trainer -   	con            : 0.04455814172979444
11/20/2021 17:25:40 - INFO - modules.trainer -   	val_BLEU_1     : 0.22547381478042108
11/20/2021 17:25:40 - INFO - modules.trainer -   	val_BLEU_2     : 0.13566721794657105
11/20/2021 17:25:40 - INFO - modules.trainer -   	val_BLEU_3     : 0.09543971024125254
11/20/2021 17:25:40 - INFO - modules.trainer -   	val_BLEU_4     : 0.07237055597335425
11/20/2021 17:25:40 - INFO - modules.trainer -   	val_METEOR     : 0.11028746687818936
11/20/2021 17:25:40 - INFO - modules.trainer -   	val_ROUGE_L    : 0.2986906000975051
11/20/2021 17:25:40 - INFO - modules.trainer -   	test_BLEU_1    : 0.26161682423502675
11/20/2021 17:25:40 - INFO - modules.trainer -   	test_BLEU_2    : 0.16031690488136063
11/20/2021 17:25:40 - INFO - modules.trainer -   	test_BLEU_3    : 0.11517559037268366
11/20/2021 17:25:40 - INFO - modules.trainer -   	test_BLEU_4    : 0.08808011844770715
11/20/2021 17:25:40 - INFO - modules.trainer -   	test_METEOR    : 0.12479699152038837
11/20/2021 17:25:40 - INFO - modules.trainer -   	test_ROUGE_L   : 0.3145920877437132
11/20/2021 17:25:44 - INFO - modules.trainer -   Saving checkpoint: results/iu_xray/current_checkpoint.pth ...
11/20/2021 17:25:44 - INFO - modules.trainer -   [12/30] Start to train in the training set.
best performance in epoch:  9
/mnt/Data3/wangjun/anaconda3/envs/torch16/lib/python3.7/site-packages/torch/nn/parallel/_functions.py:61: UserWarning: Was asked to gather along dimension 0, but all input tensors were scalars; will instead unsqueeze and return a vector.
  warnings.warn('Was asked to gather along dimension 0, but all '
11/20/2021 17:25:46 - INFO - modules.trainer -   [12/30] Step: 0/64, CE Loss: 0.84136, CON Loss: 0.04134.
11/20/2021 17:26:44 - INFO - modules.trainer -   [12/30] Step: 50/64, CE Loss: 1.02702, CON Loss: 0.03921.
11/20/2021 17:26:59 - INFO - modules.trainer -   [12/30] Start to evaluate in the validation set.
11/20/2021 17:27:13 - INFO - modules.trainer -   [12/30] Start to evaluate in the test set.
11/20/2021 17:27:35 - INFO - modules.trainer -   	epoch          : 12
11/20/2021 17:27:35 - INFO - modules.trainer -   	ce_loss        : 1.040488419122994
11/20/2021 17:27:35 - INFO - modules.trainer -   	con            : 0.03870419500162825
11/20/2021 17:27:35 - INFO - modules.trainer -   	val_BLEU_1     : 0.2540810301474314
11/20/2021 17:27:35 - INFO - modules.trainer -   	val_BLEU_2     : 0.15421379941588756
11/20/2021 17:27:35 - INFO - modules.trainer -   	val_BLEU_3     : 0.10769549449134407
11/20/2021 17:27:35 - INFO - modules.trainer -   	val_BLEU_4     : 0.07994151245776965
11/20/2021 17:27:35 - INFO - modules.trainer -   	val_METEOR     : 0.11585083140307746
11/20/2021 17:27:35 - INFO - modules.trainer -   	val_ROUGE_L    : 0.29803065129940415
11/20/2021 17:27:35 - INFO - modules.trainer -   	test_BLEU_1    : 0.2878242798676786
11/20/2021 17:27:35 - INFO - modules.trainer -   	test_BLEU_2    : 0.1784633617696121
11/20/2021 17:27:35 - INFO - modules.trainer -   	test_BLEU_3    : 0.12848557541535355
11/20/2021 17:27:35 - INFO - modules.trainer -   	test_BLEU_4    : 0.09770277080863778
11/20/2021 17:27:35 - INFO - modules.trainer -   	test_METEOR    : 0.1306585072842324
11/20/2021 17:27:35 - INFO - modules.trainer -   	test_ROUGE_L   : 0.31689224485220996
11/20/2021 17:27:40 - INFO - modules.trainer -   Saving checkpoint: results/iu_xray/current_checkpoint.pth ...
11/20/2021 17:27:40 - INFO - modules.trainer -   [13/30] Start to train in the training set.
best performance in epoch:  9
/mnt/Data3/wangjun/anaconda3/envs/torch16/lib/python3.7/site-packages/torch/nn/parallel/_functions.py:61: UserWarning: Was asked to gather along dimension 0, but all input tensors were scalars; will instead unsqueeze and return a vector.
  warnings.warn('Was asked to gather along dimension 0, but all '
11/20/2021 17:27:42 - INFO - modules.trainer -   [13/30] Step: 0/64, CE Loss: 0.80019, CON Loss: 0.03621.
11/20/2021 17:28:42 - INFO - modules.trainer -   [13/30] Step: 50/64, CE Loss: 0.95131, CON Loss: 0.03452.
11/20/2021 17:28:57 - INFO - modules.trainer -   [13/30] Start to evaluate in the validation set.
11/20/2021 17:29:11 - INFO - modules.trainer -   [13/30] Start to evaluate in the test set.
11/20/2021 17:29:33 - INFO - modules.trainer -   	epoch          : 13
11/20/2021 17:29:33 - INFO - modules.trainer -   	ce_loss        : 0.9683255730196834
11/20/2021 17:29:33 - INFO - modules.trainer -   	con            : 0.03410803689621389
11/20/2021 17:29:33 - INFO - modules.trainer -   	val_BLEU_1     : 0.22997493491321414
11/20/2021 17:29:33 - INFO - modules.trainer -   	val_BLEU_2     : 0.13559246349388182
11/20/2021 17:29:33 - INFO - modules.trainer -   	val_BLEU_3     : 0.09465521657531191
11/20/2021 17:29:33 - INFO - modules.trainer -   	val_BLEU_4     : 0.07161274048209401
11/20/2021 17:29:33 - INFO - modules.trainer -   	val_METEOR     : 0.10881286285985255
11/20/2021 17:29:33 - INFO - modules.trainer -   	val_ROUGE_L    : 0.29575902700319484
11/20/2021 17:29:33 - INFO - modules.trainer -   	test_BLEU_1    : 0.2718958054250747
11/20/2021 17:29:33 - INFO - modules.trainer -   	test_BLEU_2    : 0.16510568134365952
11/20/2021 17:29:33 - INFO - modules.trainer -   	test_BLEU_3    : 0.11781732251954363
11/20/2021 17:29:33 - INFO - modules.trainer -   	test_BLEU_4    : 0.08951258429485567
11/20/2021 17:29:33 - INFO - modules.trainer -   	test_METEOR    : 0.12670545849551662
11/20/2021 17:29:33 - INFO - modules.trainer -   	test_ROUGE_L   : 0.3150089518813289
11/20/2021 17:29:37 - INFO - modules.trainer -   Saving checkpoint: results/iu_xray/current_checkpoint.pth ...
11/20/2021 17:29:37 - INFO - modules.trainer -   [14/30] Start to train in the training set.
best performance in epoch:  9
/mnt/Data3/wangjun/anaconda3/envs/torch16/lib/python3.7/site-packages/torch/nn/parallel/_functions.py:61: UserWarning: Was asked to gather along dimension 0, but all input tensors were scalars; will instead unsqueeze and return a vector.
  warnings.warn('Was asked to gather along dimension 0, but all '
11/20/2021 17:29:39 - INFO - modules.trainer -   [14/30] Step: 0/64, CE Loss: 0.88854, CON Loss: 0.03209.
11/20/2021 17:30:38 - INFO - modules.trainer -   [14/30] Step: 50/64, CE Loss: 0.89801, CON Loss: 0.03069.
11/20/2021 17:30:54 - INFO - modules.trainer -   [14/30] Start to evaluate in the validation set.
11/20/2021 17:31:08 - INFO - modules.trainer -   [14/30] Start to evaluate in the test set.
11/20/2021 17:31:30 - INFO - modules.trainer -   	epoch          : 14
11/20/2021 17:31:30 - INFO - modules.trainer -   	ce_loss        : 0.9113251566886902
11/20/2021 17:31:30 - INFO - modules.trainer -   	con            : 0.030342354555614293
11/20/2021 17:31:30 - INFO - modules.trainer -   	val_BLEU_1     : 0.274102937390674
11/20/2021 17:31:30 - INFO - modules.trainer -   	val_BLEU_2     : 0.16556582796113345
11/20/2021 17:31:30 - INFO - modules.trainer -   	val_BLEU_3     : 0.1149121118529746
11/20/2021 17:31:30 - INFO - modules.trainer -   	val_BLEU_4     : 0.08568532394562403
11/20/2021 17:31:30 - INFO - modules.trainer -   	val_METEOR     : 0.11920815925172473
11/20/2021 17:31:30 - INFO - modules.trainer -   	val_ROUGE_L    : 0.3034902860864958
11/20/2021 17:31:30 - INFO - modules.trainer -   	test_BLEU_1    : 0.2971178080726444
11/20/2021 17:31:30 - INFO - modules.trainer -   	test_BLEU_2    : 0.18297273914998308
11/20/2021 17:31:30 - INFO - modules.trainer -   	test_BLEU_3    : 0.13109252821215606
11/20/2021 17:31:30 - INFO - modules.trainer -   	test_BLEU_4    : 0.09938434011540345
11/20/2021 17:31:30 - INFO - modules.trainer -   	test_METEOR    : 0.1315374274770913
11/20/2021 17:31:30 - INFO - modules.trainer -   	test_ROUGE_L   : 0.3174990911490445
11/20/2021 17:31:33 - INFO - modules.trainer -   Saving checkpoint: results/iu_xray/current_checkpoint.pth ...
11/20/2021 17:31:33 - INFO - modules.trainer -   [15/30] Start to train in the training set.
best performance in epoch:  9
/mnt/Data3/wangjun/anaconda3/envs/torch16/lib/python3.7/site-packages/torch/nn/parallel/_functions.py:61: UserWarning: Was asked to gather along dimension 0, but all input tensors were scalars; will instead unsqueeze and return a vector.
  warnings.warn('Was asked to gather along dimension 0, but all '
11/20/2021 17:31:35 - INFO - modules.trainer -   [15/30] Step: 0/64, CE Loss: 0.75327, CON Loss: 0.02864.
11/20/2021 17:32:35 - INFO - modules.trainer -   [15/30] Step: 50/64, CE Loss: 0.82579, CON Loss: 0.02745.
11/20/2021 17:32:50 - INFO - modules.trainer -   [15/30] Start to evaluate in the validation set.
11/20/2021 17:33:04 - INFO - modules.trainer -   [15/30] Start to evaluate in the test set.
11/20/2021 17:33:26 - INFO - modules.trainer -   	epoch          : 15
11/20/2021 17:33:26 - INFO - modules.trainer -   	ce_loss        : 0.8464682791382074
11/20/2021 17:33:26 - INFO - modules.trainer -   	con            : 0.02716173490625806
11/20/2021 17:33:26 - INFO - modules.trainer -   	val_BLEU_1     : 0.2772078437073652
11/20/2021 17:33:26 - INFO - modules.trainer -   	val_BLEU_2     : 0.17221367133532878
11/20/2021 17:33:26 - INFO - modules.trainer -   	val_BLEU_3     : 0.1219176872897337
11/20/2021 17:33:26 - INFO - modules.trainer -   	val_BLEU_4     : 0.09219248936609924
11/20/2021 17:33:26 - INFO - modules.trainer -   	val_METEOR     : 0.12652201164750823
11/20/2021 17:33:26 - INFO - modules.trainer -   	val_ROUGE_L    : 0.3114574895175063
11/20/2021 17:33:26 - INFO - modules.trainer -   	test_BLEU_1    : 0.2983811181323816
11/20/2021 17:33:26 - INFO - modules.trainer -   	test_BLEU_2    : 0.18485779432666458
11/20/2021 17:33:26 - INFO - modules.trainer -   	test_BLEU_3    : 0.1315547385498367
11/20/2021 17:33:26 - INFO - modules.trainer -   	test_BLEU_4    : 0.09868836119665536
11/20/2021 17:33:26 - INFO - modules.trainer -   	test_METEOR    : 0.13458922953508606
11/20/2021 17:33:26 - INFO - modules.trainer -   	test_ROUGE_L   : 0.3232383030211611
11/20/2021 17:33:31 - INFO - modules.trainer -   Saving checkpoint: results/iu_xray/current_checkpoint.pth ...
11/20/2021 17:33:31 - INFO - modules.trainer -   [16/30] Start to train in the training set.
best performance in epoch:  9
/mnt/Data3/wangjun/anaconda3/envs/torch16/lib/python3.7/site-packages/torch/nn/parallel/_functions.py:61: UserWarning: Was asked to gather along dimension 0, but all input tensors were scalars; will instead unsqueeze and return a vector.
  warnings.warn('Was asked to gather along dimension 0, but all '
11/20/2021 17:33:32 - INFO - modules.trainer -   [16/30] Step: 0/64, CE Loss: 0.71587, CON Loss: 0.02572.
11/20/2021 17:34:32 - INFO - modules.trainer -   [16/30] Step: 50/64, CE Loss: 0.79277, CON Loss: 0.02471.
11/20/2021 17:34:47 - INFO - modules.trainer -   [16/30] Start to evaluate in the validation set.
11/20/2021 17:35:01 - INFO - modules.trainer -   [16/30] Start to evaluate in the test set.
11/20/2021 17:35:23 - INFO - modules.trainer -   	epoch          : 16
11/20/2021 17:35:23 - INFO - modules.trainer -   	ce_loss        : 0.8001120239496231
11/20/2021 17:35:23 - INFO - modules.trainer -   	con            : 0.02445753471693024
11/20/2021 17:35:23 - INFO - modules.trainer -   	val_BLEU_1     : 0.31402079458715365
11/20/2021 17:35:23 - INFO - modules.trainer -   	val_BLEU_2     : 0.17885925527265548
11/20/2021 17:35:23 - INFO - modules.trainer -   	val_BLEU_3     : 0.1155110846007226
11/20/2021 17:35:23 - INFO - modules.trainer -   	val_BLEU_4     : 0.08001219328560229
11/20/2021 17:35:23 - INFO - modules.trainer -   	val_METEOR     : 0.1233372820855998
11/20/2021 17:35:23 - INFO - modules.trainer -   	val_ROUGE_L    : 0.2954956614306027
11/20/2021 17:35:23 - INFO - modules.trainer -   	test_BLEU_1    : 0.36988377771602504
11/20/2021 17:35:23 - INFO - modules.trainer -   	test_BLEU_2    : 0.2221167816595972
11/20/2021 17:35:23 - INFO - modules.trainer -   	test_BLEU_3    : 0.15295493233037147
11/20/2021 17:35:23 - INFO - modules.trainer -   	test_BLEU_4    : 0.1122943288171949
11/20/2021 17:35:23 - INFO - modules.trainer -   	test_METEOR    : 0.14724535528158136
11/20/2021 17:35:23 - INFO - modules.trainer -   	test_ROUGE_L   : 0.33386046230786975
11/20/2021 17:35:27 - INFO - modules.trainer -   Saving checkpoint: results/iu_xray/current_checkpoint.pth ...
11/20/2021 17:35:27 - INFO - modules.trainer -   [17/30] Start to train in the training set.
best performance in epoch:  9
/mnt/Data3/wangjun/anaconda3/envs/torch16/lib/python3.7/site-packages/torch/nn/parallel/_functions.py:61: UserWarning: Was asked to gather along dimension 0, but all input tensors were scalars; will instead unsqueeze and return a vector.
  warnings.warn('Was asked to gather along dimension 0, but all '
11/20/2021 17:35:29 - INFO - modules.trainer -   [17/30] Step: 0/64, CE Loss: 0.69401, CON Loss: 0.02322.
11/20/2021 17:36:29 - INFO - modules.trainer -   [17/30] Step: 50/64, CE Loss: 0.72874, CON Loss: 0.02235.
11/20/2021 17:36:44 - INFO - modules.trainer -   [17/30] Start to evaluate in the validation set.
11/20/2021 17:36:58 - INFO - modules.trainer -   [17/30] Start to evaluate in the test set.
11/20/2021 17:37:21 - INFO - modules.trainer -   	epoch          : 17
11/20/2021 17:37:21 - INFO - modules.trainer -   	ce_loss        : 0.7421691045165062
11/20/2021 17:37:21 - INFO - modules.trainer -   	con            : 0.02213352030958049
11/20/2021 17:37:21 - INFO - modules.trainer -   	val_BLEU_1     : 0.38619444422008076
11/20/2021 17:37:21 - INFO - modules.trainer -   	val_BLEU_2     : 0.22711488382617342
11/20/2021 17:37:21 - INFO - modules.trainer -   	val_BLEU_3     : 0.14905375731346643
11/20/2021 17:37:21 - INFO - modules.trainer -   	val_BLEU_4     : 0.10348272672380789
11/20/2021 17:37:21 - INFO - modules.trainer -   	val_METEOR     : 0.16269816719778413
11/20/2021 17:37:21 - INFO - modules.trainer -   	val_ROUGE_L    : 0.32177925883158925
11/20/2021 17:37:21 - INFO - modules.trainer -   	test_BLEU_1    : 0.43267487913629665
11/20/2021 17:37:21 - INFO - modules.trainer -   	test_BLEU_2    : 0.26220596535632
11/20/2021 17:37:21 - INFO - modules.trainer -   	test_BLEU_3    : 0.17582708324680346
11/20/2021 17:37:21 - INFO - modules.trainer -   	test_BLEU_4    : 0.12464067344223699
11/20/2021 17:37:21 - INFO - modules.trainer -   	test_METEOR    : 0.18274925028828226
11/20/2021 17:37:21 - INFO - modules.trainer -   	test_ROUGE_L   : 0.3407717757843696
11/20/2021 17:37:25 - INFO - modules.trainer -   Saving checkpoint: results/iu_xray/current_checkpoint.pth ...
11/20/2021 17:37:25 - INFO - modules.trainer -   [18/30] Start to train in the training set.
best performance in epoch:  9
/mnt/Data3/wangjun/anaconda3/envs/torch16/lib/python3.7/site-packages/torch/nn/parallel/_functions.py:61: UserWarning: Was asked to gather along dimension 0, but all input tensors were scalars; will instead unsqueeze and return a vector.
  warnings.warn('Was asked to gather along dimension 0, but all '
11/20/2021 17:37:27 - INFO - modules.trainer -   [18/30] Step: 0/64, CE Loss: 0.63624, CON Loss: 0.02107.
11/20/2021 17:38:26 - INFO - modules.trainer -   [18/30] Step: 50/64, CE Loss: 0.69917, CON Loss: 0.02032.
11/20/2021 17:38:42 - INFO - modules.trainer -   [18/30] Start to evaluate in the validation set.
11/20/2021 17:38:56 - INFO - modules.trainer -   [18/30] Start to evaluate in the test set.
11/20/2021 17:39:17 - INFO - modules.trainer -   	epoch          : 18
11/20/2021 17:39:17 - INFO - modules.trainer -   	ce_loss        : 0.7034365795552731
11/20/2021 17:39:17 - INFO - modules.trainer -   	con            : 0.020132071658736095
11/20/2021 17:39:17 - INFO - modules.trainer -   	val_BLEU_1     : 0.2667529475489436
11/20/2021 17:39:17 - INFO - modules.trainer -   	val_BLEU_2     : 0.1604308779845589
11/20/2021 17:39:17 - INFO - modules.trainer -   	val_BLEU_3     : 0.11169800742235551
11/20/2021 17:39:17 - INFO - modules.trainer -   	val_BLEU_4     : 0.0834497713249657
11/20/2021 17:39:17 - INFO - modules.trainer -   	val_METEOR     : 0.1174729555377729
11/20/2021 17:39:17 - INFO - modules.trainer -   	val_ROUGE_L    : 0.30132115075949584
11/20/2021 17:39:17 - INFO - modules.trainer -   	test_BLEU_1    : 0.30315674667519704
11/20/2021 17:39:17 - INFO - modules.trainer -   	test_BLEU_2    : 0.18705339996969766
11/20/2021 17:39:17 - INFO - modules.trainer -   	test_BLEU_3    : 0.13391009562153186
11/20/2021 17:39:17 - INFO - modules.trainer -   	test_BLEU_4    : 0.10129417131098985
11/20/2021 17:39:17 - INFO - modules.trainer -   	test_METEOR    : 0.13454409335042725
11/20/2021 17:39:17 - INFO - modules.trainer -   	test_ROUGE_L   : 0.32144116757507846
11/20/2021 17:39:21 - INFO - modules.trainer -   Saving checkpoint: results/iu_xray/current_checkpoint.pth ...
11/20/2021 17:39:21 - INFO - modules.trainer -   [19/30] Start to train in the training set.
best performance in epoch:  9
/mnt/Data3/wangjun/anaconda3/envs/torch16/lib/python3.7/site-packages/torch/nn/parallel/_functions.py:61: UserWarning: Was asked to gather along dimension 0, but all input tensors were scalars; will instead unsqueeze and return a vector.
  warnings.warn('Was asked to gather along dimension 0, but all '
11/20/2021 17:39:23 - INFO - modules.trainer -   [19/30] Step: 0/64, CE Loss: 0.60120, CON Loss: 0.01921.
11/20/2021 17:40:22 - INFO - modules.trainer -   [19/30] Step: 50/64, CE Loss: 0.65697, CON Loss: 0.01855.
11/20/2021 17:40:37 - INFO - modules.trainer -   [19/30] Start to evaluate in the validation set.
11/20/2021 17:40:51 - INFO - modules.trainer -   [19/30] Start to evaluate in the test set.
11/20/2021 17:41:13 - INFO - modules.trainer -   	epoch          : 19
11/20/2021 17:41:13 - INFO - modules.trainer -   	ce_loss        : 0.6727690184488893
11/20/2021 17:41:13 - INFO - modules.trainer -   	con            : 0.01839083229424432
11/20/2021 17:41:13 - INFO - modules.trainer -   	val_BLEU_1     : 0.2948732444300615
11/20/2021 17:41:13 - INFO - modules.trainer -   	val_BLEU_2     : 0.17781053895479915
11/20/2021 17:41:13 - INFO - modules.trainer -   	val_BLEU_3     : 0.12315676041163125
11/20/2021 17:41:13 - INFO - modules.trainer -   	val_BLEU_4     : 0.09131571714252767
11/20/2021 17:41:13 - INFO - modules.trainer -   	val_METEOR     : 0.12690466914800286
11/20/2021 17:41:13 - INFO - modules.trainer -   	val_ROUGE_L    : 0.30633217647451444
11/20/2021 17:41:13 - INFO - modules.trainer -   	test_BLEU_1    : 0.3295085745319132
11/20/2021 17:41:13 - INFO - modules.trainer -   	test_BLEU_2    : 0.20332883828521334
11/20/2021 17:41:13 - INFO - modules.trainer -   	test_BLEU_3    : 0.14529197142322076
11/20/2021 17:41:13 - INFO - modules.trainer -   	test_BLEU_4    : 0.11002363365499365
11/20/2021 17:41:13 - INFO - modules.trainer -   	test_METEOR    : 0.14044288881338354
11/20/2021 17:41:13 - INFO - modules.trainer -   	test_ROUGE_L   : 0.32048092269074335
11/20/2021 17:41:16 - INFO - modules.trainer -   Saving checkpoint: results/iu_xray/current_checkpoint.pth ...
11/20/2021 17:41:16 - INFO - modules.trainer -   [20/30] Start to train in the training set.
best performance in epoch:  9
/mnt/Data3/wangjun/anaconda3/envs/torch16/lib/python3.7/site-packages/torch/nn/parallel/_functions.py:61: UserWarning: Was asked to gather along dimension 0, but all input tensors were scalars; will instead unsqueeze and return a vector.
  warnings.warn('Was asked to gather along dimension 0, but all '
11/20/2021 17:41:18 - INFO - modules.trainer -   [20/30] Step: 0/64, CE Loss: 0.51502, CON Loss: 0.01758.
11/20/2021 17:42:17 - INFO - modules.trainer -   [20/30] Step: 50/64, CE Loss: 0.63384, CON Loss: 0.01700.
11/20/2021 17:42:33 - INFO - modules.trainer -   [20/30] Start to evaluate in the validation set.
11/20/2021 17:42:47 - INFO - modules.trainer -   [20/30] Start to evaluate in the test set.
11/20/2021 17:43:09 - INFO - modules.trainer -   	epoch          : 20
11/20/2021 17:43:09 - INFO - modules.trainer -   	ce_loss        : 0.6435018545016646
11/20/2021 17:43:09 - INFO - modules.trainer -   	con            : 0.016853386419825256
11/20/2021 17:43:09 - INFO - modules.trainer -   	val_BLEU_1     : 0.41871784757176084
11/20/2021 17:43:09 - INFO - modules.trainer -   	val_BLEU_2     : 0.23771096174349451
11/20/2021 17:43:09 - INFO - modules.trainer -   	val_BLEU_3     : 0.1583191278735972
11/20/2021 17:43:09 - INFO - modules.trainer -   	val_BLEU_4     : 0.1136643605189795
11/20/2021 17:43:09 - INFO - modules.trainer -   	val_METEOR     : 0.15594049091648846
11/20/2021 17:43:09 - INFO - modules.trainer -   	val_ROUGE_L    : 0.31239058658620794
11/20/2021 17:43:09 - INFO - modules.trainer -   	test_BLEU_1    : 0.44204213284948884
11/20/2021 17:43:09 - INFO - modules.trainer -   	test_BLEU_2    : 0.27012877728224083
11/20/2021 17:43:09 - INFO - modules.trainer -   	test_BLEU_3    : 0.1917460453906147
11/20/2021 17:43:09 - INFO - modules.trainer -   	test_BLEU_4    : 0.14515393806032872
11/20/2021 17:43:09 - INFO - modules.trainer -   	test_METEOR    : 0.18127638242109298
11/20/2021 17:43:09 - INFO - modules.trainer -   	test_ROUGE_L   : 0.34749997620462036
11/20/2021 17:43:13 - INFO - modules.trainer -   Saving checkpoint: results/iu_xray/current_checkpoint.pth ...
11/20/2021 17:43:16 - INFO - modules.trainer -   Saving current best: model_best.pth ...
11/20/2021 17:43:16 - INFO - modules.trainer -   [21/30] Start to train in the training set.
best performance in epoch:  20
/mnt/Data3/wangjun/anaconda3/envs/torch16/lib/python3.7/site-packages/torch/nn/parallel/_functions.py:61: UserWarning: Was asked to gather along dimension 0, but all input tensors were scalars; will instead unsqueeze and return a vector.
  warnings.warn('Was asked to gather along dimension 0, but all '
11/20/2021 17:43:18 - INFO - modules.trainer -   [21/30] Step: 0/64, CE Loss: 0.54664, CON Loss: 0.01614.
11/20/2021 17:44:19 - INFO - modules.trainer -   [21/30] Step: 50/64, CE Loss: 0.56473, CON Loss: 0.01572.
11/20/2021 17:44:34 - INFO - modules.trainer -   [21/30] Start to evaluate in the validation set.
11/20/2021 17:44:49 - INFO - modules.trainer -   [21/30] Start to evaluate in the test set.
11/20/2021 17:45:11 - INFO - modules.trainer -   	epoch          : 21
11/20/2021 17:45:11 - INFO - modules.trainer -   	ce_loss        : 0.5735485297627747
11/20/2021 17:45:11 - INFO - modules.trainer -   	con            : 0.015614474978065118
11/20/2021 17:45:11 - INFO - modules.trainer -   	val_BLEU_1     : 0.24381028871676047
11/20/2021 17:45:11 - INFO - modules.trainer -   	val_BLEU_2     : 0.14637875539942086
11/20/2021 17:45:11 - INFO - modules.trainer -   	val_BLEU_3     : 0.10233563509362534
11/20/2021 17:45:11 - INFO - modules.trainer -   	val_BLEU_4     : 0.07654621857602928
11/20/2021 17:45:11 - INFO - modules.trainer -   	val_METEOR     : 0.1130803924018425
11/20/2021 17:45:11 - INFO - modules.trainer -   	val_ROUGE_L    : 0.30130298150686935
11/20/2021 17:45:11 - INFO - modules.trainer -   	test_BLEU_1    : 0.28103806221895145
11/20/2021 17:45:11 - INFO - modules.trainer -   	test_BLEU_2    : 0.17279430051573688
11/20/2021 17:45:11 - INFO - modules.trainer -   	test_BLEU_3    : 0.12385538308985275
11/20/2021 17:45:11 - INFO - modules.trainer -   	test_BLEU_4    : 0.09384210107533811
11/20/2021 17:45:11 - INFO - modules.trainer -   	test_METEOR    : 0.12966925751415306
11/20/2021 17:45:11 - INFO - modules.trainer -   	test_ROUGE_L   : 0.3174348880662351
11/20/2021 17:45:14 - INFO - modules.trainer -   Saving checkpoint: results/iu_xray/current_checkpoint.pth ...
11/20/2021 17:45:14 - INFO - modules.trainer -   [22/30] Start to train in the training set.
best performance in epoch:  20
/mnt/Data3/wangjun/anaconda3/envs/torch16/lib/python3.7/site-packages/torch/nn/parallel/_functions.py:61: UserWarning: Was asked to gather along dimension 0, but all input tensors were scalars; will instead unsqueeze and return a vector.
  warnings.warn('Was asked to gather along dimension 0, but all '
11/20/2021 17:45:16 - INFO - modules.trainer -   [22/30] Step: 0/64, CE Loss: 0.50249, CON Loss: 0.01510.
11/20/2021 17:46:15 - INFO - modules.trainer -   [22/30] Step: 50/64, CE Loss: 0.52303, CON Loss: 0.01472.
11/20/2021 17:46:31 - INFO - modules.trainer -   [22/30] Start to evaluate in the validation set.
11/20/2021 17:46:45 - INFO - modules.trainer -   [22/30] Start to evaluate in the test set.
11/20/2021 17:47:07 - INFO - modules.trainer -   	epoch          : 22
11/20/2021 17:47:07 - INFO - modules.trainer -   	ce_loss        : 0.5270865941420197
11/20/2021 17:47:07 - INFO - modules.trainer -   	con            : 0.014621917944168672
11/20/2021 17:47:07 - INFO - modules.trainer -   	val_BLEU_1     : 0.32368863936507764
11/20/2021 17:47:07 - INFO - modules.trainer -   	val_BLEU_2     : 0.18104403768966798
11/20/2021 17:47:07 - INFO - modules.trainer -   	val_BLEU_3     : 0.11379271994510468
11/20/2021 17:47:07 - INFO - modules.trainer -   	val_BLEU_4     : 0.07618727228720841
11/20/2021 17:47:07 - INFO - modules.trainer -   	val_METEOR     : 0.1333215301960182
11/20/2021 17:47:07 - INFO - modules.trainer -   	val_ROUGE_L    : 0.30487359486338
11/20/2021 17:47:07 - INFO - modules.trainer -   	test_BLEU_1    : 0.3615249967661078
11/20/2021 17:47:07 - INFO - modules.trainer -   	test_BLEU_2    : 0.2064549946111553
11/20/2021 17:47:07 - INFO - modules.trainer -   	test_BLEU_3    : 0.13371452120607588
11/20/2021 17:47:07 - INFO - modules.trainer -   	test_BLEU_4    : 0.092788326447585
11/20/2021 17:47:07 - INFO - modules.trainer -   	test_METEOR    : 0.14657514806015082
11/20/2021 17:47:07 - INFO - modules.trainer -   	test_ROUGE_L   : 0.32726634297108437
11/20/2021 17:47:10 - INFO - modules.trainer -   Saving checkpoint: results/iu_xray/current_checkpoint.pth ...
11/20/2021 17:47:10 - INFO - modules.trainer -   [23/30] Start to train in the training set.
best performance in epoch:  20
/mnt/Data3/wangjun/anaconda3/envs/torch16/lib/python3.7/site-packages/torch/nn/parallel/_functions.py:61: UserWarning: Was asked to gather along dimension 0, but all input tensors were scalars; will instead unsqueeze and return a vector.
  warnings.warn('Was asked to gather along dimension 0, but all '
11/20/2021 17:47:12 - INFO - modules.trainer -   [23/30] Step: 0/64, CE Loss: 0.45117, CON Loss: 0.01415.
11/20/2021 17:48:11 - INFO - modules.trainer -   [23/30] Step: 50/64, CE Loss: 0.49571, CON Loss: 0.01380.
11/20/2021 17:48:27 - INFO - modules.trainer -   [23/30] Start to evaluate in the validation set.
11/20/2021 17:48:40 - INFO - modules.trainer -   [23/30] Start to evaluate in the test set.
11/20/2021 17:49:02 - INFO - modules.trainer -   	epoch          : 23
11/20/2021 17:49:02 - INFO - modules.trainer -   	ce_loss        : 0.5042918091639876
11/20/2021 17:49:02 - INFO - modules.trainer -   	con            : 0.013711678795516491
11/20/2021 17:49:02 - INFO - modules.trainer -   	val_BLEU_1     : 0.28029063202290483
11/20/2021 17:49:02 - INFO - modules.trainer -   	val_BLEU_2     : 0.17370815042015622
11/20/2021 17:49:02 - INFO - modules.trainer -   	val_BLEU_3     : 0.1226618974921328
11/20/2021 17:49:02 - INFO - modules.trainer -   	val_BLEU_4     : 0.0930267419552695
11/20/2021 17:49:02 - INFO - modules.trainer -   	val_METEOR     : 0.12509278439559404
11/20/2021 17:49:02 - INFO - modules.trainer -   	val_ROUGE_L    : 0.30781177049860686
11/20/2021 17:49:02 - INFO - modules.trainer -   	test_BLEU_1    : 0.30140263808179657
11/20/2021 17:49:02 - INFO - modules.trainer -   	test_BLEU_2    : 0.1858260446226679
11/20/2021 17:49:02 - INFO - modules.trainer -   	test_BLEU_3    : 0.13214019580379516
11/20/2021 17:49:02 - INFO - modules.trainer -   	test_BLEU_4    : 0.09937817602986808
11/20/2021 17:49:02 - INFO - modules.trainer -   	test_METEOR    : 0.13601011847957456
11/20/2021 17:49:02 - INFO - modules.trainer -   	test_ROUGE_L   : 0.31778213300851377
11/20/2021 17:49:06 - INFO - modules.trainer -   Saving checkpoint: results/iu_xray/current_checkpoint.pth ...
11/20/2021 17:49:06 - INFO - modules.trainer -   [24/30] Start to train in the training set.
best performance in epoch:  20
/mnt/Data3/wangjun/anaconda3/envs/torch16/lib/python3.7/site-packages/torch/nn/parallel/_functions.py:61: UserWarning: Was asked to gather along dimension 0, but all input tensors were scalars; will instead unsqueeze and return a vector.
  warnings.warn('Was asked to gather along dimension 0, but all '
11/20/2021 17:49:08 - INFO - modules.trainer -   [24/30] Step: 0/64, CE Loss: 0.45167, CON Loss: 0.01327.
11/20/2021 17:50:07 - INFO - modules.trainer -   [24/30] Step: 50/64, CE Loss: 0.47374, CON Loss: 0.01295.
11/20/2021 17:50:23 - INFO - modules.trainer -   [24/30] Start to evaluate in the validation set.
11/20/2021 17:50:37 - INFO - modules.trainer -   [24/30] Start to evaluate in the test set.
11/20/2021 17:50:59 - INFO - modules.trainer -   	epoch          : 24
11/20/2021 17:50:59 - INFO - modules.trainer -   	ce_loss        : 0.48387678572908044
11/20/2021 17:50:59 - INFO - modules.trainer -   	con            : 0.012870231017586775
11/20/2021 17:50:59 - INFO - modules.trainer -   	val_BLEU_1     : 0.2921803544684237
11/20/2021 17:50:59 - INFO - modules.trainer -   	val_BLEU_2     : 0.16196833382112955
11/20/2021 17:50:59 - INFO - modules.trainer -   	val_BLEU_3     : 0.10122335630030155
11/20/2021 17:50:59 - INFO - modules.trainer -   	val_BLEU_4     : 0.06854529671472354
11/20/2021 17:50:59 - INFO - modules.trainer -   	val_METEOR     : 0.11900918069164558
11/20/2021 17:50:59 - INFO - modules.trainer -   	val_ROUGE_L    : 0.2783017607517678
11/20/2021 17:50:59 - INFO - modules.trainer -   	test_BLEU_1    : 0.3325305208791745
11/20/2021 17:50:59 - INFO - modules.trainer -   	test_BLEU_2    : 0.19105085683038778
11/20/2021 17:50:59 - INFO - modules.trainer -   	test_BLEU_3    : 0.1279160323750219
11/20/2021 17:50:59 - INFO - modules.trainer -   	test_BLEU_4    : 0.09167829215586715
11/20/2021 17:50:59 - INFO - modules.trainer -   	test_METEOR    : 0.1333480871480077
11/20/2021 17:50:59 - INFO - modules.trainer -   	test_ROUGE_L   : 0.30014924016570843
11/20/2021 17:51:03 - INFO - modules.trainer -   Saving checkpoint: results/iu_xray/current_checkpoint.pth ...
11/20/2021 17:51:03 - INFO - modules.trainer -   [25/30] Start to train in the training set.
best performance in epoch:  20
/mnt/Data3/wangjun/anaconda3/envs/torch16/lib/python3.7/site-packages/torch/nn/parallel/_functions.py:61: UserWarning: Was asked to gather along dimension 0, but all input tensors were scalars; will instead unsqueeze and return a vector.
  warnings.warn('Was asked to gather along dimension 0, but all '
11/20/2021 17:51:04 - INFO - modules.trainer -   [25/30] Step: 0/64, CE Loss: 0.44741, CON Loss: 0.01246.
11/20/2021 17:52:05 - INFO - modules.trainer -   [25/30] Step: 50/64, CE Loss: 0.46360, CON Loss: 0.01217.
11/20/2021 17:52:20 - INFO - modules.trainer -   [25/30] Start to evaluate in the validation set.
11/20/2021 17:52:34 - INFO - modules.trainer -   [25/30] Start to evaluate in the test set.
11/20/2021 17:52:56 - INFO - modules.trainer -   	epoch          : 25
11/20/2021 17:52:56 - INFO - modules.trainer -   	ce_loss        : 0.4706677752546966
11/20/2021 17:52:56 - INFO - modules.trainer -   	con            : 0.0120926888048416
11/20/2021 17:52:56 - INFO - modules.trainer -   	val_BLEU_1     : 0.2555809759385422
11/20/2021 17:52:56 - INFO - modules.trainer -   	val_BLEU_2     : 0.1538556909858668
11/20/2021 17:52:56 - INFO - modules.trainer -   	val_BLEU_3     : 0.10732928197448266
11/20/2021 17:52:56 - INFO - modules.trainer -   	val_BLEU_4     : 0.08097906178688417
11/20/2021 17:52:56 - INFO - modules.trainer -   	val_METEOR     : 0.11735390940109967
11/20/2021 17:52:56 - INFO - modules.trainer -   	val_ROUGE_L    : 0.30071274245913904
11/20/2021 17:52:56 - INFO - modules.trainer -   	test_BLEU_1    : 0.29403436513256404
11/20/2021 17:52:56 - INFO - modules.trainer -   	test_BLEU_2    : 0.18076913351746626
11/20/2021 17:52:56 - INFO - modules.trainer -   	test_BLEU_3    : 0.1286234206212385
11/20/2021 17:52:56 - INFO - modules.trainer -   	test_BLEU_4    : 0.09728859036402188
11/20/2021 17:52:56 - INFO - modules.trainer -   	test_METEOR    : 0.13398107133872333
11/20/2021 17:52:56 - INFO - modules.trainer -   	test_ROUGE_L   : 0.3178153944942368
11/20/2021 17:53:00 - INFO - modules.trainer -   Saving checkpoint: results/iu_xray/current_checkpoint.pth ...
11/20/2021 17:53:00 - INFO - modules.trainer -   [26/30] Start to train in the training set.
best performance in epoch:  20
/mnt/Data3/wangjun/anaconda3/envs/torch16/lib/python3.7/site-packages/torch/nn/parallel/_functions.py:61: UserWarning: Was asked to gather along dimension 0, but all input tensors were scalars; will instead unsqueeze and return a vector.
  warnings.warn('Was asked to gather along dimension 0, but all '
11/20/2021 17:53:02 - INFO - modules.trainer -   [26/30] Step: 0/64, CE Loss: 0.40826, CON Loss: 0.01172.
11/20/2021 17:54:02 - INFO - modules.trainer -   [26/30] Step: 50/64, CE Loss: 0.44870, CON Loss: 0.01144.
11/20/2021 17:54:18 - INFO - modules.trainer -   [26/30] Start to evaluate in the validation set.
11/20/2021 17:54:33 - INFO - modules.trainer -   [26/30] Start to evaluate in the test set.
11/20/2021 17:54:54 - INFO - modules.trainer -   	epoch          : 26
11/20/2021 17:54:54 - INFO - modules.trainer -   	ce_loss        : 0.4582305382937193
11/20/2021 17:54:54 - INFO - modules.trainer -   	con            : 0.01137292779458221
11/20/2021 17:54:54 - INFO - modules.trainer -   	val_BLEU_1     : 0.4200578857050402
11/20/2021 17:54:54 - INFO - modules.trainer -   	val_BLEU_2     : 0.23578650438463886
11/20/2021 17:54:54 - INFO - modules.trainer -   	val_BLEU_3     : 0.1548795433209079
11/20/2021 17:54:54 - INFO - modules.trainer -   	val_BLEU_4     : 0.11029266971403527
11/20/2021 17:54:54 - INFO - modules.trainer -   	val_METEOR     : 0.15660675387474216
11/20/2021 17:54:54 - INFO - modules.trainer -   	val_ROUGE_L    : 0.31462249183625823
11/20/2021 17:54:54 - INFO - modules.trainer -   	test_BLEU_1    : 0.43748743718590766
11/20/2021 17:54:54 - INFO - modules.trainer -   	test_BLEU_2    : 0.26433145164236
11/20/2021 17:54:54 - INFO - modules.trainer -   	test_BLEU_3    : 0.18617824992821844
11/20/2021 17:54:54 - INFO - modules.trainer -   	test_BLEU_4    : 0.14047582365932762
11/20/2021 17:54:54 - INFO - modules.trainer -   	test_METEOR    : 0.1779572485209878
11/20/2021 17:54:54 - INFO - modules.trainer -   	test_ROUGE_L   : 0.3443040711507458
11/20/2021 17:54:58 - INFO - modules.trainer -   Saving checkpoint: results/iu_xray/current_checkpoint.pth ...
11/20/2021 17:54:58 - INFO - modules.trainer -   [27/30] Start to train in the training set.
best performance in epoch:  20
/mnt/Data3/wangjun/anaconda3/envs/torch16/lib/python3.7/site-packages/torch/nn/parallel/_functions.py:61: UserWarning: Was asked to gather along dimension 0, but all input tensors were scalars; will instead unsqueeze and return a vector.
  warnings.warn('Was asked to gather along dimension 0, but all '
11/20/2021 17:54:59 - INFO - modules.trainer -   [27/30] Step: 0/64, CE Loss: 0.37130, CON Loss: 0.01103.
11/20/2021 17:55:58 - INFO - modules.trainer -   [27/30] Step: 50/64, CE Loss: 0.44200, CON Loss: 0.01077.
11/20/2021 17:56:14 - INFO - modules.trainer -   [27/30] Start to evaluate in the validation set.
11/20/2021 17:56:28 - INFO - modules.trainer -   [27/30] Start to evaluate in the test set.
11/20/2021 17:56:50 - INFO - modules.trainer -   	epoch          : 27
11/20/2021 17:56:50 - INFO - modules.trainer -   	ce_loss        : 0.44870694214478135
11/20/2021 17:56:50 - INFO - modules.trainer -   	con            : 0.010709714610129595
11/20/2021 17:56:50 - INFO - modules.trainer -   	val_BLEU_1     : 0.2695955534398152
11/20/2021 17:56:50 - INFO - modules.trainer -   	val_BLEU_2     : 0.161474613402019
11/20/2021 17:56:50 - INFO - modules.trainer -   	val_BLEU_3     : 0.11165613595069476
11/20/2021 17:56:50 - INFO - modules.trainer -   	val_BLEU_4     : 0.08292146768825501
11/20/2021 17:56:50 - INFO - modules.trainer -   	val_METEOR     : 0.12247160193982766
11/20/2021 17:56:50 - INFO - modules.trainer -   	val_ROUGE_L    : 0.30137763164613834
11/20/2021 17:56:50 - INFO - modules.trainer -   	test_BLEU_1    : 0.3070433875248946
11/20/2021 17:56:50 - INFO - modules.trainer -   	test_BLEU_2    : 0.18866753331530306
11/20/2021 17:56:50 - INFO - modules.trainer -   	test_BLEU_3    : 0.13379660938193388
11/20/2021 17:56:50 - INFO - modules.trainer -   	test_BLEU_4    : 0.10016403597925344
11/20/2021 17:56:50 - INFO - modules.trainer -   	test_METEOR    : 0.13557732934761807
11/20/2021 17:56:50 - INFO - modules.trainer -   	test_ROUGE_L   : 0.3188128801123051
11/20/2021 17:56:53 - INFO - modules.trainer -   Saving checkpoint: results/iu_xray/current_checkpoint.pth ...
11/20/2021 17:56:53 - INFO - modules.trainer -   [28/30] Start to train in the training set.
best performance in epoch:  20
/mnt/Data3/wangjun/anaconda3/envs/torch16/lib/python3.7/site-packages/torch/nn/parallel/_functions.py:61: UserWarning: Was asked to gather along dimension 0, but all input tensors were scalars; will instead unsqueeze and return a vector.
  warnings.warn('Was asked to gather along dimension 0, but all '
11/20/2021 17:56:55 - INFO - modules.trainer -   [28/30] Step: 0/64, CE Loss: 0.41731, CON Loss: 0.01039.
11/20/2021 17:57:55 - INFO - modules.trainer -   [28/30] Step: 50/64, CE Loss: 0.42735, CON Loss: 0.01016.
11/20/2021 17:58:11 - INFO - modules.trainer -   [28/30] Start to evaluate in the validation set.
11/20/2021 17:58:26 - INFO - modules.trainer -   [28/30] Start to evaluate in the test set.
11/20/2021 17:58:47 - INFO - modules.trainer -   	epoch          : 28
11/20/2021 17:58:47 - INFO - modules.trainer -   	ce_loss        : 0.4337951708585024
11/20/2021 17:58:47 - INFO - modules.trainer -   	con            : 0.01009676828107331
11/20/2021 17:58:47 - INFO - modules.trainer -   	val_BLEU_1     : 0.2513101117429895
11/20/2021 17:58:47 - INFO - modules.trainer -   	val_BLEU_2     : 0.1490110682298401
11/20/2021 17:58:47 - INFO - modules.trainer -   	val_BLEU_3     : 0.10318968856953885
11/20/2021 17:58:47 - INFO - modules.trainer -   	val_BLEU_4     : 0.07742854061353968
11/20/2021 17:58:47 - INFO - modules.trainer -   	val_METEOR     : 0.11481305574233396
11/20/2021 17:58:47 - INFO - modules.trainer -   	val_ROUGE_L    : 0.2982592511063211
11/20/2021 17:58:47 - INFO - modules.trainer -   	test_BLEU_1    : 0.28530506358605173
11/20/2021 17:58:47 - INFO - modules.trainer -   	test_BLEU_2    : 0.17393043791510315
11/20/2021 17:58:47 - INFO - modules.trainer -   	test_BLEU_3    : 0.1234167928448941
11/20/2021 17:58:47 - INFO - modules.trainer -   	test_BLEU_4    : 0.09314988436572486
11/20/2021 17:58:47 - INFO - modules.trainer -   	test_METEOR    : 0.12962437680426106
11/20/2021 17:58:47 - INFO - modules.trainer -   	test_ROUGE_L   : 0.3134531553498227
11/20/2021 17:58:51 - INFO - modules.trainer -   Saving checkpoint: results/iu_xray/current_checkpoint.pth ...
11/20/2021 17:58:51 - INFO - modules.trainer -   [29/30] Start to train in the training set.
best performance in epoch:  20
/mnt/Data3/wangjun/anaconda3/envs/torch16/lib/python3.7/site-packages/torch/nn/parallel/_functions.py:61: UserWarning: Was asked to gather along dimension 0, but all input tensors were scalars; will instead unsqueeze and return a vector.
  warnings.warn('Was asked to gather along dimension 0, but all '
11/20/2021 17:58:52 - INFO - modules.trainer -   [29/30] Step: 0/64, CE Loss: 0.38628, CON Loss: 0.00980.
11/20/2021 17:59:52 - INFO - modules.trainer -   [29/30] Step: 50/64, CE Loss: 0.41919, CON Loss: 0.00958.
11/20/2021 18:00:08 - INFO - modules.trainer -   [29/30] Start to evaluate in the validation set.
11/20/2021 18:00:22 - INFO - modules.trainer -   [29/30] Start to evaluate in the test set.
11/20/2021 18:00:44 - INFO - modules.trainer -   	epoch          : 29
11/20/2021 18:00:44 - INFO - modules.trainer -   	ce_loss        : 0.4260052153840661
11/20/2021 18:00:44 - INFO - modules.trainer -   	con            : 0.009525380199193023
11/20/2021 18:00:44 - INFO - modules.trainer -   	val_BLEU_1     : 0.28117606434461323
11/20/2021 18:00:44 - INFO - modules.trainer -   	val_BLEU_2     : 0.16873528503482896
11/20/2021 18:00:44 - INFO - modules.trainer -   	val_BLEU_3     : 0.11690724956792552
11/20/2021 18:00:44 - INFO - modules.trainer -   	val_BLEU_4     : 0.08748048088180921
11/20/2021 18:00:44 - INFO - modules.trainer -   	val_METEOR     : 0.1237965839466099
11/20/2021 18:00:44 - INFO - modules.trainer -   	val_ROUGE_L    : 0.3024293101268427
11/20/2021 18:00:44 - INFO - modules.trainer -   	test_BLEU_1    : 0.32194686994583105
11/20/2021 18:00:44 - INFO - modules.trainer -   	test_BLEU_2    : 0.19845595834109603
11/20/2021 18:00:44 - INFO - modules.trainer -   	test_BLEU_3    : 0.14086921728080756
11/20/2021 18:00:44 - INFO - modules.trainer -   	test_BLEU_4    : 0.10570067918925041
11/20/2021 18:00:44 - INFO - modules.trainer -   	test_METEOR    : 0.13866844886368104
11/20/2021 18:00:44 - INFO - modules.trainer -   	test_ROUGE_L   : 0.3207524658873723
11/20/2021 18:00:48 - INFO - modules.trainer -   Saving checkpoint: results/iu_xray/current_checkpoint.pth ...
11/20/2021 18:00:48 - INFO - modules.trainer -   [30/30] Start to train in the training set.
best performance in epoch:  20
/mnt/Data3/wangjun/anaconda3/envs/torch16/lib/python3.7/site-packages/torch/nn/parallel/_functions.py:61: UserWarning: Was asked to gather along dimension 0, but all input tensors were scalars; will instead unsqueeze and return a vector.
  warnings.warn('Was asked to gather along dimension 0, but all '
11/20/2021 18:00:50 - INFO - modules.trainer -   [30/30] Step: 0/64, CE Loss: 0.35874, CON Loss: 0.00925.
11/20/2021 18:01:50 - INFO - modules.trainer -   [30/30] Step: 50/64, CE Loss: 0.41348, CON Loss: 0.00905.
11/20/2021 18:02:05 - INFO - modules.trainer -   [30/30] Start to evaluate in the validation set.
11/20/2021 18:02:20 - INFO - modules.trainer -   [30/30] Start to evaluate in the test set.
11/20/2021 18:02:42 - INFO - modules.trainer -   	epoch          : 30
11/20/2021 18:02:42 - INFO - modules.trainer -   	ce_loss        : 0.4193164333701134
11/20/2021 18:02:42 - INFO - modules.trainer -   	con            : 0.008998899793368764
11/20/2021 18:02:42 - INFO - modules.trainer -   	val_BLEU_1     : 0.2807841508710064
11/20/2021 18:02:42 - INFO - modules.trainer -   	val_BLEU_2     : 0.16978165029263256
11/20/2021 18:02:42 - INFO - modules.trainer -   	val_BLEU_3     : 0.11789029048676074
11/20/2021 18:02:42 - INFO - modules.trainer -   	val_BLEU_4     : 0.08844491914880806
11/20/2021 18:02:42 - INFO - modules.trainer -   	val_METEOR     : 0.12495100457694798
11/20/2021 18:02:42 - INFO - modules.trainer -   	val_ROUGE_L    : 0.3078446425484937
11/20/2021 18:02:42 - INFO - modules.trainer -   	test_BLEU_1    : 0.3118088005175874
11/20/2021 18:02:42 - INFO - modules.trainer -   	test_BLEU_2    : 0.19365405356473153
11/20/2021 18:02:42 - INFO - modules.trainer -   	test_BLEU_3    : 0.13877579734905485
11/20/2021 18:02:42 - INFO - modules.trainer -   	test_BLEU_4    : 0.10512757060853281
11/20/2021 18:02:42 - INFO - modules.trainer -   	test_METEOR    : 0.13921822232823677
11/20/2021 18:02:42 - INFO - modules.trainer -   	test_ROUGE_L   : 0.323063757369039
11/20/2021 18:02:45 - INFO - modules.trainer -   Saving checkpoint: results/iu_xray/current_checkpoint.pth ...
best performance in epoch:  20
