nohup: ignoring input
11/20/2021 23:31:03 - INFO - modules.trainer -   [1/30] Start to train in the training set.
[W TensorIterator.cpp:918] Warning: Mixed memory format inputs detected while calling the operator. The operator will output contiguous tensor even if some of the inputs are in channels_last format. (function operator())
[W python_anomaly_mode.cpp:60] Warning: Error detected in GatherBackward. Traceback of forward call that caused the error:
  File "/mnt/Data3/wangjun/anaconda3/envs/torch16/lib/python3.7/threading.py", line 890, in _bootstrap
    self._bootstrap_inner()
  File "/mnt/Data3/wangjun/anaconda3/envs/torch16/lib/python3.7/threading.py", line 926, in _bootstrap_inner
    self.run()
  File "/mnt/Data3/wangjun/anaconda3/envs/torch16/lib/python3.7/threading.py", line 870, in run
    self._target(*self._args, **self._kwargs)
  File "/mnt/Data3/wangjun/anaconda3/envs/torch16/lib/python3.7/site-packages/torch/nn/parallel/parallel_apply.py", line 60, in _worker
    output = module(*input, **kwargs)
  File "/mnt/Data3/wangjun/anaconda3/envs/torch16/lib/python3.7/site-packages/torch/nn/modules/module.py", line 722, in _call_impl
    result = self.forward(*input, **kwargs)
  File "/home/jvnwangwarwick/projects/RRGPro/models/models.py", line 34, in forward
    output = self.encoder_decoder(fc_feats, att_feats, targets, labels = labels, mode='forward')
  File "/mnt/Data3/wangjun/anaconda3/envs/torch16/lib/python3.7/site-packages/torch/nn/modules/module.py", line 722, in _call_impl
    result = self.forward(*input, **kwargs)
  File "/home/jvnwangwarwick/projects/RRGPro/modules/caption_model.py", line 24, in forward
    return getattr(self, '_' + mode)(*args, **kwargs)
  File "/home/jvnwangwarwick/projects/RRGPro/modules/base_cmn.py", line 431, in _forward
    out = self.model(att_feats, seq, att_masks, seq_mask, memory_matrix=self.memory_matrix)
  File "/mnt/Data3/wangjun/anaconda3/envs/torch16/lib/python3.7/site-packages/torch/nn/modules/module.py", line 722, in _call_impl
    result = self.forward(*input, **kwargs)
  File "/home/jvnwangwarwick/projects/RRGPro/modules/base_cmn.py", line 68, in forward
    return self.decode(self.encode(src, src_mask), src_mask, tgt, tgt_mask, memory_matrix=memory_matrix)
  File "/home/jvnwangwarwick/projects/RRGPro/modules/base_cmn.py", line 79, in decode
    responses = self.cmn(embeddings, dummy_memory_matrix, dummy_memory_matrix)
  File "/mnt/Data3/wangjun/anaconda3/envs/torch16/lib/python3.7/site-packages/torch/nn/modules/module.py", line 722, in _call_impl
    result = self.forward(*input, **kwargs)
  File "/home/jvnwangwarwick/projects/RRGPro/modules/base_cmn.py", line 220, in forward
    x, self.attn = memory_querying_responding(query, key, value, mask=mask, dropout=self.dropout, topk=self.topk)
  File "/home/jvnwangwarwick/projects/RRGPro/modules/base_cmn.py", line 49, in memory_querying_responding
    selected_value = torch.gather(dummy_value, 3, dummy_idx) # [8, 8, 98, 32, 64]
 (function print_stack)
Traceback (most recent call last):
  File "main.py", line 144, in <module>
    main()
  File "main.py", line 140, in main
    trainer.train()
  File "/home/jvnwangwarwick/projects/RRGPro/modules/trainer.py", line 64, in train
    result = self._train_epoch(epoch)
  File "/home/jvnwangwarwick/projects/RRGPro/modules/trainer.py", line 208, in _train_epoch
    loss.backward()
  File "/mnt/Data3/wangjun/anaconda3/envs/torch16/lib/python3.7/site-packages/torch/tensor.py", line 185, in backward
    torch.autograd.backward(self, gradient, retain_graph, create_graph)
  File "/mnt/Data3/wangjun/anaconda3/envs/torch16/lib/python3.7/site-packages/torch/autograd/__init__.py", line 127, in backward
    allow_unreachable=True)  # allow_unreachable flag
RuntimeError: CUDA out of memory. Tried to allocate 620.00 MiB (GPU 0; 10.76 GiB total capacity; 4.42 GiB already allocated; 498.44 MiB free; 4.72 GiB reserved in total by PyTorch)
Exception raised from malloc at /opt/conda/conda-bld/pytorch_1595629403081/work/c10/cuda/CUDACachingAllocator.cpp:272 (most recent call first):
frame #0: c10::Error::Error(c10::SourceLocation, std::string) + 0x4d (0x7f26c499c77d in /mnt/Data3/wangjun/anaconda3/envs/torch16/lib/python3.7/site-packages/torch/lib/libc10.so)
frame #1: <unknown function> + 0x20626 (0x7f26c4bf4626 in /mnt/Data3/wangjun/anaconda3/envs/torch16/lib/python3.7/site-packages/torch/lib/libc10_cuda.so)
frame #2: <unknown function> + 0x214f4 (0x7f26c4bf54f4 in /mnt/Data3/wangjun/anaconda3/envs/torch16/lib/python3.7/site-packages/torch/lib/libc10_cuda.so)
frame #3: <unknown function> + 0x21b81 (0x7f26c4bf5b81 in /mnt/Data3/wangjun/anaconda3/envs/torch16/lib/python3.7/site-packages/torch/lib/libc10_cuda.so)
frame #4: at::native::empty_cuda(c10::ArrayRef<long>, c10::TensorOptions const&, c10::optional<c10::MemoryFormat>) + 0x249 (0x7f26c7b04c79 in /mnt/Data3/wangjun/anaconda3/envs/torch16/lib/python3.7/site-packages/torch/lib/libtorch_cuda.so)
frame #5: <unknown function> + 0xd25dc9 (0x7f26c5b27dc9 in /mnt/Data3/wangjun/anaconda3/envs/torch16/lib/python3.7/site-packages/torch/lib/libtorch_cuda.so)
frame #6: <unknown function> + 0xd3fbf7 (0x7f26c5b41bf7 in /mnt/Data3/wangjun/anaconda3/envs/torch16/lib/python3.7/site-packages/torch/lib/libtorch_cuda.so)
frame #7: <unknown function> + 0xe450dd (0x7f26f7c5b0dd in /mnt/Data3/wangjun/anaconda3/envs/torch16/lib/python3.7/site-packages/torch/lib/libtorch_cpu.so)
frame #8: <unknown function> + 0xe453f7 (0x7f26f7c5b3f7 in /mnt/Data3/wangjun/anaconda3/envs/torch16/lib/python3.7/site-packages/torch/lib/libtorch_cpu.so)
frame #9: at::empty(c10::ArrayRef<long>, c10::TensorOptions const&, c10::optional<c10::MemoryFormat>) + 0xfa (0x7f26f7d65e7a in /mnt/Data3/wangjun/anaconda3/envs/torch16/lib/python3.7/site-packages/torch/lib/libtorch_cpu.so)
frame #10: <unknown function> + 0x2c45eed (0x7f26f9a5beed in /mnt/Data3/wangjun/anaconda3/envs/torch16/lib/python3.7/site-packages/torch/lib/libtorch_cpu.so)
frame #11: <unknown function> + 0xe453f7 (0x7f26f7c5b3f7 in /mnt/Data3/wangjun/anaconda3/envs/torch16/lib/python3.7/site-packages/torch/lib/libtorch_cpu.so)
frame #12: at::empty(c10::ArrayRef<long>, c10::TensorOptions const&, c10::optional<c10::MemoryFormat>) + 0xfa (0x7f26f7d65e7a in /mnt/Data3/wangjun/anaconda3/envs/torch16/lib/python3.7/site-packages/torch/lib/libtorch_cpu.so)
frame #13: at::native::zeros(c10::ArrayRef<long>, c10::TensorOptions const&) + 0x25 (0x7f26f79dd525 in /mnt/Data3/wangjun/anaconda3/envs/torch16/lib/python3.7/site-packages/torch/lib/libtorch_cpu.so)
frame #14: <unknown function> + 0xfe6753 (0x7f26f7dfc753 in /mnt/Data3/wangjun/anaconda3/envs/torch16/lib/python3.7/site-packages/torch/lib/libtorch_cpu.so)
frame #15: <unknown function> + 0x2c0e4b9 (0x7f26f9a244b9 in /mnt/Data3/wangjun/anaconda3/envs/torch16/lib/python3.7/site-packages/torch/lib/libtorch_cpu.so)
frame #16: <unknown function> + 0xe45779 (0x7f26f7c5b779 in /mnt/Data3/wangjun/anaconda3/envs/torch16/lib/python3.7/site-packages/torch/lib/libtorch_cpu.so)
frame #17: at::zeros(c10::ArrayRef<long>, c10::TensorOptions const&) + 0xd5 (0x7f26f7d51415 in /mnt/Data3/wangjun/anaconda3/envs/torch16/lib/python3.7/site-packages/torch/lib/libtorch_cpu.so)
frame #18: torch::autograd::generated::GatherBackward::apply(std::vector<at::Tensor, std::allocator<at::Tensor> >&&) + 0x209 (0x7f26f98963e9 in /mnt/Data3/wangjun/anaconda3/envs/torch16/lib/python3.7/site-packages/torch/lib/libtorch_cpu.so)
frame #19: <unknown function> + 0x30d1017 (0x7f26f9ee7017 in /mnt/Data3/wangjun/anaconda3/envs/torch16/lib/python3.7/site-packages/torch/lib/libtorch_cpu.so)
frame #20: torch::autograd::Engine::evaluate_function(std::shared_ptr<torch::autograd::GraphTask>&, torch::autograd::Node*, torch::autograd::InputBuffer&, std::shared_ptr<torch::autograd::ReadyQueue> const&) + 0x1400 (0x7f26f9ee2860 in /mnt/Data3/wangjun/anaconda3/envs/torch16/lib/python3.7/site-packages/torch/lib/libtorch_cpu.so)
frame #21: torch::autograd::Engine::thread_main(std::shared_ptr<torch::autograd::GraphTask> const&) + 0x451 (0x7f26f9ee3401 in /mnt/Data3/wangjun/anaconda3/envs/torch16/lib/python3.7/site-packages/torch/lib/libtorch_cpu.so)
frame #22: torch::autograd::Engine::thread_init(int, std::shared_ptr<torch::autograd::ReadyQueue> const&, bool) + 0x89 (0x7f26f9edb579 in /mnt/Data3/wangjun/anaconda3/envs/torch16/lib/python3.7/site-packages/torch/lib/libtorch_cpu.so)
frame #23: torch::autograd::python::PythonEngine::thread_init(int, std::shared_ptr<torch::autograd::ReadyQueue> const&, bool) + 0x4a (0x7f26fe20a99a in /mnt/Data3/wangjun/anaconda3/envs/torch16/lib/python3.7/site-packages/torch/lib/libtorch_python.so)
frame #24: <unknown function> + 0xc9039 (0x7f2700d42039 in /mnt/Data3/wangjun/anaconda3/envs/torch16/lib/python3.7/site-packages/torch/lib/../../../.././libstdc++.so.6)
frame #25: <unknown function> + 0x9609 (0x7f2722e28609 in /lib/x86_64-linux-gnu/libpthread.so.0)
frame #26: clone + 0x43 (0x7f2722d4f293 in /lib/x86_64-linux-gnu/libc.so.6)

nohup: ignoring input
11/20/2021 23:31:50 - INFO - modules.trainer -   [1/30] Start to train in the training set.
[W TensorIterator.cpp:918] Warning: Mixed memory format inputs detected while calling the operator. The operator will output contiguous tensor even if some of the inputs are in channels_last format. (function operator())
[W python_anomaly_mode.cpp:60] Warning: Error detected in GatherBackward. Traceback of forward call that caused the error:
  File "/mnt/Data3/wangjun/anaconda3/envs/torch16/lib/python3.7/threading.py", line 890, in _bootstrap
    self._bootstrap_inner()
  File "/mnt/Data3/wangjun/anaconda3/envs/torch16/lib/python3.7/threading.py", line 926, in _bootstrap_inner
    self.run()
  File "/mnt/Data3/wangjun/anaconda3/envs/torch16/lib/python3.7/threading.py", line 870, in run
    self._target(*self._args, **self._kwargs)
  File "/mnt/Data3/wangjun/anaconda3/envs/torch16/lib/python3.7/site-packages/torch/nn/parallel/parallel_apply.py", line 60, in _worker
    output = module(*input, **kwargs)
  File "/mnt/Data3/wangjun/anaconda3/envs/torch16/lib/python3.7/site-packages/torch/nn/modules/module.py", line 722, in _call_impl
    result = self.forward(*input, **kwargs)
  File "/home/jvnwangwarwick/projects/RRGPro/models/models.py", line 34, in forward
    output = self.encoder_decoder(fc_feats, att_feats, targets, labels = labels, mode='forward')
  File "/mnt/Data3/wangjun/anaconda3/envs/torch16/lib/python3.7/site-packages/torch/nn/modules/module.py", line 722, in _call_impl
    result = self.forward(*input, **kwargs)
  File "/home/jvnwangwarwick/projects/RRGPro/modules/caption_model.py", line 24, in forward
    return getattr(self, '_' + mode)(*args, **kwargs)
  File "/home/jvnwangwarwick/projects/RRGPro/modules/base_cmn.py", line 431, in _forward
    out = self.model(att_feats, seq, att_masks, seq_mask, memory_matrix=self.memory_matrix)
  File "/mnt/Data3/wangjun/anaconda3/envs/torch16/lib/python3.7/site-packages/torch/nn/modules/module.py", line 722, in _call_impl
    result = self.forward(*input, **kwargs)
  File "/home/jvnwangwarwick/projects/RRGPro/modules/base_cmn.py", line 68, in forward
    return self.decode(self.encode(src, src_mask), src_mask, tgt, tgt_mask, memory_matrix=memory_matrix)
  File "/home/jvnwangwarwick/projects/RRGPro/modules/base_cmn.py", line 79, in decode
    responses = self.cmn(embeddings, dummy_memory_matrix, dummy_memory_matrix)
  File "/mnt/Data3/wangjun/anaconda3/envs/torch16/lib/python3.7/site-packages/torch/nn/modules/module.py", line 722, in _call_impl
    result = self.forward(*input, **kwargs)
  File "/home/jvnwangwarwick/projects/RRGPro/modules/base_cmn.py", line 220, in forward
    x, self.attn = memory_querying_responding(query, key, value, mask=mask, dropout=self.dropout, topk=self.topk)
  File "/home/jvnwangwarwick/projects/RRGPro/modules/base_cmn.py", line 49, in memory_querying_responding
    selected_value = torch.gather(dummy_value, 3, dummy_idx) # [8, 8, 98, 32, 64]
 (function print_stack)
Traceback (most recent call last):
  File "main.py", line 144, in <module>
    main()
  File "main.py", line 140, in main
    trainer.train()
  File "/home/jvnwangwarwick/projects/RRGPro/modules/trainer.py", line 64, in train
    result = self._train_epoch(epoch)
  File "/home/jvnwangwarwick/projects/RRGPro/modules/trainer.py", line 208, in _train_epoch
    loss.backward()
  File "/mnt/Data3/wangjun/anaconda3/envs/torch16/lib/python3.7/site-packages/torch/tensor.py", line 185, in backward
    torch.autograd.backward(self, gradient, retain_graph, create_graph)
  File "/mnt/Data3/wangjun/anaconda3/envs/torch16/lib/python3.7/site-packages/torch/autograd/__init__.py", line 127, in backward
    allow_unreachable=True)  # allow_unreachable flag
RuntimeError: CUDA out of memory. Tried to allocate 620.00 MiB (GPU 0; 10.76 GiB total capacity; 4.42 GiB already allocated; 498.44 MiB free; 4.72 GiB reserved in total by PyTorch)
Exception raised from malloc at /opt/conda/conda-bld/pytorch_1595629403081/work/c10/cuda/CUDACachingAllocator.cpp:272 (most recent call first):
frame #0: c10::Error::Error(c10::SourceLocation, std::string) + 0x4d (0x7f321992c77d in /mnt/Data3/wangjun/anaconda3/envs/torch16/lib/python3.7/site-packages/torch/lib/libc10.so)
frame #1: <unknown function> + 0x20626 (0x7f3219b84626 in /mnt/Data3/wangjun/anaconda3/envs/torch16/lib/python3.7/site-packages/torch/lib/libc10_cuda.so)
frame #2: <unknown function> + 0x214f4 (0x7f3219b854f4 in /mnt/Data3/wangjun/anaconda3/envs/torch16/lib/python3.7/site-packages/torch/lib/libc10_cuda.so)
frame #3: <unknown function> + 0x21b81 (0x7f3219b85b81 in /mnt/Data3/wangjun/anaconda3/envs/torch16/lib/python3.7/site-packages/torch/lib/libc10_cuda.so)
frame #4: at::native::empty_cuda(c10::ArrayRef<long>, c10::TensorOptions const&, c10::optional<c10::MemoryFormat>) + 0x249 (0x7f321ca94c79 in /mnt/Data3/wangjun/anaconda3/envs/torch16/lib/python3.7/site-packages/torch/lib/libtorch_cuda.so)
frame #5: <unknown function> + 0xd25dc9 (0x7f321aab7dc9 in /mnt/Data3/wangjun/anaconda3/envs/torch16/lib/python3.7/site-packages/torch/lib/libtorch_cuda.so)
frame #6: <unknown function> + 0xd3fbf7 (0x7f321aad1bf7 in /mnt/Data3/wangjun/anaconda3/envs/torch16/lib/python3.7/site-packages/torch/lib/libtorch_cuda.so)
frame #7: <unknown function> + 0xe450dd (0x7f324cbeb0dd in /mnt/Data3/wangjun/anaconda3/envs/torch16/lib/python3.7/site-packages/torch/lib/libtorch_cpu.so)
frame #8: <unknown function> + 0xe453f7 (0x7f324cbeb3f7 in /mnt/Data3/wangjun/anaconda3/envs/torch16/lib/python3.7/site-packages/torch/lib/libtorch_cpu.so)
frame #9: at::empty(c10::ArrayRef<long>, c10::TensorOptions const&, c10::optional<c10::MemoryFormat>) + 0xfa (0x7f324ccf5e7a in /mnt/Data3/wangjun/anaconda3/envs/torch16/lib/python3.7/site-packages/torch/lib/libtorch_cpu.so)
frame #10: <unknown function> + 0x2c45eed (0x7f324e9ebeed in /mnt/Data3/wangjun/anaconda3/envs/torch16/lib/python3.7/site-packages/torch/lib/libtorch_cpu.so)
frame #11: <unknown function> + 0xe453f7 (0x7f324cbeb3f7 in /mnt/Data3/wangjun/anaconda3/envs/torch16/lib/python3.7/site-packages/torch/lib/libtorch_cpu.so)
frame #12: at::empty(c10::ArrayRef<long>, c10::TensorOptions const&, c10::optional<c10::MemoryFormat>) + 0xfa (0x7f324ccf5e7a in /mnt/Data3/wangjun/anaconda3/envs/torch16/lib/python3.7/site-packages/torch/lib/libtorch_cpu.so)
frame #13: at::native::zeros(c10::ArrayRef<long>, c10::TensorOptions const&) + 0x25 (0x7f324c96d525 in /mnt/Data3/wangjun/anaconda3/envs/torch16/lib/python3.7/site-packages/torch/lib/libtorch_cpu.so)
frame #14: <unknown function> + 0xfe6753 (0x7f324cd8c753 in /mnt/Data3/wangjun/anaconda3/envs/torch16/lib/python3.7/site-packages/torch/lib/libtorch_cpu.so)
frame #15: <unknown function> + 0x2c0e4b9 (0x7f324e9b44b9 in /mnt/Data3/wangjun/anaconda3/envs/torch16/lib/python3.7/site-packages/torch/lib/libtorch_cpu.so)
frame #16: <unknown function> + 0xe45779 (0x7f324cbeb779 in /mnt/Data3/wangjun/anaconda3/envs/torch16/lib/python3.7/site-packages/torch/lib/libtorch_cpu.so)
frame #17: at::zeros(c10::ArrayRef<long>, c10::TensorOptions const&) + 0xd5 (0x7f324cce1415 in /mnt/Data3/wangjun/anaconda3/envs/torch16/lib/python3.7/site-packages/torch/lib/libtorch_cpu.so)
frame #18: torch::autograd::generated::GatherBackward::apply(std::vector<at::Tensor, std::allocator<at::Tensor> >&&) + 0x209 (0x7f324e8263e9 in /mnt/Data3/wangjun/anaconda3/envs/torch16/lib/python3.7/site-packages/torch/lib/libtorch_cpu.so)
frame #19: <unknown function> + 0x30d1017 (0x7f324ee77017 in /mnt/Data3/wangjun/anaconda3/envs/torch16/lib/python3.7/site-packages/torch/lib/libtorch_cpu.so)
frame #20: torch::autograd::Engine::evaluate_function(std::shared_ptr<torch::autograd::GraphTask>&, torch::autograd::Node*, torch::autograd::InputBuffer&, std::shared_ptr<torch::autograd::ReadyQueue> const&) + 0x1400 (0x7f324ee72860 in /mnt/Data3/wangjun/anaconda3/envs/torch16/lib/python3.7/site-packages/torch/lib/libtorch_cpu.so)
frame #21: torch::autograd::Engine::thread_main(std::shared_ptr<torch::autograd::GraphTask> const&) + 0x451 (0x7f324ee73401 in /mnt/Data3/wangjun/anaconda3/envs/torch16/lib/python3.7/site-packages/torch/lib/libtorch_cpu.so)
frame #22: torch::autograd::Engine::thread_init(int, std::shared_ptr<torch::autograd::ReadyQueue> const&, bool) + 0x89 (0x7f324ee6b579 in /mnt/Data3/wangjun/anaconda3/envs/torch16/lib/python3.7/site-packages/torch/lib/libtorch_cpu.so)
frame #23: torch::autograd::python::PythonEngine::thread_init(int, std::shared_ptr<torch::autograd::ReadyQueue> const&, bool) + 0x4a (0x7f325319a99a in /mnt/Data3/wangjun/anaconda3/envs/torch16/lib/python3.7/site-packages/torch/lib/libtorch_python.so)
frame #24: <unknown function> + 0xc9039 (0x7f3255cd2039 in /mnt/Data3/wangjun/anaconda3/envs/torch16/lib/python3.7/site-packages/torch/lib/../../../.././libstdc++.so.6)
frame #25: <unknown function> + 0x9609 (0x7f3277db8609 in /lib/x86_64-linux-gnu/libpthread.so.0)
frame #26: clone + 0x43 (0x7f3277cdf293 in /lib/x86_64-linux-gnu/libc.so.6)

nohup: ignoring input
11/20/2021 23:33:18 - INFO - modules.trainer -   [1/30] Start to train in the training set.
[W TensorIterator.cpp:918] Warning: Mixed memory format inputs detected while calling the operator. The operator will output contiguous tensor even if some of the inputs are in channels_last format. (function operator())
11/20/2021 23:33:22 - INFO - modules.trainer -   [1/30] Step: 0/64, CE Loss: 6.82502, CON Loss: 0.34984.
11/20/2021 23:34:22 - INFO - modules.trainer -   [1/30] Step: 50/64, CE Loss: 4.54474, CON Loss: 0.34438.
11/20/2021 23:34:38 - INFO - modules.trainer -   [1/30] Start to evaluate in the validation set.
11/20/2021 23:34:52 - INFO - modules.trainer -   [1/30] Start to evaluate in the test set.
11/20/2021 23:35:15 - INFO - modules.trainer -   	epoch          : 1
11/20/2021 23:35:15 - INFO - modules.trainer -   	ce_loss        : 4.296964608132839
11/20/2021 23:35:15 - INFO - modules.trainer -   	con            : 0.3435962083749473
11/20/2021 23:35:15 - INFO - modules.trainer -   	val_BLEU_1     : 0.026928755993973805
11/20/2021 23:35:15 - INFO - modules.trainer -   	val_BLEU_2     : 0.018282037716706705
11/20/2021 23:35:15 - INFO - modules.trainer -   	val_BLEU_3     : 0.011354341140847242
11/20/2021 23:35:15 - INFO - modules.trainer -   	val_BLEU_4     : 0.006419285555848008
11/20/2021 23:35:15 - INFO - modules.trainer -   	val_METEOR     : 0.07721812038966894
11/20/2021 23:35:15 - INFO - modules.trainer -   	val_ROUGE_L    : 0.2603905232919702
11/20/2021 23:35:15 - INFO - modules.trainer -   	test_BLEU_1    : 0.03832855995860917
11/20/2021 23:35:15 - INFO - modules.trainer -   	test_BLEU_2    : 0.025634028651752273
11/20/2021 23:35:15 - INFO - modules.trainer -   	test_BLEU_3    : 0.015591883389678802
11/20/2021 23:35:15 - INFO - modules.trainer -   	test_BLEU_4    : 0.00841331938749049
11/20/2021 23:35:15 - INFO - modules.trainer -   	test_METEOR    : 0.08241586723077286
11/20/2021 23:35:15 - INFO - modules.trainer -   	test_ROUGE_L   : 0.26760860980637224
11/20/2021 23:35:18 - INFO - modules.trainer -   Saving checkpoint: results/iu_xray/current_checkpoint.pth ...
11/20/2021 23:35:22 - INFO - modules.trainer -   Saving current best: model_best.pth ...
11/20/2021 23:35:22 - INFO - modules.trainer -   [2/30] Start to train in the training set.
best performance in epoch:  1
11/20/2021 23:35:23 - INFO - modules.trainer -   [2/30] Step: 0/64, CE Loss: 2.97136, CON Loss: 0.33965.
11/20/2021 23:36:23 - INFO - modules.trainer -   [2/30] Step: 50/64, CE Loss: 2.77240, CON Loss: 0.33697.
11/20/2021 23:36:38 - INFO - modules.trainer -   [2/30] Start to evaluate in the validation set.
11/20/2021 23:36:53 - INFO - modules.trainer -   [2/30] Start to evaluate in the test set.
11/20/2021 23:37:15 - INFO - modules.trainer -   	epoch          : 2
11/20/2021 23:37:15 - INFO - modules.trainer -   	ce_loss        : 2.706054102629423
11/20/2021 23:37:15 - INFO - modules.trainer -   	con            : 0.33632693253457546
11/20/2021 23:37:15 - INFO - modules.trainer -   	val_BLEU_1     : 0.3371238310407635
11/20/2021 23:37:15 - INFO - modules.trainer -   	val_BLEU_2     : 0.2332303891825759
11/20/2021 23:37:15 - INFO - modules.trainer -   	val_BLEU_3     : 0.16981346918633805
11/20/2021 23:37:15 - INFO - modules.trainer -   	val_BLEU_4     : 0.12745211143050528
11/20/2021 23:37:15 - INFO - modules.trainer -   	val_METEOR     : 0.17491725600422345
11/20/2021 23:37:15 - INFO - modules.trainer -   	val_ROUGE_L    : 0.36170084981671496
11/20/2021 23:37:15 - INFO - modules.trainer -   	test_BLEU_1    : 0.39141917651581565
11/20/2021 23:37:15 - INFO - modules.trainer -   	test_BLEU_2    : 0.2734557676180349
11/20/2021 23:37:15 - INFO - modules.trainer -   	test_BLEU_3    : 0.20199516789497374
11/20/2021 23:37:15 - INFO - modules.trainer -   	test_BLEU_4    : 0.15408326041906104
11/20/2021 23:37:15 - INFO - modules.trainer -   	test_METEOR    : 0.19456276967465724
11/20/2021 23:37:15 - INFO - modules.trainer -   	test_ROUGE_L   : 0.38111256344152583
11/20/2021 23:37:21 - INFO - modules.trainer -   Saving checkpoint: results/iu_xray/current_checkpoint.pth ...
11/20/2021 23:37:25 - INFO - modules.trainer -   Saving current best: model_best.pth ...
11/20/2021 23:37:25 - INFO - modules.trainer -   [3/30] Start to train in the training set.
best performance in epoch:  2
11/20/2021 23:37:27 - INFO - modules.trainer -   [3/30] Step: 0/64, CE Loss: 2.61253, CON Loss: 0.33315.
11/20/2021 23:38:27 - INFO - modules.trainer -   [3/30] Step: 50/64, CE Loss: 2.23752, CON Loss: 0.33086.
11/20/2021 23:38:42 - INFO - modules.trainer -   [3/30] Start to evaluate in the validation set.
11/20/2021 23:38:56 - INFO - modules.trainer -   [3/30] Start to evaluate in the test set.
11/20/2021 23:39:19 - INFO - modules.trainer -   	epoch          : 3
11/20/2021 23:39:19 - INFO - modules.trainer -   	ce_loss        : 2.1993573680520058
11/20/2021 23:39:19 - INFO - modules.trainer -   	con            : 0.3302670456469059
11/20/2021 23:39:19 - INFO - modules.trainer -   	val_BLEU_1     : 0.21393964444121358
11/20/2021 23:39:19 - INFO - modules.trainer -   	val_BLEU_2     : 0.13411687931270888
11/20/2021 23:39:19 - INFO - modules.trainer -   	val_BLEU_3     : 0.09142454866382582
11/20/2021 23:39:19 - INFO - modules.trainer -   	val_BLEU_4     : 0.06431062002669498
11/20/2021 23:39:19 - INFO - modules.trainer -   	val_METEOR     : 0.12896496674398308
11/20/2021 23:39:19 - INFO - modules.trainer -   	val_ROUGE_L    : 0.3177325973858805
11/20/2021 23:39:19 - INFO - modules.trainer -   	test_BLEU_1    : 0.2615411788947723
11/20/2021 23:39:19 - INFO - modules.trainer -   	test_BLEU_2    : 0.16893010814141357
11/20/2021 23:39:19 - INFO - modules.trainer -   	test_BLEU_3    : 0.1175285443642862
11/20/2021 23:39:19 - INFO - modules.trainer -   	test_BLEU_4    : 0.08327043276430279
11/20/2021 23:39:19 - INFO - modules.trainer -   	test_METEOR    : 0.1471901994115346
11/20/2021 23:39:19 - INFO - modules.trainer -   	test_ROUGE_L   : 0.350398053566186
11/20/2021 23:39:22 - INFO - modules.trainer -   Saving checkpoint: results/iu_xray/current_checkpoint.pth ...
11/20/2021 23:39:22 - INFO - modules.trainer -   [4/30] Start to train in the training set.
best performance in epoch:  2
11/20/2021 23:39:24 - INFO - modules.trainer -   [4/30] Step: 0/64, CE Loss: 2.00948, CON Loss: 0.32733.
11/20/2021 23:40:23 - INFO - modules.trainer -   [4/30] Step: 50/64, CE Loss: 1.96078, CON Loss: 0.32509.
11/20/2021 23:40:39 - INFO - modules.trainer -   [4/30] Start to evaluate in the validation set.
11/20/2021 23:40:54 - INFO - modules.trainer -   [4/30] Start to evaluate in the test set.
11/20/2021 23:41:16 - INFO - modules.trainer -   	epoch          : 4
11/20/2021 23:41:16 - INFO - modules.trainer -   	ce_loss        : 1.9584382586181164
11/20/2021 23:41:16 - INFO - modules.trainer -   	con            : 0.3245059223845601
11/20/2021 23:41:16 - INFO - modules.trainer -   	val_BLEU_1     : 0.20083247955196207
11/20/2021 23:41:16 - INFO - modules.trainer -   	val_BLEU_2     : 0.11927203639259086
11/20/2021 23:41:16 - INFO - modules.trainer -   	val_BLEU_3     : 0.08441725085052262
11/20/2021 23:41:16 - INFO - modules.trainer -   	val_BLEU_4     : 0.06461500784133181
11/20/2021 23:41:16 - INFO - modules.trainer -   	val_METEOR     : 0.10406202363518961
11/20/2021 23:41:16 - INFO - modules.trainer -   	val_ROUGE_L    : 0.29558368351987174
11/20/2021 23:41:16 - INFO - modules.trainer -   	test_BLEU_1    : 0.24178186944390417
11/20/2021 23:41:16 - INFO - modules.trainer -   	test_BLEU_2    : 0.1467842538225476
11/20/2021 23:41:16 - INFO - modules.trainer -   	test_BLEU_3    : 0.10560633273930478
11/20/2021 23:41:16 - INFO - modules.trainer -   	test_BLEU_4    : 0.08111486773067046
11/20/2021 23:41:16 - INFO - modules.trainer -   	test_METEOR    : 0.11948471967094738
11/20/2021 23:41:16 - INFO - modules.trainer -   	test_ROUGE_L   : 0.3121757265516971
11/20/2021 23:41:20 - INFO - modules.trainer -   Saving checkpoint: results/iu_xray/current_checkpoint.pth ...
11/20/2021 23:41:20 - INFO - modules.trainer -   [5/30] Start to train in the training set.
best performance in epoch:  2
11/20/2021 23:41:22 - INFO - modules.trainer -   [5/30] Step: 0/64, CE Loss: 1.95732, CON Loss: 0.32159.
11/20/2021 23:42:22 - INFO - modules.trainer -   [5/30] Step: 50/64, CE Loss: 1.77963, CON Loss: 0.31935.
11/20/2021 23:42:37 - INFO - modules.trainer -   [5/30] Start to evaluate in the validation set.
11/20/2021 23:42:52 - INFO - modules.trainer -   [5/30] Start to evaluate in the test set.
11/20/2021 23:43:13 - INFO - modules.trainer -   	epoch          : 5
11/20/2021 23:43:13 - INFO - modules.trainer -   	ce_loss        : 1.789459876716137
11/20/2021 23:43:13 - INFO - modules.trainer -   	con            : 0.3187597105279565
11/20/2021 23:43:13 - INFO - modules.trainer -   	val_BLEU_1     : 0.1988625889127359
11/20/2021 23:43:13 - INFO - modules.trainer -   	val_BLEU_2     : 0.1180353903908086
11/20/2021 23:43:13 - INFO - modules.trainer -   	val_BLEU_3     : 0.0835544869652126
11/20/2021 23:43:13 - INFO - modules.trainer -   	val_BLEU_4     : 0.06400886298630389
11/20/2021 23:43:13 - INFO - modules.trainer -   	val_METEOR     : 0.1034722429799017
11/20/2021 23:43:13 - INFO - modules.trainer -   	val_ROUGE_L    : 0.29474007494202537
11/20/2021 23:43:13 - INFO - modules.trainer -   	test_BLEU_1    : 0.2414891728040812
11/20/2021 23:43:13 - INFO - modules.trainer -   	test_BLEU_2    : 0.14657508017251872
11/20/2021 23:43:13 - INFO - modules.trainer -   	test_BLEU_3    : 0.10545486468993152
11/20/2021 23:43:13 - INFO - modules.trainer -   	test_BLEU_4    : 0.08101704657824713
11/20/2021 23:43:13 - INFO - modules.trainer -   	test_METEOR    : 0.11945841070409312
11/20/2021 23:43:13 - INFO - modules.trainer -   	test_ROUGE_L   : 0.3121804906222145
11/20/2021 23:43:17 - INFO - modules.trainer -   Saving checkpoint: results/iu_xray/current_checkpoint.pth ...
11/20/2021 23:43:17 - INFO - modules.trainer -   [6/30] Start to train in the training set.
best performance in epoch:  2
11/20/2021 23:43:19 - INFO - modules.trainer -   [6/30] Step: 0/64, CE Loss: 1.80052, CON Loss: 0.31582.
11/20/2021 23:44:18 - INFO - modules.trainer -   [6/30] Step: 50/64, CE Loss: 1.65355, CON Loss: 0.31356.
11/20/2021 23:44:34 - INFO - modules.trainer -   [6/30] Start to evaluate in the validation set.
11/20/2021 23:44:48 - INFO - modules.trainer -   [6/30] Start to evaluate in the test set.
11/20/2021 23:45:10 - INFO - modules.trainer -   	epoch          : 6
11/20/2021 23:45:10 - INFO - modules.trainer -   	ce_loss        : 1.6720725856721401
11/20/2021 23:45:10 - INFO - modules.trainer -   	con            : 0.31297504296526313
11/20/2021 23:45:10 - INFO - modules.trainer -   	val_BLEU_1     : 0.30981361536438057
11/20/2021 23:45:10 - INFO - modules.trainer -   	val_BLEU_2     : 0.2000380679786031
11/20/2021 23:45:10 - INFO - modules.trainer -   	val_BLEU_3     : 0.14017455611387541
11/20/2021 23:45:10 - INFO - modules.trainer -   	val_BLEU_4     : 0.1007968080216328
11/20/2021 23:45:10 - INFO - modules.trainer -   	val_METEOR     : 0.14191850536701148
11/20/2021 23:45:10 - INFO - modules.trainer -   	val_ROUGE_L    : 0.3349660051120031
11/20/2021 23:45:10 - INFO - modules.trainer -   	test_BLEU_1    : 0.3629762941158059
11/20/2021 23:45:10 - INFO - modules.trainer -   	test_BLEU_2    : 0.2359726034706819
11/20/2021 23:45:10 - INFO - modules.trainer -   	test_BLEU_3    : 0.16685387678891664
11/20/2021 23:45:10 - INFO - modules.trainer -   	test_BLEU_4    : 0.12124370696108533
11/20/2021 23:45:10 - INFO - modules.trainer -   	test_METEOR    : 0.16069691023940755
11/20/2021 23:45:10 - INFO - modules.trainer -   	test_ROUGE_L   : 0.3658627845181087
11/20/2021 23:45:14 - INFO - modules.trainer -   Saving checkpoint: results/iu_xray/current_checkpoint.pth ...
11/20/2021 23:45:14 - INFO - modules.trainer -   [7/30] Start to train in the training set.
best performance in epoch:  2
11/20/2021 23:45:15 - INFO - modules.trainer -   [7/30] Step: 0/64, CE Loss: 1.51608, CON Loss: 0.31008.
11/20/2021 23:46:14 - INFO - modules.trainer -   [7/30] Step: 50/64, CE Loss: 1.54557, CON Loss: 0.30783.
11/20/2021 23:46:29 - INFO - modules.trainer -   [7/30] Start to evaluate in the validation set.
11/20/2021 23:46:44 - INFO - modules.trainer -   [7/30] Start to evaluate in the test set.
11/20/2021 23:47:06 - INFO - modules.trainer -   	epoch          : 7
11/20/2021 23:47:06 - INFO - modules.trainer -   	ce_loss        : 1.564564211294055
11/20/2021 23:47:06 - INFO - modules.trainer -   	con            : 0.30723635014146566
11/20/2021 23:47:06 - INFO - modules.trainer -   	val_BLEU_1     : 0.1988625889127359
11/20/2021 23:47:06 - INFO - modules.trainer -   	val_BLEU_2     : 0.1180353903908086
11/20/2021 23:47:06 - INFO - modules.trainer -   	val_BLEU_3     : 0.0835544869652126
11/20/2021 23:47:06 - INFO - modules.trainer -   	val_BLEU_4     : 0.06400886298630389
11/20/2021 23:47:06 - INFO - modules.trainer -   	val_METEOR     : 0.1034722429799017
11/20/2021 23:47:06 - INFO - modules.trainer -   	val_ROUGE_L    : 0.29474007494202537
11/20/2021 23:47:06 - INFO - modules.trainer -   	test_BLEU_1    : 0.24213696040476254
11/20/2021 23:47:06 - INFO - modules.trainer -   	test_BLEU_2    : 0.14706664236080783
11/20/2021 23:47:06 - INFO - modules.trainer -   	test_BLEU_3    : 0.10583119284045601
11/20/2021 23:47:06 - INFO - modules.trainer -   	test_BLEU_4    : 0.08128695037393077
11/20/2021 23:47:06 - INFO - modules.trainer -   	test_METEOR    : 0.11957975721060385
11/20/2021 23:47:06 - INFO - modules.trainer -   	test_ROUGE_L   : 0.3123519754776904
11/20/2021 23:47:09 - INFO - modules.trainer -   Saving checkpoint: results/iu_xray/current_checkpoint.pth ...
11/20/2021 23:47:09 - INFO - modules.trainer -   [8/30] Start to train in the training set.
best performance in epoch:  2
11/20/2021 23:47:11 - INFO - modules.trainer -   [8/30] Step: 0/64, CE Loss: 1.34032, CON Loss: 0.30427.
11/20/2021 23:48:11 - INFO - modules.trainer -   [8/30] Step: 50/64, CE Loss: 1.44804, CON Loss: 0.30197.
11/20/2021 23:48:26 - INFO - modules.trainer -   [8/30] Start to evaluate in the validation set.
11/20/2021 23:48:40 - INFO - modules.trainer -   [8/30] Start to evaluate in the test set.
11/20/2021 23:49:02 - INFO - modules.trainer -   	epoch          : 8
11/20/2021 23:49:02 - INFO - modules.trainer -   	ce_loss        : 1.4610384851694107
11/20/2021 23:49:02 - INFO - modules.trainer -   	con            : 0.3013620674610138
11/20/2021 23:49:02 - INFO - modules.trainer -   	val_BLEU_1     : 0.24811878418285033
11/20/2021 23:49:02 - INFO - modules.trainer -   	val_BLEU_2     : 0.14253306344139316
11/20/2021 23:49:02 - INFO - modules.trainer -   	val_BLEU_3     : 0.09823272891812136
11/20/2021 23:49:02 - INFO - modules.trainer -   	val_BLEU_4     : 0.0731751220904465
11/20/2021 23:49:02 - INFO - modules.trainer -   	val_METEOR     : 0.11145318463373363
11/20/2021 23:49:02 - INFO - modules.trainer -   	val_ROUGE_L    : 0.29528160590755925
11/20/2021 23:49:02 - INFO - modules.trainer -   	test_BLEU_1    : 0.27917754620041113
11/20/2021 23:49:02 - INFO - modules.trainer -   	test_BLEU_2    : 0.166214448724418
11/20/2021 23:49:02 - INFO - modules.trainer -   	test_BLEU_3    : 0.11792072904219031
11/20/2021 23:49:02 - INFO - modules.trainer -   	test_BLEU_4    : 0.08905897086675499
11/20/2021 23:49:02 - INFO - modules.trainer -   	test_METEOR    : 0.12551209076067826
11/20/2021 23:49:02 - INFO - modules.trainer -   	test_ROUGE_L   : 0.31220791652598007
11/20/2021 23:49:06 - INFO - modules.trainer -   Saving checkpoint: results/iu_xray/current_checkpoint.pth ...
11/20/2021 23:49:06 - INFO - modules.trainer -   [9/30] Start to train in the training set.
best performance in epoch:  2
11/20/2021 23:49:08 - INFO - modules.trainer -   [9/30] Step: 0/64, CE Loss: 1.41685, CON Loss: 0.29832.
11/20/2021 23:50:07 - INFO - modules.trainer -   [9/30] Step: 50/64, CE Loss: 1.35293, CON Loss: 0.29594.
11/20/2021 23:50:23 - INFO - modules.trainer -   [9/30] Start to evaluate in the validation set.
11/20/2021 23:50:37 - INFO - modules.trainer -   [9/30] Start to evaluate in the test set.
11/20/2021 23:50:59 - INFO - modules.trainer -   	epoch          : 9
11/20/2021 23:50:59 - INFO - modules.trainer -   	ce_loss        : 1.3642015736550093
11/20/2021 23:50:59 - INFO - modules.trainer -   	con            : 0.2953105098567903
11/20/2021 23:50:59 - INFO - modules.trainer -   	val_BLEU_1     : 0.40518679535935775
11/20/2021 23:50:59 - INFO - modules.trainer -   	val_BLEU_2     : 0.2557229349094034
11/20/2021 23:50:59 - INFO - modules.trainer -   	val_BLEU_3     : 0.17625226250708045
11/20/2021 23:50:59 - INFO - modules.trainer -   	val_BLEU_4     : 0.12672300457277447
11/20/2021 23:50:59 - INFO - modules.trainer -   	val_METEOR     : 0.15838681255640558
11/20/2021 23:50:59 - INFO - modules.trainer -   	val_ROUGE_L    : 0.3340990784399004
11/20/2021 23:50:59 - INFO - modules.trainer -   	test_BLEU_1    : 0.4480468969337028
11/20/2021 23:50:59 - INFO - modules.trainer -   	test_BLEU_2    : 0.28447396122916246
11/20/2021 23:50:59 - INFO - modules.trainer -   	test_BLEU_3    : 0.1969554444930298
11/20/2021 23:50:59 - INFO - modules.trainer -   	test_BLEU_4    : 0.14111148844028756
11/20/2021 23:50:59 - INFO - modules.trainer -   	test_METEOR    : 0.17559448244963105
11/20/2021 23:50:59 - INFO - modules.trainer -   	test_ROUGE_L   : 0.35736453525524464
11/20/2021 23:51:04 - INFO - modules.trainer -   Saving checkpoint: results/iu_xray/current_checkpoint.pth ...
11/20/2021 23:51:04 - INFO - modules.trainer -   [10/30] Start to train in the training set.
best performance in epoch:  2
11/20/2021 23:51:06 - INFO - modules.trainer -   [10/30] Step: 0/64, CE Loss: 1.27881, CON Loss: 0.29214.
11/20/2021 23:52:05 - INFO - modules.trainer -   [10/30] Step: 50/64, CE Loss: 1.27282, CON Loss: 0.28963.
11/20/2021 23:52:21 - INFO - modules.trainer -   [10/30] Start to evaluate in the validation set.
11/20/2021 23:52:36 - INFO - modules.trainer -   [10/30] Start to evaluate in the test set.
11/20/2021 23:52:57 - INFO - modules.trainer -   	epoch          : 10
11/20/2021 23:52:57 - INFO - modules.trainer -   	ce_loss        : 1.2834362387657166
11/20/2021 23:52:57 - INFO - modules.trainer -   	con            : 0.28897507581859827
11/20/2021 23:52:57 - INFO - modules.trainer -   	val_BLEU_1     : 0.4240334042803532
11/20/2021 23:52:57 - INFO - modules.trainer -   	val_BLEU_2     : 0.262676702631322
11/20/2021 23:52:57 - INFO - modules.trainer -   	val_BLEU_3     : 0.17736862370473047
11/20/2021 23:52:57 - INFO - modules.trainer -   	val_BLEU_4     : 0.12461251265808043
11/20/2021 23:52:57 - INFO - modules.trainer -   	val_METEOR     : 0.15868882585839497
11/20/2021 23:52:57 - INFO - modules.trainer -   	val_ROUGE_L    : 0.33107339932711866
11/20/2021 23:52:57 - INFO - modules.trainer -   	test_BLEU_1    : 0.48016862389243636
11/20/2021 23:52:57 - INFO - modules.trainer -   	test_BLEU_2    : 0.30856603929553106
11/20/2021 23:52:57 - INFO - modules.trainer -   	test_BLEU_3    : 0.21889463946464313
11/20/2021 23:52:57 - INFO - modules.trainer -   	test_BLEU_4    : 0.1618815742111476
11/20/2021 23:52:57 - INFO - modules.trainer -   	test_METEOR    : 0.18284854928192462
11/20/2021 23:52:57 - INFO - modules.trainer -   	test_ROUGE_L   : 0.3640708109375859
11/20/2021 23:53:01 - INFO - modules.trainer -   Saving checkpoint: results/iu_xray/current_checkpoint.pth ...
11/20/2021 23:53:01 - INFO - modules.trainer -   [11/30] Start to train in the training set.
best performance in epoch:  2
11/20/2021 23:53:02 - INFO - modules.trainer -   [11/30] Step: 0/64, CE Loss: 1.15476, CON Loss: 0.28569.
11/20/2021 23:54:01 - INFO - modules.trainer -   [11/30] Step: 50/64, CE Loss: 1.13762, CON Loss: 0.28361.
11/20/2021 23:54:17 - INFO - modules.trainer -   [11/30] Start to evaluate in the validation set.
11/20/2021 23:54:32 - INFO - modules.trainer -   [11/30] Start to evaluate in the test set.
11/20/2021 23:54:53 - INFO - modules.trainer -   	epoch          : 11
11/20/2021 23:54:53 - INFO - modules.trainer -   	ce_loss        : 1.152441093698144
11/20/2021 23:54:53 - INFO - modules.trainer -   	con            : 0.28306329529732466
11/20/2021 23:54:53 - INFO - modules.trainer -   	val_BLEU_1     : 0.1988625889127359
11/20/2021 23:54:53 - INFO - modules.trainer -   	val_BLEU_2     : 0.11809776048255376
11/20/2021 23:54:53 - INFO - modules.trainer -   	val_BLEU_3     : 0.08368892295709034
11/20/2021 23:54:53 - INFO - modules.trainer -   	val_BLEU_4     : 0.06418012539798648
11/20/2021 23:54:53 - INFO - modules.trainer -   	val_METEOR     : 0.1033964611877925
11/20/2021 23:54:53 - INFO - modules.trainer -   	val_ROUGE_L    : 0.2947987566004255
11/20/2021 23:54:53 - INFO - modules.trainer -   	test_BLEU_1    : 0.24140548222262076
11/20/2021 23:54:53 - INFO - modules.trainer -   	test_BLEU_2    : 0.146439780875564
11/20/2021 23:54:53 - INFO - modules.trainer -   	test_BLEU_3    : 0.10532888183462456
11/20/2021 23:54:53 - INFO - modules.trainer -   	test_BLEU_4    : 0.08088840843938545
11/20/2021 23:54:53 - INFO - modules.trainer -   	test_METEOR    : 0.11933803789907468
11/20/2021 23:54:53 - INFO - modules.trainer -   	test_ROUGE_L   : 0.31208222261777224
11/20/2021 23:54:57 - INFO - modules.trainer -   Saving checkpoint: results/iu_xray/current_checkpoint.pth ...
11/20/2021 23:54:57 - INFO - modules.trainer -   [12/30] Start to train in the training set.
best performance in epoch:  2
11/20/2021 23:54:59 - INFO - modules.trainer -   [12/30] Step: 0/64, CE Loss: 0.88048, CON Loss: 0.28031.
11/20/2021 23:55:58 - INFO - modules.trainer -   [12/30] Step: 50/64, CE Loss: 1.04674, CON Loss: 0.27811.
11/20/2021 23:56:14 - INFO - modules.trainer -   [12/30] Start to evaluate in the validation set.
11/20/2021 23:56:28 - INFO - modules.trainer -   [12/30] Start to evaluate in the test set.
11/20/2021 23:56:50 - INFO - modules.trainer -   	epoch          : 12
11/20/2021 23:56:50 - INFO - modules.trainer -   	ce_loss        : 1.0581154972314835
11/20/2021 23:56:50 - INFO - modules.trainer -   	con            : 0.2775286636315286
11/20/2021 23:56:50 - INFO - modules.trainer -   	val_BLEU_1     : 0.2694666201560407
11/20/2021 23:56:50 - INFO - modules.trainer -   	val_BLEU_2     : 0.15033245945428686
11/20/2021 23:56:50 - INFO - modules.trainer -   	val_BLEU_3     : 0.09112496640829768
11/20/2021 23:56:50 - INFO - modules.trainer -   	val_BLEU_4     : 0.05823954444159957
11/20/2021 23:56:50 - INFO - modules.trainer -   	val_METEOR     : 0.12449786932331519
11/20/2021 23:56:50 - INFO - modules.trainer -   	val_ROUGE_L    : 0.2456547161022363
11/20/2021 23:56:50 - INFO - modules.trainer -   	test_BLEU_1    : 0.3010915054638002
11/20/2021 23:56:50 - INFO - modules.trainer -   	test_BLEU_2    : 0.17550958899596433
11/20/2021 23:56:50 - INFO - modules.trainer -   	test_BLEU_3    : 0.1134265156627486
11/20/2021 23:56:50 - INFO - modules.trainer -   	test_BLEU_4    : 0.07803659709606901
11/20/2021 23:56:50 - INFO - modules.trainer -   	test_METEOR    : 0.1384298119851587
11/20/2021 23:56:50 - INFO - modules.trainer -   	test_ROUGE_L   : 0.2771906423237748
11/20/2021 23:56:54 - INFO - modules.trainer -   Saving checkpoint: results/iu_xray/current_checkpoint.pth ...
11/20/2021 23:56:54 - INFO - modules.trainer -   [13/30] Start to train in the training set.
best performance in epoch:  2
11/20/2021 23:56:56 - INFO - modules.trainer -   [13/30] Step: 0/64, CE Loss: 0.81353, CON Loss: 0.27464.
11/20/2021 23:57:55 - INFO - modules.trainer -   [13/30] Step: 50/64, CE Loss: 0.97631, CON Loss: 0.27233.
11/20/2021 23:58:10 - INFO - modules.trainer -   [13/30] Start to evaluate in the validation set.
11/20/2021 23:58:25 - INFO - modules.trainer -   [13/30] Start to evaluate in the test set.
11/20/2021 23:58:46 - INFO - modules.trainer -   	epoch          : 13
11/20/2021 23:58:46 - INFO - modules.trainer -   	ce_loss        : 0.9902874566614628
11/20/2021 23:58:46 - INFO - modules.trainer -   	con            : 0.2717211707495153
11/20/2021 23:58:46 - INFO - modules.trainer -   	val_BLEU_1     : 0.21171369194248915
11/20/2021 23:58:46 - INFO - modules.trainer -   	val_BLEU_2     : 0.12527231623324933
11/20/2021 23:58:46 - INFO - modules.trainer -   	val_BLEU_3     : 0.08811951964524264
11/20/2021 23:58:46 - INFO - modules.trainer -   	val_BLEU_4     : 0.06723187397586741
11/20/2021 23:58:46 - INFO - modules.trainer -   	val_METEOR     : 0.10532944108671105
11/20/2021 23:58:46 - INFO - modules.trainer -   	val_ROUGE_L    : 0.2950258010664671
11/20/2021 23:58:46 - INFO - modules.trainer -   	test_BLEU_1    : 0.2518764168790368
11/20/2021 23:58:46 - INFO - modules.trainer -   	test_BLEU_2    : 0.152370699401926
11/20/2021 23:58:46 - INFO - modules.trainer -   	test_BLEU_3    : 0.10900946496873781
11/20/2021 23:58:46 - INFO - modules.trainer -   	test_BLEU_4    : 0.08336185084714179
11/20/2021 23:58:46 - INFO - modules.trainer -   	test_METEOR    : 0.12162623867936377
11/20/2021 23:58:46 - INFO - modules.trainer -   	test_ROUGE_L   : 0.3127389351271691
11/20/2021 23:58:50 - INFO - modules.trainer -   Saving checkpoint: results/iu_xray/current_checkpoint.pth ...
11/20/2021 23:58:50 - INFO - modules.trainer -   [14/30] Start to train in the training set.
best performance in epoch:  2
11/20/2021 23:58:52 - INFO - modules.trainer -   [14/30] Step: 0/64, CE Loss: 0.88856, CON Loss: 0.26867.
11/20/2021 23:59:51 - INFO - modules.trainer -   [14/30] Step: 50/64, CE Loss: 0.91226, CON Loss: 0.26624.
11/21/2021 00:00:06 - INFO - modules.trainer -   [14/30] Start to evaluate in the validation set.
11/21/2021 00:00:21 - INFO - modules.trainer -   [14/30] Start to evaluate in the test set.
11/21/2021 00:00:42 - INFO - modules.trainer -   	epoch          : 14
11/21/2021 00:00:42 - INFO - modules.trainer -   	ce_loss        : 0.9260797146707773
11/21/2021 00:00:42 - INFO - modules.trainer -   	con            : 0.26559304259717464
11/21/2021 00:00:42 - INFO - modules.trainer -   	val_BLEU_1     : 0.27485648706569343
11/21/2021 00:00:42 - INFO - modules.trainer -   	val_BLEU_2     : 0.16507901942871234
11/21/2021 00:00:42 - INFO - modules.trainer -   	val_BLEU_3     : 0.1141262133180081
11/21/2021 00:00:42 - INFO - modules.trainer -   	val_BLEU_4     : 0.08465170562698247
11/21/2021 00:00:42 - INFO - modules.trainer -   	val_METEOR     : 0.12081392915590293
11/21/2021 00:00:42 - INFO - modules.trainer -   	val_ROUGE_L    : 0.30340579196864187
11/21/2021 00:00:42 - INFO - modules.trainer -   	test_BLEU_1    : 0.3002019222091494
11/21/2021 00:00:42 - INFO - modules.trainer -   	test_BLEU_2    : 0.18277992920614458
11/21/2021 00:00:42 - INFO - modules.trainer -   	test_BLEU_3    : 0.12976267639125144
11/21/2021 00:00:42 - INFO - modules.trainer -   	test_BLEU_4    : 0.0976447001715031
11/21/2021 00:00:42 - INFO - modules.trainer -   	test_METEOR    : 0.13293808437499927
11/21/2021 00:00:42 - INFO - modules.trainer -   	test_ROUGE_L   : 0.3194514516079171
11/21/2021 00:00:46 - INFO - modules.trainer -   Saving checkpoint: results/iu_xray/current_checkpoint.pth ...
11/21/2021 00:00:46 - INFO - modules.trainer -   [15/30] Start to train in the training set.
best performance in epoch:  2
11/21/2021 00:00:47 - INFO - modules.trainer -   [15/30] Step: 0/64, CE Loss: 0.76658, CON Loss: 0.26237.
11/21/2021 00:01:47 - INFO - modules.trainer -   [15/30] Step: 50/64, CE Loss: 0.84969, CON Loss: 0.25984.
11/21/2021 00:02:02 - INFO - modules.trainer -   [15/30] Start to evaluate in the validation set.
11/21/2021 00:02:17 - INFO - modules.trainer -   [15/30] Start to evaluate in the test set.
11/21/2021 00:02:39 - INFO - modules.trainer -   	epoch          : 15
11/21/2021 00:02:39 - INFO - modules.trainer -   	ce_loss        : 0.8678313484415412
11/21/2021 00:02:39 - INFO - modules.trainer -   	con            : 0.2591602932661772
11/21/2021 00:02:39 - INFO - modules.trainer -   	val_BLEU_1     : 0.243960660235577
11/21/2021 00:02:39 - INFO - modules.trainer -   	val_BLEU_2     : 0.1465215209596391
11/21/2021 00:02:39 - INFO - modules.trainer -   	val_BLEU_3     : 0.10306925042740808
11/21/2021 00:02:39 - INFO - modules.trainer -   	val_BLEU_4     : 0.07807034861543743
11/21/2021 00:02:39 - INFO - modules.trainer -   	val_METEOR     : 0.11635666770523459
11/21/2021 00:02:39 - INFO - modules.trainer -   	val_ROUGE_L    : 0.30178268988834106
11/21/2021 00:02:39 - INFO - modules.trainer -   	test_BLEU_1    : 0.2827234727674683
11/21/2021 00:02:39 - INFO - modules.trainer -   	test_BLEU_2    : 0.1742264202008663
11/21/2021 00:02:39 - INFO - modules.trainer -   	test_BLEU_3    : 0.12429405372855785
11/21/2021 00:02:39 - INFO - modules.trainer -   	test_BLEU_4    : 0.0938811721723039
11/21/2021 00:02:39 - INFO - modules.trainer -   	test_METEOR    : 0.1309662816369562
11/21/2021 00:02:39 - INFO - modules.trainer -   	test_ROUGE_L   : 0.3166731746327801
11/21/2021 00:02:42 - INFO - modules.trainer -   Saving checkpoint: results/iu_xray/current_checkpoint.pth ...
11/21/2021 00:02:42 - INFO - modules.trainer -   [16/30] Start to train in the training set.
best performance in epoch:  2
11/21/2021 00:02:44 - INFO - modules.trainer -   [16/30] Step: 0/64, CE Loss: 0.72182, CON Loss: 0.25576.
11/21/2021 00:03:43 - INFO - modules.trainer -   [16/30] Step: 50/64, CE Loss: 0.81301, CON Loss: 0.25308.
11/21/2021 00:03:58 - INFO - modules.trainer -   [16/30] Start to evaluate in the validation set.
11/21/2021 00:04:13 - INFO - modules.trainer -   [16/30] Start to evaluate in the test set.
11/21/2021 00:04:35 - INFO - modules.trainer -   	epoch          : 16
11/21/2021 00:04:35 - INFO - modules.trainer -   	ce_loss        : 0.8219414437189698
11/21/2021 00:04:35 - INFO - modules.trainer -   	con            : 0.25237364042550325
11/21/2021 00:04:35 - INFO - modules.trainer -   	val_BLEU_1     : 0.40885593928900893
11/21/2021 00:04:35 - INFO - modules.trainer -   	val_BLEU_2     : 0.2474026067903657
11/21/2021 00:04:35 - INFO - modules.trainer -   	val_BLEU_3     : 0.16708192822337073
11/21/2021 00:04:35 - INFO - modules.trainer -   	val_BLEU_4     : 0.12115679293891249
11/21/2021 00:04:35 - INFO - modules.trainer -   	val_METEOR     : 0.1555084343338921
11/21/2021 00:04:35 - INFO - modules.trainer -   	val_ROUGE_L    : 0.3470412685865187
11/21/2021 00:04:35 - INFO - modules.trainer -   	test_BLEU_1    : 0.4438125607609058
11/21/2021 00:04:35 - INFO - modules.trainer -   	test_BLEU_2    : 0.27012465328443186
11/21/2021 00:04:35 - INFO - modules.trainer -   	test_BLEU_3    : 0.18481595827886102
11/21/2021 00:04:35 - INFO - modules.trainer -   	test_BLEU_4    : 0.134594339878146
11/21/2021 00:04:35 - INFO - modules.trainer -   	test_METEOR    : 0.16889111343238408
11/21/2021 00:04:35 - INFO - modules.trainer -   	test_ROUGE_L   : 0.36476011056174157
11/21/2021 00:04:38 - INFO - modules.trainer -   Saving checkpoint: results/iu_xray/current_checkpoint.pth ...
11/21/2021 00:04:38 - INFO - modules.trainer -   [17/30] Start to train in the training set.
best performance in epoch:  2
11/21/2021 00:04:40 - INFO - modules.trainer -   [17/30] Step: 0/64, CE Loss: 0.74815, CON Loss: 0.24882.
11/21/2021 00:05:40 - INFO - modules.trainer -   [17/30] Step: 50/64, CE Loss: 0.75612, CON Loss: 0.24601.
11/21/2021 00:05:55 - INFO - modules.trainer -   [17/30] Start to evaluate in the validation set.
11/21/2021 00:06:09 - INFO - modules.trainer -   [17/30] Start to evaluate in the test set.
11/21/2021 00:06:31 - INFO - modules.trainer -   	epoch          : 17
11/21/2021 00:06:31 - INFO - modules.trainer -   	ce_loss        : 0.7723404327407479
11/21/2021 00:06:31 - INFO - modules.trainer -   	con            : 0.2452726827468723
11/21/2021 00:06:31 - INFO - modules.trainer -   	val_BLEU_1     : 0.2797859811357603
11/21/2021 00:06:31 - INFO - modules.trainer -   	val_BLEU_2     : 0.16767753044375694
11/21/2021 00:06:31 - INFO - modules.trainer -   	val_BLEU_3     : 0.11811276428174305
11/21/2021 00:06:31 - INFO - modules.trainer -   	val_BLEU_4     : 0.089930623880332
11/21/2021 00:06:31 - INFO - modules.trainer -   	val_METEOR     : 0.12194977999022716
11/21/2021 00:06:31 - INFO - modules.trainer -   	val_ROUGE_L    : 0.30582496146646315
11/21/2021 00:06:31 - INFO - modules.trainer -   	test_BLEU_1    : 0.30802256812463824
11/21/2021 00:06:31 - INFO - modules.trainer -   	test_BLEU_2    : 0.18969970593061783
11/21/2021 00:06:31 - INFO - modules.trainer -   	test_BLEU_3    : 0.13735827121091834
11/21/2021 00:06:31 - INFO - modules.trainer -   	test_BLEU_4    : 0.10634182158901176
11/21/2021 00:06:31 - INFO - modules.trainer -   	test_METEOR    : 0.13278201869898382
11/21/2021 00:06:31 - INFO - modules.trainer -   	test_ROUGE_L   : 0.32105282230737303
11/21/2021 00:06:34 - INFO - modules.trainer -   Saving checkpoint: results/iu_xray/current_checkpoint.pth ...
11/21/2021 00:06:34 - INFO - modules.trainer -   [18/30] Start to train in the training set.
best performance in epoch:  2
11/21/2021 00:06:36 - INFO - modules.trainer -   [18/30] Step: 0/64, CE Loss: 0.63488, CON Loss: 0.24157.
11/21/2021 00:07:35 - INFO - modules.trainer -   [18/30] Step: 50/64, CE Loss: 0.72148, CON Loss: 0.23863.
11/21/2021 00:07:50 - INFO - modules.trainer -   [18/30] Start to evaluate in the validation set.
11/21/2021 00:08:05 - INFO - modules.trainer -   [18/30] Start to evaluate in the test set.
11/21/2021 00:08:27 - INFO - modules.trainer -   	epoch          : 18
11/21/2021 00:08:27 - INFO - modules.trainer -   	ce_loss        : 0.7265058904886246
11/21/2021 00:08:27 - INFO - modules.trainer -   	con            : 0.2378494841977954
11/21/2021 00:08:27 - INFO - modules.trainer -   	val_BLEU_1     : 0.20809078590319435
11/21/2021 00:08:27 - INFO - modules.trainer -   	val_BLEU_2     : 0.12362756214979
11/21/2021 00:08:27 - INFO - modules.trainer -   	val_BLEU_3     : 0.08649222128890291
11/21/2021 00:08:27 - INFO - modules.trainer -   	val_BLEU_4     : 0.06546436598965903
11/21/2021 00:08:27 - INFO - modules.trainer -   	val_METEOR     : 0.10750870891160566
11/21/2021 00:08:27 - INFO - modules.trainer -   	val_ROUGE_L    : 0.29390096883809547
11/21/2021 00:08:27 - INFO - modules.trainer -   	test_BLEU_1    : 0.25365065918443563
11/21/2021 00:08:27 - INFO - modules.trainer -   	test_BLEU_2    : 0.15439358223876185
11/21/2021 00:08:27 - INFO - modules.trainer -   	test_BLEU_3    : 0.1105072970685901
11/21/2021 00:08:27 - INFO - modules.trainer -   	test_BLEU_4    : 0.08428143079404146
11/21/2021 00:08:27 - INFO - modules.trainer -   	test_METEOR    : 0.12221508459215254
11/21/2021 00:08:27 - INFO - modules.trainer -   	test_ROUGE_L   : 0.31160216506219834
11/21/2021 00:08:30 - INFO - modules.trainer -   Saving checkpoint: results/iu_xray/current_checkpoint.pth ...
11/21/2021 00:08:30 - INFO - modules.trainer -   [19/30] Start to train in the training set.
best performance in epoch:  2
11/21/2021 00:08:32 - INFO - modules.trainer -   [19/30] Step: 0/64, CE Loss: 0.58817, CON Loss: 0.23397.
11/21/2021 00:09:30 - INFO - modules.trainer -   [19/30] Step: 50/64, CE Loss: 0.66688, CON Loss: 0.23088.
11/21/2021 00:09:45 - INFO - modules.trainer -   [19/30] Start to evaluate in the validation set.
11/21/2021 00:10:00 - INFO - modules.trainer -   [19/30] Start to evaluate in the test set.
11/21/2021 00:10:21 - INFO - modules.trainer -   	epoch          : 19
11/21/2021 00:10:21 - INFO - modules.trainer -   	ce_loss        : 0.6820129752159119
11/21/2021 00:10:21 - INFO - modules.trainer -   	con            : 0.23006444051861763
11/21/2021 00:10:21 - INFO - modules.trainer -   	val_BLEU_1     : 0.4816137438470725
11/21/2021 00:10:21 - INFO - modules.trainer -   	val_BLEU_2     : 0.3006481427274868
11/21/2021 00:10:21 - INFO - modules.trainer -   	val_BLEU_3     : 0.20171128076738967
11/21/2021 00:10:21 - INFO - modules.trainer -   	val_BLEU_4     : 0.14390538827902666
11/21/2021 00:10:21 - INFO - modules.trainer -   	val_METEOR     : 0.1884114529152636
11/21/2021 00:10:21 - INFO - modules.trainer -   	val_ROUGE_L    : 0.3563074489801872
11/21/2021 00:10:21 - INFO - modules.trainer -   	test_BLEU_1    : 0.4708878838371592
11/21/2021 00:10:21 - INFO - modules.trainer -   	test_BLEU_2    : 0.2963299203394171
11/21/2021 00:10:21 - INFO - modules.trainer -   	test_BLEU_3    : 0.20171479070664103
11/21/2021 00:10:21 - INFO - modules.trainer -   	test_BLEU_4    : 0.14688804409001782
11/21/2021 00:10:21 - INFO - modules.trainer -   	test_METEOR    : 0.20511924517809021
11/21/2021 00:10:21 - INFO - modules.trainer -   	test_ROUGE_L   : 0.371686260929435
11/21/2021 00:10:25 - INFO - modules.trainer -   Saving checkpoint: results/iu_xray/current_checkpoint.pth ...
11/21/2021 00:10:28 - INFO - modules.trainer -   Saving current best: model_best.pth ...
11/21/2021 00:10:28 - INFO - modules.trainer -   [20/30] Start to train in the training set.
best performance in epoch:  19
11/21/2021 00:10:30 - INFO - modules.trainer -   [20/30] Step: 0/64, CE Loss: 0.53768, CON Loss: 0.22601.
11/21/2021 00:11:30 - INFO - modules.trainer -   [20/30] Step: 50/64, CE Loss: 0.64450, CON Loss: 0.22281.
11/21/2021 00:11:46 - INFO - modules.trainer -   [20/30] Start to evaluate in the validation set.
11/21/2021 00:12:00 - INFO - modules.trainer -   [20/30] Start to evaluate in the test set.
11/21/2021 00:12:22 - INFO - modules.trainer -   	epoch          : 20
11/21/2021 00:12:22 - INFO - modules.trainer -   	ce_loss        : 0.6547447023913264
11/21/2021 00:12:22 - INFO - modules.trainer -   	con            : 0.22197878640145063
11/21/2021 00:12:22 - INFO - modules.trainer -   	val_BLEU_1     : 0.3980340240315162
11/21/2021 00:12:22 - INFO - modules.trainer -   	val_BLEU_2     : 0.22353144781228243
11/21/2021 00:12:22 - INFO - modules.trainer -   	val_BLEU_3     : 0.14797349068804763
11/21/2021 00:12:22 - INFO - modules.trainer -   	val_BLEU_4     : 0.10599010862320582
11/21/2021 00:12:22 - INFO - modules.trainer -   	val_METEOR     : 0.1475829206292604
11/21/2021 00:12:22 - INFO - modules.trainer -   	val_ROUGE_L    : 0.31006725633829096
11/21/2021 00:12:22 - INFO - modules.trainer -   	test_BLEU_1    : 0.4441308052833168
11/21/2021 00:12:22 - INFO - modules.trainer -   	test_BLEU_2    : 0.26621686160959657
11/21/2021 00:12:22 - INFO - modules.trainer -   	test_BLEU_3    : 0.18850222096537222
11/21/2021 00:12:22 - INFO - modules.trainer -   	test_BLEU_4    : 0.14347950766668288
11/21/2021 00:12:22 - INFO - modules.trainer -   	test_METEOR    : 0.16984461366571577
11/21/2021 00:12:22 - INFO - modules.trainer -   	test_ROUGE_L   : 0.3393350964125933
11/21/2021 00:12:25 - INFO - modules.trainer -   Saving checkpoint: results/iu_xray/current_checkpoint.pth ...
11/21/2021 00:12:25 - INFO - modules.trainer -   [21/30] Start to train in the training set.
best performance in epoch:  19
11/21/2021 00:12:27 - INFO - modules.trainer -   [21/30] Step: 0/64, CE Loss: 0.55863, CON Loss: 0.21779.
11/21/2021 00:13:27 - INFO - modules.trainer -   [21/30] Step: 50/64, CE Loss: 0.57683, CON Loss: 0.21515.
11/21/2021 00:13:43 - INFO - modules.trainer -   [21/30] Start to evaluate in the validation set.
11/21/2021 00:13:57 - INFO - modules.trainer -   [21/30] Start to evaluate in the test set.
11/21/2021 00:14:19 - INFO - modules.trainer -   	epoch          : 21
11/21/2021 00:14:19 - INFO - modules.trainer -   	ce_loss        : 0.5838269391097128
11/21/2021 00:14:19 - INFO - modules.trainer -   	con            : 0.21445877407677472
11/21/2021 00:14:19 - INFO - modules.trainer -   	val_BLEU_1     : 0.24276824931755137
11/21/2021 00:14:19 - INFO - modules.trainer -   	val_BLEU_2     : 0.14424143354301183
11/21/2021 00:14:19 - INFO - modules.trainer -   	val_BLEU_3     : 0.10133218599943887
11/21/2021 00:14:19 - INFO - modules.trainer -   	val_BLEU_4     : 0.07661246197662057
11/21/2021 00:14:19 - INFO - modules.trainer -   	val_METEOR     : 0.1130078809461126
11/21/2021 00:14:19 - INFO - modules.trainer -   	val_ROUGE_L    : 0.2970704662130045
11/21/2021 00:14:19 - INFO - modules.trainer -   	test_BLEU_1    : 0.2780508971061994
11/21/2021 00:14:19 - INFO - modules.trainer -   	test_BLEU_2    : 0.1686916710161235
11/21/2021 00:14:19 - INFO - modules.trainer -   	test_BLEU_3    : 0.12058923048825566
11/21/2021 00:14:19 - INFO - modules.trainer -   	test_BLEU_4    : 0.09168274573089924
11/21/2021 00:14:19 - INFO - modules.trainer -   	test_METEOR    : 0.1276600401687097
11/21/2021 00:14:19 - INFO - modules.trainer -   	test_ROUGE_L   : 0.3132725445121698
11/21/2021 00:14:24 - INFO - modules.trainer -   Saving checkpoint: results/iu_xray/current_checkpoint.pth ...
11/21/2021 00:14:24 - INFO - modules.trainer -   [22/30] Start to train in the training set.
best performance in epoch:  19
11/21/2021 00:14:26 - INFO - modules.trainer -   [22/30] Step: 0/64, CE Loss: 0.49231, CON Loss: 0.21100.
11/21/2021 00:15:26 - INFO - modules.trainer -   [22/30] Step: 50/64, CE Loss: 0.53663, CON Loss: 0.20832.
11/21/2021 00:15:41 - INFO - modules.trainer -   [22/30] Start to evaluate in the validation set.
11/21/2021 00:15:55 - INFO - modules.trainer -   [22/30] Start to evaluate in the test set.
11/21/2021 00:16:17 - INFO - modules.trainer -   	epoch          : 22
11/21/2021 00:16:17 - INFO - modules.trainer -   	ce_loss        : 0.5422685560770333
11/21/2021 00:16:17 - INFO - modules.trainer -   	con            : 0.2076203387696296
11/21/2021 00:16:17 - INFO - modules.trainer -   	val_BLEU_1     : 0.42122894565777624
11/21/2021 00:16:17 - INFO - modules.trainer -   	val_BLEU_2     : 0.26713602654076596
11/21/2021 00:16:17 - INFO - modules.trainer -   	val_BLEU_3     : 0.18409228577412892
11/21/2021 00:16:17 - INFO - modules.trainer -   	val_BLEU_4     : 0.13229945504421112
11/21/2021 00:16:17 - INFO - modules.trainer -   	val_METEOR     : 0.16755737685849753
11/21/2021 00:16:17 - INFO - modules.trainer -   	val_ROUGE_L    : 0.3455919939850982
11/21/2021 00:16:17 - INFO - modules.trainer -   	test_BLEU_1    : 0.46684427470138484
11/21/2021 00:16:17 - INFO - modules.trainer -   	test_BLEU_2    : 0.299846898072127
11/21/2021 00:16:17 - INFO - modules.trainer -   	test_BLEU_3    : 0.21201319499197147
11/21/2021 00:16:17 - INFO - modules.trainer -   	test_BLEU_4    : 0.15700895602024142
11/21/2021 00:16:17 - INFO - modules.trainer -   	test_METEOR    : 0.1876709378435833
11/21/2021 00:16:17 - INFO - modules.trainer -   	test_ROUGE_L   : 0.37285592047587185
11/21/2021 00:16:20 - INFO - modules.trainer -   Saving checkpoint: results/iu_xray/current_checkpoint.pth ...
11/21/2021 00:16:20 - INFO - modules.trainer -   [23/30] Start to train in the training set.
best performance in epoch:  19
11/21/2021 00:16:22 - INFO - modules.trainer -   [23/30] Step: 0/64, CE Loss: 0.47123, CON Loss: 0.20411.
11/21/2021 00:17:23 - INFO - modules.trainer -   [23/30] Step: 50/64, CE Loss: 0.50944, CON Loss: 0.20139.
11/21/2021 00:17:38 - INFO - modules.trainer -   [23/30] Start to evaluate in the validation set.
11/21/2021 00:17:52 - INFO - modules.trainer -   [23/30] Start to evaluate in the test set.
11/21/2021 00:18:14 - INFO - modules.trainer -   	epoch          : 23
11/21/2021 00:18:14 - INFO - modules.trainer -   	ce_loss        : 0.5174133698455989
11/21/2021 00:18:14 - INFO - modules.trainer -   	con            : 0.2006776831112802
11/21/2021 00:18:14 - INFO - modules.trainer -   	val_BLEU_1     : 0.2503615470202389
11/21/2021 00:18:14 - INFO - modules.trainer -   	val_BLEU_2     : 0.15145973162558776
11/21/2021 00:18:14 - INFO - modules.trainer -   	val_BLEU_3     : 0.10694716091265685
11/21/2021 00:18:14 - INFO - modules.trainer -   	val_BLEU_4     : 0.08123164318440669
11/21/2021 00:18:14 - INFO - modules.trainer -   	val_METEOR     : 0.11570516408164977
11/21/2021 00:18:14 - INFO - modules.trainer -   	val_ROUGE_L    : 0.3003557246674849
11/21/2021 00:18:14 - INFO - modules.trainer -   	test_BLEU_1    : 0.27703168802127004
11/21/2021 00:18:14 - INFO - modules.trainer -   	test_BLEU_2    : 0.16726619215547067
11/21/2021 00:18:14 - INFO - modules.trainer -   	test_BLEU_3    : 0.11880351253052912
11/21/2021 00:18:14 - INFO - modules.trainer -   	test_BLEU_4    : 0.0898658215621852
11/21/2021 00:18:14 - INFO - modules.trainer -   	test_METEOR    : 0.12725981484146176
11/21/2021 00:18:14 - INFO - modules.trainer -   	test_ROUGE_L   : 0.3137651228242727
11/21/2021 00:18:18 - INFO - modules.trainer -   Saving checkpoint: results/iu_xray/current_checkpoint.pth ...
11/21/2021 00:18:18 - INFO - modules.trainer -   [24/30] Start to train in the training set.
best performance in epoch:  19
11/21/2021 00:18:20 - INFO - modules.trainer -   [24/30] Step: 0/64, CE Loss: 0.46524, CON Loss: 0.19710.
11/21/2021 00:19:19 - INFO - modules.trainer -   [24/30] Step: 50/64, CE Loss: 0.48405, CON Loss: 0.19433.
11/21/2021 00:19:35 - INFO - modules.trainer -   [24/30] Start to evaluate in the validation set.
11/21/2021 00:19:49 - INFO - modules.trainer -   [24/30] Start to evaluate in the test set.
11/21/2021 00:20:10 - INFO - modules.trainer -   	epoch          : 24
11/21/2021 00:20:10 - INFO - modules.trainer -   	ce_loss        : 0.4928538277745247
11/21/2021 00:20:10 - INFO - modules.trainer -   	con            : 0.19361392641440034
11/21/2021 00:20:10 - INFO - modules.trainer -   	val_BLEU_1     : 0.42743704592858844
11/21/2021 00:20:10 - INFO - modules.trainer -   	val_BLEU_2     : 0.2713184286072971
11/21/2021 00:20:10 - INFO - modules.trainer -   	val_BLEU_3     : 0.1832366348063236
11/21/2021 00:20:10 - INFO - modules.trainer -   	val_BLEU_4     : 0.13067993618387108
11/21/2021 00:20:10 - INFO - modules.trainer -   	val_METEOR     : 0.18018366499668206
11/21/2021 00:20:10 - INFO - modules.trainer -   	val_ROUGE_L    : 0.34650902786171284
11/21/2021 00:20:10 - INFO - modules.trainer -   	test_BLEU_1    : 0.4740901398002356
11/21/2021 00:20:10 - INFO - modules.trainer -   	test_BLEU_2    : 0.3043333469457151
11/21/2021 00:20:10 - INFO - modules.trainer -   	test_BLEU_3    : 0.20953862145590466
11/21/2021 00:20:10 - INFO - modules.trainer -   	test_BLEU_4    : 0.15394631696957162
11/21/2021 00:20:10 - INFO - modules.trainer -   	test_METEOR    : 0.19760854963100416
11/21/2021 00:20:10 - INFO - modules.trainer -   	test_ROUGE_L   : 0.3671818544935694
11/21/2021 00:20:14 - INFO - modules.trainer -   Saving checkpoint: results/iu_xray/current_checkpoint.pth ...
11/21/2021 00:20:14 - INFO - modules.trainer -   [25/30] Start to train in the training set.
best performance in epoch:  19
11/21/2021 00:20:16 - INFO - modules.trainer -   [25/30] Step: 0/64, CE Loss: 0.45240, CON Loss: 0.19002.
11/21/2021 00:21:15 - INFO - modules.trainer -   [25/30] Step: 50/64, CE Loss: 0.47963, CON Loss: 0.18724.
11/21/2021 00:21:31 - INFO - modules.trainer -   [25/30] Start to evaluate in the validation set.
11/21/2021 00:21:45 - INFO - modules.trainer -   [25/30] Start to evaluate in the test set.
11/21/2021 00:22:07 - INFO - modules.trainer -   	epoch          : 25
11/21/2021 00:22:07 - INFO - modules.trainer -   	ce_loss        : 0.48736902233213186
11/21/2021 00:22:07 - INFO - modules.trainer -   	con            : 0.18651971127837896
11/21/2021 00:22:07 - INFO - modules.trainer -   	val_BLEU_1     : 0.21944849215998252
11/21/2021 00:22:07 - INFO - modules.trainer -   	val_BLEU_2     : 0.128827867549081
11/21/2021 00:22:07 - INFO - modules.trainer -   	val_BLEU_3     : 0.08990782001672727
11/21/2021 00:22:07 - INFO - modules.trainer -   	val_BLEU_4     : 0.06803800123050019
11/21/2021 00:22:07 - INFO - modules.trainer -   	val_METEOR     : 0.10794405797080497
11/21/2021 00:22:07 - INFO - modules.trainer -   	val_ROUGE_L    : 0.29519486163991204
11/21/2021 00:22:07 - INFO - modules.trainer -   	test_BLEU_1    : 0.2637907596280931
11/21/2021 00:22:07 - INFO - modules.trainer -   	test_BLEU_2    : 0.15814940558453422
11/21/2021 00:22:07 - INFO - modules.trainer -   	test_BLEU_3    : 0.1120318699838783
11/21/2021 00:22:07 - INFO - modules.trainer -   	test_BLEU_4    : 0.08497572218582533
11/21/2021 00:22:07 - INFO - modules.trainer -   	test_METEOR    : 0.12460643637469236
11/21/2021 00:22:07 - INFO - modules.trainer -   	test_ROUGE_L   : 0.3132815879370206
11/21/2021 00:22:10 - INFO - modules.trainer -   Saving checkpoint: results/iu_xray/current_checkpoint.pth ...
11/21/2021 00:22:10 - INFO - modules.trainer -   [26/30] Start to train in the training set.
best performance in epoch:  19
11/21/2021 00:22:12 - INFO - modules.trainer -   [26/30] Step: 0/64, CE Loss: 0.39807, CON Loss: 0.18292.
11/21/2021 00:23:12 - INFO - modules.trainer -   [26/30] Step: 50/64, CE Loss: 0.46124, CON Loss: 0.18010.
11/21/2021 00:23:28 - INFO - modules.trainer -   [26/30] Start to evaluate in the validation set.
11/21/2021 00:23:42 - INFO - modules.trainer -   [26/30] Start to evaluate in the test set.
11/21/2021 00:24:04 - INFO - modules.trainer -   	epoch          : 26
11/21/2021 00:24:04 - INFO - modules.trainer -   	ce_loss        : 0.470937411300838
11/21/2021 00:24:04 - INFO - modules.trainer -   	con            : 0.17936886521056294
11/21/2021 00:24:04 - INFO - modules.trainer -   	val_BLEU_1     : 0.42024875096169795
11/21/2021 00:24:04 - INFO - modules.trainer -   	val_BLEU_2     : 0.23351435264889367
11/21/2021 00:24:04 - INFO - modules.trainer -   	val_BLEU_3     : 0.14955710454808352
11/21/2021 00:24:04 - INFO - modules.trainer -   	val_BLEU_4     : 0.10403714551015157
11/21/2021 00:24:04 - INFO - modules.trainer -   	val_METEOR     : 0.15529256295891264
11/21/2021 00:24:04 - INFO - modules.trainer -   	val_ROUGE_L    : 0.3109342521258229
11/21/2021 00:24:04 - INFO - modules.trainer -   	test_BLEU_1    : 0.43599045820492816
11/21/2021 00:24:04 - INFO - modules.trainer -   	test_BLEU_2    : 0.26394413665218114
11/21/2021 00:24:04 - INFO - modules.trainer -   	test_BLEU_3    : 0.18548091437766318
11/21/2021 00:24:04 - INFO - modules.trainer -   	test_BLEU_4    : 0.13971923836296715
11/21/2021 00:24:04 - INFO - modules.trainer -   	test_METEOR    : 0.1790064960661076
11/21/2021 00:24:04 - INFO - modules.trainer -   	test_ROUGE_L   : 0.3441079931194515
11/21/2021 00:24:08 - INFO - modules.trainer -   Saving checkpoint: results/iu_xray/current_checkpoint.pth ...
11/21/2021 00:24:08 - INFO - modules.trainer -   [27/30] Start to train in the training set.
best performance in epoch:  19
11/21/2021 00:24:10 - INFO - modules.trainer -   [27/30] Step: 0/64, CE Loss: 0.41166, CON Loss: 0.17574.
11/21/2021 00:25:09 - INFO - modules.trainer -   [27/30] Step: 50/64, CE Loss: 0.45260, CON Loss: 0.17295.
11/21/2021 00:25:25 - INFO - modules.trainer -   [27/30] Start to evaluate in the validation set.
11/21/2021 00:25:39 - INFO - modules.trainer -   [27/30] Start to evaluate in the test set.
11/21/2021 00:26:01 - INFO - modules.trainer -   	epoch          : 27
11/21/2021 00:26:01 - INFO - modules.trainer -   	ce_loss        : 0.46120409294962883
11/21/2021 00:26:01 - INFO - modules.trainer -   	con            : 0.17222737497650087
11/21/2021 00:26:01 - INFO - modules.trainer -   	val_BLEU_1     : 0.2598754487113845
11/21/2021 00:26:01 - INFO - modules.trainer -   	val_BLEU_2     : 0.15498367567578825
11/21/2021 00:26:01 - INFO - modules.trainer -   	val_BLEU_3     : 0.10796212364522488
11/21/2021 00:26:01 - INFO - modules.trainer -   	val_BLEU_4     : 0.08081344037044155
11/21/2021 00:26:01 - INFO - modules.trainer -   	val_METEOR     : 0.11879397245393414
11/21/2021 00:26:01 - INFO - modules.trainer -   	val_ROUGE_L    : 0.2994972301896993
11/21/2021 00:26:01 - INFO - modules.trainer -   	test_BLEU_1    : 0.29428907497477086
11/21/2021 00:26:01 - INFO - modules.trainer -   	test_BLEU_2    : 0.17882492248075246
11/21/2021 00:26:01 - INFO - modules.trainer -   	test_BLEU_3    : 0.12657905367584077
11/21/2021 00:26:01 - INFO - modules.trainer -   	test_BLEU_4    : 0.09491841682125637
11/21/2021 00:26:01 - INFO - modules.trainer -   	test_METEOR    : 0.13295341222498355
11/21/2021 00:26:01 - INFO - modules.trainer -   	test_ROUGE_L   : 0.31589130378694186
11/21/2021 00:26:05 - INFO - modules.trainer -   Saving checkpoint: results/iu_xray/current_checkpoint.pth ...
11/21/2021 00:26:05 - INFO - modules.trainer -   [28/30] Start to train in the training set.
best performance in epoch:  19
11/21/2021 00:26:07 - INFO - modules.trainer -   [28/30] Step: 0/64, CE Loss: 0.43985, CON Loss: 0.16863.
11/21/2021 00:27:06 - INFO - modules.trainer -   [28/30] Step: 50/64, CE Loss: 0.43952, CON Loss: 0.16586.
11/21/2021 00:27:21 - INFO - modules.trainer -   [28/30] Start to evaluate in the validation set.
11/21/2021 00:27:35 - INFO - modules.trainer -   [28/30] Start to evaluate in the test set.
11/21/2021 00:27:57 - INFO - modules.trainer -   	epoch          : 28
11/21/2021 00:27:57 - INFO - modules.trainer -   	ce_loss        : 0.44644470140337944
11/21/2021 00:27:57 - INFO - modules.trainer -   	con            : 0.16514305374585092
11/21/2021 00:27:57 - INFO - modules.trainer -   	val_BLEU_1     : 0.24808603520135802
11/21/2021 00:27:57 - INFO - modules.trainer -   	val_BLEU_2     : 0.14937367228006226
11/21/2021 00:27:57 - INFO - modules.trainer -   	val_BLEU_3     : 0.10483036082770736
11/21/2021 00:27:57 - INFO - modules.trainer -   	val_BLEU_4     : 0.07896615507726037
11/21/2021 00:27:57 - INFO - modules.trainer -   	val_METEOR     : 0.11659439416241842
11/21/2021 00:27:57 - INFO - modules.trainer -   	val_ROUGE_L    : 0.29823204066027964
11/21/2021 00:27:57 - INFO - modules.trainer -   	test_BLEU_1    : 0.2924333906826264
11/21/2021 00:27:57 - INFO - modules.trainer -   	test_BLEU_2    : 0.1803784606044294
11/21/2021 00:27:57 - INFO - modules.trainer -   	test_BLEU_3    : 0.12893990503336403
11/21/2021 00:27:57 - INFO - modules.trainer -   	test_BLEU_4    : 0.09757478017012393
11/21/2021 00:27:57 - INFO - modules.trainer -   	test_METEOR    : 0.13254861997526654
11/21/2021 00:27:57 - INFO - modules.trainer -   	test_ROUGE_L   : 0.3150733967807312
11/21/2021 00:28:00 - INFO - modules.trainer -   Saving checkpoint: results/iu_xray/current_checkpoint.pth ...
11/21/2021 00:28:00 - INFO - modules.trainer -   [29/30] Start to train in the training set.
best performance in epoch:  19
11/21/2021 00:28:02 - INFO - modules.trainer -   [29/30] Step: 0/64, CE Loss: 0.40746, CON Loss: 0.16155.
11/21/2021 00:29:01 - INFO - modules.trainer -   [29/30] Step: 50/64, CE Loss: 0.43347, CON Loss: 0.15879.
11/21/2021 00:29:17 - INFO - modules.trainer -   [29/30] Start to evaluate in the validation set.
11/21/2021 00:29:31 - INFO - modules.trainer -   [29/30] Start to evaluate in the test set.
11/21/2021 00:29:53 - INFO - modules.trainer -   	epoch          : 29
11/21/2021 00:29:53 - INFO - modules.trainer -   	ce_loss        : 0.4404675932601094
11/21/2021 00:29:53 - INFO - modules.trainer -   	con            : 0.15807238407433033
11/21/2021 00:29:53 - INFO - modules.trainer -   	val_BLEU_1     : 0.2658110939444226
11/21/2021 00:29:53 - INFO - modules.trainer -   	val_BLEU_2     : 0.1533776275911115
11/21/2021 00:29:53 - INFO - modules.trainer -   	val_BLEU_3     : 0.10322152655359404
11/21/2021 00:29:53 - INFO - modules.trainer -   	val_BLEU_4     : 0.07454507131338847
11/21/2021 00:29:53 - INFO - modules.trainer -   	val_METEOR     : 0.11822135724179186
11/21/2021 00:29:53 - INFO - modules.trainer -   	val_ROUGE_L    : 0.2949591888089916
11/21/2021 00:29:53 - INFO - modules.trainer -   	test_BLEU_1    : 0.30088714445740244
11/21/2021 00:29:53 - INFO - modules.trainer -   	test_BLEU_2    : 0.18298113072842506
11/21/2021 00:29:53 - INFO - modules.trainer -   	test_BLEU_3    : 0.12847620428052992
11/21/2021 00:29:53 - INFO - modules.trainer -   	test_BLEU_4    : 0.09623002799989508
11/21/2021 00:29:53 - INFO - modules.trainer -   	test_METEOR    : 0.13254668070241182
11/21/2021 00:29:53 - INFO - modules.trainer -   	test_ROUGE_L   : 0.31765474971395613
11/21/2021 00:29:56 - INFO - modules.trainer -   Saving checkpoint: results/iu_xray/current_checkpoint.pth ...
11/21/2021 00:29:56 - INFO - modules.trainer -   [30/30] Start to train in the training set.
best performance in epoch:  19
11/21/2021 00:29:58 - INFO - modules.trainer -   [30/30] Step: 0/64, CE Loss: 0.36986, CON Loss: 0.15448.
11/21/2021 00:30:59 - INFO - modules.trainer -   [30/30] Step: 50/64, CE Loss: 0.42573, CON Loss: 0.15179.
11/21/2021 00:31:15 - INFO - modules.trainer -   [30/30] Start to evaluate in the validation set.
11/21/2021 00:31:29 - INFO - modules.trainer -   [30/30] Start to evaluate in the test set.
11/21/2021 00:31:51 - INFO - modules.trainer -   	epoch          : 30
11/21/2021 00:31:51 - INFO - modules.trainer -   	ce_loss        : 0.4308476676233113
11/21/2021 00:31:51 - INFO - modules.trainer -   	con            : 0.15108299301937222
11/21/2021 00:31:51 - INFO - modules.trainer -   	val_BLEU_1     : 0.2730997804266758
11/21/2021 00:31:51 - INFO - modules.trainer -   	val_BLEU_2     : 0.16177353355662222
11/21/2021 00:31:51 - INFO - modules.trainer -   	val_BLEU_3     : 0.11072900869330157
11/21/2021 00:31:51 - INFO - modules.trainer -   	val_BLEU_4     : 0.08153086841455055
11/21/2021 00:31:51 - INFO - modules.trainer -   	val_METEOR     : 0.12182178787631505
11/21/2021 00:31:51 - INFO - modules.trainer -   	val_ROUGE_L    : 0.29900854705371516
11/21/2021 00:31:51 - INFO - modules.trainer -   	test_BLEU_1    : 0.3034641583154405
11/21/2021 00:31:51 - INFO - modules.trainer -   	test_BLEU_2    : 0.18554593336763672
11/21/2021 00:31:51 - INFO - modules.trainer -   	test_BLEU_3    : 0.13204843581081455
11/21/2021 00:31:51 - INFO - modules.trainer -   	test_BLEU_4    : 0.09988457934357944
11/21/2021 00:31:51 - INFO - modules.trainer -   	test_METEOR    : 0.13471700739574602
11/21/2021 00:31:51 - INFO - modules.trainer -   	test_ROUGE_L   : 0.31536259322736865
11/21/2021 00:31:55 - INFO - modules.trainer -   Saving checkpoint: results/iu_xray/current_checkpoint.pth ...
best performance in epoch:  19
